TID: [-1234] [2025-05-12 00:12:36,911] [35c6affb-fc89-4bf5-9621-d8780493a76d]  INFO {AUDIT_LOG} - Initiator=w**************r Action=Get-User-List Target=null Data={"ServiceProviderName":"Console","Claim Value":"a***n","Users":["a***n"],"Claim":"http://wso2.org/claims/username"} Outcome=Success
TID: [-1234] [2025-05-12 00:12:36,920] [35c6affb-fc89-4bf5-9621-d8780493a76d]  INFO {AUDIT_LOG} - Initiator=w**************r Action=Get-User-Claim-Values Target=a***n Data={"ServiceProviderName":"Console","Claims":{},"Profile":"default"} Outcome=Success
TID: [-1234] [2025-05-12 00:12:36,945] [35c6affb-fc89-4bf5-9621-d8780493a76d]  INFO {AUDIT_LOG} - Initiator=w**************r Action=Get-User-Claim-Values Target=a***n Data={"ServiceProviderName":"Console","Claims":{},"Profile":"default"} Outcome=Success
TID: [-1234] [2025-05-12 00:12:36,946] [35c6affb-fc89-4bf5-9621-d8780493a76d]  INFO {AUDIT_LOG} - Initiator=w**************r Action=Get-User-Claim-Values Target=a***n Data={"ServiceProviderName":"Console","Claims":{},"Profile":"default"} Outcome=Success
TID: [-1234] [2025-05-12 00:12:36,946] [35c6affb-fc89-4bf5-9621-d8780493a76d]  INFO {AUDIT_LOG} - Initiator=w**************r Action=Get-User-Claim-Values Target=a***n Data={"ServiceProviderName":"Console","Claims":{},"Profile":"default"} Outcome=Success
TID: [-1234] [2025-05-12 00:12:36,948] [35c6affb-fc89-4bf5-9621-d8780493a76d]  INFO {AUDIT_LOG} - Initiator : a***n | Action : LoginStepSuccess | Target : ApplicationAuthenticationFramework | Data : { "ContextIdentifier" : "7f0b7804-a7d4-43cf-beef-3b6ca46e37ab","AuthenticatedUser" : "a***n","AuthenticatedUserTenantDomain" : "carbon.super","ServiceProviderName" : "Console","RequestType" : "oidc","RelyingParty" : "CONSOLE","AuthenticatedIdP" : "LOCAL","User Agent" : "null","RemoteAddress" : "null","UserStoreDomain" : "PRIMARY" } | Result : Success 
TID: [-1234] [2025-05-12 00:12:36,948] [35c6affb-fc89-4bf5-9621-d8780493a76d]  INFO {AUDIT_LOG} - Initiator : a****************r | Action : Authenticate | Target : ApplicationAuthenticationFramework | Data : { Step: 1, IDP: LOCAL, Authenticator:BasicAuthenticator } | Result : Success 
TID: [-1234] [2025-05-12 00:12:36,955] [35c6affb-fc89-4bf5-9621-d8780493a76d]  INFO {AUDIT_LOG} - Initiator=w**************r Action=Get-User-Claim-Values Target=a***n Data={"ServiceProviderName":"Console","Claims":{"http://wso2.org/claims/username":"a***n","http://wso2.org/claims/userid":"28725002-e00f-468e-a406-d16941cb9c0b","http://wso2.org/claims/roles":"I***********************************************************************************e","http://wso2.org/claims/groups":"a***n","http://wso2.org/claims/userprincipal":"a***n"}} Outcome=Success
TID: [-1234] [2025-05-12 00:12:36,983] [35c6affb-fc89-4bf5-9621-d8780493a76d]  INFO {AUDIT_LOG} - Initiator : 28725002-e00f-468e-a406-d16941cb9c0b | Action : StoreSession | Data : { {"traceId":"35c6affb-fc89-4bf5-9621-d8780493a76d","RememberMe":false,"sessionContextId":"752be68bfb843d4cf4552ea292d50765570ce5aab199187cb746e916993f7630","AuthenticatedUserTenantDomain":"carbon.super","AuthenticatedUser":"P***********n","LastAccessedTimestamp":1746988956959} } | Result : Success 
TID: [-1234] [2025-05-12 00:12:36,992] [35c6affb-fc89-4bf5-9621-d8780493a76d]  INFO {AUDIT_LOG} - Initiator : 2***********************************************r | Action : Login | Target : ApplicationAuthenticationFramework | Data : { "ContextIdentifier" : "7f0b7804-a7d4-43cf-beef-3b6ca46e37ab","AuthenticatedUser" : "2***********************************************r","AuthenticatedUserTenantDomain" : "carbon.super","ServiceProviderName" : "Console","RequestType" : "oidc","RelyingParty" : "CONSOLE","AuthenticatedIdPs" : "eyJ0eXAiOiJKV1QiLCJhbGciOiJIUzI1NiJ9.eyJpc3MiOiJ3c28yIiwiZXhwIjoxNzQ2OTg4OTU5OTQ4LCJpYXQiOjE3NDY5ODg5NTY5NDgsImlkcHMiOlt7ImlkcCI6IkxPQ0FMIiwiYXV0aGVudGljYXRvciI6IkJhc2ljQXV0aGVudGljYXRvciJ9XX0.WoOoo4QfdFxobBeb05_al6zd2jSBiQqvKUrstOvxPeA","User Agent" : "null","RemoteAddress" : "null","UserStoreDomain" : "PRIMARY" } | Result : Success 
TID: [-1234] [2025-05-12 00:12:39,549] [7b053083-6a56-43bb-9e99-e0b3d7d92f54]  INFO {AUDIT_LOG} - Initiator=w**************r Action=Get-User-Claim-Values Target=a***n Data={"ServiceProviderName":"Console","Claims":{"http://wso2.org/claims/username":"a***n","http://wso2.org/claims/userid":"28725002-e00f-468e-a406-d16941cb9c0b","http://wso2.org/claims/roles":"I***********************************************************************************e","http://wso2.org/claims/groups":"a***n","http://wso2.org/claims/userprincipal":"a***n"}} Outcome=Success
TID: [-1234] [2025-05-12 00:12:39,552] [7b053083-6a56-43bb-9e99-e0b3d7d92f54]  INFO {AUDIT_LOG} - Initiator : 28725002-e00f-468e-a406-d16941cb9c0b | Action : UpdateSession | Data : { {"traceId":"7b053083-6a56-43bb-9e99-e0b3d7d92f54","RememberMe":false,"sessionContextId":"752be68bfb843d4cf4552ea292d50765570ce5aab199187cb746e916993f7630","AuthenticatedUserTenantDomain":"carbon.super","AuthenticatedUser":"P***********n","LastAccessedTimestamp":1746988959550} } | Result : Success 
TID: [-1234] [2025-05-12 00:12:39,552] [7b053083-6a56-43bb-9e99-e0b3d7d92f54]  INFO {AUDIT_LOG} - Initiator : 2***********************************************r | Action : Login | Target : ApplicationAuthenticationFramework | Data : { "ContextIdentifier" : "0364501b-477a-4457-b23f-dec00762705d","AuthenticatedUser" : "2***********************************************r","AuthenticatedUserTenantDomain" : "carbon.super","ServiceProviderName" : "Console","RequestType" : "oidc","RelyingParty" : "CONSOLE","AuthenticatedIdPs" : "eyJ0eXAiOiJKV1QiLCJhbGciOiJIUzI1NiJ9.eyJpc3MiOiJ3c28yIiwiZXhwIjoxNzQ2OTg4OTYyNTQ3LCJpYXQiOjE3NDY5ODg5NTk1NDcsImlkcHMiOlt7ImlkcCI6IkxPQ0FMIiwiYXV0aGVudGljYXRvciI6IkJhc2ljQXV0aGVudGljYXRvciJ9XX0.ESKghQXTRWGMX6J_i4F6SGNcKCIO0Uk6X4Yql2ArDLY","User Agent" : "null","RemoteAddress" : "null","UserStoreDomain" : "PRIMARY" } | Result : Success 
TID: [-1234] [2025-05-12 00:12:40,439] [d2d45c63-cba3-4ec8-acdf-5e7faf37c2e2]  INFO {AUDIT_LOG} - Initiator=28725002-e00f-468e-a406-d16941cb9c0b Action=Get-User-Claim-Values Target=a***n Data={"ServiceProviderName":"Console","Claims":{"http://wso2.org/claims/username":"a***n","http://wso2.org/claims/userid":"28725002-e00f-468e-a406-d16941cb9c0b","http://wso2.org/claims/roles":"I***********************************************************************************e","http://wso2.org/claims/groups":"a***n"}} Outcome=Success
TID: [-1234] [2025-05-12 00:17:39,277] [cd919e71-b171-4b74-80d2-0aea5dbb922e]  INFO {AUDIT_LOG} - Initiator=w**************r Action=Get-User-Claim-Values Target=a***n Data={"ServiceProviderName":"Console","Claims":{"http://wso2.org/claims/username":"a***n","http://wso2.org/claims/userid":"28725002-e00f-468e-a406-d16941cb9c0b","http://wso2.org/claims/roles":"I***********************************************************************************e","http://wso2.org/claims/groups":"a***n","http://wso2.org/claims/userprincipal":"a***n"}} Outcome=Success
TID: [-1234] [2025-05-12 00:17:39,278] [cd919e71-b171-4b74-80d2-0aea5dbb922e]  INFO {AUDIT_LOG} - Initiator : 28725002-e00f-468e-a406-d16941cb9c0b | Action : UpdateSession | Data : { {"traceId":"cd919e71-b171-4b74-80d2-0aea5dbb922e","RememberMe":false,"sessionContextId":"752be68bfb843d4cf4552ea292d50765570ce5aab199187cb746e916993f7630","AuthenticatedUserTenantDomain":"carbon.super","AuthenticatedUser":"P***********n","LastAccessedTimestamp":1746989259278} } | Result : Success 
TID: [-1234] [2025-05-12 00:17:39,279] [cd919e71-b171-4b74-80d2-0aea5dbb922e]  INFO {AUDIT_LOG} - Initiator : 2***********************************************r | Action : Login | Target : ApplicationAuthenticationFramework | Data : { "ContextIdentifier" : "e258faef-4d67-42f2-98b2-5c59ff9bdec6","AuthenticatedUser" : "2***********************************************r","AuthenticatedUserTenantDomain" : "carbon.super","ServiceProviderName" : "Console","RequestType" : "oidc","RelyingParty" : "CONSOLE","AuthenticatedIdPs" : "eyJ0eXAiOiJKV1QiLCJhbGciOiJIUzI1NiJ9.eyJpc3MiOiJ3c28yIiwiZXhwIjoxNzQ2OTg5MjYyMjY1LCJpYXQiOjE3NDY5ODkyNTkyNjUsImlkcHMiOlt7ImlkcCI6IkxPQ0FMIiwiYXV0aGVudGljYXRvciI6IkJhc2ljQXV0aGVudGljYXRvciJ9XX0.ZSKyrs4yJwO_ZmKAbOdMhbrHVNwk_NvF5RGNttEXyPw","User Agent" : "null","RemoteAddress" : "null","UserStoreDomain" : "PRIMARY" } | Result : Success 
TID: [-1234] [2025-05-12 00:17:40,250] [d6521e55-b5d2-4ead-8f7b-f88ff736f035]  INFO {AUDIT_LOG} - Initiator=28725002-e00f-468e-a406-d16941cb9c0b Action=Get-User-Claim-Values Target=a***n Data={"ServiceProviderName":"Console","Claims":{"http://wso2.org/claims/username":"a***n","http://wso2.org/claims/userid":"28725002-e00f-468e-a406-d16941cb9c0b","http://wso2.org/claims/roles":"I***********************************************************************************e","http://wso2.org/claims/groups":"a***n"}} Outcome=Success
TID: [-1234] [2025-05-12 00:26:27,031] [337930b2-29a3-4f07-a271-03eaae03f24c]  INFO {AUDIT_LOG} - Initiator=w**************r Action=Get-User-List Target=null Data={"Claim Value":"a***n","Users":["a***n"],"Claim":"http://wso2.org/claims/username"} Outcome=Success
TID: [-1234] [2025-05-12 00:26:27,046] [337930b2-29a3-4f07-a271-03eaae03f24c]  INFO {AUDIT_LOG} - Initiator=w**************r Action=Get-User-Claim-Values Target=a***n Data={"Claims":{},"Profile":"default"} Outcome=Success
TID: [-1234] [2025-05-12 00:26:27,046] [337930b2-29a3-4f07-a271-03eaae03f24c]  INFO {AUDIT_LOG} - Initiator=w**************r Action=Get-User-Claim-Values Target=a***n Data={"Claims":{},"Profile":"default"} Outcome=Success
TID: [-1234] [2025-05-12 00:26:27,047] [337930b2-29a3-4f07-a271-03eaae03f24c]  INFO {AUDIT_LOG} - Initiator=w**************r Action=Get-User-Claim-Values Target=a***n Data={"Claims":{},"Profile":"default"} Outcome=Success
TID: [-1234] [2025-05-12 00:26:27,047] [337930b2-29a3-4f07-a271-03eaae03f24c]  INFO {AUDIT_LOG} - Initiator=w**************r Action=Get-User-Claim-Values Target=a***n Data={"Claims":{},"Profile":"default"} Outcome=Success
TID: [-1234] [2025-05-12 00:26:27,118] [b85be48f-c9b4-416d-b36c-3ec9602c968b]  INFO {AUDIT_LOG} - Initiator=w**************r Action=Get-User-List Target=null Data={"Claim Value":"a***n","Users":["a***n"],"Claim":"http://wso2.org/claims/username"} Outcome=Success
TID: [-1234] [2025-05-12 00:26:27,119] [b85be48f-c9b4-416d-b36c-3ec9602c968b]  INFO {AUDIT_LOG} - Initiator=w**************r Action=Get-User-Claim-Values Target=a***n Data={"Claims":{},"Profile":"default"} Outcome=Success
TID: [-1234] [2025-05-12 00:26:27,120] [b85be48f-c9b4-416d-b36c-3ec9602c968b]  INFO {AUDIT_LOG} - Initiator=w**************r Action=Get-User-Claim-Values Target=a***n Data={"Claims":{},"Profile":"default"} Outcome=Success
TID: [-1234] [2025-05-12 00:26:27,120] [b85be48f-c9b4-416d-b36c-3ec9602c968b]  INFO {AUDIT_LOG} - Initiator=w**************r Action=Get-User-Claim-Values Target=a***n Data={"Claims":{},"Profile":"default"} Outcome=Success
TID: [-1234] [2025-05-12 00:26:27,120] [b85be48f-c9b4-416d-b36c-3ec9602c968b]  INFO {AUDIT_LOG} - Initiator=w**************r Action=Get-User-Claim-Values Target=a***n Data={"Claims":{},"Profile":"default"} Outcome=Success
TID: [-1234] [2025-05-12 00:26:27,132] [6de1b594-2dee-44fc-97ca-fff4f1e47f35]  INFO {AUDIT_LOG} - Initiator=w**************r Action=Get-User-List Target=null Data={"Claim Value":"a***n","Users":["a***n"],"Claim":"http://wso2.org/claims/username"} Outcome=Success
TID: [-1234] [2025-05-12 00:26:27,132] [6de1b594-2dee-44fc-97ca-fff4f1e47f35]  INFO {AUDIT_LOG} - Initiator=w**************r Action=Get-User-Claim-Values Target=a***n Data={"Claims":{},"Profile":"default"} Outcome=Success
TID: [-1234] [2025-05-12 00:26:27,133] [6de1b594-2dee-44fc-97ca-fff4f1e47f35]  INFO {AUDIT_LOG} - Initiator=w**************r Action=Get-User-Claim-Values Target=a***n Data={"Claims":{},"Profile":"default"} Outcome=Success
TID: [-1234] [2025-05-12 00:26:27,133] [6de1b594-2dee-44fc-97ca-fff4f1e47f35]  INFO {AUDIT_LOG} - Initiator=w**************r Action=Get-User-Claim-Values Target=a***n Data={"Claims":{},"Profile":"default"} Outcome=Success
TID: [-1234] [2025-05-12 00:26:27,133] [6de1b594-2dee-44fc-97ca-fff4f1e47f35]  INFO {AUDIT_LOG} - Initiator=w**************r Action=Get-User-Claim-Values Target=a***n Data={"Claims":{},"Profile":"default"} Outcome=Success
TID: [-1234] [2025-05-12 00:26:27,138] [0514d15c-ed32-407c-aa89-b61fd5605ce6]  INFO {AUDIT_LOG} - Initiator=w**************r Action=Get-User-List Target=null Data={"Claim Value":"a***n","Users":["a***n"],"Claim":"http://wso2.org/claims/username"} Outcome=Success
TID: [-1234] [2025-05-12 00:26:27,138] [0514d15c-ed32-407c-aa89-b61fd5605ce6]  INFO {AUDIT_LOG} - Initiator=w**************r Action=Get-User-Claim-Values Target=a***n Data={"Claims":{},"Profile":"default"} Outcome=Success
TID: [-1234] [2025-05-12 00:26:27,138] [0514d15c-ed32-407c-aa89-b61fd5605ce6]  INFO {AUDIT_LOG} - Initiator=w**************r Action=Get-User-Claim-Values Target=a***n Data={"Claims":{},"Profile":"default"} Outcome=Success
TID: [-1234] [2025-05-12 00:26:27,138] [0514d15c-ed32-407c-aa89-b61fd5605ce6]  INFO {AUDIT_LOG} - Initiator=w**************r Action=Get-User-Claim-Values Target=a***n Data={"Claims":{},"Profile":"default"} Outcome=Success
TID: [-1234] [2025-05-12 00:26:27,139] [0514d15c-ed32-407c-aa89-b61fd5605ce6]  INFO {AUDIT_LOG} - Initiator=w**************r Action=Get-User-Claim-Values Target=a***n Data={"Claims":{},"Profile":"default"} Outcome=Success
TID: [-1234] [2025-05-12 00:26:27,143] [46301ebd-ed06-4e74-b4f8-7757ff24dc12]  INFO {AUDIT_LOG} - Initiator=w**************r Action=Get-User-List Target=null Data={"Claim Value":"a***n","Users":["a***n"],"Claim":"http://wso2.org/claims/username"} Outcome=Success
TID: [-1234] [2025-05-12 00:26:27,143] [46301ebd-ed06-4e74-b4f8-7757ff24dc12]  INFO {AUDIT_LOG} - Initiator=w**************r Action=Get-User-Claim-Values Target=a***n Data={"Claims":{},"Profile":"default"} Outcome=Success
TID: [-1234] [2025-05-12 00:26:27,143] [46301ebd-ed06-4e74-b4f8-7757ff24dc12]  INFO {AUDIT_LOG} - Initiator=w**************r Action=Get-User-Claim-Values Target=a***n Data={"Claims":{},"Profile":"default"} Outcome=Success
TID: [-1234] [2025-05-12 00:26:27,143] [46301ebd-ed06-4e74-b4f8-7757ff24dc12]  INFO {AUDIT_LOG} - Initiator=w**************r Action=Get-User-Claim-Values Target=a***n Data={"Claims":{},"Profile":"default"} Outcome=Success
TID: [-1234] [2025-05-12 00:26:27,144] [46301ebd-ed06-4e74-b4f8-7757ff24dc12]  INFO {AUDIT_LOG} - Initiator=w**************r Action=Get-User-Claim-Values Target=a***n Data={"Claims":{},"Profile":"default"} Outcome=Success
TID: [-1234] [2025-05-12 00:26:27,157] [9c36a9d4-821e-496d-b938-0d6491fb50f4]  INFO {AUDIT_LOG} - Initiator=w**************r Action=Get-User-List Target=null Data={"Claim Value":"a***n","Users":["a***n"],"Claim":"http://wso2.org/claims/username"} Outcome=Success
TID: [-1234] [2025-05-12 00:26:27,157] [9c36a9d4-821e-496d-b938-0d6491fb50f4]  INFO {AUDIT_LOG} - Initiator=w**************r Action=Get-User-Claim-Values Target=a***n Data={"Claims":{},"Profile":"default"} Outcome=Success
TID: [-1234] [2025-05-12 00:26:27,158] [9c36a9d4-821e-496d-b938-0d6491fb50f4]  INFO {AUDIT_LOG} - Initiator=w**************r Action=Get-User-Claim-Values Target=a***n Data={"Claims":{},"Profile":"default"} Outcome=Success
TID: [-1234] [2025-05-12 00:26:27,158] [9c36a9d4-821e-496d-b938-0d6491fb50f4]  INFO {AUDIT_LOG} - Initiator=w**************r Action=Get-User-Claim-Values Target=a***n Data={"Claims":{},"Profile":"default"} Outcome=Success
TID: [-1234] [2025-05-12 00:26:27,158] [9c36a9d4-821e-496d-b938-0d6491fb50f4]  INFO {AUDIT_LOG} - Initiator=w**************r Action=Get-User-Claim-Values Target=a***n Data={"Claims":{},"Profile":"default"} Outcome=Success
TID: [-1234] [2025-05-12 00:26:27,177] [1833506a-ff24-4e23-8d66-3edae8951a70]  INFO {AUDIT_LOG} - Initiator=w**************r Action=Get-User-List Target=null Data={"Claim Value":"a***n","Users":["a***n"],"Claim":"http://wso2.org/claims/username"} Outcome=Success
TID: [-1234] [2025-05-12 00:26:27,177] [1833506a-ff24-4e23-8d66-3edae8951a70]  INFO {AUDIT_LOG} - Initiator=w**************r Action=Get-User-Claim-Values Target=a***n Data={"Claims":{},"Profile":"default"} Outcome=Success
TID: [-1234] [2025-05-12 00:26:27,177] [1833506a-ff24-4e23-8d66-3edae8951a70]  INFO {AUDIT_LOG} - Initiator=w**************r Action=Get-User-Claim-Values Target=a***n Data={"Claims":{},"Profile":"default"} Outcome=Success
TID: [-1234] [2025-05-12 00:26:27,178] [1833506a-ff24-4e23-8d66-3edae8951a70]  INFO {AUDIT_LOG} - Initiator=w**************r Action=Get-User-Claim-Values Target=a***n Data={"Claims":{},"Profile":"default"} Outcome=Success
TID: [-1234] [2025-05-12 00:26:27,178] [1833506a-ff24-4e23-8d66-3edae8951a70]  INFO {AUDIT_LOG} - Initiator=w**************r Action=Get-User-Claim-Values Target=a***n Data={"Claims":{},"Profile":"default"} Outcome=Success
TID: [-1234] [2025-05-12 00:26:27,184] [d27f069a-88d4-4c71-9cd8-c2797372c287]  INFO {AUDIT_LOG} - Initiator=w**************r Action=Get-User-List Target=null Data={"Claim Value":"a***n","Users":["a***n"],"Claim":"http://wso2.org/claims/username"} Outcome=Success
TID: [-1234] [2025-05-12 00:26:27,185] [d27f069a-88d4-4c71-9cd8-c2797372c287]  INFO {AUDIT_LOG} - Initiator=w**************r Action=Get-User-Claim-Values Target=a***n Data={"Claims":{},"Profile":"default"} Outcome=Success
TID: [-1234] [2025-05-12 00:26:27,185] [d27f069a-88d4-4c71-9cd8-c2797372c287]  INFO {AUDIT_LOG} - Initiator=w**************r Action=Get-User-Claim-Values Target=a***n Data={"Claims":{},"Profile":"default"} Outcome=Success
TID: [-1234] [2025-05-12 00:26:27,185] [d27f069a-88d4-4c71-9cd8-c2797372c287]  INFO {AUDIT_LOG} - Initiator=w**************r Action=Get-User-Claim-Values Target=a***n Data={"Claims":{},"Profile":"default"} Outcome=Success
TID: [-1234] [2025-05-12 00:26:27,185] [d27f069a-88d4-4c71-9cd8-c2797372c287]  INFO {AUDIT_LOG} - Initiator=w**************r Action=Get-User-Claim-Values Target=a***n Data={"Claims":{},"Profile":"default"} Outcome=Success
TID: [-1234] [2025-05-12 00:26:27,206] [293d8b39-a0a2-4519-9ed3-3ff09b4e6ce4]  INFO {AUDIT_LOG} - Initiator=w**************r Action=Get-User-List Target=null Data={"Claim Value":"a***n","Users":["a***n"],"Claim":"http://wso2.org/claims/username"} Outcome=Success
TID: [-1234] [2025-05-12 00:26:27,207] [293d8b39-a0a2-4519-9ed3-3ff09b4e6ce4]  INFO {AUDIT_LOG} - Initiator=w**************r Action=Get-User-Claim-Values Target=a***n Data={"Claims":{},"Profile":"default"} Outcome=Success
TID: [-1234] [2025-05-12 00:26:27,207] [293d8b39-a0a2-4519-9ed3-3ff09b4e6ce4]  INFO {AUDIT_LOG} - Initiator=w**************r Action=Get-User-Claim-Values Target=a***n Data={"Claims":{},"Profile":"default"} Outcome=Success
TID: [-1234] [2025-05-12 00:26:27,207] [293d8b39-a0a2-4519-9ed3-3ff09b4e6ce4]  INFO {AUDIT_LOG} - Initiator=w**************r Action=Get-User-Claim-Values Target=a***n Data={"Claims":{},"Profile":"default"} Outcome=Success
TID: [-1234] [2025-05-12 00:26:27,207] [293d8b39-a0a2-4519-9ed3-3ff09b4e6ce4]  INFO {AUDIT_LOG} - Initiator=w**************r Action=Get-User-Claim-Values Target=a***n Data={"Claims":{},"Profile":"default"} Outcome=Success
TID: [-1234] [2025-05-12 00:26:27,211] [5277d980-eb4b-4ef7-8266-5af70bddbcf4]  INFO {AUDIT_LOG} - Initiator=w**************r Action=Get-User-List Target=null Data={"Claim Value":"a***n","Users":["a***n"],"Claim":"http://wso2.org/claims/username"} Outcome=Success
TID: [-1234] [2025-05-12 00:26:27,212] [5277d980-eb4b-4ef7-8266-5af70bddbcf4]  INFO {AUDIT_LOG} - Initiator=w**************r Action=Get-User-Claim-Values Target=a***n Data={"Claims":{},"Profile":"default"} Outcome=Success
TID: [-1234] [2025-05-12 00:26:27,212] [5277d980-eb4b-4ef7-8266-5af70bddbcf4]  INFO {AUDIT_LOG} - Initiator=w**************r Action=Get-User-Claim-Values Target=a***n Data={"Claims":{},"Profile":"default"} Outcome=Success
TID: [-1234] [2025-05-12 00:26:27,212] [5277d980-eb4b-4ef7-8266-5af70bddbcf4]  INFO {AUDIT_LOG} - Initiator=w**************r Action=Get-User-Claim-Values Target=a***n Data={"Claims":{},"Profile":"default"} Outcome=Success
TID: [-1234] [2025-05-12 00:26:27,212] [5277d980-eb4b-4ef7-8266-5af70bddbcf4]  INFO {AUDIT_LOG} - Initiator=w**************r Action=Get-User-Claim-Values Target=a***n Data={"Claims":{},"Profile":"default"} Outcome=Success
TID: [-1234] [2025-05-12 00:26:27,216] [09149ca2-4af4-4909-8746-6183b7b505e4]  INFO {AUDIT_LOG} - Initiator=w**************r Action=Get-User-List Target=null Data={"Claim Value":"a***n","Users":["a***n"],"Claim":"http://wso2.org/claims/username"} Outcome=Success
TID: [-1234] [2025-05-12 00:26:27,216] [09149ca2-4af4-4909-8746-6183b7b505e4]  INFO {AUDIT_LOG} - Initiator=w**************r Action=Get-User-Claim-Values Target=a***n Data={"Claims":{},"Profile":"default"} Outcome=Success
TID: [-1234] [2025-05-12 00:26:27,216] [09149ca2-4af4-4909-8746-6183b7b505e4]  INFO {AUDIT_LOG} - Initiator=w**************r Action=Get-User-Claim-Values Target=a***n Data={"Claims":{},"Profile":"default"} Outcome=Success
TID: [-1234] [2025-05-12 00:26:27,216] [09149ca2-4af4-4909-8746-6183b7b505e4]  INFO {AUDIT_LOG} - Initiator=w**************r Action=Get-User-Claim-Values Target=a***n Data={"Claims":{},"Profile":"default"} Outcome=Success
TID: [-1234] [2025-05-12 00:26:27,217] [09149ca2-4af4-4909-8746-6183b7b505e4]  INFO {AUDIT_LOG} - Initiator=w**************r Action=Get-User-Claim-Values Target=a***n Data={"Claims":{},"Profile":"default"} Outcome=Success
TID: [-1234] [2025-05-12 00:26:27,220] [213a7719-80df-46ca-b16e-a1ba418fef8d]  INFO {AUDIT_LOG} - Initiator=w**************r Action=Get-User-List Target=null Data={"Claim Value":"a***n","Users":["a***n"],"Claim":"http://wso2.org/claims/username"} Outcome=Success
TID: [-1234] [2025-05-12 00:26:27,221] [213a7719-80df-46ca-b16e-a1ba418fef8d]  INFO {AUDIT_LOG} - Initiator=w**************r Action=Get-User-Claim-Values Target=a***n Data={"Claims":{},"Profile":"default"} Outcome=Success
TID: [-1234] [2025-05-12 00:26:27,221] [213a7719-80df-46ca-b16e-a1ba418fef8d]  INFO {AUDIT_LOG} - Initiator=w**************r Action=Get-User-Claim-Values Target=a***n Data={"Claims":{},"Profile":"default"} Outcome=Success
TID: [-1234] [2025-05-12 00:26:27,221] [213a7719-80df-46ca-b16e-a1ba418fef8d]  INFO {AUDIT_LOG} - Initiator=w**************r Action=Get-User-Claim-Values Target=a***n Data={"Claims":{},"Profile":"default"} Outcome=Success
TID: [-1234] [2025-05-12 00:26:27,221] [213a7719-80df-46ca-b16e-a1ba418fef8d]  INFO {AUDIT_LOG} - Initiator=w**************r Action=Get-User-Claim-Values Target=a***n Data={"Claims":{},"Profile":"default"} Outcome=Success
TID: [-1234] [2025-05-12 00:26:27,225] [06787ebe-c3ff-49de-ba21-83a71f14c79a]  INFO {AUDIT_LOG} - Initiator=w**************r Action=Get-User-List Target=null Data={"Claim Value":"a***n","Users":["a***n"],"Claim":"http://wso2.org/claims/username"} Outcome=Success
TID: [-1234] [2025-05-12 00:26:27,226] [06787ebe-c3ff-49de-ba21-83a71f14c79a]  INFO {AUDIT_LOG} - Initiator=w**************r Action=Get-User-Claim-Values Target=a***n Data={"Claims":{},"Profile":"default"} Outcome=Success
TID: [-1234] [2025-05-12 00:26:27,226] [06787ebe-c3ff-49de-ba21-83a71f14c79a]  INFO {AUDIT_LOG} - Initiator=w**************r Action=Get-User-Claim-Values Target=a***n Data={"Claims":{},"Profile":"default"} Outcome=Success
TID: [-1234] [2025-05-12 00:26:27,226] [06787ebe-c3ff-49de-ba21-83a71f14c79a]  INFO {AUDIT_LOG} - Initiator=w**************r Action=Get-User-Claim-Values Target=a***n Data={"Claims":{},"Profile":"default"} Outcome=Success
TID: [-1234] [2025-05-12 00:26:27,226] [06787ebe-c3ff-49de-ba21-83a71f14c79a]  INFO {AUDIT_LOG} - Initiator=w**************r Action=Get-User-Claim-Values Target=a***n Data={"Claims":{},"Profile":"default"} Outcome=Success
TID: [-1234] [2025-05-12 00:26:27,230] [f7dfbcd5-a3a7-4315-8821-3e614a7c0624]  INFO {AUDIT_LOG} - Initiator=w**************r Action=Get-User-List Target=null Data={"Claim Value":"a***n","Users":["a***n"],"Claim":"http://wso2.org/claims/username"} Outcome=Success
TID: [-1234] [2025-05-12 00:26:27,230] [f7dfbcd5-a3a7-4315-8821-3e614a7c0624]  INFO {AUDIT_LOG} - Initiator=w**************r Action=Get-User-Claim-Values Target=a***n Data={"Claims":{},"Profile":"default"} Outcome=Success
TID: [-1234] [2025-05-12 00:26:27,230] [f7dfbcd5-a3a7-4315-8821-3e614a7c0624]  INFO {AUDIT_LOG} - Initiator=w**************r Action=Get-User-Claim-Values Target=a***n Data={"Claims":{},"Profile":"default"} Outcome=Success
TID: [-1234] [2025-05-12 00:26:27,230] [f7dfbcd5-a3a7-4315-8821-3e614a7c0624]  INFO {AUDIT_LOG} - Initiator=w**************r Action=Get-User-Claim-Values Target=a***n Data={"Claims":{},"Profile":"default"} Outcome=Success
TID: [-1234] [2025-05-12 00:26:27,231] [f7dfbcd5-a3a7-4315-8821-3e614a7c0624]  INFO {AUDIT_LOG} - Initiator=w**************r Action=Get-User-Claim-Values Target=a***n Data={"Claims":{},"Profile":"default"} Outcome=Success
TID: [-1234] [2025-05-12 00:30:04,531] [f5aba978-df38-483e-b373-efadb35e76e9]  INFO {AUDIT_LOG} - Initiator=w**************r Action=Get-User-List Target=null Data={"Claim Value":"a***n","Users":["a***n"],"Claim":"http://wso2.org/claims/username"} Outcome=Success
TID: [-1234] [2025-05-12 00:30:04,531] [c205e622-108e-4feb-b118-9424ca315cca]  INFO {AUDIT_LOG} - Initiator=w**************r Action=Get-User-List Target=null Data={"Claim Value":"a***n","Users":["a***n"],"Claim":"http://wso2.org/claims/username"} Outcome=Success
TID: [-1234] [2025-05-12 00:30:04,535] [f5aba978-df38-483e-b373-efadb35e76e9]  INFO {AUDIT_LOG} - Initiator=w**************r Action=Get-User-Claim-Values Target=a***n Data={"Claims":{},"Profile":"default"} Outcome=Success
TID: [-1234] [2025-05-12 00:30:04,535] [c205e622-108e-4feb-b118-9424ca315cca]  INFO {AUDIT_LOG} - Initiator=w**************r Action=Get-User-Claim-Values Target=a***n Data={"Claims":{},"Profile":"default"} Outcome=Success
TID: [-1234] [2025-05-12 00:30:04,536] [c205e622-108e-4feb-b118-9424ca315cca]  INFO {AUDIT_LOG} - Initiator=w**************r Action=Get-User-Claim-Values Target=a***n Data={"Claims":{},"Profile":"default"} Outcome=Success
TID: [-1234] [2025-05-12 00:30:04,536] [f5aba978-df38-483e-b373-efadb35e76e9]  INFO {AUDIT_LOG} - Initiator=w**************r Action=Get-User-Claim-Values Target=a***n Data={"Claims":{},"Profile":"default"} Outcome=Success
TID: [-1234] [2025-05-12 00:30:04,536] [c205e622-108e-4feb-b118-9424ca315cca]  INFO {AUDIT_LOG} - Initiator=w**************r Action=Get-User-Claim-Values Target=a***n Data={"Claims":{},"Profile":"default"} Outcome=Success
TID: [-1234] [2025-05-12 00:30:04,536] [f5aba978-df38-483e-b373-efadb35e76e9]  INFO {AUDIT_LOG} - Initiator=w**************r Action=Get-User-Claim-Values Target=a***n Data={"Claims":{},"Profile":"default"} Outcome=Success
TID: [-1234] [2025-05-12 00:30:04,536] [c205e622-108e-4feb-b118-9424ca315cca]  INFO {AUDIT_LOG} - Initiator=w**************r Action=Get-User-Claim-Values Target=a***n Data={"Claims":{},"Profile":"default"} Outcome=Success
TID: [-1234] [2025-05-12 00:30:04,536] [f5aba978-df38-483e-b373-efadb35e76e9]  INFO {AUDIT_LOG} - Initiator=w**************r Action=Get-User-Claim-Values Target=a***n Data={"Claims":{},"Profile":"default"} Outcome=Success
TID: [-1234] [2025-05-12 00:52:59,006] [c3f4f54c-03e8-439b-aba0-0de584d3a8c0]  INFO {AUDIT_LOG} - Initiator=w**************r Action=Get-User-List Target=null Data={"ServiceProviderName":"Console","Claim Value":"a***n","Users":["a***n"],"Claim":"http://wso2.org/claims/username"} Outcome=Success
TID: [-1234] [2025-05-12 00:52:59,008] [c3f4f54c-03e8-439b-aba0-0de584d3a8c0]  INFO {AUDIT_LOG} - Initiator=w**************r Action=Get-User-Claim-Values Target=a***n Data={"ServiceProviderName":"Console","Claims":{},"Profile":"default"} Outcome=Success
TID: [-1234] [2025-05-12 00:52:59,009] [c3f4f54c-03e8-439b-aba0-0de584d3a8c0]  INFO {AUDIT_LOG} - Initiator=w**************r Action=Get-User-Claim-Values Target=a***n Data={"ServiceProviderName":"Console","Claims":{},"Profile":"default"} Outcome=Success
TID: [-1234] [2025-05-12 00:52:59,009] [c3f4f54c-03e8-439b-aba0-0de584d3a8c0]  INFO {AUDIT_LOG} - Initiator=w**************r Action=Get-User-Claim-Values Target=a***n Data={"ServiceProviderName":"Console","Claims":{},"Profile":"default"} Outcome=Success
TID: [-1234] [2025-05-12 00:52:59,010] [c3f4f54c-03e8-439b-aba0-0de584d3a8c0]  INFO {AUDIT_LOG} - Initiator=w**************r Action=Get-User-Claim-Values Target=a***n Data={"ServiceProviderName":"Console","Claims":{},"Profile":"default"} Outcome=Success
TID: [-1234] [2025-05-12 00:52:59,010] [c3f4f54c-03e8-439b-aba0-0de584d3a8c0]  INFO {AUDIT_LOG} - Initiator : a***n | Action : LoginStepSuccess | Target : ApplicationAuthenticationFramework | Data : { "ContextIdentifier" : "7916acae-34e2-44ee-9c3d-6e1d3200c89a","AuthenticatedUser" : "a***n","AuthenticatedUserTenantDomain" : "carbon.super","ServiceProviderName" : "Console","RequestType" : "oidc","RelyingParty" : "CONSOLE","AuthenticatedIdP" : "LOCAL","User Agent" : "null","RemoteAddress" : "null","UserStoreDomain" : "PRIMARY" } | Result : Success 
TID: [-1234] [2025-05-12 00:52:59,010] [c3f4f54c-03e8-439b-aba0-0de584d3a8c0]  INFO {AUDIT_LOG} - Initiator : a****************r | Action : Authenticate | Target : ApplicationAuthenticationFramework | Data : { Step: 1, IDP: LOCAL, Authenticator:BasicAuthenticator } | Result : Success 
TID: [-1234] [2025-05-12 00:52:59,011] [c3f4f54c-03e8-439b-aba0-0de584d3a8c0]  INFO {AUDIT_LOG} - Initiator=w**************r Action=Get-User-Claim-Values Target=a***n Data={"ServiceProviderName":"Console","Claims":{"http://wso2.org/claims/username":"a***n","http://wso2.org/claims/userid":"28725002-e00f-468e-a406-d16941cb9c0b","http://wso2.org/claims/roles":"I***********************************************************************************e","http://wso2.org/claims/groups":"a***n","http://wso2.org/claims/userprincipal":"a***n"}} Outcome=Success
TID: [-1234] [2025-05-12 00:52:59,014] [c3f4f54c-03e8-439b-aba0-0de584d3a8c0]  INFO {AUDIT_LOG} - Initiator : 28725002-e00f-468e-a406-d16941cb9c0b | Action : StoreSession | Data : { {"traceId":"c3f4f54c-03e8-439b-aba0-0de584d3a8c0","RememberMe":false,"sessionContextId":"9a17da085782406fc8f19c32702a8bc8b33c3941db0a8b37cc2640c2ac21e385","AuthenticatedUserTenantDomain":"carbon.super","AuthenticatedUser":"P***********n","LastAccessedTimestamp":1746991379013} } | Result : Success 
TID: [-1234] [2025-05-12 00:52:59,015] [c3f4f54c-03e8-439b-aba0-0de584d3a8c0]  INFO {AUDIT_LOG} - Initiator : 2***********************************************r | Action : Login | Target : ApplicationAuthenticationFramework | Data : { "ContextIdentifier" : "7916acae-34e2-44ee-9c3d-6e1d3200c89a","AuthenticatedUser" : "2***********************************************r","AuthenticatedUserTenantDomain" : "carbon.super","ServiceProviderName" : "Console","RequestType" : "oidc","RelyingParty" : "CONSOLE","AuthenticatedIdPs" : "eyJ0eXAiOiJKV1QiLCJhbGciOiJIUzI1NiJ9.eyJpc3MiOiJ3c28yIiwiZXhwIjoxNzQ2OTkxMzgyMDEwLCJpYXQiOjE3NDY5OTEzNzkwMTAsImlkcHMiOlt7ImlkcCI6IkxPQ0FMIiwiYXV0aGVudGljYXRvciI6IkJhc2ljQXV0aGVudGljYXRvciJ9XX0.1c9JC514GgoCGARfZX1CsYxIvsEaHXC0b2DcMdVP2Lw","User Agent" : "null","RemoteAddress" : "null","UserStoreDomain" : "PRIMARY" } | Result : Success 
TID: [-1234] [2025-05-12 00:52:59,661] [46a0e110-69b7-4a7a-ba3a-eccad884a43b]  INFO {AUDIT_LOG} - Initiator=w**************r Action=Get-User-Claim-Values Target=a***n Data={"ServiceProviderName":"Console","Claims":{"http://wso2.org/claims/username":"a***n","http://wso2.org/claims/userid":"28725002-e00f-468e-a406-d16941cb9c0b","http://wso2.org/claims/roles":"I***********************************************************************************e","http://wso2.org/claims/groups":"a***n","http://wso2.org/claims/userprincipal":"a***n"}} Outcome=Success
TID: [-1234] [2025-05-12 00:52:59,664] [46a0e110-69b7-4a7a-ba3a-eccad884a43b]  INFO {AUDIT_LOG} - Initiator : 28725002-e00f-468e-a406-d16941cb9c0b | Action : UpdateSession | Data : { {"traceId":"46a0e110-69b7-4a7a-ba3a-eccad884a43b","RememberMe":false,"sessionContextId":"9a17da085782406fc8f19c32702a8bc8b33c3941db0a8b37cc2640c2ac21e385","AuthenticatedUserTenantDomain":"carbon.super","AuthenticatedUser":"P***********n","LastAccessedTimestamp":1746991379663} } | Result : Success 
TID: [-1234] [2025-05-12 00:52:59,665] [46a0e110-69b7-4a7a-ba3a-eccad884a43b]  INFO {AUDIT_LOG} - Initiator : 2***********************************************r | Action : Login | Target : ApplicationAuthenticationFramework | Data : { "ContextIdentifier" : "2b0d1a76-4176-44d1-a0a4-599fb35e60d1","AuthenticatedUser" : "2***********************************************r","AuthenticatedUserTenantDomain" : "carbon.super","ServiceProviderName" : "Console","RequestType" : "oidc","RelyingParty" : "CONSOLE","AuthenticatedIdPs" : "eyJ0eXAiOiJKV1QiLCJhbGciOiJIUzI1NiJ9.eyJpc3MiOiJ3c28yIiwiZXhwIjoxNzQ2OTkxMzgyNjU3LCJpYXQiOjE3NDY5OTEzNzk2NTcsImlkcHMiOlt7ImlkcCI6IkxPQ0FMIiwiYXV0aGVudGljYXRvciI6IkJhc2ljQXV0aGVudGljYXRvciJ9XX0.ER82TI-djfH_HBuRfMEJtmuOuAh9gItrbSU6DgxX48Q","User Agent" : "null","RemoteAddress" : "null","UserStoreDomain" : "PRIMARY" } | Result : Success 
TID: [-1234] [2025-05-12 00:53:00,364] [312bc32d-2c09-401a-abec-7caadccedc87]  INFO {AUDIT_LOG} - Initiator=28725002-e00f-468e-a406-d16941cb9c0b Action=Get-User-Claim-Values Target=a***n Data={"ServiceProviderName":"Console","Claims":{"http://wso2.org/claims/username":"a***n","http://wso2.org/claims/userid":"28725002-e00f-468e-a406-d16941cb9c0b","http://wso2.org/claims/roles":"I***********************************************************************************e","http://wso2.org/claims/groups":"a***n"}} Outcome=Success
TID: [-1234] [2025-05-12 00:57:15,600] [d950ee5d-5ec2-4e17-a475-321c208cda96]  INFO {AUDIT_LOG} - Initiator=w**************r Action=Get-User-List Target=null Data={"Claim Value":"a***n","Users":["a***n"],"Claim":"http://wso2.org/claims/username"} Outcome=Success
TID: [-1234] [2025-05-12 00:57:15,600] [a0e1ee5f-3e31-4302-a19c-44de88c24088]  INFO {AUDIT_LOG} - Initiator=w**************r Action=Get-User-List Target=null Data={"Claim Value":"a***n","Users":["a***n"],"Claim":"http://wso2.org/claims/username"} Outcome=Success
TID: [-1234] [2025-05-12 00:57:15,614] [d950ee5d-5ec2-4e17-a475-321c208cda96]  INFO {AUDIT_LOG} - Initiator=w**************r Action=Get-User-Claim-Values Target=a***n Data={"Claims":{},"Profile":"default"} Outcome=Success
TID: [-1234] [2025-05-12 00:57:15,614] [a0e1ee5f-3e31-4302-a19c-44de88c24088]  INFO {AUDIT_LOG} - Initiator=w**************r Action=Get-User-Claim-Values Target=a***n Data={"Claims":{},"Profile":"default"} Outcome=Success
TID: [-1234] [2025-05-12 00:57:15,615] [d950ee5d-5ec2-4e17-a475-321c208cda96]  INFO {AUDIT_LOG} - Initiator=w**************r Action=Get-User-Claim-Values Target=a***n Data={"Claims":{},"Profile":"default"} Outcome=Success
TID: [-1234] [2025-05-12 00:57:15,615] [d950ee5d-5ec2-4e17-a475-321c208cda96]  INFO {AUDIT_LOG} - Initiator=w**************r Action=Get-User-Claim-Values Target=a***n Data={"Claims":{},"Profile":"default"} Outcome=Success
TID: [-1234] [2025-05-12 00:57:15,615] [a0e1ee5f-3e31-4302-a19c-44de88c24088]  INFO {AUDIT_LOG} - Initiator=w**************r Action=Get-User-Claim-Values Target=a***n Data={"Claims":{},"Profile":"default"} Outcome=Success
TID: [-1234] [2025-05-12 00:57:15,615] [d950ee5d-5ec2-4e17-a475-321c208cda96]  INFO {AUDIT_LOG} - Initiator=w**************r Action=Get-User-Claim-Values Target=a***n Data={"Claims":{},"Profile":"default"} Outcome=Success
TID: [-1234] [2025-05-12 00:57:15,615] [a0e1ee5f-3e31-4302-a19c-44de88c24088]  INFO {AUDIT_LOG} - Initiator=w**************r Action=Get-User-Claim-Values Target=a***n Data={"Claims":{},"Profile":"default"} Outcome=Success
TID: [-1234] [2025-05-12 00:57:15,616] [a0e1ee5f-3e31-4302-a19c-44de88c24088]  INFO {AUDIT_LOG} - Initiator=w**************r Action=Get-User-Claim-Values Target=a***n Data={"Claims":{},"Profile":"default"} Outcome=Success
TID: [-1234] [2025-05-12 13:29:07,614] [cd0c5d91-63bf-4df3-bbbc-3e14ac1b9a75]  INFO {AUDIT_LOG} - Initiator=w**************r Action=Get-User-List Target=null Data={"Claim Value":"a***n","Users":["a***n"],"Claim":"http://wso2.org/claims/username"} Outcome=Success
TID: [-1234] [2025-05-12 13:29:07,616] [cd0c5d91-63bf-4df3-bbbc-3e14ac1b9a75]  INFO {AUDIT_LOG} - Initiator=w**************r Action=Get-User-Claim-Values Target=a***n Data={"Claims":{},"Profile":"default"} Outcome=Success
TID: [-1234] [2025-05-12 13:29:07,616] [cd0c5d91-63bf-4df3-bbbc-3e14ac1b9a75]  INFO {AUDIT_LOG} - Initiator=w**************r Action=Get-User-Claim-Values Target=a***n Data={"Claims":{},"Profile":"default"} Outcome=Success
TID: [-1234] [2025-05-12 13:29:07,617] [cd0c5d91-63bf-4df3-bbbc-3e14ac1b9a75]  INFO {AUDIT_LOG} - Initiator=w**************r Action=Get-User-Claim-Values Target=a***n Data={"Claims":{},"Profile":"default"} Outcome=Success
TID: [-1234] [2025-05-12 13:29:07,617] [cd0c5d91-63bf-4df3-bbbc-3e14ac1b9a75]  INFO {AUDIT_LOG} - Initiator=w**************r Action=Get-User-Claim-Values Target=a***n Data={"Claims":{},"Profile":"default"} Outcome=Success
TID: [-1234] [2025-05-12 13:29:07,661] [4c822a91-0ea1-4491-972f-b6d14cfc07d2]  INFO {AUDIT_LOG} - Initiator=w**************r Action=Get-User-List Target=null Data={"Claim Value":"a***n","Users":["a***n"],"Claim":"http://wso2.org/claims/username"} Outcome=Success
TID: [-1234] [2025-05-12 13:29:07,661] [4c822a91-0ea1-4491-972f-b6d14cfc07d2]  INFO {AUDIT_LOG} - Initiator=w**************r Action=Get-User-Claim-Values Target=a***n Data={"Claims":{},"Profile":"default"} Outcome=Success
TID: [-1234] [2025-05-12 13:29:07,662] [4c822a91-0ea1-4491-972f-b6d14cfc07d2]  INFO {AUDIT_LOG} - Initiator=w**************r Action=Get-User-Claim-Values Target=a***n Data={"Claims":{},"Profile":"default"} Outcome=Success
TID: [-1234] [2025-05-12 13:29:07,662] [4c822a91-0ea1-4491-972f-b6d14cfc07d2]  INFO {AUDIT_LOG} - Initiator=w**************r Action=Get-User-Claim-Values Target=a***n Data={"Claims":{},"Profile":"default"} Outcome=Success
TID: [-1234] [2025-05-12 13:29:07,662] [4c822a91-0ea1-4491-972f-b6d14cfc07d2]  INFO {AUDIT_LOG} - Initiator=w**************r Action=Get-User-Claim-Values Target=a***n Data={"Claims":{},"Profile":"default"} Outcome=Success
TID: [-1234] [2025-05-12 13:29:07,666] [0bcaca89-0afd-4817-b3c7-ad3718413945]  INFO {AUDIT_LOG} - Initiator=w**************r Action=Get-User-List Target=null Data={"Claim Value":"a***n","Users":["a***n"],"Claim":"http://wso2.org/claims/username"} Outcome=Success
TID: [-1234] [2025-05-12 13:29:07,666] [0bcaca89-0afd-4817-b3c7-ad3718413945]  INFO {AUDIT_LOG} - Initiator=w**************r Action=Get-User-Claim-Values Target=a***n Data={"Claims":{},"Profile":"default"} Outcome=Success
TID: [-1234] [2025-05-12 13:29:07,666] [0bcaca89-0afd-4817-b3c7-ad3718413945]  INFO {AUDIT_LOG} - Initiator=w**************r Action=Get-User-Claim-Values Target=a***n Data={"Claims":{},"Profile":"default"} Outcome=Success
TID: [-1234] [2025-05-12 13:29:07,666] [0bcaca89-0afd-4817-b3c7-ad3718413945]  INFO {AUDIT_LOG} - Initiator=w**************r Action=Get-User-Claim-Values Target=a***n Data={"Claims":{},"Profile":"default"} Outcome=Success
TID: [-1234] [2025-05-12 13:29:07,667] [0bcaca89-0afd-4817-b3c7-ad3718413945]  INFO {AUDIT_LOG} - Initiator=w**************r Action=Get-User-Claim-Values Target=a***n Data={"Claims":{},"Profile":"default"} Outcome=Success
TID: [-1234] [2025-05-12 13:29:07,670] [1e7f6d40-6703-4ab4-96eb-9770303c97d6]  INFO {AUDIT_LOG} - Initiator=w**************r Action=Get-User-List Target=null Data={"Claim Value":"a***n","Users":["a***n"],"Claim":"http://wso2.org/claims/username"} Outcome=Success
TID: [-1234] [2025-05-12 13:29:07,670] [1e7f6d40-6703-4ab4-96eb-9770303c97d6]  INFO {AUDIT_LOG} - Initiator=w**************r Action=Get-User-Claim-Values Target=a***n Data={"Claims":{},"Profile":"default"} Outcome=Success
TID: [-1234] [2025-05-12 13:29:07,671] [1e7f6d40-6703-4ab4-96eb-9770303c97d6]  INFO {AUDIT_LOG} - Initiator=w**************r Action=Get-User-Claim-Values Target=a***n Data={"Claims":{},"Profile":"default"} Outcome=Success
TID: [-1234] [2025-05-12 13:29:07,671] [1e7f6d40-6703-4ab4-96eb-9770303c97d6]  INFO {AUDIT_LOG} - Initiator=w**************r Action=Get-User-Claim-Values Target=a***n Data={"Claims":{},"Profile":"default"} Outcome=Success
TID: [-1234] [2025-05-12 13:29:07,671] [1e7f6d40-6703-4ab4-96eb-9770303c97d6]  INFO {AUDIT_LOG} - Initiator=w**************r Action=Get-User-Claim-Values Target=a***n Data={"Claims":{},"Profile":"default"} Outcome=Success
TID: [-1234] [2025-05-12 13:29:07,674] [99383be4-f295-4d02-ac6b-a68d78dd7845]  INFO {AUDIT_LOG} - Initiator=w**************r Action=Get-User-List Target=null Data={"Claim Value":"a***n","Users":["a***n"],"Claim":"http://wso2.org/claims/username"} Outcome=Success
TID: [-1234] [2025-05-12 13:29:07,675] [99383be4-f295-4d02-ac6b-a68d78dd7845]  INFO {AUDIT_LOG} - Initiator=w**************r Action=Get-User-Claim-Values Target=a***n Data={"Claims":{},"Profile":"default"} Outcome=Success
TID: [-1234] [2025-05-12 13:29:07,675] [99383be4-f295-4d02-ac6b-a68d78dd7845]  INFO {AUDIT_LOG} - Initiator=w**************r Action=Get-User-Claim-Values Target=a***n Data={"Claims":{},"Profile":"default"} Outcome=Success
TID: [-1234] [2025-05-12 13:29:07,675] [99383be4-f295-4d02-ac6b-a68d78dd7845]  INFO {AUDIT_LOG} - Initiator=w**************r Action=Get-User-Claim-Values Target=a***n Data={"Claims":{},"Profile":"default"} Outcome=Success
TID: [-1234] [2025-05-12 13:29:07,675] [99383be4-f295-4d02-ac6b-a68d78dd7845]  INFO {AUDIT_LOG} - Initiator=w**************r Action=Get-User-Claim-Values Target=a***n Data={"Claims":{},"Profile":"default"} Outcome=Success
TID: [-1234] [2025-05-12 13:29:07,683] [207903e2-729d-4140-956f-0a65903996ba]  INFO {AUDIT_LOG} - Initiator=w**************r Action=Get-User-List Target=null Data={"Claim Value":"a***n","Users":["a***n"],"Claim":"http://wso2.org/claims/username"} Outcome=Success
TID: [-1234] [2025-05-12 13:29:07,684] [207903e2-729d-4140-956f-0a65903996ba]  INFO {AUDIT_LOG} - Initiator=w**************r Action=Get-User-Claim-Values Target=a***n Data={"Claims":{},"Profile":"default"} Outcome=Success
TID: [-1234] [2025-05-12 13:29:07,684] [207903e2-729d-4140-956f-0a65903996ba]  INFO {AUDIT_LOG} - Initiator=w**************r Action=Get-User-Claim-Values Target=a***n Data={"Claims":{},"Profile":"default"} Outcome=Success
TID: [-1234] [2025-05-12 13:29:07,684] [207903e2-729d-4140-956f-0a65903996ba]  INFO {AUDIT_LOG} - Initiator=w**************r Action=Get-User-Claim-Values Target=a***n Data={"Claims":{},"Profile":"default"} Outcome=Success
TID: [-1234] [2025-05-12 13:29:07,684] [207903e2-729d-4140-956f-0a65903996ba]  INFO {AUDIT_LOG} - Initiator=w**************r Action=Get-User-Claim-Values Target=a***n Data={"Claims":{},"Profile":"default"} Outcome=Success
TID: [-1234] [2025-05-12 13:29:07,689] [ab59b85b-ad70-42de-a2b7-bf9b2b2c5adb]  INFO {AUDIT_LOG} - Initiator=w**************r Action=Get-User-List Target=null Data={"Claim Value":"a***n","Users":["a***n"],"Claim":"http://wso2.org/claims/username"} Outcome=Success
TID: [-1234] [2025-05-12 13:29:07,690] [ab59b85b-ad70-42de-a2b7-bf9b2b2c5adb]  INFO {AUDIT_LOG} - Initiator=w**************r Action=Get-User-Claim-Values Target=a***n Data={"Claims":{},"Profile":"default"} Outcome=Success
TID: [-1234] [2025-05-12 13:29:07,690] [ab59b85b-ad70-42de-a2b7-bf9b2b2c5adb]  INFO {AUDIT_LOG} - Initiator=w**************r Action=Get-User-Claim-Values Target=a***n Data={"Claims":{},"Profile":"default"} Outcome=Success
TID: [-1234] [2025-05-12 13:29:07,690] [ab59b85b-ad70-42de-a2b7-bf9b2b2c5adb]  INFO {AUDIT_LOG} - Initiator=w**************r Action=Get-User-Claim-Values Target=a***n Data={"Claims":{},"Profile":"default"} Outcome=Success
TID: [-1234] [2025-05-12 13:29:07,690] [ab59b85b-ad70-42de-a2b7-bf9b2b2c5adb]  INFO {AUDIT_LOG} - Initiator=w**************r Action=Get-User-Claim-Values Target=a***n Data={"Claims":{},"Profile":"default"} Outcome=Success
TID: [-1234] [2025-05-12 13:29:07,696] [214095db-2b1a-404c-b026-d2f8ac9e4a74]  INFO {AUDIT_LOG} - Initiator=w**************r Action=Get-User-List Target=null Data={"Claim Value":"a***n","Users":["a***n"],"Claim":"http://wso2.org/claims/username"} Outcome=Success
TID: [-1234] [2025-05-12 13:29:07,699] [214095db-2b1a-404c-b026-d2f8ac9e4a74]  INFO {AUDIT_LOG} - Initiator=w**************r Action=Get-User-Claim-Values Target=a***n Data={"Claims":{},"Profile":"default"} Outcome=Success
TID: [-1234] [2025-05-12 13:29:07,699] [214095db-2b1a-404c-b026-d2f8ac9e4a74]  INFO {AUDIT_LOG} - Initiator=w**************r Action=Get-User-Claim-Values Target=a***n Data={"Claims":{},"Profile":"default"} Outcome=Success
TID: [-1234] [2025-05-12 13:29:07,699] [214095db-2b1a-404c-b026-d2f8ac9e4a74]  INFO {AUDIT_LOG} - Initiator=w**************r Action=Get-User-Claim-Values Target=a***n Data={"Claims":{},"Profile":"default"} Outcome=Success
TID: [-1234] [2025-05-12 13:29:07,699] [214095db-2b1a-404c-b026-d2f8ac9e4a74]  INFO {AUDIT_LOG} - Initiator=w**************r Action=Get-User-Claim-Values Target=a***n Data={"Claims":{},"Profile":"default"} Outcome=Success
TID: [-1234] [2025-05-12 13:29:07,713] [b6a0beb8-084c-4087-b50a-f66315195638]  INFO {AUDIT_LOG} - Initiator=w**************r Action=Get-User-List Target=null Data={"Claim Value":"a***n","Users":["a***n"],"Claim":"http://wso2.org/claims/username"} Outcome=Success
TID: [-1234] [2025-05-12 13:29:07,713] [b6a0beb8-084c-4087-b50a-f66315195638]  INFO {AUDIT_LOG} - Initiator=w**************r Action=Get-User-Claim-Values Target=a***n Data={"Claims":{},"Profile":"default"} Outcome=Success
TID: [-1234] [2025-05-12 13:29:07,713] [b6a0beb8-084c-4087-b50a-f66315195638]  INFO {AUDIT_LOG} - Initiator=w**************r Action=Get-User-Claim-Values Target=a***n Data={"Claims":{},"Profile":"default"} Outcome=Success
TID: [-1234] [2025-05-12 13:29:07,713] [b6a0beb8-084c-4087-b50a-f66315195638]  INFO {AUDIT_LOG} - Initiator=w**************r Action=Get-User-Claim-Values Target=a***n Data={"Claims":{},"Profile":"default"} Outcome=Success
TID: [-1234] [2025-05-12 13:29:07,714] [b6a0beb8-084c-4087-b50a-f66315195638]  INFO {AUDIT_LOG} - Initiator=w**************r Action=Get-User-Claim-Values Target=a***n Data={"Claims":{},"Profile":"default"} Outcome=Success
TID: [-1234] [2025-05-12 13:29:07,718] [2c538554-d41e-43c4-8046-846ea764c8c2]  INFO {AUDIT_LOG} - Initiator=w**************r Action=Get-User-List Target=null Data={"Claim Value":"a***n","Users":["a***n"],"Claim":"http://wso2.org/claims/username"} Outcome=Success
TID: [-1234] [2025-05-12 13:29:07,719] [2c538554-d41e-43c4-8046-846ea764c8c2]  INFO {AUDIT_LOG} - Initiator=w**************r Action=Get-User-Claim-Values Target=a***n Data={"Claims":{},"Profile":"default"} Outcome=Success
TID: [-1234] [2025-05-12 13:29:07,719] [2c538554-d41e-43c4-8046-846ea764c8c2]  INFO {AUDIT_LOG} - Initiator=w**************r Action=Get-User-Claim-Values Target=a***n Data={"Claims":{},"Profile":"default"} Outcome=Success
TID: [-1234] [2025-05-12 13:29:07,719] [2c538554-d41e-43c4-8046-846ea764c8c2]  INFO {AUDIT_LOG} - Initiator=w**************r Action=Get-User-Claim-Values Target=a***n Data={"Claims":{},"Profile":"default"} Outcome=Success
TID: [-1234] [2025-05-12 13:29:07,719] [2c538554-d41e-43c4-8046-846ea764c8c2]  INFO {AUDIT_LOG} - Initiator=w**************r Action=Get-User-Claim-Values Target=a***n Data={"Claims":{},"Profile":"default"} Outcome=Success
TID: [-1234] [2025-05-12 13:29:07,723] [96ae28d2-2fde-4e10-afde-033a4633df57]  INFO {AUDIT_LOG} - Initiator=w**************r Action=Get-User-List Target=null Data={"Claim Value":"a***n","Users":["a***n"],"Claim":"http://wso2.org/claims/username"} Outcome=Success
TID: [-1234] [2025-05-12 13:29:07,724] [96ae28d2-2fde-4e10-afde-033a4633df57]  INFO {AUDIT_LOG} - Initiator=w**************r Action=Get-User-Claim-Values Target=a***n Data={"Claims":{},"Profile":"default"} Outcome=Success
TID: [-1234] [2025-05-12 13:29:07,724] [96ae28d2-2fde-4e10-afde-033a4633df57]  INFO {AUDIT_LOG} - Initiator=w**************r Action=Get-User-Claim-Values Target=a***n Data={"Claims":{},"Profile":"default"} Outcome=Success
TID: [-1234] [2025-05-12 13:29:07,724] [96ae28d2-2fde-4e10-afde-033a4633df57]  INFO {AUDIT_LOG} - Initiator=w**************r Action=Get-User-Claim-Values Target=a***n Data={"Claims":{},"Profile":"default"} Outcome=Success
TID: [-1234] [2025-05-12 13:29:07,724] [96ae28d2-2fde-4e10-afde-033a4633df57]  INFO {AUDIT_LOG} - Initiator=w**************r Action=Get-User-Claim-Values Target=a***n Data={"Claims":{},"Profile":"default"} Outcome=Success
TID: [-1234] [2025-05-12 13:29:07,729] [bfd0e758-d3be-4d4e-a0ba-f751988b9188]  INFO {AUDIT_LOG} - Initiator=w**************r Action=Get-User-List Target=null Data={"Claim Value":"a***n","Users":["a***n"],"Claim":"http://wso2.org/claims/username"} Outcome=Success
TID: [-1234] [2025-05-12 13:29:07,729] [bfd0e758-d3be-4d4e-a0ba-f751988b9188]  INFO {AUDIT_LOG} - Initiator=w**************r Action=Get-User-Claim-Values Target=a***n Data={"Claims":{},"Profile":"default"} Outcome=Success
TID: [-1234] [2025-05-12 13:29:07,729] [bfd0e758-d3be-4d4e-a0ba-f751988b9188]  INFO {AUDIT_LOG} - Initiator=w**************r Action=Get-User-Claim-Values Target=a***n Data={"Claims":{},"Profile":"default"} Outcome=Success
TID: [-1234] [2025-05-12 13:29:07,729] [bfd0e758-d3be-4d4e-a0ba-f751988b9188]  INFO {AUDIT_LOG} - Initiator=w**************r Action=Get-User-Claim-Values Target=a***n Data={"Claims":{},"Profile":"default"} Outcome=Success
TID: [-1234] [2025-05-12 13:29:07,729] [bfd0e758-d3be-4d4e-a0ba-f751988b9188]  INFO {AUDIT_LOG} - Initiator=w**************r Action=Get-User-Claim-Values Target=a***n Data={"Claims":{},"Profile":"default"} Outcome=Success
TID: [-1234] [2025-05-12 13:29:07,733] [1e72b71e-ec2e-4f8c-b57f-6a25e45e4adc]  INFO {AUDIT_LOG} - Initiator=w**************r Action=Get-User-List Target=null Data={"Claim Value":"a***n","Users":["a***n"],"Claim":"http://wso2.org/claims/username"} Outcome=Success
TID: [-1234] [2025-05-12 13:29:07,733] [1e72b71e-ec2e-4f8c-b57f-6a25e45e4adc]  INFO {AUDIT_LOG} - Initiator=w**************r Action=Get-User-Claim-Values Target=a***n Data={"Claims":{},"Profile":"default"} Outcome=Success
TID: [-1234] [2025-05-12 13:29:07,733] [1e72b71e-ec2e-4f8c-b57f-6a25e45e4adc]  INFO {AUDIT_LOG} - Initiator=w**************r Action=Get-User-Claim-Values Target=a***n Data={"Claims":{},"Profile":"default"} Outcome=Success
TID: [-1234] [2025-05-12 13:29:07,734] [1e72b71e-ec2e-4f8c-b57f-6a25e45e4adc]  INFO {AUDIT_LOG} - Initiator=w**************r Action=Get-User-Claim-Values Target=a***n Data={"Claims":{},"Profile":"default"} Outcome=Success
TID: [-1234] [2025-05-12 13:29:07,734] [1e72b71e-ec2e-4f8c-b57f-6a25e45e4adc]  INFO {AUDIT_LOG} - Initiator=w**************r Action=Get-User-Claim-Values Target=a***n Data={"Claims":{},"Profile":"default"} Outcome=Success
TID: [-1234] [2025-05-12 13:29:07,736] [04b0a9cc-089c-4310-9bfc-08de3c8a59e4]  INFO {AUDIT_LOG} - Initiator=w**************r Action=Get-User-List Target=null Data={"Claim Value":"a***n","Users":["a***n"],"Claim":"http://wso2.org/claims/username"} Outcome=Success
TID: [-1234] [2025-05-12 13:29:07,737] [04b0a9cc-089c-4310-9bfc-08de3c8a59e4]  INFO {AUDIT_LOG} - Initiator=w**************r Action=Get-User-Claim-Values Target=a***n Data={"Claims":{},"Profile":"default"} Outcome=Success
TID: [-1234] [2025-05-12 13:29:07,737] [04b0a9cc-089c-4310-9bfc-08de3c8a59e4]  INFO {AUDIT_LOG} - Initiator=w**************r Action=Get-User-Claim-Values Target=a***n Data={"Claims":{},"Profile":"default"} Outcome=Success
TID: [-1234] [2025-05-12 13:29:07,737] [04b0a9cc-089c-4310-9bfc-08de3c8a59e4]  INFO {AUDIT_LOG} - Initiator=w**************r Action=Get-User-Claim-Values Target=a***n Data={"Claims":{},"Profile":"default"} Outcome=Success
TID: [-1234] [2025-05-12 13:29:07,737] [04b0a9cc-089c-4310-9bfc-08de3c8a59e4]  INFO {AUDIT_LOG} - Initiator=w**************r Action=Get-User-Claim-Values Target=a***n Data={"Claims":{},"Profile":"default"} Outcome=Success
TID: [-1234] [2025-05-12 13:35:49,132] [55daf208-73f9-4dc4-980a-167220d6073c]  INFO {AUDIT_LOG} - Initiator=w**************r Action=Get-User-List Target=null Data={"Claim Value":"a***n","Users":["a***n"],"Claim":"http://wso2.org/claims/username"} Outcome=Success
TID: [-1234] [2025-05-12 13:35:49,151] [55daf208-73f9-4dc4-980a-167220d6073c]  INFO {AUDIT_LOG} - Initiator=w**************r Action=Get-User-Claim-Values Target=a***n Data={"Claims":{},"Profile":"default"} Outcome=Success
TID: [-1234] [2025-05-12 13:35:49,151] [55daf208-73f9-4dc4-980a-167220d6073c]  INFO {AUDIT_LOG} - Initiator=w**************r Action=Get-User-Claim-Values Target=a***n Data={"Claims":{},"Profile":"default"} Outcome=Success
TID: [-1234] [2025-05-12 13:35:49,151] [55daf208-73f9-4dc4-980a-167220d6073c]  INFO {AUDIT_LOG} - Initiator=w**************r Action=Get-User-Claim-Values Target=a***n Data={"Claims":{},"Profile":"default"} Outcome=Success
TID: [-1234] [2025-05-12 13:35:49,152] [55daf208-73f9-4dc4-980a-167220d6073c]  INFO {AUDIT_LOG} - Initiator=w**************r Action=Get-User-Claim-Values Target=a***n Data={"Claims":{},"Profile":"default"} Outcome=Success
TID: [-1234] [2025-05-12 13:35:56,292] [6d7fb6b2-cf18-41ec-9766-ac1e3455497f]  INFO {AUDIT_LOG} - Initiator=w**************r Action=Get-User-List Target=null Data={"Claim Value":"a***n","Users":["a***n"],"Claim":"http://wso2.org/claims/username"} Outcome=Success
TID: [-1234] [2025-05-12 13:35:56,294] [6d7fb6b2-cf18-41ec-9766-ac1e3455497f]  INFO {AUDIT_LOG} - Initiator=w**************r Action=Get-User-Claim-Values Target=a***n Data={"Claims":{},"Profile":"default"} Outcome=Success
TID: [-1234] [2025-05-12 13:35:56,296] [6d7fb6b2-cf18-41ec-9766-ac1e3455497f]  INFO {AUDIT_LOG} - Initiator=w**************r Action=Get-User-Claim-Values Target=a***n Data={"Claims":{},"Profile":"default"} Outcome=Success
TID: [-1234] [2025-05-12 13:35:56,296] [6d7fb6b2-cf18-41ec-9766-ac1e3455497f]  INFO {AUDIT_LOG} - Initiator=w**************r Action=Get-User-Claim-Values Target=a***n Data={"Claims":{},"Profile":"default"} Outcome=Success
TID: [-1234] [2025-05-12 13:35:56,297] [6d7fb6b2-cf18-41ec-9766-ac1e3455497f]  INFO {AUDIT_LOG} - Initiator=w**************r Action=Get-User-Claim-Values Target=a***n Data={"Claims":{},"Profile":"default"} Outcome=Success
TID: [-1234] [2025-05-12 13:55:39,023] [0d39052b-fe6e-4b6b-aa85-4f9cab70c9d8]  INFO {AUDIT_LOG} - Initiator=w**************r Action=Get-User-List Target=null Data={"Claim Value":"a***n","Users":["a***n"],"Claim":"http://wso2.org/claims/username"} Outcome=Success
TID: [-1234] [2025-05-12 13:55:39,025] [0d39052b-fe6e-4b6b-aa85-4f9cab70c9d8]  INFO {AUDIT_LOG} - Initiator=w**************r Action=Get-User-Claim-Values Target=a***n Data={"Claims":{},"Profile":"default"} Outcome=Success
TID: [-1234] [2025-05-12 13:55:39,025] [0d39052b-fe6e-4b6b-aa85-4f9cab70c9d8]  INFO {AUDIT_LOG} - Initiator=w**************r Action=Get-User-Claim-Values Target=a***n Data={"Claims":{},"Profile":"default"} Outcome=Success
TID: [-1234] [2025-05-12 13:55:39,025] [0d39052b-fe6e-4b6b-aa85-4f9cab70c9d8]  INFO {AUDIT_LOG} - Initiator=w**************r Action=Get-User-Claim-Values Target=a***n Data={"Claims":{},"Profile":"default"} Outcome=Success
TID: [-1234] [2025-05-12 13:55:39,025] [0d39052b-fe6e-4b6b-aa85-4f9cab70c9d8]  INFO {AUDIT_LOG} - Initiator=w**************r Action=Get-User-Claim-Values Target=a***n Data={"Claims":{},"Profile":"default"} Outcome=Success
TID: [-1234] [2025-05-12 13:55:55,419] [98e919b7-3511-4e5b-8dde-ce7bec849747]  INFO {AUDIT_LOG} - Initiator=w**************r Action=Get-User-List Target=null Data={"Claim Value":"a***n","Users":["a***n"],"Claim":"http://wso2.org/claims/username"} Outcome=Success
TID: [-1234] [2025-05-12 13:55:55,424] [98e919b7-3511-4e5b-8dde-ce7bec849747]  INFO {AUDIT_LOG} - Initiator=w**************r Action=Get-User-Claim-Values Target=a***n Data={"Claims":{},"Profile":"default"} Outcome=Success
TID: [-1234] [2025-05-12 13:55:55,426] [98e919b7-3511-4e5b-8dde-ce7bec849747]  INFO {AUDIT_LOG} - Initiator=w**************r Action=Get-User-Claim-Values Target=a***n Data={"Claims":{},"Profile":"default"} Outcome=Success
TID: [-1234] [2025-05-12 13:55:55,427] [98e919b7-3511-4e5b-8dde-ce7bec849747]  INFO {AUDIT_LOG} - Initiator=w**************r Action=Get-User-Claim-Values Target=a***n Data={"Claims":{},"Profile":"default"} Outcome=Success
TID: [-1234] [2025-05-12 13:55:55,427] [98e919b7-3511-4e5b-8dde-ce7bec849747]  INFO {AUDIT_LOG} - Initiator=w**************r Action=Get-User-Claim-Values Target=a***n Data={"Claims":{},"Profile":"default"} Outcome=Success
