TID: [-1234] [2025-05-11 01:01:27,651] [0e9d7b21-2bb3-4631-aca7-8ad34d478020]  INFO {AUDIT_LOG} - Initiator=w**************r Action=Get-User-List Target=null Data={"Claim Value":"a***n","Users":["a***n"],"Claim":"http://wso2.org/claims/username"} Outcome=Success
TID: [-1234] [2025-05-11 01:01:27,663] [0e9d7b21-2bb3-4631-aca7-8ad34d478020]  INFO {AUDIT_LOG} - Initiator=w**************r Action=Get-User-Claim-Values Target=a***n Data={"Claims":{},"Profile":"default"} Outcome=Success
TID: [-1234] [2025-05-11 01:01:27,664] [0e9d7b21-2bb3-4631-aca7-8ad34d478020]  INFO {AUDIT_LOG} - Initiator=w**************r Action=Get-User-Claim-Values Target=a***n Data={"Claims":{},"Profile":"default"} Outcome=Success
TID: [-1234] [2025-05-11 01:01:27,664] [0e9d7b21-2bb3-4631-aca7-8ad34d478020]  INFO {AUDIT_LOG} - Initiator=w**************r Action=Get-User-Claim-Values Target=a***n Data={"Claims":{},"Profile":"default"} Outcome=Success
TID: [-1234] [2025-05-11 01:01:27,664] [0e9d7b21-2bb3-4631-aca7-8ad34d478020]  INFO {AUDIT_LOG} - Initiator=w**************r Action=Get-User-Claim-Values Target=a***n Data={"Claims":{},"Profile":"default"} Outcome=Success
TID: [-1234] [2025-05-11 01:01:27,713] [0008562a-a967-4bab-9006-e56d86cc8d90]  INFO {AUDIT_LOG} - Initiator=w**************r Action=Get-User-List Target=null Data={"Claim Value":"a***n","Users":["a***n"],"Claim":"http://wso2.org/claims/username"} Outcome=Success
TID: [-1234] [2025-05-11 01:01:27,713] [0008562a-a967-4bab-9006-e56d86cc8d90]  INFO {AUDIT_LOG} - Initiator=w**************r Action=Get-User-Claim-Values Target=a***n Data={"Claims":{},"Profile":"default"} Outcome=Success
TID: [-1234] [2025-05-11 01:01:27,713] [0008562a-a967-4bab-9006-e56d86cc8d90]  INFO {AUDIT_LOG} - Initiator=w**************r Action=Get-User-Claim-Values Target=a***n Data={"Claims":{},"Profile":"default"} Outcome=Success
TID: [-1234] [2025-05-11 01:01:27,713] [0008562a-a967-4bab-9006-e56d86cc8d90]  INFO {AUDIT_LOG} - Initiator=w**************r Action=Get-User-Claim-Values Target=a***n Data={"Claims":{},"Profile":"default"} Outcome=Success
TID: [-1234] [2025-05-11 01:01:27,713] [0008562a-a967-4bab-9006-e56d86cc8d90]  INFO {AUDIT_LOG} - Initiator=w**************r Action=Get-User-Claim-Values Target=a***n Data={"Claims":{},"Profile":"default"} Outcome=Success
TID: [-1234] [2025-05-11 01:01:27,716] [ba5b1085-78f5-4c14-8c90-482ec7b6f7d1]  INFO {AUDIT_LOG} - Initiator=w**************r Action=Get-User-List Target=null Data={"Claim Value":"a***n","Users":["a***n"],"Claim":"http://wso2.org/claims/username"} Outcome=Success
TID: [-1234] [2025-05-11 01:01:27,716] [ba5b1085-78f5-4c14-8c90-482ec7b6f7d1]  INFO {AUDIT_LOG} - Initiator=w**************r Action=Get-User-Claim-Values Target=a***n Data={"Claims":{},"Profile":"default"} Outcome=Success
TID: [-1234] [2025-05-11 01:01:27,716] [ba5b1085-78f5-4c14-8c90-482ec7b6f7d1]  INFO {AUDIT_LOG} - Initiator=w**************r Action=Get-User-Claim-Values Target=a***n Data={"Claims":{},"Profile":"default"} Outcome=Success
TID: [-1234] [2025-05-11 01:01:27,716] [ba5b1085-78f5-4c14-8c90-482ec7b6f7d1]  INFO {AUDIT_LOG} - Initiator=w**************r Action=Get-User-Claim-Values Target=a***n Data={"Claims":{},"Profile":"default"} Outcome=Success
TID: [-1234] [2025-05-11 01:01:27,716] [ba5b1085-78f5-4c14-8c90-482ec7b6f7d1]  INFO {AUDIT_LOG} - Initiator=w**************r Action=Get-User-Claim-Values Target=a***n Data={"Claims":{},"Profile":"default"} Outcome=Success
TID: [-1234] [2025-05-11 01:01:27,719] [d764d902-e1ff-483d-bc7f-c86e0945711b]  INFO {AUDIT_LOG} - Initiator=w**************r Action=Get-User-List Target=null Data={"Claim Value":"a***n","Users":["a***n"],"Claim":"http://wso2.org/claims/username"} Outcome=Success
TID: [-1234] [2025-05-11 01:01:27,719] [d764d902-e1ff-483d-bc7f-c86e0945711b]  INFO {AUDIT_LOG} - Initiator=w**************r Action=Get-User-Claim-Values Target=a***n Data={"Claims":{},"Profile":"default"} Outcome=Success
TID: [-1234] [2025-05-11 01:01:27,719] [d764d902-e1ff-483d-bc7f-c86e0945711b]  INFO {AUDIT_LOG} - Initiator=w**************r Action=Get-User-Claim-Values Target=a***n Data={"Claims":{},"Profile":"default"} Outcome=Success
TID: [-1234] [2025-05-11 01:01:27,719] [d764d902-e1ff-483d-bc7f-c86e0945711b]  INFO {AUDIT_LOG} - Initiator=w**************r Action=Get-User-Claim-Values Target=a***n Data={"Claims":{},"Profile":"default"} Outcome=Success
TID: [-1234] [2025-05-11 01:01:27,719] [d764d902-e1ff-483d-bc7f-c86e0945711b]  INFO {AUDIT_LOG} - Initiator=w**************r Action=Get-User-Claim-Values Target=a***n Data={"Claims":{},"Profile":"default"} Outcome=Success
TID: [-1234] [2025-05-11 01:01:27,721] [41079dcb-eb11-450d-a84f-8af0320a2cd6]  INFO {AUDIT_LOG} - Initiator=w**************r Action=Get-User-List Target=null Data={"Claim Value":"a***n","Users":["a***n"],"Claim":"http://wso2.org/claims/username"} Outcome=Success
TID: [-1234] [2025-05-11 01:01:27,721] [41079dcb-eb11-450d-a84f-8af0320a2cd6]  INFO {AUDIT_LOG} - Initiator=w**************r Action=Get-User-Claim-Values Target=a***n Data={"Claims":{},"Profile":"default"} Outcome=Success
TID: [-1234] [2025-05-11 01:01:27,721] [41079dcb-eb11-450d-a84f-8af0320a2cd6]  INFO {AUDIT_LOG} - Initiator=w**************r Action=Get-User-Claim-Values Target=a***n Data={"Claims":{},"Profile":"default"} Outcome=Success
TID: [-1234] [2025-05-11 01:01:27,721] [41079dcb-eb11-450d-a84f-8af0320a2cd6]  INFO {AUDIT_LOG} - Initiator=w**************r Action=Get-User-Claim-Values Target=a***n Data={"Claims":{},"Profile":"default"} Outcome=Success
TID: [-1234] [2025-05-11 01:01:27,721] [41079dcb-eb11-450d-a84f-8af0320a2cd6]  INFO {AUDIT_LOG} - Initiator=w**************r Action=Get-User-Claim-Values Target=a***n Data={"Claims":{},"Profile":"default"} Outcome=Success
TID: [-1234] [2025-05-11 01:01:27,728] [1e9d3d49-94f5-4470-8136-4a224fe218e4]  INFO {AUDIT_LOG} - Initiator=w**************r Action=Get-User-List Target=null Data={"Claim Value":"a***n","Users":["a***n"],"Claim":"http://wso2.org/claims/username"} Outcome=Success
TID: [-1234] [2025-05-11 01:01:27,729] [1e9d3d49-94f5-4470-8136-4a224fe218e4]  INFO {AUDIT_LOG} - Initiator=w**************r Action=Get-User-Claim-Values Target=a***n Data={"Claims":{},"Profile":"default"} Outcome=Success
TID: [-1234] [2025-05-11 01:01:27,729] [1e9d3d49-94f5-4470-8136-4a224fe218e4]  INFO {AUDIT_LOG} - Initiator=w**************r Action=Get-User-Claim-Values Target=a***n Data={"Claims":{},"Profile":"default"} Outcome=Success
TID: [-1234] [2025-05-11 01:01:27,729] [1e9d3d49-94f5-4470-8136-4a224fe218e4]  INFO {AUDIT_LOG} - Initiator=w**************r Action=Get-User-Claim-Values Target=a***n Data={"Claims":{},"Profile":"default"} Outcome=Success
TID: [-1234] [2025-05-11 01:01:27,729] [1e9d3d49-94f5-4470-8136-4a224fe218e4]  INFO {AUDIT_LOG} - Initiator=w**************r Action=Get-User-Claim-Values Target=a***n Data={"Claims":{},"Profile":"default"} Outcome=Success
TID: [-1234] [2025-05-11 01:01:27,734] [82fb6f83-0ac2-46be-892b-e336617bd5b1]  INFO {AUDIT_LOG} - Initiator=w**************r Action=Get-User-List Target=null Data={"Claim Value":"a***n","Users":["a***n"],"Claim":"http://wso2.org/claims/username"} Outcome=Success
TID: [-1234] [2025-05-11 01:01:27,734] [82fb6f83-0ac2-46be-892b-e336617bd5b1]  INFO {AUDIT_LOG} - Initiator=w**************r Action=Get-User-Claim-Values Target=a***n Data={"Claims":{},"Profile":"default"} Outcome=Success
TID: [-1234] [2025-05-11 01:01:27,734] [82fb6f83-0ac2-46be-892b-e336617bd5b1]  INFO {AUDIT_LOG} - Initiator=w**************r Action=Get-User-Claim-Values Target=a***n Data={"Claims":{},"Profile":"default"} Outcome=Success
TID: [-1234] [2025-05-11 01:01:27,734] [82fb6f83-0ac2-46be-892b-e336617bd5b1]  INFO {AUDIT_LOG} - Initiator=w**************r Action=Get-User-Claim-Values Target=a***n Data={"Claims":{},"Profile":"default"} Outcome=Success
TID: [-1234] [2025-05-11 01:01:27,734] [82fb6f83-0ac2-46be-892b-e336617bd5b1]  INFO {AUDIT_LOG} - Initiator=w**************r Action=Get-User-Claim-Values Target=a***n Data={"Claims":{},"Profile":"default"} Outcome=Success
TID: [-1234] [2025-05-11 01:01:27,744] [2c3586e3-7c02-4105-ac2c-27a2a9345103]  INFO {AUDIT_LOG} - Initiator=w**************r Action=Get-User-List Target=null Data={"Claim Value":"a***n","Users":["a***n"],"Claim":"http://wso2.org/claims/username"} Outcome=Success
TID: [-1234] [2025-05-11 01:01:27,744] [2c3586e3-7c02-4105-ac2c-27a2a9345103]  INFO {AUDIT_LOG} - Initiator=w**************r Action=Get-User-Claim-Values Target=a***n Data={"Claims":{},"Profile":"default"} Outcome=Success
TID: [-1234] [2025-05-11 01:01:27,744] [2c3586e3-7c02-4105-ac2c-27a2a9345103]  INFO {AUDIT_LOG} - Initiator=w**************r Action=Get-User-Claim-Values Target=a***n Data={"Claims":{},"Profile":"default"} Outcome=Success
TID: [-1234] [2025-05-11 01:01:27,745] [2c3586e3-7c02-4105-ac2c-27a2a9345103]  INFO {AUDIT_LOG} - Initiator=w**************r Action=Get-User-Claim-Values Target=a***n Data={"Claims":{},"Profile":"default"} Outcome=Success
TID: [-1234] [2025-05-11 01:01:27,745] [2c3586e3-7c02-4105-ac2c-27a2a9345103]  INFO {AUDIT_LOG} - Initiator=w**************r Action=Get-User-Claim-Values Target=a***n Data={"Claims":{},"Profile":"default"} Outcome=Success
TID: [-1234] [2025-05-11 01:01:27,749] [88218efe-13aa-4202-aa06-e269d5bce139]  INFO {AUDIT_LOG} - Initiator=w**************r Action=Get-User-List Target=null Data={"Claim Value":"a***n","Users":["a***n"],"Claim":"http://wso2.org/claims/username"} Outcome=Success
TID: [-1234] [2025-05-11 01:01:27,750] [88218efe-13aa-4202-aa06-e269d5bce139]  INFO {AUDIT_LOG} - Initiator=w**************r Action=Get-User-Claim-Values Target=a***n Data={"Claims":{},"Profile":"default"} Outcome=Success
TID: [-1234] [2025-05-11 01:01:27,750] [88218efe-13aa-4202-aa06-e269d5bce139]  INFO {AUDIT_LOG} - Initiator=w**************r Action=Get-User-Claim-Values Target=a***n Data={"Claims":{},"Profile":"default"} Outcome=Success
TID: [-1234] [2025-05-11 01:01:27,750] [88218efe-13aa-4202-aa06-e269d5bce139]  INFO {AUDIT_LOG} - Initiator=w**************r Action=Get-User-Claim-Values Target=a***n Data={"Claims":{},"Profile":"default"} Outcome=Success
TID: [-1234] [2025-05-11 01:01:27,750] [88218efe-13aa-4202-aa06-e269d5bce139]  INFO {AUDIT_LOG} - Initiator=w**************r Action=Get-User-Claim-Values Target=a***n Data={"Claims":{},"Profile":"default"} Outcome=Success
TID: [-1234] [2025-05-11 01:01:27,753] [550bcb3b-325a-418f-bba2-53a5c4f13af0]  INFO {AUDIT_LOG} - Initiator=w**************r Action=Get-User-List Target=null Data={"Claim Value":"a***n","Users":["a***n"],"Claim":"http://wso2.org/claims/username"} Outcome=Success
TID: [-1234] [2025-05-11 01:01:27,753] [550bcb3b-325a-418f-bba2-53a5c4f13af0]  INFO {AUDIT_LOG} - Initiator=w**************r Action=Get-User-Claim-Values Target=a***n Data={"Claims":{},"Profile":"default"} Outcome=Success
TID: [-1234] [2025-05-11 01:01:27,753] [550bcb3b-325a-418f-bba2-53a5c4f13af0]  INFO {AUDIT_LOG} - Initiator=w**************r Action=Get-User-Claim-Values Target=a***n Data={"Claims":{},"Profile":"default"} Outcome=Success
TID: [-1234] [2025-05-11 01:01:27,753] [550bcb3b-325a-418f-bba2-53a5c4f13af0]  INFO {AUDIT_LOG} - Initiator=w**************r Action=Get-User-Claim-Values Target=a***n Data={"Claims":{},"Profile":"default"} Outcome=Success
TID: [-1234] [2025-05-11 01:01:27,754] [550bcb3b-325a-418f-bba2-53a5c4f13af0]  INFO {AUDIT_LOG} - Initiator=w**************r Action=Get-User-Claim-Values Target=a***n Data={"Claims":{},"Profile":"default"} Outcome=Success
TID: [-1234] [2025-05-11 01:01:27,756] [77083a7e-f6d2-422b-bd69-ebd4230f6b4e]  INFO {AUDIT_LOG} - Initiator=w**************r Action=Get-User-List Target=null Data={"Claim Value":"a***n","Users":["a***n"],"Claim":"http://wso2.org/claims/username"} Outcome=Success
TID: [-1234] [2025-05-11 01:01:27,756] [77083a7e-f6d2-422b-bd69-ebd4230f6b4e]  INFO {AUDIT_LOG} - Initiator=w**************r Action=Get-User-Claim-Values Target=a***n Data={"Claims":{},"Profile":"default"} Outcome=Success
TID: [-1234] [2025-05-11 01:01:27,756] [77083a7e-f6d2-422b-bd69-ebd4230f6b4e]  INFO {AUDIT_LOG} - Initiator=w**************r Action=Get-User-Claim-Values Target=a***n Data={"Claims":{},"Profile":"default"} Outcome=Success
TID: [-1234] [2025-05-11 01:01:27,756] [77083a7e-f6d2-422b-bd69-ebd4230f6b4e]  INFO {AUDIT_LOG} - Initiator=w**************r Action=Get-User-Claim-Values Target=a***n Data={"Claims":{},"Profile":"default"} Outcome=Success
TID: [-1234] [2025-05-11 01:01:27,756] [77083a7e-f6d2-422b-bd69-ebd4230f6b4e]  INFO {AUDIT_LOG} - Initiator=w**************r Action=Get-User-Claim-Values Target=a***n Data={"Claims":{},"Profile":"default"} Outcome=Success
TID: [-1234] [2025-05-11 01:01:27,759] [54d2b2e7-4c7a-4a99-9056-767eb19b555e]  INFO {AUDIT_LOG} - Initiator=w**************r Action=Get-User-List Target=null Data={"Claim Value":"a***n","Users":["a***n"],"Claim":"http://wso2.org/claims/username"} Outcome=Success
TID: [-1234] [2025-05-11 01:01:27,759] [54d2b2e7-4c7a-4a99-9056-767eb19b555e]  INFO {AUDIT_LOG} - Initiator=w**************r Action=Get-User-Claim-Values Target=a***n Data={"Claims":{},"Profile":"default"} Outcome=Success
TID: [-1234] [2025-05-11 01:01:27,759] [54d2b2e7-4c7a-4a99-9056-767eb19b555e]  INFO {AUDIT_LOG} - Initiator=w**************r Action=Get-User-Claim-Values Target=a***n Data={"Claims":{},"Profile":"default"} Outcome=Success
TID: [-1234] [2025-05-11 01:01:27,759] [54d2b2e7-4c7a-4a99-9056-767eb19b555e]  INFO {AUDIT_LOG} - Initiator=w**************r Action=Get-User-Claim-Values Target=a***n Data={"Claims":{},"Profile":"default"} Outcome=Success
TID: [-1234] [2025-05-11 01:01:27,759] [54d2b2e7-4c7a-4a99-9056-767eb19b555e]  INFO {AUDIT_LOG} - Initiator=w**************r Action=Get-User-Claim-Values Target=a***n Data={"Claims":{},"Profile":"default"} Outcome=Success
TID: [-1234] [2025-05-11 01:01:27,762] [b77bc368-1b75-4d3f-bcf7-36a44e02c2de]  INFO {AUDIT_LOG} - Initiator=w**************r Action=Get-User-List Target=null Data={"Claim Value":"a***n","Users":["a***n"],"Claim":"http://wso2.org/claims/username"} Outcome=Success
TID: [-1234] [2025-05-11 01:01:27,763] [b77bc368-1b75-4d3f-bcf7-36a44e02c2de]  INFO {AUDIT_LOG} - Initiator=w**************r Action=Get-User-Claim-Values Target=a***n Data={"Claims":{},"Profile":"default"} Outcome=Success
TID: [-1234] [2025-05-11 01:01:27,763] [b77bc368-1b75-4d3f-bcf7-36a44e02c2de]  INFO {AUDIT_LOG} - Initiator=w**************r Action=Get-User-Claim-Values Target=a***n Data={"Claims":{},"Profile":"default"} Outcome=Success
TID: [-1234] [2025-05-11 01:01:27,763] [b77bc368-1b75-4d3f-bcf7-36a44e02c2de]  INFO {AUDIT_LOG} - Initiator=w**************r Action=Get-User-Claim-Values Target=a***n Data={"Claims":{},"Profile":"default"} Outcome=Success
TID: [-1234] [2025-05-11 01:01:27,763] [b77bc368-1b75-4d3f-bcf7-36a44e02c2de]  INFO {AUDIT_LOG} - Initiator=w**************r Action=Get-User-Claim-Values Target=a***n Data={"Claims":{},"Profile":"default"} Outcome=Success
TID: [-1234] [2025-05-11 01:01:27,765] [a4d4d4a1-5911-4fe3-8030-ac050cfe6ba1]  INFO {AUDIT_LOG} - Initiator=w**************r Action=Get-User-List Target=null Data={"Claim Value":"a***n","Users":["a***n"],"Claim":"http://wso2.org/claims/username"} Outcome=Success
TID: [-1234] [2025-05-11 01:01:27,765] [a4d4d4a1-5911-4fe3-8030-ac050cfe6ba1]  INFO {AUDIT_LOG} - Initiator=w**************r Action=Get-User-Claim-Values Target=a***n Data={"Claims":{},"Profile":"default"} Outcome=Success
TID: [-1234] [2025-05-11 01:01:27,765] [a4d4d4a1-5911-4fe3-8030-ac050cfe6ba1]  INFO {AUDIT_LOG} - Initiator=w**************r Action=Get-User-Claim-Values Target=a***n Data={"Claims":{},"Profile":"default"} Outcome=Success
TID: [-1234] [2025-05-11 01:01:27,765] [a4d4d4a1-5911-4fe3-8030-ac050cfe6ba1]  INFO {AUDIT_LOG} - Initiator=w**************r Action=Get-User-Claim-Values Target=a***n Data={"Claims":{},"Profile":"default"} Outcome=Success
TID: [-1234] [2025-05-11 01:01:27,765] [a4d4d4a1-5911-4fe3-8030-ac050cfe6ba1]  INFO {AUDIT_LOG} - Initiator=w**************r Action=Get-User-Claim-Values Target=a***n Data={"Claims":{},"Profile":"default"} Outcome=Success
TID: [-1234] [2025-05-11 01:20:57,897] [f102f55a-a7a2-49be-b099-9401ff4437d8]  INFO {AUDIT_LOG} - Initiator=w**************r Action=Get-User-List Target=null Data={"Claim Value":"a***n","Users":["a***n"],"Claim":"http://wso2.org/claims/username"} Outcome=Success
TID: [-1234] [2025-05-11 01:20:57,898] [f102f55a-a7a2-49be-b099-9401ff4437d8]  INFO {AUDIT_LOG} - Initiator=w**************r Action=Get-User-Claim-Values Target=a***n Data={"Claims":{},"Profile":"default"} Outcome=Success
TID: [-1234] [2025-05-11 01:20:57,898] [f102f55a-a7a2-49be-b099-9401ff4437d8]  INFO {AUDIT_LOG} - Initiator=w**************r Action=Get-User-Claim-Values Target=a***n Data={"Claims":{},"Profile":"default"} Outcome=Success
TID: [-1234] [2025-05-11 01:20:57,898] [f102f55a-a7a2-49be-b099-9401ff4437d8]  INFO {AUDIT_LOG} - Initiator=w**************r Action=Get-User-Claim-Values Target=a***n Data={"Claims":{},"Profile":"default"} Outcome=Success
TID: [-1234] [2025-05-11 01:20:57,898] [f102f55a-a7a2-49be-b099-9401ff4437d8]  INFO {AUDIT_LOG} - Initiator=w**************r Action=Get-User-Claim-Values Target=a***n Data={"Claims":{},"Profile":"default"} Outcome=Success
TID: [-1234] [2025-05-11 01:20:57,942] [a8a7e2ce-b276-4878-91a8-5d7da28afdad]  INFO {AUDIT_LOG} - Initiator=w**************r Action=Get-User-List Target=null Data={"Claim Value":"a***n","Users":["a***n"],"Claim":"http://wso2.org/claims/username"} Outcome=Success
TID: [-1234] [2025-05-11 01:20:57,942] [a8a7e2ce-b276-4878-91a8-5d7da28afdad]  INFO {AUDIT_LOG} - Initiator=w**************r Action=Get-User-Claim-Values Target=a***n Data={"Claims":{},"Profile":"default"} Outcome=Success
TID: [-1234] [2025-05-11 01:20:57,943] [a8a7e2ce-b276-4878-91a8-5d7da28afdad]  INFO {AUDIT_LOG} - Initiator=w**************r Action=Get-User-Claim-Values Target=a***n Data={"Claims":{},"Profile":"default"} Outcome=Success
TID: [-1234] [2025-05-11 01:20:57,943] [a8a7e2ce-b276-4878-91a8-5d7da28afdad]  INFO {AUDIT_LOG} - Initiator=w**************r Action=Get-User-Claim-Values Target=a***n Data={"Claims":{},"Profile":"default"} Outcome=Success
TID: [-1234] [2025-05-11 01:20:57,943] [a8a7e2ce-b276-4878-91a8-5d7da28afdad]  INFO {AUDIT_LOG} - Initiator=w**************r Action=Get-User-Claim-Values Target=a***n Data={"Claims":{},"Profile":"default"} Outcome=Success
TID: [-1234] [2025-05-11 01:20:57,945] [84627d3f-bdb2-4f15-836f-b1cad3e84258]  INFO {AUDIT_LOG} - Initiator=w**************r Action=Get-User-List Target=null Data={"Claim Value":"a***n","Users":["a***n"],"Claim":"http://wso2.org/claims/username"} Outcome=Success
TID: [-1234] [2025-05-11 01:20:57,946] [84627d3f-bdb2-4f15-836f-b1cad3e84258]  INFO {AUDIT_LOG} - Initiator=w**************r Action=Get-User-Claim-Values Target=a***n Data={"Claims":{},"Profile":"default"} Outcome=Success
TID: [-1234] [2025-05-11 01:20:57,946] [84627d3f-bdb2-4f15-836f-b1cad3e84258]  INFO {AUDIT_LOG} - Initiator=w**************r Action=Get-User-Claim-Values Target=a***n Data={"Claims":{},"Profile":"default"} Outcome=Success
TID: [-1234] [2025-05-11 01:20:57,946] [84627d3f-bdb2-4f15-836f-b1cad3e84258]  INFO {AUDIT_LOG} - Initiator=w**************r Action=Get-User-Claim-Values Target=a***n Data={"Claims":{},"Profile":"default"} Outcome=Success
TID: [-1234] [2025-05-11 01:20:57,946] [84627d3f-bdb2-4f15-836f-b1cad3e84258]  INFO {AUDIT_LOG} - Initiator=w**************r Action=Get-User-Claim-Values Target=a***n Data={"Claims":{},"Profile":"default"} Outcome=Success
TID: [-1234] [2025-05-11 01:20:57,948] [29590db9-5bf8-4874-b581-199a93577525]  INFO {AUDIT_LOG} - Initiator=w**************r Action=Get-User-List Target=null Data={"Claim Value":"a***n","Users":["a***n"],"Claim":"http://wso2.org/claims/username"} Outcome=Success
TID: [-1234] [2025-05-11 01:20:57,948] [29590db9-5bf8-4874-b581-199a93577525]  INFO {AUDIT_LOG} - Initiator=w**************r Action=Get-User-Claim-Values Target=a***n Data={"Claims":{},"Profile":"default"} Outcome=Success
TID: [-1234] [2025-05-11 01:20:57,948] [29590db9-5bf8-4874-b581-199a93577525]  INFO {AUDIT_LOG} - Initiator=w**************r Action=Get-User-Claim-Values Target=a***n Data={"Claims":{},"Profile":"default"} Outcome=Success
TID: [-1234] [2025-05-11 01:20:57,948] [29590db9-5bf8-4874-b581-199a93577525]  INFO {AUDIT_LOG} - Initiator=w**************r Action=Get-User-Claim-Values Target=a***n Data={"Claims":{},"Profile":"default"} Outcome=Success
TID: [-1234] [2025-05-11 01:20:57,948] [29590db9-5bf8-4874-b581-199a93577525]  INFO {AUDIT_LOG} - Initiator=w**************r Action=Get-User-Claim-Values Target=a***n Data={"Claims":{},"Profile":"default"} Outcome=Success
TID: [-1234] [2025-05-11 01:20:57,950] [0a03ccca-8c34-4ac0-a1e3-7626009610d5]  INFO {AUDIT_LOG} - Initiator=w**************r Action=Get-User-List Target=null Data={"Claim Value":"a***n","Users":["a***n"],"Claim":"http://wso2.org/claims/username"} Outcome=Success
TID: [-1234] [2025-05-11 01:20:57,950] [0a03ccca-8c34-4ac0-a1e3-7626009610d5]  INFO {AUDIT_LOG} - Initiator=w**************r Action=Get-User-Claim-Values Target=a***n Data={"Claims":{},"Profile":"default"} Outcome=Success
TID: [-1234] [2025-05-11 01:20:57,950] [0a03ccca-8c34-4ac0-a1e3-7626009610d5]  INFO {AUDIT_LOG} - Initiator=w**************r Action=Get-User-Claim-Values Target=a***n Data={"Claims":{},"Profile":"default"} Outcome=Success
TID: [-1234] [2025-05-11 01:20:57,950] [0a03ccca-8c34-4ac0-a1e3-7626009610d5]  INFO {AUDIT_LOG} - Initiator=w**************r Action=Get-User-Claim-Values Target=a***n Data={"Claims":{},"Profile":"default"} Outcome=Success
TID: [-1234] [2025-05-11 01:20:57,950] [0a03ccca-8c34-4ac0-a1e3-7626009610d5]  INFO {AUDIT_LOG} - Initiator=w**************r Action=Get-User-Claim-Values Target=a***n Data={"Claims":{},"Profile":"default"} Outcome=Success
TID: [-1234] [2025-05-11 01:20:57,957] [9f33a8c8-b9d6-4445-8bed-f8f609ac3c5d]  INFO {AUDIT_LOG} - Initiator=w**************r Action=Get-User-List Target=null Data={"Claim Value":"a***n","Users":["a***n"],"Claim":"http://wso2.org/claims/username"} Outcome=Success
TID: [-1234] [2025-05-11 01:20:57,957] [9f33a8c8-b9d6-4445-8bed-f8f609ac3c5d]  INFO {AUDIT_LOG} - Initiator=w**************r Action=Get-User-Claim-Values Target=a***n Data={"Claims":{},"Profile":"default"} Outcome=Success
TID: [-1234] [2025-05-11 01:20:57,957] [9f33a8c8-b9d6-4445-8bed-f8f609ac3c5d]  INFO {AUDIT_LOG} - Initiator=w**************r Action=Get-User-Claim-Values Target=a***n Data={"Claims":{},"Profile":"default"} Outcome=Success
TID: [-1234] [2025-05-11 01:20:57,957] [9f33a8c8-b9d6-4445-8bed-f8f609ac3c5d]  INFO {AUDIT_LOG} - Initiator=w**************r Action=Get-User-Claim-Values Target=a***n Data={"Claims":{},"Profile":"default"} Outcome=Success
TID: [-1234] [2025-05-11 01:20:57,957] [9f33a8c8-b9d6-4445-8bed-f8f609ac3c5d]  INFO {AUDIT_LOG} - Initiator=w**************r Action=Get-User-Claim-Values Target=a***n Data={"Claims":{},"Profile":"default"} Outcome=Success
TID: [-1234] [2025-05-11 01:20:57,960] [982ec531-ffe2-45a0-b305-ad6239907c88]  INFO {AUDIT_LOG} - Initiator=w**************r Action=Get-User-List Target=null Data={"Claim Value":"a***n","Users":["a***n"],"Claim":"http://wso2.org/claims/username"} Outcome=Success
TID: [-1234] [2025-05-11 01:20:57,960] [982ec531-ffe2-45a0-b305-ad6239907c88]  INFO {AUDIT_LOG} - Initiator=w**************r Action=Get-User-Claim-Values Target=a***n Data={"Claims":{},"Profile":"default"} Outcome=Success
TID: [-1234] [2025-05-11 01:20:57,960] [982ec531-ffe2-45a0-b305-ad6239907c88]  INFO {AUDIT_LOG} - Initiator=w**************r Action=Get-User-Claim-Values Target=a***n Data={"Claims":{},"Profile":"default"} Outcome=Success
TID: [-1234] [2025-05-11 01:20:57,960] [982ec531-ffe2-45a0-b305-ad6239907c88]  INFO {AUDIT_LOG} - Initiator=w**************r Action=Get-User-Claim-Values Target=a***n Data={"Claims":{},"Profile":"default"} Outcome=Success
TID: [-1234] [2025-05-11 01:20:57,960] [982ec531-ffe2-45a0-b305-ad6239907c88]  INFO {AUDIT_LOG} - Initiator=w**************r Action=Get-User-Claim-Values Target=a***n Data={"Claims":{},"Profile":"default"} Outcome=Success
TID: [-1234] [2025-05-11 01:20:57,962] [a58b3294-8440-4444-906a-21e9fef0a6f5]  INFO {AUDIT_LOG} - Initiator=w**************r Action=Get-User-List Target=null Data={"Claim Value":"a***n","Users":["a***n"],"Claim":"http://wso2.org/claims/username"} Outcome=Success
TID: [-1234] [2025-05-11 01:20:57,962] [a58b3294-8440-4444-906a-21e9fef0a6f5]  INFO {AUDIT_LOG} - Initiator=w**************r Action=Get-User-Claim-Values Target=a***n Data={"Claims":{},"Profile":"default"} Outcome=Success
TID: [-1234] [2025-05-11 01:20:57,962] [a58b3294-8440-4444-906a-21e9fef0a6f5]  INFO {AUDIT_LOG} - Initiator=w**************r Action=Get-User-Claim-Values Target=a***n Data={"Claims":{},"Profile":"default"} Outcome=Success
TID: [-1234] [2025-05-11 01:20:57,962] [a58b3294-8440-4444-906a-21e9fef0a6f5]  INFO {AUDIT_LOG} - Initiator=w**************r Action=Get-User-Claim-Values Target=a***n Data={"Claims":{},"Profile":"default"} Outcome=Success
TID: [-1234] [2025-05-11 01:20:57,962] [a58b3294-8440-4444-906a-21e9fef0a6f5]  INFO {AUDIT_LOG} - Initiator=w**************r Action=Get-User-Claim-Values Target=a***n Data={"Claims":{},"Profile":"default"} Outcome=Success
TID: [-1234] [2025-05-11 01:20:57,964] [15bbd373-cbbb-4085-842c-b292db11e3a9]  INFO {AUDIT_LOG} - Initiator=w**************r Action=Get-User-List Target=null Data={"Claim Value":"a***n","Users":["a***n"],"Claim":"http://wso2.org/claims/username"} Outcome=Success
TID: [-1234] [2025-05-11 01:20:57,965] [15bbd373-cbbb-4085-842c-b292db11e3a9]  INFO {AUDIT_LOG} - Initiator=w**************r Action=Get-User-Claim-Values Target=a***n Data={"Claims":{},"Profile":"default"} Outcome=Success
TID: [-1234] [2025-05-11 01:20:57,965] [15bbd373-cbbb-4085-842c-b292db11e3a9]  INFO {AUDIT_LOG} - Initiator=w**************r Action=Get-User-Claim-Values Target=a***n Data={"Claims":{},"Profile":"default"} Outcome=Success
TID: [-1234] [2025-05-11 01:20:57,965] [15bbd373-cbbb-4085-842c-b292db11e3a9]  INFO {AUDIT_LOG} - Initiator=w**************r Action=Get-User-Claim-Values Target=a***n Data={"Claims":{},"Profile":"default"} Outcome=Success
TID: [-1234] [2025-05-11 01:20:57,965] [15bbd373-cbbb-4085-842c-b292db11e3a9]  INFO {AUDIT_LOG} - Initiator=w**************r Action=Get-User-Claim-Values Target=a***n Data={"Claims":{},"Profile":"default"} Outcome=Success
TID: [-1234] [2025-05-11 01:20:57,967] [52232a25-765c-4410-af78-b1885c4a19e8]  INFO {AUDIT_LOG} - Initiator=w**************r Action=Get-User-List Target=null Data={"Claim Value":"a***n","Users":["a***n"],"Claim":"http://wso2.org/claims/username"} Outcome=Success
TID: [-1234] [2025-05-11 01:20:57,967] [52232a25-765c-4410-af78-b1885c4a19e8]  INFO {AUDIT_LOG} - Initiator=w**************r Action=Get-User-Claim-Values Target=a***n Data={"Claims":{},"Profile":"default"} Outcome=Success
TID: [-1234] [2025-05-11 01:20:57,967] [52232a25-765c-4410-af78-b1885c4a19e8]  INFO {AUDIT_LOG} - Initiator=w**************r Action=Get-User-Claim-Values Target=a***n Data={"Claims":{},"Profile":"default"} Outcome=Success
TID: [-1234] [2025-05-11 01:20:57,967] [52232a25-765c-4410-af78-b1885c4a19e8]  INFO {AUDIT_LOG} - Initiator=w**************r Action=Get-User-Claim-Values Target=a***n Data={"Claims":{},"Profile":"default"} Outcome=Success
TID: [-1234] [2025-05-11 01:20:57,967] [52232a25-765c-4410-af78-b1885c4a19e8]  INFO {AUDIT_LOG} - Initiator=w**************r Action=Get-User-Claim-Values Target=a***n Data={"Claims":{},"Profile":"default"} Outcome=Success
TID: [-1234] [2025-05-11 01:20:57,969] [76c398ee-f687-4ea3-9d61-a86b2980d015]  INFO {AUDIT_LOG} - Initiator=w**************r Action=Get-User-List Target=null Data={"Claim Value":"a***n","Users":["a***n"],"Claim":"http://wso2.org/claims/username"} Outcome=Success
TID: [-1234] [2025-05-11 01:20:57,969] [76c398ee-f687-4ea3-9d61-a86b2980d015]  INFO {AUDIT_LOG} - Initiator=w**************r Action=Get-User-Claim-Values Target=a***n Data={"Claims":{},"Profile":"default"} Outcome=Success
TID: [-1234] [2025-05-11 01:20:57,969] [76c398ee-f687-4ea3-9d61-a86b2980d015]  INFO {AUDIT_LOG} - Initiator=w**************r Action=Get-User-Claim-Values Target=a***n Data={"Claims":{},"Profile":"default"} Outcome=Success
TID: [-1234] [2025-05-11 01:20:57,969] [76c398ee-f687-4ea3-9d61-a86b2980d015]  INFO {AUDIT_LOG} - Initiator=w**************r Action=Get-User-Claim-Values Target=a***n Data={"Claims":{},"Profile":"default"} Outcome=Success
TID: [-1234] [2025-05-11 01:20:57,969] [76c398ee-f687-4ea3-9d61-a86b2980d015]  INFO {AUDIT_LOG} - Initiator=w**************r Action=Get-User-Claim-Values Target=a***n Data={"Claims":{},"Profile":"default"} Outcome=Success
TID: [-1234] [2025-05-11 01:20:57,972] [699fbe2d-f2e9-4f0b-a301-75360ae070e5]  INFO {AUDIT_LOG} - Initiator=w**************r Action=Get-User-List Target=null Data={"Claim Value":"a***n","Users":["a***n"],"Claim":"http://wso2.org/claims/username"} Outcome=Success
TID: [-1234] [2025-05-11 01:20:57,972] [699fbe2d-f2e9-4f0b-a301-75360ae070e5]  INFO {AUDIT_LOG} - Initiator=w**************r Action=Get-User-Claim-Values Target=a***n Data={"Claims":{},"Profile":"default"} Outcome=Success
TID: [-1234] [2025-05-11 01:20:57,972] [699fbe2d-f2e9-4f0b-a301-75360ae070e5]  INFO {AUDIT_LOG} - Initiator=w**************r Action=Get-User-Claim-Values Target=a***n Data={"Claims":{},"Profile":"default"} Outcome=Success
TID: [-1234] [2025-05-11 01:20:57,972] [699fbe2d-f2e9-4f0b-a301-75360ae070e5]  INFO {AUDIT_LOG} - Initiator=w**************r Action=Get-User-Claim-Values Target=a***n Data={"Claims":{},"Profile":"default"} Outcome=Success
TID: [-1234] [2025-05-11 01:20:57,972] [699fbe2d-f2e9-4f0b-a301-75360ae070e5]  INFO {AUDIT_LOG} - Initiator=w**************r Action=Get-User-Claim-Values Target=a***n Data={"Claims":{},"Profile":"default"} Outcome=Success
TID: [-1234] [2025-05-11 01:20:57,974] [4a465e54-0257-4075-b4fb-3a0e6504f24c]  INFO {AUDIT_LOG} - Initiator=w**************r Action=Get-User-List Target=null Data={"Claim Value":"a***n","Users":["a***n"],"Claim":"http://wso2.org/claims/username"} Outcome=Success
TID: [-1234] [2025-05-11 01:20:57,974] [4a465e54-0257-4075-b4fb-3a0e6504f24c]  INFO {AUDIT_LOG} - Initiator=w**************r Action=Get-User-Claim-Values Target=a***n Data={"Claims":{},"Profile":"default"} Outcome=Success
TID: [-1234] [2025-05-11 01:20:57,975] [4a465e54-0257-4075-b4fb-3a0e6504f24c]  INFO {AUDIT_LOG} - Initiator=w**************r Action=Get-User-Claim-Values Target=a***n Data={"Claims":{},"Profile":"default"} Outcome=Success
TID: [-1234] [2025-05-11 01:20:57,975] [4a465e54-0257-4075-b4fb-3a0e6504f24c]  INFO {AUDIT_LOG} - Initiator=w**************r Action=Get-User-Claim-Values Target=a***n Data={"Claims":{},"Profile":"default"} Outcome=Success
TID: [-1234] [2025-05-11 01:20:57,975] [4a465e54-0257-4075-b4fb-3a0e6504f24c]  INFO {AUDIT_LOG} - Initiator=w**************r Action=Get-User-Claim-Values Target=a***n Data={"Claims":{},"Profile":"default"} Outcome=Success
TID: [-1234] [2025-05-11 01:20:57,977] [1f646988-b0d1-4111-b570-0f566e40573f]  INFO {AUDIT_LOG} - Initiator=w**************r Action=Get-User-List Target=null Data={"Claim Value":"a***n","Users":["a***n"],"Claim":"http://wso2.org/claims/username"} Outcome=Success
TID: [-1234] [2025-05-11 01:20:57,977] [1f646988-b0d1-4111-b570-0f566e40573f]  INFO {AUDIT_LOG} - Initiator=w**************r Action=Get-User-Claim-Values Target=a***n Data={"Claims":{},"Profile":"default"} Outcome=Success
TID: [-1234] [2025-05-11 01:20:57,977] [1f646988-b0d1-4111-b570-0f566e40573f]  INFO {AUDIT_LOG} - Initiator=w**************r Action=Get-User-Claim-Values Target=a***n Data={"Claims":{},"Profile":"default"} Outcome=Success
TID: [-1234] [2025-05-11 01:20:57,977] [1f646988-b0d1-4111-b570-0f566e40573f]  INFO {AUDIT_LOG} - Initiator=w**************r Action=Get-User-Claim-Values Target=a***n Data={"Claims":{},"Profile":"default"} Outcome=Success
TID: [-1234] [2025-05-11 01:20:57,977] [1f646988-b0d1-4111-b570-0f566e40573f]  INFO {AUDIT_LOG} - Initiator=w**************r Action=Get-User-Claim-Values Target=a***n Data={"Claims":{},"Profile":"default"} Outcome=Success
TID: [-1234] [2025-05-11 02:03:43,021] [d6a1487b-7a38-4b33-bec4-bd914c14f92b]  INFO {AUDIT_LOG} - Initiator=w**************r Action=Get-User-List Target=null Data={"Claim Value":"a***n","Users":["a***n"],"Claim":"http://wso2.org/claims/username"} Outcome=Success
TID: [-1234] [2025-05-11 02:03:43,022] [d6a1487b-7a38-4b33-bec4-bd914c14f92b]  INFO {AUDIT_LOG} - Initiator=w**************r Action=Get-User-Claim-Values Target=a***n Data={"Claims":{},"Profile":"default"} Outcome=Success
TID: [-1234] [2025-05-11 02:03:43,023] [d6a1487b-7a38-4b33-bec4-bd914c14f92b]  INFO {AUDIT_LOG} - Initiator=w**************r Action=Get-User-Claim-Values Target=a***n Data={"Claims":{},"Profile":"default"} Outcome=Success
TID: [-1234] [2025-05-11 02:03:43,023] [d6a1487b-7a38-4b33-bec4-bd914c14f92b]  INFO {AUDIT_LOG} - Initiator=w**************r Action=Get-User-Claim-Values Target=a***n Data={"Claims":{},"Profile":"default"} Outcome=Success
TID: [-1234] [2025-05-11 02:03:43,023] [d6a1487b-7a38-4b33-bec4-bd914c14f92b]  INFO {AUDIT_LOG} - Initiator=w**************r Action=Get-User-Claim-Values Target=a***n Data={"Claims":{},"Profile":"default"} Outcome=Success
TID: [-1234] [2025-05-11 02:03:43,075] [31cdf86f-e136-4fa0-8914-88054baa4e5d]  INFO {AUDIT_LOG} - Initiator=w**************r Action=Get-User-List Target=null Data={"Claim Value":"a***n","Users":["a***n"],"Claim":"http://wso2.org/claims/username"} Outcome=Success
TID: [-1234] [2025-05-11 02:03:43,075] [31cdf86f-e136-4fa0-8914-88054baa4e5d]  INFO {AUDIT_LOG} - Initiator=w**************r Action=Get-User-Claim-Values Target=a***n Data={"Claims":{},"Profile":"default"} Outcome=Success
TID: [-1234] [2025-05-11 02:03:43,075] [31cdf86f-e136-4fa0-8914-88054baa4e5d]  INFO {AUDIT_LOG} - Initiator=w**************r Action=Get-User-Claim-Values Target=a***n Data={"Claims":{},"Profile":"default"} Outcome=Success
TID: [-1234] [2025-05-11 02:03:43,075] [31cdf86f-e136-4fa0-8914-88054baa4e5d]  INFO {AUDIT_LOG} - Initiator=w**************r Action=Get-User-Claim-Values Target=a***n Data={"Claims":{},"Profile":"default"} Outcome=Success
TID: [-1234] [2025-05-11 02:03:43,075] [31cdf86f-e136-4fa0-8914-88054baa4e5d]  INFO {AUDIT_LOG} - Initiator=w**************r Action=Get-User-Claim-Values Target=a***n Data={"Claims":{},"Profile":"default"} Outcome=Success
TID: [-1234] [2025-05-11 02:03:43,078] [b177956e-0818-4f7c-9c96-2f0c6a29d74b]  INFO {AUDIT_LOG} - Initiator=w**************r Action=Get-User-List Target=null Data={"Claim Value":"a***n","Users":["a***n"],"Claim":"http://wso2.org/claims/username"} Outcome=Success
TID: [-1234] [2025-05-11 02:03:43,079] [b177956e-0818-4f7c-9c96-2f0c6a29d74b]  INFO {AUDIT_LOG} - Initiator=w**************r Action=Get-User-Claim-Values Target=a***n Data={"Claims":{},"Profile":"default"} Outcome=Success
TID: [-1234] [2025-05-11 02:03:43,079] [b177956e-0818-4f7c-9c96-2f0c6a29d74b]  INFO {AUDIT_LOG} - Initiator=w**************r Action=Get-User-Claim-Values Target=a***n Data={"Claims":{},"Profile":"default"} Outcome=Success
TID: [-1234] [2025-05-11 02:03:43,079] [b177956e-0818-4f7c-9c96-2f0c6a29d74b]  INFO {AUDIT_LOG} - Initiator=w**************r Action=Get-User-Claim-Values Target=a***n Data={"Claims":{},"Profile":"default"} Outcome=Success
TID: [-1234] [2025-05-11 02:03:43,079] [b177956e-0818-4f7c-9c96-2f0c6a29d74b]  INFO {AUDIT_LOG} - Initiator=w**************r Action=Get-User-Claim-Values Target=a***n Data={"Claims":{},"Profile":"default"} Outcome=Success
TID: [-1234] [2025-05-11 02:03:43,081] [f7a3459a-2a60-481a-89ae-54ce12720f40]  INFO {AUDIT_LOG} - Initiator=w**************r Action=Get-User-List Target=null Data={"Claim Value":"a***n","Users":["a***n"],"Claim":"http://wso2.org/claims/username"} Outcome=Success
TID: [-1234] [2025-05-11 02:03:43,081] [f7a3459a-2a60-481a-89ae-54ce12720f40]  INFO {AUDIT_LOG} - Initiator=w**************r Action=Get-User-Claim-Values Target=a***n Data={"Claims":{},"Profile":"default"} Outcome=Success
TID: [-1234] [2025-05-11 02:03:43,081] [f7a3459a-2a60-481a-89ae-54ce12720f40]  INFO {AUDIT_LOG} - Initiator=w**************r Action=Get-User-Claim-Values Target=a***n Data={"Claims":{},"Profile":"default"} Outcome=Success
TID: [-1234] [2025-05-11 02:03:43,081] [f7a3459a-2a60-481a-89ae-54ce12720f40]  INFO {AUDIT_LOG} - Initiator=w**************r Action=Get-User-Claim-Values Target=a***n Data={"Claims":{},"Profile":"default"} Outcome=Success
TID: [-1234] [2025-05-11 02:03:43,081] [f7a3459a-2a60-481a-89ae-54ce12720f40]  INFO {AUDIT_LOG} - Initiator=w**************r Action=Get-User-Claim-Values Target=a***n Data={"Claims":{},"Profile":"default"} Outcome=Success
TID: [-1234] [2025-05-11 02:03:43,082] [42bf4f13-64a1-4e35-931a-f5eea089a266]  INFO {AUDIT_LOG} - Initiator=w**************r Action=Get-User-List Target=null Data={"Claim Value":"a***n","Users":["a***n"],"Claim":"http://wso2.org/claims/username"} Outcome=Success
TID: [-1234] [2025-05-11 02:03:43,082] [42bf4f13-64a1-4e35-931a-f5eea089a266]  INFO {AUDIT_LOG} - Initiator=w**************r Action=Get-User-Claim-Values Target=a***n Data={"Claims":{},"Profile":"default"} Outcome=Success
TID: [-1234] [2025-05-11 02:03:43,083] [42bf4f13-64a1-4e35-931a-f5eea089a266]  INFO {AUDIT_LOG} - Initiator=w**************r Action=Get-User-Claim-Values Target=a***n Data={"Claims":{},"Profile":"default"} Outcome=Success
TID: [-1234] [2025-05-11 02:03:43,083] [42bf4f13-64a1-4e35-931a-f5eea089a266]  INFO {AUDIT_LOG} - Initiator=w**************r Action=Get-User-Claim-Values Target=a***n Data={"Claims":{},"Profile":"default"} Outcome=Success
TID: [-1234] [2025-05-11 02:03:43,083] [42bf4f13-64a1-4e35-931a-f5eea089a266]  INFO {AUDIT_LOG} - Initiator=w**************r Action=Get-User-Claim-Values Target=a***n Data={"Claims":{},"Profile":"default"} Outcome=Success
TID: [-1234] [2025-05-11 02:03:43,089] [417ce55f-424d-474b-8aef-b8042b17046c]  INFO {AUDIT_LOG} - Initiator=w**************r Action=Get-User-List Target=null Data={"Claim Value":"a***n","Users":["a***n"],"Claim":"http://wso2.org/claims/username"} Outcome=Success
TID: [-1234] [2025-05-11 02:03:43,089] [417ce55f-424d-474b-8aef-b8042b17046c]  INFO {AUDIT_LOG} - Initiator=w**************r Action=Get-User-Claim-Values Target=a***n Data={"Claims":{},"Profile":"default"} Outcome=Success
TID: [-1234] [2025-05-11 02:03:43,089] [417ce55f-424d-474b-8aef-b8042b17046c]  INFO {AUDIT_LOG} - Initiator=w**************r Action=Get-User-Claim-Values Target=a***n Data={"Claims":{},"Profile":"default"} Outcome=Success
TID: [-1234] [2025-05-11 02:03:43,089] [417ce55f-424d-474b-8aef-b8042b17046c]  INFO {AUDIT_LOG} - Initiator=w**************r Action=Get-User-Claim-Values Target=a***n Data={"Claims":{},"Profile":"default"} Outcome=Success
TID: [-1234] [2025-05-11 02:03:43,089] [417ce55f-424d-474b-8aef-b8042b17046c]  INFO {AUDIT_LOG} - Initiator=w**************r Action=Get-User-Claim-Values Target=a***n Data={"Claims":{},"Profile":"default"} Outcome=Success
TID: [-1234] [2025-05-11 02:03:43,093] [36da7caa-327b-4c65-bd36-32a170d2f08d]  INFO {AUDIT_LOG} - Initiator=w**************r Action=Get-User-List Target=null Data={"Claim Value":"a***n","Users":["a***n"],"Claim":"http://wso2.org/claims/username"} Outcome=Success
TID: [-1234] [2025-05-11 02:03:43,093] [36da7caa-327b-4c65-bd36-32a170d2f08d]  INFO {AUDIT_LOG} - Initiator=w**************r Action=Get-User-Claim-Values Target=a***n Data={"Claims":{},"Profile":"default"} Outcome=Success
TID: [-1234] [2025-05-11 02:03:43,093] [36da7caa-327b-4c65-bd36-32a170d2f08d]  INFO {AUDIT_LOG} - Initiator=w**************r Action=Get-User-Claim-Values Target=a***n Data={"Claims":{},"Profile":"default"} Outcome=Success
TID: [-1234] [2025-05-11 02:03:43,093] [36da7caa-327b-4c65-bd36-32a170d2f08d]  INFO {AUDIT_LOG} - Initiator=w**************r Action=Get-User-Claim-Values Target=a***n Data={"Claims":{},"Profile":"default"} Outcome=Success
TID: [-1234] [2025-05-11 02:03:43,093] [36da7caa-327b-4c65-bd36-32a170d2f08d]  INFO {AUDIT_LOG} - Initiator=w**************r Action=Get-User-Claim-Values Target=a***n Data={"Claims":{},"Profile":"default"} Outcome=Success
TID: [-1234] [2025-05-11 02:03:43,095] [8f62ffce-4e84-40ab-98d0-3bc00bfb9708]  INFO {AUDIT_LOG} - Initiator=w**************r Action=Get-User-List Target=null Data={"Claim Value":"a***n","Users":["a***n"],"Claim":"http://wso2.org/claims/username"} Outcome=Success
TID: [-1234] [2025-05-11 02:03:43,095] [8f62ffce-4e84-40ab-98d0-3bc00bfb9708]  INFO {AUDIT_LOG} - Initiator=w**************r Action=Get-User-Claim-Values Target=a***n Data={"Claims":{},"Profile":"default"} Outcome=Success
TID: [-1234] [2025-05-11 02:03:43,095] [8f62ffce-4e84-40ab-98d0-3bc00bfb9708]  INFO {AUDIT_LOG} - Initiator=w**************r Action=Get-User-Claim-Values Target=a***n Data={"Claims":{},"Profile":"default"} Outcome=Success
TID: [-1234] [2025-05-11 02:03:43,095] [8f62ffce-4e84-40ab-98d0-3bc00bfb9708]  INFO {AUDIT_LOG} - Initiator=w**************r Action=Get-User-Claim-Values Target=a***n Data={"Claims":{},"Profile":"default"} Outcome=Success
TID: [-1234] [2025-05-11 02:03:43,095] [8f62ffce-4e84-40ab-98d0-3bc00bfb9708]  INFO {AUDIT_LOG} - Initiator=w**************r Action=Get-User-Claim-Values Target=a***n Data={"Claims":{},"Profile":"default"} Outcome=Success
TID: [-1234] [2025-05-11 02:03:43,099] [45219719-d40f-4459-95df-eb2b5182972c]  INFO {AUDIT_LOG} - Initiator=w**************r Action=Get-User-List Target=null Data={"Claim Value":"a***n","Users":["a***n"],"Claim":"http://wso2.org/claims/username"} Outcome=Success
TID: [-1234] [2025-05-11 02:03:43,099] [45219719-d40f-4459-95df-eb2b5182972c]  INFO {AUDIT_LOG} - Initiator=w**************r Action=Get-User-Claim-Values Target=a***n Data={"Claims":{},"Profile":"default"} Outcome=Success
TID: [-1234] [2025-05-11 02:03:43,100] [45219719-d40f-4459-95df-eb2b5182972c]  INFO {AUDIT_LOG} - Initiator=w**************r Action=Get-User-Claim-Values Target=a***n Data={"Claims":{},"Profile":"default"} Outcome=Success
TID: [-1234] [2025-05-11 02:03:43,100] [45219719-d40f-4459-95df-eb2b5182972c]  INFO {AUDIT_LOG} - Initiator=w**************r Action=Get-User-Claim-Values Target=a***n Data={"Claims":{},"Profile":"default"} Outcome=Success
TID: [-1234] [2025-05-11 02:03:43,100] [45219719-d40f-4459-95df-eb2b5182972c]  INFO {AUDIT_LOG} - Initiator=w**************r Action=Get-User-Claim-Values Target=a***n Data={"Claims":{},"Profile":"default"} Outcome=Success
TID: [-1234] [2025-05-11 02:03:43,102] [911543ae-f4ec-41f2-900f-5bb4f7bdb432]  INFO {AUDIT_LOG} - Initiator=w**************r Action=Get-User-List Target=null Data={"Claim Value":"a***n","Users":["a***n"],"Claim":"http://wso2.org/claims/username"} Outcome=Success
TID: [-1234] [2025-05-11 02:03:43,103] [911543ae-f4ec-41f2-900f-5bb4f7bdb432]  INFO {AUDIT_LOG} - Initiator=w**************r Action=Get-User-Claim-Values Target=a***n Data={"Claims":{},"Profile":"default"} Outcome=Success
TID: [-1234] [2025-05-11 02:03:43,103] [911543ae-f4ec-41f2-900f-5bb4f7bdb432]  INFO {AUDIT_LOG} - Initiator=w**************r Action=Get-User-Claim-Values Target=a***n Data={"Claims":{},"Profile":"default"} Outcome=Success
TID: [-1234] [2025-05-11 02:03:43,103] [911543ae-f4ec-41f2-900f-5bb4f7bdb432]  INFO {AUDIT_LOG} - Initiator=w**************r Action=Get-User-Claim-Values Target=a***n Data={"Claims":{},"Profile":"default"} Outcome=Success
TID: [-1234] [2025-05-11 02:03:43,103] [911543ae-f4ec-41f2-900f-5bb4f7bdb432]  INFO {AUDIT_LOG} - Initiator=w**************r Action=Get-User-Claim-Values Target=a***n Data={"Claims":{},"Profile":"default"} Outcome=Success
TID: [-1234] [2025-05-11 02:03:43,105] [89ad3c9d-ad74-4f0b-8e86-23d61a4596d9]  INFO {AUDIT_LOG} - Initiator=w**************r Action=Get-User-List Target=null Data={"Claim Value":"a***n","Users":["a***n"],"Claim":"http://wso2.org/claims/username"} Outcome=Success
TID: [-1234] [2025-05-11 02:03:43,105] [89ad3c9d-ad74-4f0b-8e86-23d61a4596d9]  INFO {AUDIT_LOG} - Initiator=w**************r Action=Get-User-Claim-Values Target=a***n Data={"Claims":{},"Profile":"default"} Outcome=Success
TID: [-1234] [2025-05-11 02:03:43,105] [89ad3c9d-ad74-4f0b-8e86-23d61a4596d9]  INFO {AUDIT_LOG} - Initiator=w**************r Action=Get-User-Claim-Values Target=a***n Data={"Claims":{},"Profile":"default"} Outcome=Success
TID: [-1234] [2025-05-11 02:03:43,105] [89ad3c9d-ad74-4f0b-8e86-23d61a4596d9]  INFO {AUDIT_LOG} - Initiator=w**************r Action=Get-User-Claim-Values Target=a***n Data={"Claims":{},"Profile":"default"} Outcome=Success
TID: [-1234] [2025-05-11 02:03:43,105] [89ad3c9d-ad74-4f0b-8e86-23d61a4596d9]  INFO {AUDIT_LOG} - Initiator=w**************r Action=Get-User-Claim-Values Target=a***n Data={"Claims":{},"Profile":"default"} Outcome=Success
TID: [-1234] [2025-05-11 02:03:43,108] [3a184ba2-4084-47cf-bdff-d63ac24a9869]  INFO {AUDIT_LOG} - Initiator=w**************r Action=Get-User-List Target=null Data={"Claim Value":"a***n","Users":["a***n"],"Claim":"http://wso2.org/claims/username"} Outcome=Success
TID: [-1234] [2025-05-11 02:03:43,108] [3a184ba2-4084-47cf-bdff-d63ac24a9869]  INFO {AUDIT_LOG} - Initiator=w**************r Action=Get-User-Claim-Values Target=a***n Data={"Claims":{},"Profile":"default"} Outcome=Success
TID: [-1234] [2025-05-11 02:03:43,108] [3a184ba2-4084-47cf-bdff-d63ac24a9869]  INFO {AUDIT_LOG} - Initiator=w**************r Action=Get-User-Claim-Values Target=a***n Data={"Claims":{},"Profile":"default"} Outcome=Success
TID: [-1234] [2025-05-11 02:03:43,108] [3a184ba2-4084-47cf-bdff-d63ac24a9869]  INFO {AUDIT_LOG} - Initiator=w**************r Action=Get-User-Claim-Values Target=a***n Data={"Claims":{},"Profile":"default"} Outcome=Success
TID: [-1234] [2025-05-11 02:03:43,108] [3a184ba2-4084-47cf-bdff-d63ac24a9869]  INFO {AUDIT_LOG} - Initiator=w**************r Action=Get-User-Claim-Values Target=a***n Data={"Claims":{},"Profile":"default"} Outcome=Success
TID: [-1234] [2025-05-11 02:03:43,110] [3451485d-6320-4c72-8fb9-6cd6467c189d]  INFO {AUDIT_LOG} - Initiator=w**************r Action=Get-User-List Target=null Data={"Claim Value":"a***n","Users":["a***n"],"Claim":"http://wso2.org/claims/username"} Outcome=Success
TID: [-1234] [2025-05-11 02:03:43,110] [3451485d-6320-4c72-8fb9-6cd6467c189d]  INFO {AUDIT_LOG} - Initiator=w**************r Action=Get-User-Claim-Values Target=a***n Data={"Claims":{},"Profile":"default"} Outcome=Success
TID: [-1234] [2025-05-11 02:03:43,111] [3451485d-6320-4c72-8fb9-6cd6467c189d]  INFO {AUDIT_LOG} - Initiator=w**************r Action=Get-User-Claim-Values Target=a***n Data={"Claims":{},"Profile":"default"} Outcome=Success
TID: [-1234] [2025-05-11 02:03:43,111] [3451485d-6320-4c72-8fb9-6cd6467c189d]  INFO {AUDIT_LOG} - Initiator=w**************r Action=Get-User-Claim-Values Target=a***n Data={"Claims":{},"Profile":"default"} Outcome=Success
TID: [-1234] [2025-05-11 02:03:43,111] [3451485d-6320-4c72-8fb9-6cd6467c189d]  INFO {AUDIT_LOG} - Initiator=w**************r Action=Get-User-Claim-Values Target=a***n Data={"Claims":{},"Profile":"default"} Outcome=Success
TID: [-1234] [2025-05-11 02:03:43,113] [3cd7dc64-ff72-480c-a2d5-cbf85f81bf63]  INFO {AUDIT_LOG} - Initiator=w**************r Action=Get-User-List Target=null Data={"Claim Value":"a***n","Users":["a***n"],"Claim":"http://wso2.org/claims/username"} Outcome=Success
TID: [-1234] [2025-05-11 02:03:43,113] [3cd7dc64-ff72-480c-a2d5-cbf85f81bf63]  INFO {AUDIT_LOG} - Initiator=w**************r Action=Get-User-Claim-Values Target=a***n Data={"Claims":{},"Profile":"default"} Outcome=Success
TID: [-1234] [2025-05-11 02:03:43,113] [3cd7dc64-ff72-480c-a2d5-cbf85f81bf63]  INFO {AUDIT_LOG} - Initiator=w**************r Action=Get-User-Claim-Values Target=a***n Data={"Claims":{},"Profile":"default"} Outcome=Success
TID: [-1234] [2025-05-11 02:03:43,113] [3cd7dc64-ff72-480c-a2d5-cbf85f81bf63]  INFO {AUDIT_LOG} - Initiator=w**************r Action=Get-User-Claim-Values Target=a***n Data={"Claims":{},"Profile":"default"} Outcome=Success
TID: [-1234] [2025-05-11 02:03:43,113] [3cd7dc64-ff72-480c-a2d5-cbf85f81bf63]  INFO {AUDIT_LOG} - Initiator=w**************r Action=Get-User-Claim-Values Target=a***n Data={"Claims":{},"Profile":"default"} Outcome=Success
TID: [] [2025-05-11 23:51:17,433] []  INFO {AUDIT_LOG} - Initiator=w**************r Action=Get-User-Claim-Value Target=a***n Data={"Claim Value":["2**********************************b"],"Claim":"urn:ietf:params:scim:schemas:core:2.0:id","Profile":"default"} Outcome=Success
