ThreadID: [150] TenantID: [] [2025-05-17 00:43:31,158]  INFO {APIM_GOV_AUDIT_LOG} - [Scheduler Thread Pool Status] :: Active Thread Count: 0 -- | -- Completed Task Count: 5 -- | -- Submitted Task Count: 5 -- | -- Queue Size: 0 -- | -- Core Pool Size: 20 -- | -- Maximum Pool Size: 20 -- | -- Current Pool Size: 5
ThreadID: [150] TenantID: [] [2025-05-17 00:43:31,187]  INFO {APIM_GOV_AUDIT_LOG} - [Delete Processing Requests] :: Deleted 0 long-lasting processing requests with IDs: []
ThreadID: [150] TenantID: [] [2025-05-17 00:43:31,187]  INFO {APIM_GOV_AUDIT_LOG} - [Fetch Requests] :: Scheduler fetched 0 requests with IDs: []
ThreadID: [150] TenantID: [] [2025-05-17 01:45:55,613]  INFO {APIM_GOV_AUDIT_LOG} - [Scheduler Thread Pool Status] :: Active Thread Count: 0 -- | -- Completed Task Count: 5 -- | -- Submitted Task Count: 5 -- | -- Queue Size: 0 -- | -- Core Pool Size: 20 -- | -- Maximum Pool Size: 20 -- | -- Current Pool Size: 5
ThreadID: [150] TenantID: [] [2025-05-17 01:45:55,649]  INFO {APIM_GOV_AUDIT_LOG} - [Delete Processing Requests] :: Deleted 0 long-lasting processing requests with IDs: []
ThreadID: [150] TenantID: [] [2025-05-17 01:45:55,649]  INFO {APIM_GOV_AUDIT_LOG} - [Fetch Requests] :: Scheduler fetched 0 requests with IDs: []
ThreadID: [150] TenantID: [] [2025-05-17 02:47:57,631]  INFO {APIM_GOV_AUDIT_LOG} - [Scheduler Thread Pool Status] :: Active Thread Count: 0 -- | -- Completed Task Count: 5 -- | -- Submitted Task Count: 5 -- | -- Queue Size: 0 -- | -- Core Pool Size: 20 -- | -- Maximum Pool Size: 20 -- | -- Current Pool Size: 5
ThreadID: [150] TenantID: [] [2025-05-17 02:47:57,656]  INFO {APIM_GOV_AUDIT_LOG} - [Delete Processing Requests] :: Deleted 0 long-lasting processing requests with IDs: []
ThreadID: [150] TenantID: [] [2025-05-17 02:47:57,656]  INFO {APIM_GOV_AUDIT_LOG} - [Fetch Requests] :: Scheduler fetched 0 requests with IDs: []
ThreadID: [150] TenantID: [] [2025-05-17 03:53:33,678]  INFO {APIM_GOV_AUDIT_LOG} - [Scheduler Thread Pool Status] :: Active Thread Count: 0 -- | -- Completed Task Count: 5 -- | -- Submitted Task Count: 5 -- | -- Queue Size: 0 -- | -- Core Pool Size: 20 -- | -- Maximum Pool Size: 20 -- | -- Current Pool Size: 5
ThreadID: [150] TenantID: [] [2025-05-17 03:53:33,719]  INFO {APIM_GOV_AUDIT_LOG} - [Delete Processing Requests] :: Deleted 0 long-lasting processing requests with IDs: []
ThreadID: [150] TenantID: [] [2025-05-17 03:53:33,719]  INFO {APIM_GOV_AUDIT_LOG} - [Fetch Requests] :: Scheduler fetched 0 requests with IDs: []
ThreadID: [150] TenantID: [] [2025-05-17 04:48:26,667]  INFO {APIM_GOV_AUDIT_LOG} - [Scheduler Thread Pool Status] :: Active Thread Count: 0 -- | -- Completed Task Count: 5 -- | -- Submitted Task Count: 5 -- | -- Queue Size: 0 -- | -- Core Pool Size: 20 -- | -- Maximum Pool Size: 20 -- | -- Current Pool Size: 5
ThreadID: [150] TenantID: [] [2025-05-17 04:48:26,701]  INFO {APIM_GOV_AUDIT_LOG} - [Delete Processing Requests] :: Deleted 0 long-lasting processing requests with IDs: []
ThreadID: [150] TenantID: [] [2025-05-17 04:48:26,701]  INFO {APIM_GOV_AUDIT_LOG} - [Fetch Requests] :: Scheduler fetched 0 requests with IDs: []
ThreadID: [150] TenantID: [] [2025-05-17 06:07:06,748]  INFO {APIM_GOV_AUDIT_LOG} - [Scheduler Thread Pool Status] :: Active Thread Count: 0 -- | -- Completed Task Count: 5 -- | -- Submitted Task Count: 5 -- | -- Queue Size: 0 -- | -- Core Pool Size: 20 -- | -- Maximum Pool Size: 20 -- | -- Current Pool Size: 5
ThreadID: [150] TenantID: [] [2025-05-17 06:07:06,780]  INFO {APIM_GOV_AUDIT_LOG} - [Delete Processing Requests] :: Deleted 0 long-lasting processing requests with IDs: []
ThreadID: [150] TenantID: [] [2025-05-17 06:07:06,780]  INFO {APIM_GOV_AUDIT_LOG} - [Fetch Requests] :: Scheduler fetched 0 requests with IDs: []
ThreadID: [150] TenantID: [] [2025-05-17 07:04:48,506]  INFO {APIM_GOV_AUDIT_LOG} - [Scheduler Thread Pool Status] :: Active Thread Count: 0 -- | -- Completed Task Count: 5 -- | -- Submitted Task Count: 5 -- | -- Queue Size: 0 -- | -- Core Pool Size: 20 -- | -- Maximum Pool Size: 20 -- | -- Current Pool Size: 5
ThreadID: [150] TenantID: [] [2025-05-17 07:04:48,546]  INFO {APIM_GOV_AUDIT_LOG} - [Delete Processing Requests] :: Deleted 0 long-lasting processing requests with IDs: []
ThreadID: [150] TenantID: [] [2025-05-17 07:04:48,546]  INFO {APIM_GOV_AUDIT_LOG} - [Fetch Requests] :: Scheduler fetched 0 requests with IDs: []
ThreadID: [150] TenantID: [] [2025-05-17 08:05:09,531]  INFO {APIM_GOV_AUDIT_LOG} - [Scheduler Thread Pool Status] :: Active Thread Count: 0 -- | -- Completed Task Count: 5 -- | -- Submitted Task Count: 5 -- | -- Queue Size: 0 -- | -- Core Pool Size: 20 -- | -- Maximum Pool Size: 20 -- | -- Current Pool Size: 5
ThreadID: [150] TenantID: [] [2025-05-17 08:05:09,573]  INFO {APIM_GOV_AUDIT_LOG} - [Delete Processing Requests] :: Deleted 0 long-lasting processing requests with IDs: []
ThreadID: [150] TenantID: [] [2025-05-17 08:05:09,573]  INFO {APIM_GOV_AUDIT_LOG} - [Fetch Requests] :: Scheduler fetched 0 requests with IDs: []
ThreadID: [150] TenantID: [] [2025-05-17 08:07:09,533]  INFO {APIM_GOV_AUDIT_LOG} - [Scheduler Thread Pool Status] :: Active Thread Count: 0 -- | -- Completed Task Count: 5 -- | -- Submitted Task Count: 5 -- | -- Queue Size: 0 -- | -- Core Pool Size: 20 -- | -- Maximum Pool Size: 20 -- | -- Current Pool Size: 5
ThreadID: [150] TenantID: [] [2025-05-17 08:07:09,580]  INFO {APIM_GOV_AUDIT_LOG} - [Delete Processing Requests] :: Deleted 0 long-lasting processing requests with IDs: []
ThreadID: [150] TenantID: [] [2025-05-17 08:07:09,581]  INFO {APIM_GOV_AUDIT_LOG} - [Fetch Requests] :: Scheduler fetched 0 requests with IDs: []
ThreadID: [150] TenantID: [] [2025-05-17 08:09:09,533]  INFO {APIM_GOV_AUDIT_LOG} - [Scheduler Thread Pool Status] :: Active Thread Count: 0 -- | -- Completed Task Count: 5 -- | -- Submitted Task Count: 5 -- | -- Queue Size: 0 -- | -- Core Pool Size: 20 -- | -- Maximum Pool Size: 20 -- | -- Current Pool Size: 5
ThreadID: [150] TenantID: [] [2025-05-17 08:09:09,579]  INFO {APIM_GOV_AUDIT_LOG} - [Delete Processing Requests] :: Deleted 0 long-lasting processing requests with IDs: []
ThreadID: [150] TenantID: [] [2025-05-17 08:09:09,579]  INFO {APIM_GOV_AUDIT_LOG} - [Fetch Requests] :: Scheduler fetched 0 requests with IDs: []
ThreadID: [150] TenantID: [] [2025-05-17 08:11:09,537]  INFO {APIM_GOV_AUDIT_LOG} - [Scheduler Thread Pool Status] :: Active Thread Count: 0 -- | -- Completed Task Count: 5 -- | -- Submitted Task Count: 5 -- | -- Queue Size: 0 -- | -- Core Pool Size: 20 -- | -- Maximum Pool Size: 20 -- | -- Current Pool Size: 5
ThreadID: [150] TenantID: [] [2025-05-17 08:11:09,581]  INFO {APIM_GOV_AUDIT_LOG} - [Delete Processing Requests] :: Deleted 0 long-lasting processing requests with IDs: []
ThreadID: [150] TenantID: [] [2025-05-17 08:11:09,581]  INFO {APIM_GOV_AUDIT_LOG} - [Fetch Requests] :: Scheduler fetched 0 requests with IDs: []
ThreadID: [150] TenantID: [] [2025-05-17 08:13:09,537]  INFO {APIM_GOV_AUDIT_LOG} - [Scheduler Thread Pool Status] :: Active Thread Count: 0 -- | -- Completed Task Count: 5 -- | -- Submitted Task Count: 5 -- | -- Queue Size: 0 -- | -- Core Pool Size: 20 -- | -- Maximum Pool Size: 20 -- | -- Current Pool Size: 5
ThreadID: [150] TenantID: [] [2025-05-17 08:13:09,583]  INFO {APIM_GOV_AUDIT_LOG} - [Delete Processing Requests] :: Deleted 0 long-lasting processing requests with IDs: []
ThreadID: [150] TenantID: [] [2025-05-17 08:13:09,583]  INFO {APIM_GOV_AUDIT_LOG} - [Fetch Requests] :: Scheduler fetched 0 requests with IDs: []
ThreadID: [150] TenantID: [] [2025-05-17 08:15:09,539]  INFO {APIM_GOV_AUDIT_LOG} - [Scheduler Thread Pool Status] :: Active Thread Count: 0 -- | -- Completed Task Count: 5 -- | -- Submitted Task Count: 5 -- | -- Queue Size: 0 -- | -- Core Pool Size: 20 -- | -- Maximum Pool Size: 20 -- | -- Current Pool Size: 5
ThreadID: [150] TenantID: [] [2025-05-17 08:15:09,583]  INFO {APIM_GOV_AUDIT_LOG} - [Delete Processing Requests] :: Deleted 0 long-lasting processing requests with IDs: []
ThreadID: [150] TenantID: [] [2025-05-17 08:15:09,583]  INFO {APIM_GOV_AUDIT_LOG} - [Fetch Requests] :: Scheduler fetched 0 requests with IDs: []
ThreadID: [150] TenantID: [] [2025-05-17 08:27:32,416]  INFO {APIM_GOV_AUDIT_LOG} - [Scheduler Thread Pool Status] :: Active Thread Count: 0 -- | -- Completed Task Count: 5 -- | -- Submitted Task Count: 5 -- | -- Queue Size: 0 -- | -- Core Pool Size: 20 -- | -- Maximum Pool Size: 20 -- | -- Current Pool Size: 5
ThreadID: [150] TenantID: [] [2025-05-17 08:27:32,448]  INFO {APIM_GOV_AUDIT_LOG} - [Delete Processing Requests] :: Deleted 0 long-lasting processing requests with IDs: []
ThreadID: [150] TenantID: [] [2025-05-17 08:27:32,448]  INFO {APIM_GOV_AUDIT_LOG} - [Fetch Requests] :: Scheduler fetched 0 requests with IDs: []
ThreadID: [150] TenantID: [] [2025-05-17 08:29:32,417]  INFO {APIM_GOV_AUDIT_LOG} - [Scheduler Thread Pool Status] :: Active Thread Count: 0 -- | -- Completed Task Count: 5 -- | -- Submitted Task Count: 5 -- | -- Queue Size: 0 -- | -- Core Pool Size: 20 -- | -- Maximum Pool Size: 20 -- | -- Current Pool Size: 5
ThreadID: [150] TenantID: [] [2025-05-17 08:29:32,463]  INFO {APIM_GOV_AUDIT_LOG} - [Delete Processing Requests] :: Deleted 0 long-lasting processing requests with IDs: []
ThreadID: [150] TenantID: [] [2025-05-17 08:29:32,463]  INFO {APIM_GOV_AUDIT_LOG} - [Fetch Requests] :: Scheduler fetched 0 requests with IDs: []
ThreadID: [150] TenantID: [] [2025-05-17 08:31:32,413]  INFO {APIM_GOV_AUDIT_LOG} - [Scheduler Thread Pool Status] :: Active Thread Count: 0 -- | -- Completed Task Count: 5 -- | -- Submitted Task Count: 5 -- | -- Queue Size: 0 -- | -- Core Pool Size: 20 -- | -- Maximum Pool Size: 20 -- | -- Current Pool Size: 5
ThreadID: [150] TenantID: [] [2025-05-17 08:31:32,454]  INFO {APIM_GOV_AUDIT_LOG} - [Delete Processing Requests] :: Deleted 0 long-lasting processing requests with IDs: []
ThreadID: [150] TenantID: [] [2025-05-17 08:31:32,454]  INFO {APIM_GOV_AUDIT_LOG} - [Fetch Requests] :: Scheduler fetched 0 requests with IDs: []
ThreadID: [150] TenantID: [] [2025-05-17 08:33:32,419]  INFO {APIM_GOV_AUDIT_LOG} - [Scheduler Thread Pool Status] :: Active Thread Count: 0 -- | -- Completed Task Count: 5 -- | -- Submitted Task Count: 5 -- | -- Queue Size: 0 -- | -- Core Pool Size: 20 -- | -- Maximum Pool Size: 20 -- | -- Current Pool Size: 5
ThreadID: [150] TenantID: [] [2025-05-17 08:33:32,464]  INFO {APIM_GOV_AUDIT_LOG} - [Delete Processing Requests] :: Deleted 0 long-lasting processing requests with IDs: []
ThreadID: [150] TenantID: [] [2025-05-17 08:33:32,464]  INFO {APIM_GOV_AUDIT_LOG} - [Fetch Requests] :: Scheduler fetched 0 requests with IDs: []
ThreadID: [150] TenantID: [] [2025-05-17 08:35:32,416]  INFO {APIM_GOV_AUDIT_LOG} - [Scheduler Thread Pool Status] :: Active Thread Count: 0 -- | -- Completed Task Count: 5 -- | -- Submitted Task Count: 5 -- | -- Queue Size: 0 -- | -- Core Pool Size: 20 -- | -- Maximum Pool Size: 20 -- | -- Current Pool Size: 5
ThreadID: [150] TenantID: [] [2025-05-17 08:35:32,464]  INFO {APIM_GOV_AUDIT_LOG} - [Delete Processing Requests] :: Deleted 0 long-lasting processing requests with IDs: []
ThreadID: [150] TenantID: [] [2025-05-17 08:35:32,464]  INFO {APIM_GOV_AUDIT_LOG} - [Fetch Requests] :: Scheduler fetched 0 requests with IDs: []
ThreadID: [150] TenantID: [] [2025-05-17 08:37:32,418]  INFO {APIM_GOV_AUDIT_LOG} - [Scheduler Thread Pool Status] :: Active Thread Count: 0 -- | -- Completed Task Count: 5 -- | -- Submitted Task Count: 5 -- | -- Queue Size: 0 -- | -- Core Pool Size: 20 -- | -- Maximum Pool Size: 20 -- | -- Current Pool Size: 5
ThreadID: [150] TenantID: [] [2025-05-17 08:37:32,446]  INFO {APIM_GOV_AUDIT_LOG} - [Delete Processing Requests] :: Deleted 0 long-lasting processing requests with IDs: []
ThreadID: [150] TenantID: [] [2025-05-17 08:37:32,446]  INFO {APIM_GOV_AUDIT_LOG} - [Fetch Requests] :: Scheduler fetched 0 requests with IDs: []
ThreadID: [150] TenantID: [] [2025-05-17 08:39:32,422]  INFO {APIM_GOV_AUDIT_LOG} - [Scheduler Thread Pool Status] :: Active Thread Count: 0 -- | -- Completed Task Count: 5 -- | -- Submitted Task Count: 5 -- | -- Queue Size: 0 -- | -- Core Pool Size: 20 -- | -- Maximum Pool Size: 20 -- | -- Current Pool Size: 5
ThreadID: [150] TenantID: [] [2025-05-17 08:39:32,473]  INFO {APIM_GOV_AUDIT_LOG} - [Delete Processing Requests] :: Deleted 0 long-lasting processing requests with IDs: []
ThreadID: [150] TenantID: [] [2025-05-17 08:39:32,473]  INFO {APIM_GOV_AUDIT_LOG} - [Fetch Requests] :: Scheduler fetched 0 requests with IDs: []
ThreadID: [150] TenantID: [] [2025-05-17 08:41:32,423]  INFO {APIM_GOV_AUDIT_LOG} - [Scheduler Thread Pool Status] :: Active Thread Count: 0 -- | -- Completed Task Count: 5 -- | -- Submitted Task Count: 5 -- | -- Queue Size: 0 -- | -- Core Pool Size: 20 -- | -- Maximum Pool Size: 20 -- | -- Current Pool Size: 5
ThreadID: [150] TenantID: [] [2025-05-17 08:41:32,458]  INFO {APIM_GOV_AUDIT_LOG} - [Delete Processing Requests] :: Deleted 0 long-lasting processing requests with IDs: []
ThreadID: [150] TenantID: [] [2025-05-17 08:41:32,458]  INFO {APIM_GOV_AUDIT_LOG} - [Fetch Requests] :: Scheduler fetched 0 requests with IDs: []
ThreadID: [150] TenantID: [] [2025-05-17 08:43:32,424]  INFO {APIM_GOV_AUDIT_LOG} - [Scheduler Thread Pool Status] :: Active Thread Count: 0 -- | -- Completed Task Count: 5 -- | -- Submitted Task Count: 5 -- | -- Queue Size: 0 -- | -- Core Pool Size: 20 -- | -- Maximum Pool Size: 20 -- | -- Current Pool Size: 5
ThreadID: [150] TenantID: [] [2025-05-17 08:43:32,474]  INFO {APIM_GOV_AUDIT_LOG} - [Delete Processing Requests] :: Deleted 0 long-lasting processing requests with IDs: []
ThreadID: [150] TenantID: [] [2025-05-17 08:43:32,474]  INFO {APIM_GOV_AUDIT_LOG} - [Fetch Requests] :: Scheduler fetched 0 requests with IDs: []
ThreadID: [150] TenantID: [] [2025-05-17 08:45:32,422]  INFO {APIM_GOV_AUDIT_LOG} - [Scheduler Thread Pool Status] :: Active Thread Count: 0 -- | -- Completed Task Count: 5 -- | -- Submitted Task Count: 5 -- | -- Queue Size: 0 -- | -- Core Pool Size: 20 -- | -- Maximum Pool Size: 20 -- | -- Current Pool Size: 5
ThreadID: [150] TenantID: [] [2025-05-17 08:45:32,448]  INFO {APIM_GOV_AUDIT_LOG} - [Delete Processing Requests] :: Deleted 0 long-lasting processing requests with IDs: []
ThreadID: [150] TenantID: [] [2025-05-17 08:45:32,448]  INFO {APIM_GOV_AUDIT_LOG} - [Fetch Requests] :: Scheduler fetched 0 requests with IDs: []
ThreadID: [150] TenantID: [] [2025-05-17 08:47:32,422]  INFO {APIM_GOV_AUDIT_LOG} - [Scheduler Thread Pool Status] :: Active Thread Count: 0 -- | -- Completed Task Count: 5 -- | -- Submitted Task Count: 5 -- | -- Queue Size: 0 -- | -- Core Pool Size: 20 -- | -- Maximum Pool Size: 20 -- | -- Current Pool Size: 5
ThreadID: [150] TenantID: [] [2025-05-17 08:47:32,463]  INFO {APIM_GOV_AUDIT_LOG} - [Delete Processing Requests] :: Deleted 0 long-lasting processing requests with IDs: []
ThreadID: [150] TenantID: [] [2025-05-17 08:47:32,463]  INFO {APIM_GOV_AUDIT_LOG} - [Fetch Requests] :: Scheduler fetched 0 requests with IDs: []
ThreadID: [150] TenantID: [] [2025-05-17 08:49:32,428]  INFO {APIM_GOV_AUDIT_LOG} - [Scheduler Thread Pool Status] :: Active Thread Count: 0 -- | -- Completed Task Count: 5 -- | -- Submitted Task Count: 5 -- | -- Queue Size: 0 -- | -- Core Pool Size: 20 -- | -- Maximum Pool Size: 20 -- | -- Current Pool Size: 5
ThreadID: [150] TenantID: [] [2025-05-17 08:49:32,458]  INFO {APIM_GOV_AUDIT_LOG} - [Delete Processing Requests] :: Deleted 0 long-lasting processing requests with IDs: []
ThreadID: [150] TenantID: [] [2025-05-17 08:49:32,458]  INFO {APIM_GOV_AUDIT_LOG} - [Fetch Requests] :: Scheduler fetched 0 requests with IDs: []
ThreadID: [150] TenantID: [] [2025-05-17 08:51:32,430]  INFO {APIM_GOV_AUDIT_LOG} - [Scheduler Thread Pool Status] :: Active Thread Count: 0 -- | -- Completed Task Count: 5 -- | -- Submitted Task Count: 5 -- | -- Queue Size: 0 -- | -- Core Pool Size: 20 -- | -- Maximum Pool Size: 20 -- | -- Current Pool Size: 5
ThreadID: [150] TenantID: [] [2025-05-17 08:51:32,463]  INFO {APIM_GOV_AUDIT_LOG} - [Delete Processing Requests] :: Deleted 0 long-lasting processing requests with IDs: []
ThreadID: [150] TenantID: [] [2025-05-17 08:51:32,463]  INFO {APIM_GOV_AUDIT_LOG} - [Fetch Requests] :: Scheduler fetched 0 requests with IDs: []
ThreadID: [150] TenantID: [] [2025-05-17 08:53:32,427]  INFO {APIM_GOV_AUDIT_LOG} - [Scheduler Thread Pool Status] :: Active Thread Count: 0 -- | -- Completed Task Count: 5 -- | -- Submitted Task Count: 5 -- | -- Queue Size: 0 -- | -- Core Pool Size: 20 -- | -- Maximum Pool Size: 20 -- | -- Current Pool Size: 5
ThreadID: [150] TenantID: [] [2025-05-17 08:53:32,458]  INFO {APIM_GOV_AUDIT_LOG} - [Delete Processing Requests] :: Deleted 0 long-lasting processing requests with IDs: []
ThreadID: [150] TenantID: [] [2025-05-17 08:53:32,458]  INFO {APIM_GOV_AUDIT_LOG} - [Fetch Requests] :: Scheduler fetched 0 requests with IDs: []
ThreadID: [150] TenantID: [] [2025-05-17 08:55:32,428]  INFO {APIM_GOV_AUDIT_LOG} - [Scheduler Thread Pool Status] :: Active Thread Count: 0 -- | -- Completed Task Count: 5 -- | -- Submitted Task Count: 5 -- | -- Queue Size: 0 -- | -- Core Pool Size: 20 -- | -- Maximum Pool Size: 20 -- | -- Current Pool Size: 5
ThreadID: [150] TenantID: [] [2025-05-17 08:55:32,464]  INFO {APIM_GOV_AUDIT_LOG} - [Delete Processing Requests] :: Deleted 0 long-lasting processing requests with IDs: []
ThreadID: [150] TenantID: [] [2025-05-17 08:55:32,464]  INFO {APIM_GOV_AUDIT_LOG} - [Fetch Requests] :: Scheduler fetched 0 requests with IDs: []
ThreadID: [150] TenantID: [] [2025-05-17 08:57:32,427]  INFO {APIM_GOV_AUDIT_LOG} - [Scheduler Thread Pool Status] :: Active Thread Count: 0 -- | -- Completed Task Count: 5 -- | -- Submitted Task Count: 5 -- | -- Queue Size: 0 -- | -- Core Pool Size: 20 -- | -- Maximum Pool Size: 20 -- | -- Current Pool Size: 5
ThreadID: [150] TenantID: [] [2025-05-17 08:57:32,457]  INFO {APIM_GOV_AUDIT_LOG} - [Delete Processing Requests] :: Deleted 0 long-lasting processing requests with IDs: []
ThreadID: [150] TenantID: [] [2025-05-17 08:57:32,457]  INFO {APIM_GOV_AUDIT_LOG} - [Fetch Requests] :: Scheduler fetched 0 requests with IDs: []
ThreadID: [150] TenantID: [] [2025-05-17 08:59:32,429]  INFO {APIM_GOV_AUDIT_LOG} - [Scheduler Thread Pool Status] :: Active Thread Count: 0 -- | -- Completed Task Count: 5 -- | -- Submitted Task Count: 5 -- | -- Queue Size: 0 -- | -- Core Pool Size: 20 -- | -- Maximum Pool Size: 20 -- | -- Current Pool Size: 5
ThreadID: [150] TenantID: [] [2025-05-17 08:59:32,466]  INFO {APIM_GOV_AUDIT_LOG} - [Delete Processing Requests] :: Deleted 0 long-lasting processing requests with IDs: []
ThreadID: [150] TenantID: [] [2025-05-17 08:59:32,466]  INFO {APIM_GOV_AUDIT_LOG} - [Fetch Requests] :: Scheduler fetched 0 requests with IDs: []
ThreadID: [150] TenantID: [] [2025-05-17 09:01:32,431]  INFO {APIM_GOV_AUDIT_LOG} - [Scheduler Thread Pool Status] :: Active Thread Count: 0 -- | -- Completed Task Count: 5 -- | -- Submitted Task Count: 5 -- | -- Queue Size: 0 -- | -- Core Pool Size: 20 -- | -- Maximum Pool Size: 20 -- | -- Current Pool Size: 5
ThreadID: [150] TenantID: [] [2025-05-17 09:01:32,465]  INFO {APIM_GOV_AUDIT_LOG} - [Delete Processing Requests] :: Deleted 0 long-lasting processing requests with IDs: []
ThreadID: [150] TenantID: [] [2025-05-17 09:01:32,465]  INFO {APIM_GOV_AUDIT_LOG} - [Fetch Requests] :: Scheduler fetched 0 requests with IDs: []
ThreadID: [150] TenantID: [] [2025-05-17 09:03:32,429]  INFO {APIM_GOV_AUDIT_LOG} - [Scheduler Thread Pool Status] :: Active Thread Count: 0 -- | -- Completed Task Count: 5 -- | -- Submitted Task Count: 5 -- | -- Queue Size: 0 -- | -- Core Pool Size: 20 -- | -- Maximum Pool Size: 20 -- | -- Current Pool Size: 5
ThreadID: [150] TenantID: [] [2025-05-17 09:03:32,475]  INFO {APIM_GOV_AUDIT_LOG} - [Delete Processing Requests] :: Deleted 0 long-lasting processing requests with IDs: []
ThreadID: [150] TenantID: [] [2025-05-17 09:03:32,475]  INFO {APIM_GOV_AUDIT_LOG} - [Fetch Requests] :: Scheduler fetched 0 requests with IDs: []
ThreadID: [150] TenantID: [] [2025-05-17 09:05:32,384]  INFO {APIM_GOV_AUDIT_LOG} - [Scheduler Thread Pool Status] :: Active Thread Count: 0 -- | -- Completed Task Count: 5 -- | -- Submitted Task Count: 5 -- | -- Queue Size: 0 -- | -- Core Pool Size: 20 -- | -- Maximum Pool Size: 20 -- | -- Current Pool Size: 5
ThreadID: [150] TenantID: [] [2025-05-17 09:05:32,417]  INFO {APIM_GOV_AUDIT_LOG} - [Delete Processing Requests] :: Deleted 0 long-lasting processing requests with IDs: []
ThreadID: [150] TenantID: [] [2025-05-17 09:05:32,417]  INFO {APIM_GOV_AUDIT_LOG} - [Fetch Requests] :: Scheduler fetched 0 requests with IDs: []
ThreadID: [150] TenantID: [] [2025-05-17 09:07:32,381]  INFO {APIM_GOV_AUDIT_LOG} - [Scheduler Thread Pool Status] :: Active Thread Count: 0 -- | -- Completed Task Count: 5 -- | -- Submitted Task Count: 5 -- | -- Queue Size: 0 -- | -- Core Pool Size: 20 -- | -- Maximum Pool Size: 20 -- | -- Current Pool Size: 5
ThreadID: [150] TenantID: [] [2025-05-17 09:07:32,382]  INFO {APIM_GOV_AUDIT_LOG} - [Delete Processing Requests] :: Deleted 0 long-lasting processing requests with IDs: []
ThreadID: [150] TenantID: [] [2025-05-17 09:07:32,383]  INFO {APIM_GOV_AUDIT_LOG} - [Fetch Requests] :: Scheduler fetched 0 requests with IDs: []
ThreadID: [150] TenantID: [] [2025-05-17 09:09:32,383]  INFO {APIM_GOV_AUDIT_LOG} - [Scheduler Thread Pool Status] :: Active Thread Count: 0 -- | -- Completed Task Count: 5 -- | -- Submitted Task Count: 5 -- | -- Queue Size: 0 -- | -- Core Pool Size: 20 -- | -- Maximum Pool Size: 20 -- | -- Current Pool Size: 5
ThreadID: [150] TenantID: [] [2025-05-17 09:09:32,418]  INFO {APIM_GOV_AUDIT_LOG} - [Delete Processing Requests] :: Deleted 0 long-lasting processing requests with IDs: []
ThreadID: [150] TenantID: [] [2025-05-17 09:09:32,419]  INFO {APIM_GOV_AUDIT_LOG} - [Fetch Requests] :: Scheduler fetched 0 requests with IDs: []
ThreadID: [150] TenantID: [] [2025-05-17 09:11:32,382]  INFO {APIM_GOV_AUDIT_LOG} - [Scheduler Thread Pool Status] :: Active Thread Count: 0 -- | -- Completed Task Count: 5 -- | -- Submitted Task Count: 5 -- | -- Queue Size: 0 -- | -- Core Pool Size: 20 -- | -- Maximum Pool Size: 20 -- | -- Current Pool Size: 5
ThreadID: [150] TenantID: [] [2025-05-17 09:11:32,419]  INFO {APIM_GOV_AUDIT_LOG} - [Delete Processing Requests] :: Deleted 0 long-lasting processing requests with IDs: []
ThreadID: [150] TenantID: [] [2025-05-17 09:11:32,420]  INFO {APIM_GOV_AUDIT_LOG} - [Fetch Requests] :: Scheduler fetched 0 requests with IDs: []
ThreadID: [150] TenantID: [] [2025-05-17 09:13:32,380]  INFO {APIM_GOV_AUDIT_LOG} - [Scheduler Thread Pool Status] :: Active Thread Count: 0 -- | -- Completed Task Count: 5 -- | -- Submitted Task Count: 5 -- | -- Queue Size: 0 -- | -- Core Pool Size: 20 -- | -- Maximum Pool Size: 20 -- | -- Current Pool Size: 5
ThreadID: [150] TenantID: [] [2025-05-17 09:13:32,380]  INFO {APIM_GOV_AUDIT_LOG} - [Delete Processing Requests] :: Deleted 0 long-lasting processing requests with IDs: []
ThreadID: [150] TenantID: [] [2025-05-17 09:13:32,380]  INFO {APIM_GOV_AUDIT_LOG} - [Fetch Requests] :: Scheduler fetched 0 requests with IDs: []
ThreadID: [150] TenantID: [] [2025-05-17 09:15:32,382]  INFO {APIM_GOV_AUDIT_LOG} - [Scheduler Thread Pool Status] :: Active Thread Count: 0 -- | -- Completed Task Count: 5 -- | -- Submitted Task Count: 5 -- | -- Queue Size: 0 -- | -- Core Pool Size: 20 -- | -- Maximum Pool Size: 20 -- | -- Current Pool Size: 5
ThreadID: [150] TenantID: [] [2025-05-17 09:15:32,383]  INFO {APIM_GOV_AUDIT_LOG} - [Delete Processing Requests] :: Deleted 0 long-lasting processing requests with IDs: []
ThreadID: [150] TenantID: [] [2025-05-17 09:15:32,383]  INFO {APIM_GOV_AUDIT_LOG} - [Fetch Requests] :: Scheduler fetched 0 requests with IDs: []
ThreadID: [150] TenantID: [] [2025-05-17 09:17:32,379]  INFO {APIM_GOV_AUDIT_LOG} - [Scheduler Thread Pool Status] :: Active Thread Count: 0 -- | -- Completed Task Count: 5 -- | -- Submitted Task Count: 5 -- | -- Queue Size: 0 -- | -- Core Pool Size: 20 -- | -- Maximum Pool Size: 20 -- | -- Current Pool Size: 5
ThreadID: [150] TenantID: [] [2025-05-17 09:17:32,380]  INFO {APIM_GOV_AUDIT_LOG} - [Delete Processing Requests] :: Deleted 0 long-lasting processing requests with IDs: []
ThreadID: [150] TenantID: [] [2025-05-17 09:17:32,380]  INFO {APIM_GOV_AUDIT_LOG} - [Fetch Requests] :: Scheduler fetched 0 requests with IDs: []
ThreadID: [150] TenantID: [] [2025-05-17 09:19:32,380]  INFO {APIM_GOV_AUDIT_LOG} - [Scheduler Thread Pool Status] :: Active Thread Count: 0 -- | -- Completed Task Count: 5 -- | -- Submitted Task Count: 5 -- | -- Queue Size: 0 -- | -- Core Pool Size: 20 -- | -- Maximum Pool Size: 20 -- | -- Current Pool Size: 5
ThreadID: [150] TenantID: [] [2025-05-17 09:19:32,423]  INFO {APIM_GOV_AUDIT_LOG} - [Delete Processing Requests] :: Deleted 0 long-lasting processing requests with IDs: []
ThreadID: [150] TenantID: [] [2025-05-17 09:19:32,423]  INFO {APIM_GOV_AUDIT_LOG} - [Fetch Requests] :: Scheduler fetched 0 requests with IDs: []
ThreadID: [150] TenantID: [] [2025-05-17 09:21:32,379]  INFO {APIM_GOV_AUDIT_LOG} - [Scheduler Thread Pool Status] :: Active Thread Count: 0 -- | -- Completed Task Count: 5 -- | -- Submitted Task Count: 5 -- | -- Queue Size: 0 -- | -- Core Pool Size: 20 -- | -- Maximum Pool Size: 20 -- | -- Current Pool Size: 5
ThreadID: [150] TenantID: [] [2025-05-17 09:21:32,381]  INFO {APIM_GOV_AUDIT_LOG} - [Delete Processing Requests] :: Deleted 0 long-lasting processing requests with IDs: []
ThreadID: [150] TenantID: [] [2025-05-17 09:21:32,381]  INFO {APIM_GOV_AUDIT_LOG} - [Fetch Requests] :: Scheduler fetched 0 requests with IDs: []
ThreadID: [150] TenantID: [] [2025-05-17 09:23:32,379]  INFO {APIM_GOV_AUDIT_LOG} - [Scheduler Thread Pool Status] :: Active Thread Count: 0 -- | -- Completed Task Count: 5 -- | -- Submitted Task Count: 5 -- | -- Queue Size: 0 -- | -- Core Pool Size: 20 -- | -- Maximum Pool Size: 20 -- | -- Current Pool Size: 5
ThreadID: [150] TenantID: [] [2025-05-17 09:23:32,428]  INFO {APIM_GOV_AUDIT_LOG} - [Delete Processing Requests] :: Deleted 0 long-lasting processing requests with IDs: []
ThreadID: [150] TenantID: [] [2025-05-17 09:23:32,429]  INFO {APIM_GOV_AUDIT_LOG} - [Fetch Requests] :: Scheduler fetched 0 requests with IDs: []
ThreadID: [150] TenantID: [] [2025-05-17 09:25:32,378]  INFO {APIM_GOV_AUDIT_LOG} - [Scheduler Thread Pool Status] :: Active Thread Count: 0 -- | -- Completed Task Count: 5 -- | -- Submitted Task Count: 5 -- | -- Queue Size: 0 -- | -- Core Pool Size: 20 -- | -- Maximum Pool Size: 20 -- | -- Current Pool Size: 5
ThreadID: [150] TenantID: [] [2025-05-17 09:25:32,378]  INFO {APIM_GOV_AUDIT_LOG} - [Delete Processing Requests] :: Deleted 0 long-lasting processing requests with IDs: []
ThreadID: [150] TenantID: [] [2025-05-17 09:25:32,379]  INFO {APIM_GOV_AUDIT_LOG} - [Fetch Requests] :: Scheduler fetched 0 requests with IDs: []
ThreadID: [150] TenantID: [] [2025-05-17 09:27:32,355]  INFO {APIM_GOV_AUDIT_LOG} - [Scheduler Thread Pool Status] :: Active Thread Count: 0 -- | -- Completed Task Count: 5 -- | -- Submitted Task Count: 5 -- | -- Queue Size: 0 -- | -- Core Pool Size: 20 -- | -- Maximum Pool Size: 20 -- | -- Current Pool Size: 5
ThreadID: [150] TenantID: [] [2025-05-17 09:27:32,356]  INFO {APIM_GOV_AUDIT_LOG} - [Delete Processing Requests] :: Deleted 0 long-lasting processing requests with IDs: []
ThreadID: [150] TenantID: [] [2025-05-17 09:27:32,356]  INFO {APIM_GOV_AUDIT_LOG} - [Fetch Requests] :: Scheduler fetched 0 requests with IDs: []
ThreadID: [150] TenantID: [] [2025-05-17 09:29:32,357]  INFO {APIM_GOV_AUDIT_LOG} - [Scheduler Thread Pool Status] :: Active Thread Count: 0 -- | -- Completed Task Count: 5 -- | -- Submitted Task Count: 5 -- | -- Queue Size: 0 -- | -- Core Pool Size: 20 -- | -- Maximum Pool Size: 20 -- | -- Current Pool Size: 5
ThreadID: [150] TenantID: [] [2025-05-17 09:29:32,387]  INFO {APIM_GOV_AUDIT_LOG} - [Delete Processing Requests] :: Deleted 0 long-lasting processing requests with IDs: []
ThreadID: [150] TenantID: [] [2025-05-17 09:29:32,387]  INFO {APIM_GOV_AUDIT_LOG} - [Fetch Requests] :: Scheduler fetched 0 requests with IDs: []
ThreadID: [150] TenantID: [] [2025-05-17 09:31:32,356]  INFO {APIM_GOV_AUDIT_LOG} - [Scheduler Thread Pool Status] :: Active Thread Count: 0 -- | -- Completed Task Count: 5 -- | -- Submitted Task Count: 5 -- | -- Queue Size: 0 -- | -- Core Pool Size: 20 -- | -- Maximum Pool Size: 20 -- | -- Current Pool Size: 5
ThreadID: [150] TenantID: [] [2025-05-17 09:31:32,387]  INFO {APIM_GOV_AUDIT_LOG} - [Delete Processing Requests] :: Deleted 0 long-lasting processing requests with IDs: []
ThreadID: [150] TenantID: [] [2025-05-17 09:31:32,387]  INFO {APIM_GOV_AUDIT_LOG} - [Fetch Requests] :: Scheduler fetched 0 requests with IDs: []
ThreadID: [150] TenantID: [] [2025-05-17 09:33:32,356]  INFO {APIM_GOV_AUDIT_LOG} - [Scheduler Thread Pool Status] :: Active Thread Count: 0 -- | -- Completed Task Count: 5 -- | -- Submitted Task Count: 5 -- | -- Queue Size: 0 -- | -- Core Pool Size: 20 -- | -- Maximum Pool Size: 20 -- | -- Current Pool Size: 5
ThreadID: [150] TenantID: [] [2025-05-17 09:33:32,387]  INFO {APIM_GOV_AUDIT_LOG} - [Delete Processing Requests] :: Deleted 0 long-lasting processing requests with IDs: []
ThreadID: [150] TenantID: [] [2025-05-17 09:33:32,387]  INFO {APIM_GOV_AUDIT_LOG} - [Fetch Requests] :: Scheduler fetched 0 requests with IDs: []
ThreadID: [150] TenantID: [] [2025-05-17 09:35:32,355]  INFO {APIM_GOV_AUDIT_LOG} - [Scheduler Thread Pool Status] :: Active Thread Count: 0 -- | -- Completed Task Count: 5 -- | -- Submitted Task Count: 5 -- | -- Queue Size: 0 -- | -- Core Pool Size: 20 -- | -- Maximum Pool Size: 20 -- | -- Current Pool Size: 5
ThreadID: [150] TenantID: [] [2025-05-17 09:35:32,396]  INFO {APIM_GOV_AUDIT_LOG} - [Delete Processing Requests] :: Deleted 0 long-lasting processing requests with IDs: []
ThreadID: [150] TenantID: [] [2025-05-17 09:35:32,396]  INFO {APIM_GOV_AUDIT_LOG} - [Fetch Requests] :: Scheduler fetched 0 requests with IDs: []
ThreadID: [150] TenantID: [] [2025-05-17 09:37:32,351]  INFO {APIM_GOV_AUDIT_LOG} - [Scheduler Thread Pool Status] :: Active Thread Count: 0 -- | -- Completed Task Count: 5 -- | -- Submitted Task Count: 5 -- | -- Queue Size: 0 -- | -- Core Pool Size: 20 -- | -- Maximum Pool Size: 20 -- | -- Current Pool Size: 5
ThreadID: [150] TenantID: [] [2025-05-17 09:37:32,383]  INFO {APIM_GOV_AUDIT_LOG} - [Delete Processing Requests] :: Deleted 0 long-lasting processing requests with IDs: []
ThreadID: [150] TenantID: [] [2025-05-17 09:37:32,384]  INFO {APIM_GOV_AUDIT_LOG} - [Fetch Requests] :: Scheduler fetched 0 requests with IDs: []
ThreadID: [150] TenantID: [] [2025-05-17 09:39:32,351]  INFO {APIM_GOV_AUDIT_LOG} - [Scheduler Thread Pool Status] :: Active Thread Count: 0 -- | -- Completed Task Count: 5 -- | -- Submitted Task Count: 5 -- | -- Queue Size: 0 -- | -- Core Pool Size: 20 -- | -- Maximum Pool Size: 20 -- | -- Current Pool Size: 5
ThreadID: [150] TenantID: [] [2025-05-17 09:39:32,382]  INFO {APIM_GOV_AUDIT_LOG} - [Delete Processing Requests] :: Deleted 0 long-lasting processing requests with IDs: []
ThreadID: [150] TenantID: [] [2025-05-17 09:39:32,382]  INFO {APIM_GOV_AUDIT_LOG} - [Fetch Requests] :: Scheduler fetched 0 requests with IDs: []
ThreadID: [150] TenantID: [] [2025-05-17 09:41:32,351]  INFO {APIM_GOV_AUDIT_LOG} - [Scheduler Thread Pool Status] :: Active Thread Count: 0 -- | -- Completed Task Count: 5 -- | -- Submitted Task Count: 5 -- | -- Queue Size: 0 -- | -- Core Pool Size: 20 -- | -- Maximum Pool Size: 20 -- | -- Current Pool Size: 5
ThreadID: [150] TenantID: [] [2025-05-17 09:41:32,402]  INFO {APIM_GOV_AUDIT_LOG} - [Delete Processing Requests] :: Deleted 0 long-lasting processing requests with IDs: []
ThreadID: [150] TenantID: [] [2025-05-17 09:41:32,403]  INFO {APIM_GOV_AUDIT_LOG} - [Fetch Requests] :: Scheduler fetched 0 requests with IDs: []
ThreadID: [150] TenantID: [] [2025-05-17 09:43:32,304]  INFO {APIM_GOV_AUDIT_LOG} - [Scheduler Thread Pool Status] :: Active Thread Count: 0 -- | -- Completed Task Count: 5 -- | -- Submitted Task Count: 5 -- | -- Queue Size: 0 -- | -- Core Pool Size: 20 -- | -- Maximum Pool Size: 20 -- | -- Current Pool Size: 5
ThreadID: [150] TenantID: [] [2025-05-17 09:43:32,305]  INFO {APIM_GOV_AUDIT_LOG} - [Delete Processing Requests] :: Deleted 0 long-lasting processing requests with IDs: []
ThreadID: [150] TenantID: [] [2025-05-17 09:43:32,305]  INFO {APIM_GOV_AUDIT_LOG} - [Fetch Requests] :: Scheduler fetched 0 requests with IDs: []
ThreadID: [150] TenantID: [] [2025-05-17 09:45:32,305]  INFO {APIM_GOV_AUDIT_LOG} - [Scheduler Thread Pool Status] :: Active Thread Count: 0 -- | -- Completed Task Count: 5 -- | -- Submitted Task Count: 5 -- | -- Queue Size: 0 -- | -- Core Pool Size: 20 -- | -- Maximum Pool Size: 20 -- | -- Current Pool Size: 5
ThreadID: [150] TenantID: [] [2025-05-17 09:45:32,355]  INFO {APIM_GOV_AUDIT_LOG} - [Delete Processing Requests] :: Deleted 0 long-lasting processing requests with IDs: []
ThreadID: [150] TenantID: [] [2025-05-17 09:45:32,355]  INFO {APIM_GOV_AUDIT_LOG} - [Fetch Requests] :: Scheduler fetched 0 requests with IDs: []
ThreadID: [150] TenantID: [] [2025-05-17 09:47:32,302]  INFO {APIM_GOV_AUDIT_LOG} - [Scheduler Thread Pool Status] :: Active Thread Count: 0 -- | -- Completed Task Count: 5 -- | -- Submitted Task Count: 5 -- | -- Queue Size: 0 -- | -- Core Pool Size: 20 -- | -- Maximum Pool Size: 20 -- | -- Current Pool Size: 5
ThreadID: [150] TenantID: [] [2025-05-17 09:47:32,333]  INFO {APIM_GOV_AUDIT_LOG} - [Delete Processing Requests] :: Deleted 0 long-lasting processing requests with IDs: []
ThreadID: [150] TenantID: [] [2025-05-17 09:47:32,333]  INFO {APIM_GOV_AUDIT_LOG} - [Fetch Requests] :: Scheduler fetched 0 requests with IDs: []
ThreadID: [3838] TenantID: [-1234] [2025-05-17 09:48:46,942]  INFO {APIM_GOV_AUDIT_LOG} - [New Async Eval Request] :: New compliance evaluation request for artifact 9831e519-1314-4b7b-b139-65c1842a4127 with policy IDs [f44e88a2-82da-4e86-ae84-7bfbc4b166e9]
ThreadID: [3838] TenantID: [-1234] [2025-05-17 09:48:46,942]  INFO {APIM_GOV_AUDIT_LOG} - [New Async Eval Request] :: New compliance evaluation request for artifact 9831e519-1314-4b7b-b139-65c1842a4127 with policy IDs [f44e88a2-82da-4e86-ae84-7bfbc4b166e9]
ThreadID: [3838] TenantID: [-1234] [2025-05-17 09:48:50,693]  INFO {APIM_GOV_AUDIT_LOG} - [New Async Eval Request] :: New compliance evaluation request for artifact 9831e519-1314-4b7b-b139-65c1842a4127 with policy IDs [f44e88a2-82da-4e86-ae84-7bfbc4b166e9]
ThreadID: [3838] TenantID: [-1234] [2025-05-17 09:48:50,693]  INFO {APIM_GOV_AUDIT_LOG} - [New Async Eval Request] :: New compliance evaluation request for artifact 9831e519-1314-4b7b-b139-65c1842a4127 with policy IDs [f44e88a2-82da-4e86-ae84-7bfbc4b166e9]
ThreadID: [3838] TenantID: [-1234] [2025-05-17 09:48:50,743]  INFO {APIM_GOV_AUDIT_LOG} - [New Async Eval Request] :: New compliance evaluation request for artifact 9831e519-1314-4b7b-b139-65c1842a4127 with policy IDs [f44e88a2-82da-4e86-ae84-7bfbc4b166e9]
ThreadID: [3838] TenantID: [-1234] [2025-05-17 09:48:50,743]  INFO {APIM_GOV_AUDIT_LOG} - [New Async Eval Request] :: New compliance evaluation request for artifact 9831e519-1314-4b7b-b139-65c1842a4127 with policy IDs [f44e88a2-82da-4e86-ae84-7bfbc4b166e9]
ThreadID: [150] TenantID: [] [2025-05-17 09:49:32,300]  INFO {APIM_GOV_AUDIT_LOG} - [Scheduler Thread Pool Status] :: Active Thread Count: 0 -- | -- Completed Task Count: 5 -- | -- Submitted Task Count: 5 -- | -- Queue Size: 0 -- | -- Core Pool Size: 20 -- | -- Maximum Pool Size: 20 -- | -- Current Pool Size: 5
ThreadID: [150] TenantID: [] [2025-05-17 09:49:32,300]  INFO {APIM_GOV_AUDIT_LOG} - [Delete Processing Requests] :: Deleted 0 long-lasting processing requests with IDs: []
ThreadID: [150] TenantID: [] [2025-05-17 09:49:32,301]  INFO {APIM_GOV_AUDIT_LOG} - [Fetch Requests] :: Scheduler fetched 1 requests with IDs: [360a7438-11d2-42f4-97d1-55e75f12ff70]
ThreadID: [3863] TenantID: [] [2025-05-17 09:49:32,302]  INFO {APIM_GOV_AUDIT_LOG} - [Async Eval Request] :: Processing request 360a7438-11d2-42f4-97d1-55e75f12ff70 for artifact 9831e519-1314-4b7b-b139-65c1842a4127 in carbon.super organization
ThreadID: [3863] TenantID: [] [2025-05-17 09:49:32,356]  INFO {APIM_GOV_AUDIT_LOG} - [Async Eval Request] :: Validated artifact 9831e519-1314-4b7b-b139-65c1842a4127 in organization carbon.super against ruleset 688e2758-7646-4000-975a-4055f2d080bf
ThreadID: [3863] TenantID: [] [2025-05-17 09:49:32,369]  INFO {APIM_GOV_AUDIT_LOG} - [Async Eval Request] :: Validated artifact 9831e519-1314-4b7b-b139-65c1842a4127 in organization carbon.super against ruleset be68f6b5-639e-4202-a29b-481db924d8f9
ThreadID: [3863] TenantID: [] [2025-05-17 09:49:32,372]  INFO {APIM_GOV_AUDIT_LOG} - [Async Eval Request] :: Artifact 9831e519-1314-4b7b-b139-65c1842a4127 evaluated against policy f44e88a2-82da-4e86-ae84-7bfbc4b166e9 in organization carbon.super
ThreadID: [3863] TenantID: [] [2025-05-17 09:49:32,372]  INFO {APIM_GOV_AUDIT_LOG} - [Async Eval Request] :: Request 360a7438-11d2-42f4-97d1-55e75f12ff70 processed successfully for artifact 9831e519-1314-4b7b-b139-65c1842a4127 in organization carbon.super
ThreadID: [3865] TenantID: [-1234] [2025-05-17 09:50:02,945]  INFO {APIM_GOV_AUDIT_LOG} - [New Async Eval Request] :: New compliance evaluation request for artifact 9831e519-1314-4b7b-b139-65c1842a4127 with policy IDs [f44e88a2-82da-4e86-ae84-7bfbc4b166e9]
ThreadID: [3865] TenantID: [-1234] [2025-05-17 09:50:02,945]  INFO {APIM_GOV_AUDIT_LOG} - [New Async Eval Request] :: New compliance evaluation request for artifact 9831e519-1314-4b7b-b139-65c1842a4127 with policy IDs [f44e88a2-82da-4e86-ae84-7bfbc4b166e9]
ThreadID: [3865] TenantID: [-1234] [2025-05-17 09:50:07,203]  INFO {APIM_GOV_AUDIT_LOG} - [New Async Eval Request] :: New compliance evaluation request for artifact 9831e519-1314-4b7b-b139-65c1842a4127 with policy IDs [f44e88a2-82da-4e86-ae84-7bfbc4b166e9]
ThreadID: [3865] TenantID: [-1234] [2025-05-17 09:50:07,203]  INFO {APIM_GOV_AUDIT_LOG} - [New Async Eval Request] :: New compliance evaluation request for artifact 9831e519-1314-4b7b-b139-65c1842a4127 with policy IDs [f44e88a2-82da-4e86-ae84-7bfbc4b166e9]
ThreadID: [3865] TenantID: [-1234] [2025-05-17 09:50:07,276]  INFO {APIM_GOV_AUDIT_LOG} - [New Async Eval Request] :: New compliance evaluation request for artifact 9831e519-1314-4b7b-b139-65c1842a4127 with policy IDs [f44e88a2-82da-4e86-ae84-7bfbc4b166e9]
ThreadID: [3865] TenantID: [-1234] [2025-05-17 09:50:07,276]  INFO {APIM_GOV_AUDIT_LOG} - [New Async Eval Request] :: New compliance evaluation request for artifact 9831e519-1314-4b7b-b139-65c1842a4127 with policy IDs [f44e88a2-82da-4e86-ae84-7bfbc4b166e9]
ThreadID: [150] TenantID: [] [2025-05-17 09:51:32,297]  INFO {APIM_GOV_AUDIT_LOG} - [Scheduler Thread Pool Status] :: Active Thread Count: 0 -- | -- Completed Task Count: 6 -- | -- Submitted Task Count: 6 -- | -- Queue Size: 0 -- | -- Core Pool Size: 20 -- | -- Maximum Pool Size: 20 -- | -- Current Pool Size: 6
ThreadID: [150] TenantID: [] [2025-05-17 09:51:32,298]  INFO {APIM_GOV_AUDIT_LOG} - [Delete Processing Requests] :: Deleted 0 long-lasting processing requests with IDs: []
ThreadID: [150] TenantID: [] [2025-05-17 09:51:32,298]  INFO {APIM_GOV_AUDIT_LOG} - [Fetch Requests] :: Scheduler fetched 1 requests with IDs: [b77e7a83-d593-489d-a875-f0bb2d7cf51d]
ThreadID: [3882] TenantID: [] [2025-05-17 09:51:32,298]  INFO {APIM_GOV_AUDIT_LOG} - [Async Eval Request] :: Processing request b77e7a83-d593-489d-a875-f0bb2d7cf51d for artifact 9831e519-1314-4b7b-b139-65c1842a4127 in carbon.super organization
ThreadID: [3882] TenantID: [] [2025-05-17 09:51:32,316]  INFO {APIM_GOV_AUDIT_LOG} - [Async Eval Request] :: Validated artifact 9831e519-1314-4b7b-b139-65c1842a4127 in organization carbon.super against ruleset 688e2758-7646-4000-975a-4055f2d080bf
ThreadID: [3882] TenantID: [] [2025-05-17 09:51:32,322]  INFO {APIM_GOV_AUDIT_LOG} - [Async Eval Request] :: Validated artifact 9831e519-1314-4b7b-b139-65c1842a4127 in organization carbon.super against ruleset be68f6b5-639e-4202-a29b-481db924d8f9
ThreadID: [3882] TenantID: [] [2025-05-17 09:51:32,323]  INFO {APIM_GOV_AUDIT_LOG} - [Async Eval Request] :: Artifact 9831e519-1314-4b7b-b139-65c1842a4127 evaluated against policy f44e88a2-82da-4e86-ae84-7bfbc4b166e9 in organization carbon.super
ThreadID: [3882] TenantID: [] [2025-05-17 09:51:32,324]  INFO {APIM_GOV_AUDIT_LOG} - [Async Eval Request] :: Request b77e7a83-d593-489d-a875-f0bb2d7cf51d processed successfully for artifact 9831e519-1314-4b7b-b139-65c1842a4127 in organization carbon.super
ThreadID: [3883] TenantID: [-1234] [2025-05-17 09:51:32,335]  INFO {APIM_GOV_AUDIT_LOG} - [New Async Eval Request] :: New compliance evaluation request for artifact 9831e519-1314-4b7b-b139-65c1842a4127 with policy IDs [f44e88a2-82da-4e86-ae84-7bfbc4b166e9]
ThreadID: [3883] TenantID: [-1234] [2025-05-17 09:51:32,335]  INFO {APIM_GOV_AUDIT_LOG} - [New Async Eval Request] :: New compliance evaluation request for artifact 9831e519-1314-4b7b-b139-65c1842a4127 with policy IDs [f44e88a2-82da-4e86-ae84-7bfbc4b166e9]
ThreadID: [3883] TenantID: [-1234] [2025-05-17 09:51:36,609]  INFO {APIM_GOV_AUDIT_LOG} - [New Async Eval Request] :: New compliance evaluation request for artifact 9831e519-1314-4b7b-b139-65c1842a4127 with policy IDs [f44e88a2-82da-4e86-ae84-7bfbc4b166e9]
ThreadID: [3883] TenantID: [-1234] [2025-05-17 09:51:36,609]  INFO {APIM_GOV_AUDIT_LOG} - [New Async Eval Request] :: New compliance evaluation request for artifact 9831e519-1314-4b7b-b139-65c1842a4127 with policy IDs [f44e88a2-82da-4e86-ae84-7bfbc4b166e9]
ThreadID: [3883] TenantID: [-1234] [2025-05-17 09:51:36,680]  INFO {APIM_GOV_AUDIT_LOG} - [New Async Eval Request] :: New compliance evaluation request for artifact 9831e519-1314-4b7b-b139-65c1842a4127 with policy IDs [f44e88a2-82da-4e86-ae84-7bfbc4b166e9]
ThreadID: [3883] TenantID: [-1234] [2025-05-17 09:51:36,680]  INFO {APIM_GOV_AUDIT_LOG} - [New Async Eval Request] :: New compliance evaluation request for artifact 9831e519-1314-4b7b-b139-65c1842a4127 with policy IDs [f44e88a2-82da-4e86-ae84-7bfbc4b166e9]
ThreadID: [150] TenantID: [] [2025-05-17 09:53:32,296]  INFO {APIM_GOV_AUDIT_LOG} - [Scheduler Thread Pool Status] :: Active Thread Count: 0 -- | -- Completed Task Count: 7 -- | -- Submitted Task Count: 7 -- | -- Queue Size: 0 -- | -- Core Pool Size: 20 -- | -- Maximum Pool Size: 20 -- | -- Current Pool Size: 7
ThreadID: [150] TenantID: [] [2025-05-17 09:53:32,334]  INFO {APIM_GOV_AUDIT_LOG} - [Delete Processing Requests] :: Deleted 0 long-lasting processing requests with IDs: []
ThreadID: [150] TenantID: [] [2025-05-17 09:53:32,334]  INFO {APIM_GOV_AUDIT_LOG} - [Fetch Requests] :: Scheduler fetched 1 requests with IDs: [989fc29c-d663-455e-9f9d-57f92649851c]
ThreadID: [3904] TenantID: [] [2025-05-17 09:53:32,334]  INFO {APIM_GOV_AUDIT_LOG} - [Async Eval Request] :: Processing request 989fc29c-d663-455e-9f9d-57f92649851c for artifact 9831e519-1314-4b7b-b139-65c1842a4127 in carbon.super organization
ThreadID: [3904] TenantID: [] [2025-05-17 09:53:32,374]  INFO {APIM_GOV_AUDIT_LOG} - [Async Eval Request] :: Validated artifact 9831e519-1314-4b7b-b139-65c1842a4127 in organization carbon.super against ruleset 688e2758-7646-4000-975a-4055f2d080bf
ThreadID: [3904] TenantID: [] [2025-05-17 09:53:32,385]  INFO {APIM_GOV_AUDIT_LOG} - [Async Eval Request] :: Validated artifact 9831e519-1314-4b7b-b139-65c1842a4127 in organization carbon.super against ruleset be68f6b5-639e-4202-a29b-481db924d8f9
ThreadID: [3904] TenantID: [] [2025-05-17 09:53:32,386]  INFO {APIM_GOV_AUDIT_LOG} - [Async Eval Request] :: Artifact 9831e519-1314-4b7b-b139-65c1842a4127 evaluated against policy f44e88a2-82da-4e86-ae84-7bfbc4b166e9 in organization carbon.super
ThreadID: [3904] TenantID: [] [2025-05-17 09:53:32,386]  INFO {APIM_GOV_AUDIT_LOG} - [Async Eval Request] :: Request 989fc29c-d663-455e-9f9d-57f92649851c processed successfully for artifact 9831e519-1314-4b7b-b139-65c1842a4127 in organization carbon.super
ThreadID: [150] TenantID: [] [2025-05-17 09:55:32,295]  INFO {APIM_GOV_AUDIT_LOG} - [Scheduler Thread Pool Status] :: Active Thread Count: 0 -- | -- Completed Task Count: 8 -- | -- Submitted Task Count: 8 -- | -- Queue Size: 0 -- | -- Core Pool Size: 20 -- | -- Maximum Pool Size: 20 -- | -- Current Pool Size: 8
ThreadID: [150] TenantID: [] [2025-05-17 09:55:32,330]  INFO {APIM_GOV_AUDIT_LOG} - [Delete Processing Requests] :: Deleted 0 long-lasting processing requests with IDs: []
ThreadID: [150] TenantID: [] [2025-05-17 09:55:32,330]  INFO {APIM_GOV_AUDIT_LOG} - [Fetch Requests] :: Scheduler fetched 0 requests with IDs: []
ThreadID: [150] TenantID: [] [2025-05-17 09:57:32,294]  INFO {APIM_GOV_AUDIT_LOG} - [Scheduler Thread Pool Status] :: Active Thread Count: 0 -- | -- Completed Task Count: 8 -- | -- Submitted Task Count: 8 -- | -- Queue Size: 0 -- | -- Core Pool Size: 20 -- | -- Maximum Pool Size: 20 -- | -- Current Pool Size: 8
ThreadID: [150] TenantID: [] [2025-05-17 09:57:32,341]  INFO {APIM_GOV_AUDIT_LOG} - [Delete Processing Requests] :: Deleted 0 long-lasting processing requests with IDs: []
ThreadID: [150] TenantID: [] [2025-05-17 09:57:32,341]  INFO {APIM_GOV_AUDIT_LOG} - [Fetch Requests] :: Scheduler fetched 0 requests with IDs: []
ThreadID: [150] TenantID: [] [2025-05-17 09:59:32,292]  INFO {APIM_GOV_AUDIT_LOG} - [Scheduler Thread Pool Status] :: Active Thread Count: 0 -- | -- Completed Task Count: 8 -- | -- Submitted Task Count: 8 -- | -- Queue Size: 0 -- | -- Core Pool Size: 20 -- | -- Maximum Pool Size: 20 -- | -- Current Pool Size: 8
ThreadID: [150] TenantID: [] [2025-05-17 09:59:32,351]  INFO {APIM_GOV_AUDIT_LOG} - [Delete Processing Requests] :: Deleted 0 long-lasting processing requests with IDs: []
ThreadID: [150] TenantID: [] [2025-05-17 09:59:32,351]  INFO {APIM_GOV_AUDIT_LOG} - [Fetch Requests] :: Scheduler fetched 0 requests with IDs: []
ThreadID: [150] TenantID: [] [2025-05-17 10:01:32,290]  INFO {APIM_GOV_AUDIT_LOG} - [Scheduler Thread Pool Status] :: Active Thread Count: 0 -- | -- Completed Task Count: 8 -- | -- Submitted Task Count: 8 -- | -- Queue Size: 0 -- | -- Core Pool Size: 20 -- | -- Maximum Pool Size: 20 -- | -- Current Pool Size: 8
ThreadID: [150] TenantID: [] [2025-05-17 10:01:32,363]  INFO {APIM_GOV_AUDIT_LOG} - [Delete Processing Requests] :: Deleted 0 long-lasting processing requests with IDs: []
ThreadID: [150] TenantID: [] [2025-05-17 10:01:32,363]  INFO {APIM_GOV_AUDIT_LOG} - [Fetch Requests] :: Scheduler fetched 0 requests with IDs: []
ThreadID: [150] TenantID: [] [2025-05-17 10:03:32,288]  INFO {APIM_GOV_AUDIT_LOG} - [Scheduler Thread Pool Status] :: Active Thread Count: 0 -- | -- Completed Task Count: 8 -- | -- Submitted Task Count: 8 -- | -- Queue Size: 0 -- | -- Core Pool Size: 20 -- | -- Maximum Pool Size: 20 -- | -- Current Pool Size: 8
ThreadID: [150] TenantID: [] [2025-05-17 10:03:32,359]  INFO {APIM_GOV_AUDIT_LOG} - [Delete Processing Requests] :: Deleted 0 long-lasting processing requests with IDs: []
ThreadID: [150] TenantID: [] [2025-05-17 10:03:32,360]  INFO {APIM_GOV_AUDIT_LOG} - [Fetch Requests] :: Scheduler fetched 0 requests with IDs: []
ThreadID: [150] TenantID: [] [2025-05-17 10:05:32,284]  INFO {APIM_GOV_AUDIT_LOG} - [Scheduler Thread Pool Status] :: Active Thread Count: 0 -- | -- Completed Task Count: 8 -- | -- Submitted Task Count: 8 -- | -- Queue Size: 0 -- | -- Core Pool Size: 20 -- | -- Maximum Pool Size: 20 -- | -- Current Pool Size: 8
ThreadID: [150] TenantID: [] [2025-05-17 10:05:32,347]  INFO {APIM_GOV_AUDIT_LOG} - [Delete Processing Requests] :: Deleted 0 long-lasting processing requests with IDs: []
ThreadID: [150] TenantID: [] [2025-05-17 10:05:32,347]  INFO {APIM_GOV_AUDIT_LOG} - [Fetch Requests] :: Scheduler fetched 0 requests with IDs: []
ThreadID: [150] TenantID: [] [2025-05-17 10:07:32,280]  INFO {APIM_GOV_AUDIT_LOG} - [Scheduler Thread Pool Status] :: Active Thread Count: 0 -- | -- Completed Task Count: 8 -- | -- Submitted Task Count: 8 -- | -- Queue Size: 0 -- | -- Core Pool Size: 20 -- | -- Maximum Pool Size: 20 -- | -- Current Pool Size: 8
ThreadID: [150] TenantID: [] [2025-05-17 10:07:32,355]  INFO {APIM_GOV_AUDIT_LOG} - [Delete Processing Requests] :: Deleted 0 long-lasting processing requests with IDs: []
ThreadID: [150] TenantID: [] [2025-05-17 10:07:32,355]  INFO {APIM_GOV_AUDIT_LOG} - [Fetch Requests] :: Scheduler fetched 0 requests with IDs: []
ThreadID: [150] TenantID: [] [2025-05-17 10:09:32,277]  INFO {APIM_GOV_AUDIT_LOG} - [Scheduler Thread Pool Status] :: Active Thread Count: 0 -- | -- Completed Task Count: 8 -- | -- Submitted Task Count: 8 -- | -- Queue Size: 0 -- | -- Core Pool Size: 20 -- | -- Maximum Pool Size: 20 -- | -- Current Pool Size: 8
ThreadID: [150] TenantID: [] [2025-05-17 10:09:32,338]  INFO {APIM_GOV_AUDIT_LOG} - [Delete Processing Requests] :: Deleted 0 long-lasting processing requests with IDs: []
ThreadID: [150] TenantID: [] [2025-05-17 10:09:32,338]  INFO {APIM_GOV_AUDIT_LOG} - [Fetch Requests] :: Scheduler fetched 0 requests with IDs: []
ThreadID: [150] TenantID: [] [2025-05-17 10:11:32,276]  INFO {APIM_GOV_AUDIT_LOG} - [Scheduler Thread Pool Status] :: Active Thread Count: 0 -- | -- Completed Task Count: 8 -- | -- Submitted Task Count: 8 -- | -- Queue Size: 0 -- | -- Core Pool Size: 20 -- | -- Maximum Pool Size: 20 -- | -- Current Pool Size: 8
ThreadID: [150] TenantID: [] [2025-05-17 10:11:32,352]  INFO {APIM_GOV_AUDIT_LOG} - [Delete Processing Requests] :: Deleted 0 long-lasting processing requests with IDs: []
ThreadID: [150] TenantID: [] [2025-05-17 10:11:32,352]  INFO {APIM_GOV_AUDIT_LOG} - [Fetch Requests] :: Scheduler fetched 0 requests with IDs: []
ThreadID: [150] TenantID: [] [2025-05-17 10:13:32,347]  INFO {APIM_GOV_AUDIT_LOG} - [Scheduler Thread Pool Status] :: Active Thread Count: 0 -- | -- Completed Task Count: 8 -- | -- Submitted Task Count: 8 -- | -- Queue Size: 0 -- | -- Core Pool Size: 20 -- | -- Maximum Pool Size: 20 -- | -- Current Pool Size: 8
ThreadID: [150] TenantID: [] [2025-05-17 10:13:32,408]  INFO {APIM_GOV_AUDIT_LOG} - [Delete Processing Requests] :: Deleted 0 long-lasting processing requests with IDs: []
ThreadID: [150] TenantID: [] [2025-05-17 10:13:32,408]  INFO {APIM_GOV_AUDIT_LOG} - [Fetch Requests] :: Scheduler fetched 0 requests with IDs: []
ThreadID: [150] TenantID: [] [2025-05-17 10:15:32,349]  INFO {APIM_GOV_AUDIT_LOG} - [Scheduler Thread Pool Status] :: Active Thread Count: 0 -- | -- Completed Task Count: 8 -- | -- Submitted Task Count: 8 -- | -- Queue Size: 0 -- | -- Core Pool Size: 20 -- | -- Maximum Pool Size: 20 -- | -- Current Pool Size: 8
ThreadID: [150] TenantID: [] [2025-05-17 10:15:32,441]  INFO {APIM_GOV_AUDIT_LOG} - [Delete Processing Requests] :: Deleted 0 long-lasting processing requests with IDs: []
ThreadID: [150] TenantID: [] [2025-05-17 10:15:32,441]  INFO {APIM_GOV_AUDIT_LOG} - [Fetch Requests] :: Scheduler fetched 0 requests with IDs: []
ThreadID: [150] TenantID: [] [2025-05-17 10:17:32,348]  INFO {APIM_GOV_AUDIT_LOG} - [Scheduler Thread Pool Status] :: Active Thread Count: 0 -- | -- Completed Task Count: 8 -- | -- Submitted Task Count: 8 -- | -- Queue Size: 0 -- | -- Core Pool Size: 20 -- | -- Maximum Pool Size: 20 -- | -- Current Pool Size: 8
ThreadID: [150] TenantID: [] [2025-05-17 10:17:32,414]  INFO {APIM_GOV_AUDIT_LOG} - [Delete Processing Requests] :: Deleted 0 long-lasting processing requests with IDs: []
ThreadID: [150] TenantID: [] [2025-05-17 10:17:32,414]  INFO {APIM_GOV_AUDIT_LOG} - [Fetch Requests] :: Scheduler fetched 0 requests with IDs: []
ThreadID: [150] TenantID: [] [2025-05-17 10:19:32,348]  INFO {APIM_GOV_AUDIT_LOG} - [Scheduler Thread Pool Status] :: Active Thread Count: 0 -- | -- Completed Task Count: 8 -- | -- Submitted Task Count: 8 -- | -- Queue Size: 0 -- | -- Core Pool Size: 20 -- | -- Maximum Pool Size: 20 -- | -- Current Pool Size: 8
ThreadID: [150] TenantID: [] [2025-05-17 10:19:32,428]  INFO {APIM_GOV_AUDIT_LOG} - [Delete Processing Requests] :: Deleted 0 long-lasting processing requests with IDs: []
ThreadID: [150] TenantID: [] [2025-05-17 10:19:32,428]  INFO {APIM_GOV_AUDIT_LOG} - [Fetch Requests] :: Scheduler fetched 0 requests with IDs: []
ThreadID: [150] TenantID: [] [2025-05-17 10:21:32,348]  INFO {APIM_GOV_AUDIT_LOG} - [Scheduler Thread Pool Status] :: Active Thread Count: 0 -- | -- Completed Task Count: 8 -- | -- Submitted Task Count: 8 -- | -- Queue Size: 0 -- | -- Core Pool Size: 20 -- | -- Maximum Pool Size: 20 -- | -- Current Pool Size: 8
ThreadID: [150] TenantID: [] [2025-05-17 10:21:32,428]  INFO {APIM_GOV_AUDIT_LOG} - [Delete Processing Requests] :: Deleted 0 long-lasting processing requests with IDs: []
ThreadID: [150] TenantID: [] [2025-05-17 10:21:32,428]  INFO {APIM_GOV_AUDIT_LOG} - [Fetch Requests] :: Scheduler fetched 0 requests with IDs: []
ThreadID: [150] TenantID: [] [2025-05-17 10:23:32,343]  INFO {APIM_GOV_AUDIT_LOG} - [Scheduler Thread Pool Status] :: Active Thread Count: 0 -- | -- Completed Task Count: 8 -- | -- Submitted Task Count: 8 -- | -- Queue Size: 0 -- | -- Core Pool Size: 20 -- | -- Maximum Pool Size: 20 -- | -- Current Pool Size: 8
ThreadID: [150] TenantID: [] [2025-05-17 10:23:32,414]  INFO {APIM_GOV_AUDIT_LOG} - [Delete Processing Requests] :: Deleted 0 long-lasting processing requests with IDs: []
ThreadID: [150] TenantID: [] [2025-05-17 10:23:32,415]  INFO {APIM_GOV_AUDIT_LOG} - [Fetch Requests] :: Scheduler fetched 0 requests with IDs: []
ThreadID: [150] TenantID: [] [2025-05-17 10:25:32,344]  INFO {APIM_GOV_AUDIT_LOG} - [Scheduler Thread Pool Status] :: Active Thread Count: 0 -- | -- Completed Task Count: 8 -- | -- Submitted Task Count: 8 -- | -- Queue Size: 0 -- | -- Core Pool Size: 20 -- | -- Maximum Pool Size: 20 -- | -- Current Pool Size: 8
ThreadID: [150] TenantID: [] [2025-05-17 10:25:32,414]  INFO {APIM_GOV_AUDIT_LOG} - [Delete Processing Requests] :: Deleted 0 long-lasting processing requests with IDs: []
ThreadID: [150] TenantID: [] [2025-05-17 10:25:32,414]  INFO {APIM_GOV_AUDIT_LOG} - [Fetch Requests] :: Scheduler fetched 0 requests with IDs: []
ThreadID: [150] TenantID: [] [2025-05-17 10:27:32,345]  INFO {APIM_GOV_AUDIT_LOG} - [Scheduler Thread Pool Status] :: Active Thread Count: 0 -- | -- Completed Task Count: 8 -- | -- Submitted Task Count: 8 -- | -- Queue Size: 0 -- | -- Core Pool Size: 20 -- | -- Maximum Pool Size: 20 -- | -- Current Pool Size: 8
ThreadID: [150] TenantID: [] [2025-05-17 10:27:32,410]  INFO {APIM_GOV_AUDIT_LOG} - [Delete Processing Requests] :: Deleted 0 long-lasting processing requests with IDs: []
ThreadID: [150] TenantID: [] [2025-05-17 10:27:32,410]  INFO {APIM_GOV_AUDIT_LOG} - [Fetch Requests] :: Scheduler fetched 0 requests with IDs: []
ThreadID: [150] TenantID: [] [2025-05-17 10:29:32,344]  INFO {APIM_GOV_AUDIT_LOG} - [Scheduler Thread Pool Status] :: Active Thread Count: 0 -- | -- Completed Task Count: 8 -- | -- Submitted Task Count: 8 -- | -- Queue Size: 0 -- | -- Core Pool Size: 20 -- | -- Maximum Pool Size: 20 -- | -- Current Pool Size: 8
ThreadID: [150] TenantID: [] [2025-05-17 10:29:32,417]  INFO {APIM_GOV_AUDIT_LOG} - [Delete Processing Requests] :: Deleted 0 long-lasting processing requests with IDs: []
ThreadID: [150] TenantID: [] [2025-05-17 10:29:32,417]  INFO {APIM_GOV_AUDIT_LOG} - [Fetch Requests] :: Scheduler fetched 0 requests with IDs: []
ThreadID: [150] TenantID: [] [2025-05-17 10:31:32,344]  INFO {APIM_GOV_AUDIT_LOG} - [Scheduler Thread Pool Status] :: Active Thread Count: 0 -- | -- Completed Task Count: 8 -- | -- Submitted Task Count: 8 -- | -- Queue Size: 0 -- | -- Core Pool Size: 20 -- | -- Maximum Pool Size: 20 -- | -- Current Pool Size: 8
ThreadID: [150] TenantID: [] [2025-05-17 10:31:32,425]  INFO {APIM_GOV_AUDIT_LOG} - [Delete Processing Requests] :: Deleted 0 long-lasting processing requests with IDs: []
ThreadID: [150] TenantID: [] [2025-05-17 10:31:32,425]  INFO {APIM_GOV_AUDIT_LOG} - [Fetch Requests] :: Scheduler fetched 0 requests with IDs: []
ThreadID: [150] TenantID: [] [2025-05-17 10:33:32,344]  INFO {APIM_GOV_AUDIT_LOG} - [Scheduler Thread Pool Status] :: Active Thread Count: 0 -- | -- Completed Task Count: 8 -- | -- Submitted Task Count: 8 -- | -- Queue Size: 0 -- | -- Core Pool Size: 20 -- | -- Maximum Pool Size: 20 -- | -- Current Pool Size: 8
ThreadID: [150] TenantID: [] [2025-05-17 10:33:32,401]  INFO {APIM_GOV_AUDIT_LOG} - [Delete Processing Requests] :: Deleted 0 long-lasting processing requests with IDs: []
ThreadID: [150] TenantID: [] [2025-05-17 10:33:32,401]  INFO {APIM_GOV_AUDIT_LOG} - [Fetch Requests] :: Scheduler fetched 0 requests with IDs: []
ThreadID: [150] TenantID: [] [2025-05-17 10:35:32,346]  INFO {APIM_GOV_AUDIT_LOG} - [Scheduler Thread Pool Status] :: Active Thread Count: 0 -- | -- Completed Task Count: 8 -- | -- Submitted Task Count: 8 -- | -- Queue Size: 0 -- | -- Core Pool Size: 20 -- | -- Maximum Pool Size: 20 -- | -- Current Pool Size: 8
ThreadID: [150] TenantID: [] [2025-05-17 10:35:32,427]  INFO {APIM_GOV_AUDIT_LOG} - [Delete Processing Requests] :: Deleted 0 long-lasting processing requests with IDs: []
ThreadID: [150] TenantID: [] [2025-05-17 10:35:32,427]  INFO {APIM_GOV_AUDIT_LOG} - [Fetch Requests] :: Scheduler fetched 0 requests with IDs: []
ThreadID: [150] TenantID: [] [2025-05-17 10:37:32,347]  INFO {APIM_GOV_AUDIT_LOG} - [Scheduler Thread Pool Status] :: Active Thread Count: 0 -- | -- Completed Task Count: 8 -- | -- Submitted Task Count: 8 -- | -- Queue Size: 0 -- | -- Core Pool Size: 20 -- | -- Maximum Pool Size: 20 -- | -- Current Pool Size: 8
ThreadID: [150] TenantID: [] [2025-05-17 10:37:32,425]  INFO {APIM_GOV_AUDIT_LOG} - [Delete Processing Requests] :: Deleted 0 long-lasting processing requests with IDs: []
ThreadID: [150] TenantID: [] [2025-05-17 10:37:32,425]  INFO {APIM_GOV_AUDIT_LOG} - [Fetch Requests] :: Scheduler fetched 0 requests with IDs: []
ThreadID: [150] TenantID: [] [2025-05-17 10:39:32,355]  INFO {APIM_GOV_AUDIT_LOG} - [Scheduler Thread Pool Status] :: Active Thread Count: 0 -- | -- Completed Task Count: 8 -- | -- Submitted Task Count: 8 -- | -- Queue Size: 0 -- | -- Core Pool Size: 20 -- | -- Maximum Pool Size: 20 -- | -- Current Pool Size: 8
ThreadID: [150] TenantID: [] [2025-05-17 10:39:32,429]  INFO {APIM_GOV_AUDIT_LOG} - [Delete Processing Requests] :: Deleted 0 long-lasting processing requests with IDs: []
ThreadID: [150] TenantID: [] [2025-05-17 10:39:32,429]  INFO {APIM_GOV_AUDIT_LOG} - [Fetch Requests] :: Scheduler fetched 0 requests with IDs: []
ThreadID: [150] TenantID: [] [2025-05-17 10:41:32,354]  INFO {APIM_GOV_AUDIT_LOG} - [Scheduler Thread Pool Status] :: Active Thread Count: 0 -- | -- Completed Task Count: 8 -- | -- Submitted Task Count: 8 -- | -- Queue Size: 0 -- | -- Core Pool Size: 20 -- | -- Maximum Pool Size: 20 -- | -- Current Pool Size: 8
ThreadID: [150] TenantID: [] [2025-05-17 10:41:32,408]  INFO {APIM_GOV_AUDIT_LOG} - [Delete Processing Requests] :: Deleted 0 long-lasting processing requests with IDs: []
ThreadID: [150] TenantID: [] [2025-05-17 10:41:32,408]  INFO {APIM_GOV_AUDIT_LOG} - [Fetch Requests] :: Scheduler fetched 0 requests with IDs: []
ThreadID: [150] TenantID: [] [2025-05-17 10:43:32,355]  INFO {APIM_GOV_AUDIT_LOG} - [Scheduler Thread Pool Status] :: Active Thread Count: 0 -- | -- Completed Task Count: 8 -- | -- Submitted Task Count: 8 -- | -- Queue Size: 0 -- | -- Core Pool Size: 20 -- | -- Maximum Pool Size: 20 -- | -- Current Pool Size: 8
ThreadID: [150] TenantID: [] [2025-05-17 10:43:32,430]  INFO {APIM_GOV_AUDIT_LOG} - [Delete Processing Requests] :: Deleted 0 long-lasting processing requests with IDs: []
ThreadID: [150] TenantID: [] [2025-05-17 10:43:32,430]  INFO {APIM_GOV_AUDIT_LOG} - [Fetch Requests] :: Scheduler fetched 0 requests with IDs: []
ThreadID: [150] TenantID: [] [2025-05-17 10:45:32,356]  INFO {APIM_GOV_AUDIT_LOG} - [Scheduler Thread Pool Status] :: Active Thread Count: 0 -- | -- Completed Task Count: 8 -- | -- Submitted Task Count: 8 -- | -- Queue Size: 0 -- | -- Core Pool Size: 20 -- | -- Maximum Pool Size: 20 -- | -- Current Pool Size: 8
ThreadID: [150] TenantID: [] [2025-05-17 10:45:32,418]  INFO {APIM_GOV_AUDIT_LOG} - [Delete Processing Requests] :: Deleted 0 long-lasting processing requests with IDs: []
ThreadID: [150] TenantID: [] [2025-05-17 10:45:32,418]  INFO {APIM_GOV_AUDIT_LOG} - [Fetch Requests] :: Scheduler fetched 0 requests with IDs: []
ThreadID: [150] TenantID: [] [2025-05-17 10:47:32,357]  INFO {APIM_GOV_AUDIT_LOG} - [Scheduler Thread Pool Status] :: Active Thread Count: 0 -- | -- Completed Task Count: 8 -- | -- Submitted Task Count: 8 -- | -- Queue Size: 0 -- | -- Core Pool Size: 20 -- | -- Maximum Pool Size: 20 -- | -- Current Pool Size: 8
ThreadID: [150] TenantID: [] [2025-05-17 10:47:32,424]  INFO {APIM_GOV_AUDIT_LOG} - [Delete Processing Requests] :: Deleted 0 long-lasting processing requests with IDs: []
ThreadID: [150] TenantID: [] [2025-05-17 10:47:32,424]  INFO {APIM_GOV_AUDIT_LOG} - [Fetch Requests] :: Scheduler fetched 0 requests with IDs: []
ThreadID: [150] TenantID: [] [2025-05-17 10:49:32,356]  INFO {APIM_GOV_AUDIT_LOG} - [Scheduler Thread Pool Status] :: Active Thread Count: 0 -- | -- Completed Task Count: 8 -- | -- Submitted Task Count: 8 -- | -- Queue Size: 0 -- | -- Core Pool Size: 20 -- | -- Maximum Pool Size: 20 -- | -- Current Pool Size: 8
ThreadID: [150] TenantID: [] [2025-05-17 10:49:32,430]  INFO {APIM_GOV_AUDIT_LOG} - [Delete Processing Requests] :: Deleted 0 long-lasting processing requests with IDs: []
ThreadID: [150] TenantID: [] [2025-05-17 10:49:32,430]  INFO {APIM_GOV_AUDIT_LOG} - [Fetch Requests] :: Scheduler fetched 0 requests with IDs: []
ThreadID: [150] TenantID: [] [2025-05-17 10:51:32,355]  INFO {APIM_GOV_AUDIT_LOG} - [Scheduler Thread Pool Status] :: Active Thread Count: 0 -- | -- Completed Task Count: 8 -- | -- Submitted Task Count: 8 -- | -- Queue Size: 0 -- | -- Core Pool Size: 20 -- | -- Maximum Pool Size: 20 -- | -- Current Pool Size: 8
ThreadID: [150] TenantID: [] [2025-05-17 10:51:32,417]  INFO {APIM_GOV_AUDIT_LOG} - [Delete Processing Requests] :: Deleted 0 long-lasting processing requests with IDs: []
ThreadID: [150] TenantID: [] [2025-05-17 10:51:32,417]  INFO {APIM_GOV_AUDIT_LOG} - [Fetch Requests] :: Scheduler fetched 0 requests with IDs: []
ThreadID: [150] TenantID: [] [2025-05-17 10:53:32,356]  INFO {APIM_GOV_AUDIT_LOG} - [Scheduler Thread Pool Status] :: Active Thread Count: 0 -- | -- Completed Task Count: 8 -- | -- Submitted Task Count: 8 -- | -- Queue Size: 0 -- | -- Core Pool Size: 20 -- | -- Maximum Pool Size: 20 -- | -- Current Pool Size: 8
ThreadID: [150] TenantID: [] [2025-05-17 10:53:32,425]  INFO {APIM_GOV_AUDIT_LOG} - [Delete Processing Requests] :: Deleted 0 long-lasting processing requests with IDs: []
ThreadID: [150] TenantID: [] [2025-05-17 10:53:32,425]  INFO {APIM_GOV_AUDIT_LOG} - [Fetch Requests] :: Scheduler fetched 0 requests with IDs: []
ThreadID: [150] TenantID: [] [2025-05-17 10:55:32,392]  INFO {APIM_GOV_AUDIT_LOG} - [Scheduler Thread Pool Status] :: Active Thread Count: 0 -- | -- Completed Task Count: 8 -- | -- Submitted Task Count: 8 -- | -- Queue Size: 0 -- | -- Core Pool Size: 20 -- | -- Maximum Pool Size: 20 -- | -- Current Pool Size: 8
ThreadID: [150] TenantID: [] [2025-05-17 10:55:32,461]  INFO {APIM_GOV_AUDIT_LOG} - [Delete Processing Requests] :: Deleted 0 long-lasting processing requests with IDs: []
ThreadID: [150] TenantID: [] [2025-05-17 10:55:32,462]  INFO {APIM_GOV_AUDIT_LOG} - [Fetch Requests] :: Scheduler fetched 0 requests with IDs: []
ThreadID: [150] TenantID: [] [2025-05-17 10:57:32,395]  INFO {APIM_GOV_AUDIT_LOG} - [Scheduler Thread Pool Status] :: Active Thread Count: 0 -- | -- Completed Task Count: 8 -- | -- Submitted Task Count: 8 -- | -- Queue Size: 0 -- | -- Core Pool Size: 20 -- | -- Maximum Pool Size: 20 -- | -- Current Pool Size: 8
ThreadID: [150] TenantID: [] [2025-05-17 10:57:32,464]  INFO {APIM_GOV_AUDIT_LOG} - [Delete Processing Requests] :: Deleted 0 long-lasting processing requests with IDs: []
ThreadID: [150] TenantID: [] [2025-05-17 10:57:32,464]  INFO {APIM_GOV_AUDIT_LOG} - [Fetch Requests] :: Scheduler fetched 0 requests with IDs: []
ThreadID: [150] TenantID: [] [2025-05-17 10:59:32,395]  INFO {APIM_GOV_AUDIT_LOG} - [Scheduler Thread Pool Status] :: Active Thread Count: 0 -- | -- Completed Task Count: 8 -- | -- Submitted Task Count: 8 -- | -- Queue Size: 0 -- | -- Core Pool Size: 20 -- | -- Maximum Pool Size: 20 -- | -- Current Pool Size: 8
ThreadID: [150] TenantID: [] [2025-05-17 10:59:32,471]  INFO {APIM_GOV_AUDIT_LOG} - [Delete Processing Requests] :: Deleted 0 long-lasting processing requests with IDs: []
ThreadID: [150] TenantID: [] [2025-05-17 10:59:32,471]  INFO {APIM_GOV_AUDIT_LOG} - [Fetch Requests] :: Scheduler fetched 0 requests with IDs: []
ThreadID: [150] TenantID: [] [2025-05-17 11:01:32,392]  INFO {APIM_GOV_AUDIT_LOG} - [Scheduler Thread Pool Status] :: Active Thread Count: 0 -- | -- Completed Task Count: 8 -- | -- Submitted Task Count: 8 -- | -- Queue Size: 0 -- | -- Core Pool Size: 20 -- | -- Maximum Pool Size: 20 -- | -- Current Pool Size: 8
ThreadID: [150] TenantID: [] [2025-05-17 11:01:32,459]  INFO {APIM_GOV_AUDIT_LOG} - [Delete Processing Requests] :: Deleted 0 long-lasting processing requests with IDs: []
ThreadID: [150] TenantID: [] [2025-05-17 11:01:32,460]  INFO {APIM_GOV_AUDIT_LOG} - [Fetch Requests] :: Scheduler fetched 0 requests with IDs: []
ThreadID: [150] TenantID: [] [2025-05-17 11:10:38,652]  INFO {APIM_GOV_AUDIT_LOG} - [Scheduler Thread Pool Status] :: Active Thread Count: 0 -- | -- Completed Task Count: 8 -- | -- Submitted Task Count: 8 -- | -- Queue Size: 0 -- | -- Core Pool Size: 20 -- | -- Maximum Pool Size: 20 -- | -- Current Pool Size: 8
ThreadID: [150] TenantID: [] [2025-05-17 11:10:38,714]  INFO {APIM_GOV_AUDIT_LOG} - [Delete Processing Requests] :: Deleted 0 long-lasting processing requests with IDs: []
ThreadID: [150] TenantID: [] [2025-05-17 11:10:38,714]  INFO {APIM_GOV_AUDIT_LOG} - [Fetch Requests] :: Scheduler fetched 0 requests with IDs: []
ThreadID: [150] TenantID: [] [2025-05-17 11:12:38,650]  INFO {APIM_GOV_AUDIT_LOG} - [Scheduler Thread Pool Status] :: Active Thread Count: 0 -- | -- Completed Task Count: 8 -- | -- Submitted Task Count: 8 -- | -- Queue Size: 0 -- | -- Core Pool Size: 20 -- | -- Maximum Pool Size: 20 -- | -- Current Pool Size: 8
ThreadID: [150] TenantID: [] [2025-05-17 11:12:38,725]  INFO {APIM_GOV_AUDIT_LOG} - [Delete Processing Requests] :: Deleted 0 long-lasting processing requests with IDs: []
ThreadID: [150] TenantID: [] [2025-05-17 11:12:38,725]  INFO {APIM_GOV_AUDIT_LOG} - [Fetch Requests] :: Scheduler fetched 0 requests with IDs: []
ThreadID: [150] TenantID: [] [2025-05-17 11:14:38,651]  INFO {APIM_GOV_AUDIT_LOG} - [Scheduler Thread Pool Status] :: Active Thread Count: 0 -- | -- Completed Task Count: 8 -- | -- Submitted Task Count: 8 -- | -- Queue Size: 0 -- | -- Core Pool Size: 20 -- | -- Maximum Pool Size: 20 -- | -- Current Pool Size: 8
ThreadID: [150] TenantID: [] [2025-05-17 11:14:38,651]  INFO {APIM_GOV_AUDIT_LOG} - [Delete Processing Requests] :: Deleted 0 long-lasting processing requests with IDs: []
ThreadID: [150] TenantID: [] [2025-05-17 11:14:38,652]  INFO {APIM_GOV_AUDIT_LOG} - [Fetch Requests] :: Scheduler fetched 0 requests with IDs: []
ThreadID: [150] TenantID: [] [2025-05-17 11:16:38,653]  INFO {APIM_GOV_AUDIT_LOG} - [Scheduler Thread Pool Status] :: Active Thread Count: 0 -- | -- Completed Task Count: 8 -- | -- Submitted Task Count: 8 -- | -- Queue Size: 0 -- | -- Core Pool Size: 20 -- | -- Maximum Pool Size: 20 -- | -- Current Pool Size: 8
ThreadID: [150] TenantID: [] [2025-05-17 11:16:38,704]  INFO {APIM_GOV_AUDIT_LOG} - [Delete Processing Requests] :: Deleted 0 long-lasting processing requests with IDs: []
ThreadID: [150] TenantID: [] [2025-05-17 11:16:38,705]  INFO {APIM_GOV_AUDIT_LOG} - [Fetch Requests] :: Scheduler fetched 0 requests with IDs: []
ThreadID: [150] TenantID: [] [2025-05-17 11:18:38,650]  INFO {APIM_GOV_AUDIT_LOG} - [Scheduler Thread Pool Status] :: Active Thread Count: 0 -- | -- Completed Task Count: 8 -- | -- Submitted Task Count: 8 -- | -- Queue Size: 0 -- | -- Core Pool Size: 20 -- | -- Maximum Pool Size: 20 -- | -- Current Pool Size: 8
ThreadID: [150] TenantID: [] [2025-05-17 11:18:38,689]  INFO {APIM_GOV_AUDIT_LOG} - [Delete Processing Requests] :: Deleted 0 long-lasting processing requests with IDs: []
ThreadID: [150] TenantID: [] [2025-05-17 11:18:38,689]  INFO {APIM_GOV_AUDIT_LOG} - [Fetch Requests] :: Scheduler fetched 0 requests with IDs: []
ThreadID: [150] TenantID: [] [2025-05-17 11:20:38,653]  INFO {APIM_GOV_AUDIT_LOG} - [Scheduler Thread Pool Status] :: Active Thread Count: 0 -- | -- Completed Task Count: 8 -- | -- Submitted Task Count: 8 -- | -- Queue Size: 0 -- | -- Core Pool Size: 20 -- | -- Maximum Pool Size: 20 -- | -- Current Pool Size: 8
ThreadID: [150] TenantID: [] [2025-05-17 11:20:38,689]  INFO {APIM_GOV_AUDIT_LOG} - [Delete Processing Requests] :: Deleted 0 long-lasting processing requests with IDs: []
ThreadID: [150] TenantID: [] [2025-05-17 11:20:38,689]  INFO {APIM_GOV_AUDIT_LOG} - [Fetch Requests] :: Scheduler fetched 0 requests with IDs: []
ThreadID: [150] TenantID: [] [2025-05-17 11:22:38,655]  INFO {APIM_GOV_AUDIT_LOG} - [Scheduler Thread Pool Status] :: Active Thread Count: 0 -- | -- Completed Task Count: 8 -- | -- Submitted Task Count: 8 -- | -- Queue Size: 0 -- | -- Core Pool Size: 20 -- | -- Maximum Pool Size: 20 -- | -- Current Pool Size: 8
ThreadID: [150] TenantID: [] [2025-05-17 11:22:38,694]  INFO {APIM_GOV_AUDIT_LOG} - [Delete Processing Requests] :: Deleted 0 long-lasting processing requests with IDs: []
ThreadID: [150] TenantID: [] [2025-05-17 11:22:38,694]  INFO {APIM_GOV_AUDIT_LOG} - [Fetch Requests] :: Scheduler fetched 0 requests with IDs: []
ThreadID: [150] TenantID: [] [2025-05-17 11:24:38,655]  INFO {APIM_GOV_AUDIT_LOG} - [Scheduler Thread Pool Status] :: Active Thread Count: 0 -- | -- Completed Task Count: 8 -- | -- Submitted Task Count: 8 -- | -- Queue Size: 0 -- | -- Core Pool Size: 20 -- | -- Maximum Pool Size: 20 -- | -- Current Pool Size: 8
ThreadID: [150] TenantID: [] [2025-05-17 11:24:38,687]  INFO {APIM_GOV_AUDIT_LOG} - [Delete Processing Requests] :: Deleted 0 long-lasting processing requests with IDs: []
ThreadID: [150] TenantID: [] [2025-05-17 11:24:38,687]  INFO {APIM_GOV_AUDIT_LOG} - [Fetch Requests] :: Scheduler fetched 0 requests with IDs: []
ThreadID: [150] TenantID: [] [2025-05-17 11:26:38,607]  INFO {APIM_GOV_AUDIT_LOG} - [Scheduler Thread Pool Status] :: Active Thread Count: 0 -- | -- Completed Task Count: 8 -- | -- Submitted Task Count: 8 -- | -- Queue Size: 0 -- | -- Core Pool Size: 20 -- | -- Maximum Pool Size: 20 -- | -- Current Pool Size: 8
ThreadID: [150] TenantID: [] [2025-05-17 11:26:38,650]  INFO {APIM_GOV_AUDIT_LOG} - [Delete Processing Requests] :: Deleted 0 long-lasting processing requests with IDs: []
ThreadID: [150] TenantID: [] [2025-05-17 11:26:38,651]  INFO {APIM_GOV_AUDIT_LOG} - [Fetch Requests] :: Scheduler fetched 0 requests with IDs: []
ThreadID: [150] TenantID: [] [2025-05-17 11:28:38,605]  INFO {APIM_GOV_AUDIT_LOG} - [Scheduler Thread Pool Status] :: Active Thread Count: 0 -- | -- Completed Task Count: 8 -- | -- Submitted Task Count: 8 -- | -- Queue Size: 0 -- | -- Core Pool Size: 20 -- | -- Maximum Pool Size: 20 -- | -- Current Pool Size: 8
ThreadID: [150] TenantID: [] [2025-05-17 11:28:38,639]  INFO {APIM_GOV_AUDIT_LOG} - [Delete Processing Requests] :: Deleted 0 long-lasting processing requests with IDs: []
ThreadID: [150] TenantID: [] [2025-05-17 11:28:38,639]  INFO {APIM_GOV_AUDIT_LOG} - [Fetch Requests] :: Scheduler fetched 0 requests with IDs: []
ThreadID: [150] TenantID: [] [2025-05-17 11:30:38,610]  INFO {APIM_GOV_AUDIT_LOG} - [Scheduler Thread Pool Status] :: Active Thread Count: 0 -- | -- Completed Task Count: 8 -- | -- Submitted Task Count: 8 -- | -- Queue Size: 0 -- | -- Core Pool Size: 20 -- | -- Maximum Pool Size: 20 -- | -- Current Pool Size: 8
ThreadID: [150] TenantID: [] [2025-05-17 11:30:38,657]  INFO {APIM_GOV_AUDIT_LOG} - [Delete Processing Requests] :: Deleted 0 long-lasting processing requests with IDs: []
ThreadID: [150] TenantID: [] [2025-05-17 11:30:38,658]  INFO {APIM_GOV_AUDIT_LOG} - [Fetch Requests] :: Scheduler fetched 0 requests with IDs: []
ThreadID: [150] TenantID: [] [2025-05-17 11:32:38,608]  INFO {APIM_GOV_AUDIT_LOG} - [Scheduler Thread Pool Status] :: Active Thread Count: 0 -- | -- Completed Task Count: 8 -- | -- Submitted Task Count: 8 -- | -- Queue Size: 0 -- | -- Core Pool Size: 20 -- | -- Maximum Pool Size: 20 -- | -- Current Pool Size: 8
ThreadID: [150] TenantID: [] [2025-05-17 11:32:38,641]  INFO {APIM_GOV_AUDIT_LOG} - [Delete Processing Requests] :: Deleted 0 long-lasting processing requests with IDs: []
ThreadID: [150] TenantID: [] [2025-05-17 11:32:38,641]  INFO {APIM_GOV_AUDIT_LOG} - [Fetch Requests] :: Scheduler fetched 0 requests with IDs: []
ThreadID: [150] TenantID: [] [2025-05-17 11:34:38,605]  INFO {APIM_GOV_AUDIT_LOG} - [Scheduler Thread Pool Status] :: Active Thread Count: 0 -- | -- Completed Task Count: 8 -- | -- Submitted Task Count: 8 -- | -- Queue Size: 0 -- | -- Core Pool Size: 20 -- | -- Maximum Pool Size: 20 -- | -- Current Pool Size: 8
ThreadID: [150] TenantID: [] [2025-05-17 11:34:38,651]  INFO {APIM_GOV_AUDIT_LOG} - [Delete Processing Requests] :: Deleted 0 long-lasting processing requests with IDs: []
ThreadID: [150] TenantID: [] [2025-05-17 11:34:38,651]  INFO {APIM_GOV_AUDIT_LOG} - [Fetch Requests] :: Scheduler fetched 0 requests with IDs: []
ThreadID: [150] TenantID: [] [2025-05-17 11:36:38,606]  INFO {APIM_GOV_AUDIT_LOG} - [Scheduler Thread Pool Status] :: Active Thread Count: 0 -- | -- Completed Task Count: 8 -- | -- Submitted Task Count: 8 -- | -- Queue Size: 0 -- | -- Core Pool Size: 20 -- | -- Maximum Pool Size: 20 -- | -- Current Pool Size: 8
ThreadID: [150] TenantID: [] [2025-05-17 11:36:38,607]  INFO {APIM_GOV_AUDIT_LOG} - [Delete Processing Requests] :: Deleted 0 long-lasting processing requests with IDs: []
ThreadID: [150] TenantID: [] [2025-05-17 11:36:38,607]  INFO {APIM_GOV_AUDIT_LOG} - [Fetch Requests] :: Scheduler fetched 0 requests with IDs: []
ThreadID: [150] TenantID: [] [2025-05-17 11:38:38,609]  INFO {APIM_GOV_AUDIT_LOG} - [Scheduler Thread Pool Status] :: Active Thread Count: 0 -- | -- Completed Task Count: 8 -- | -- Submitted Task Count: 8 -- | -- Queue Size: 0 -- | -- Core Pool Size: 20 -- | -- Maximum Pool Size: 20 -- | -- Current Pool Size: 8
ThreadID: [150] TenantID: [] [2025-05-17 11:38:38,658]  INFO {APIM_GOV_AUDIT_LOG} - [Delete Processing Requests] :: Deleted 0 long-lasting processing requests with IDs: []
ThreadID: [150] TenantID: [] [2025-05-17 11:38:38,658]  INFO {APIM_GOV_AUDIT_LOG} - [Fetch Requests] :: Scheduler fetched 0 requests with IDs: []
ThreadID: [150] TenantID: [] [2025-05-17 11:40:38,607]  INFO {APIM_GOV_AUDIT_LOG} - [Scheduler Thread Pool Status] :: Active Thread Count: 0 -- | -- Completed Task Count: 8 -- | -- Submitted Task Count: 8 -- | -- Queue Size: 0 -- | -- Core Pool Size: 20 -- | -- Maximum Pool Size: 20 -- | -- Current Pool Size: 8
ThreadID: [150] TenantID: [] [2025-05-17 11:40:38,643]  INFO {APIM_GOV_AUDIT_LOG} - [Delete Processing Requests] :: Deleted 0 long-lasting processing requests with IDs: []
ThreadID: [150] TenantID: [] [2025-05-17 11:40:38,643]  INFO {APIM_GOV_AUDIT_LOG} - [Fetch Requests] :: Scheduler fetched 0 requests with IDs: []
ThreadID: [150] TenantID: [] [2025-05-17 11:42:38,605]  INFO {APIM_GOV_AUDIT_LOG} - [Scheduler Thread Pool Status] :: Active Thread Count: 0 -- | -- Completed Task Count: 8 -- | -- Submitted Task Count: 8 -- | -- Queue Size: 0 -- | -- Core Pool Size: 20 -- | -- Maximum Pool Size: 20 -- | -- Current Pool Size: 8
ThreadID: [150] TenantID: [] [2025-05-17 11:42:38,605]  INFO {APIM_GOV_AUDIT_LOG} - [Delete Processing Requests] :: Deleted 0 long-lasting processing requests with IDs: []
ThreadID: [150] TenantID: [] [2025-05-17 11:42:38,605]  INFO {APIM_GOV_AUDIT_LOG} - [Fetch Requests] :: Scheduler fetched 0 requests with IDs: []
ThreadID: [150] TenantID: [] [2025-05-17 11:44:38,605]  INFO {APIM_GOV_AUDIT_LOG} - [Scheduler Thread Pool Status] :: Active Thread Count: 0 -- | -- Completed Task Count: 8 -- | -- Submitted Task Count: 8 -- | -- Queue Size: 0 -- | -- Core Pool Size: 20 -- | -- Maximum Pool Size: 20 -- | -- Current Pool Size: 8
ThreadID: [150] TenantID: [] [2025-05-17 11:44:38,607]  INFO {APIM_GOV_AUDIT_LOG} - [Delete Processing Requests] :: Deleted 0 long-lasting processing requests with IDs: []
ThreadID: [150] TenantID: [] [2025-05-17 11:44:38,607]  INFO {APIM_GOV_AUDIT_LOG} - [Fetch Requests] :: Scheduler fetched 0 requests with IDs: []
ThreadID: [150] TenantID: [] [2025-05-17 11:46:38,636]  INFO {APIM_GOV_AUDIT_LOG} - [Scheduler Thread Pool Status] :: Active Thread Count: 0 -- | -- Completed Task Count: 8 -- | -- Submitted Task Count: 8 -- | -- Queue Size: 0 -- | -- Core Pool Size: 20 -- | -- Maximum Pool Size: 20 -- | -- Current Pool Size: 8
ThreadID: [150] TenantID: [] [2025-05-17 11:46:38,683]  INFO {APIM_GOV_AUDIT_LOG} - [Delete Processing Requests] :: Deleted 0 long-lasting processing requests with IDs: []
ThreadID: [150] TenantID: [] [2025-05-17 11:46:38,683]  INFO {APIM_GOV_AUDIT_LOG} - [Fetch Requests] :: Scheduler fetched 0 requests with IDs: []
ThreadID: [150] TenantID: [] [2025-05-17 11:48:38,638]  INFO {APIM_GOV_AUDIT_LOG} - [Scheduler Thread Pool Status] :: Active Thread Count: 0 -- | -- Completed Task Count: 8 -- | -- Submitted Task Count: 8 -- | -- Queue Size: 0 -- | -- Core Pool Size: 20 -- | -- Maximum Pool Size: 20 -- | -- Current Pool Size: 8
ThreadID: [150] TenantID: [] [2025-05-17 11:48:38,691]  INFO {APIM_GOV_AUDIT_LOG} - [Delete Processing Requests] :: Deleted 0 long-lasting processing requests with IDs: []
ThreadID: [150] TenantID: [] [2025-05-17 11:48:38,692]  INFO {APIM_GOV_AUDIT_LOG} - [Fetch Requests] :: Scheduler fetched 0 requests with IDs: []
ThreadID: [150] TenantID: [] [2025-05-17 11:50:38,636]  INFO {APIM_GOV_AUDIT_LOG} - [Scheduler Thread Pool Status] :: Active Thread Count: 0 -- | -- Completed Task Count: 8 -- | -- Submitted Task Count: 8 -- | -- Queue Size: 0 -- | -- Core Pool Size: 20 -- | -- Maximum Pool Size: 20 -- | -- Current Pool Size: 8
ThreadID: [150] TenantID: [] [2025-05-17 11:50:38,637]  INFO {APIM_GOV_AUDIT_LOG} - [Delete Processing Requests] :: Deleted 0 long-lasting processing requests with IDs: []
ThreadID: [150] TenantID: [] [2025-05-17 11:50:38,637]  INFO {APIM_GOV_AUDIT_LOG} - [Fetch Requests] :: Scheduler fetched 0 requests with IDs: []
ThreadID: [150] TenantID: [] [2025-05-17 11:52:38,637]  INFO {APIM_GOV_AUDIT_LOG} - [Scheduler Thread Pool Status] :: Active Thread Count: 0 -- | -- Completed Task Count: 8 -- | -- Submitted Task Count: 8 -- | -- Queue Size: 0 -- | -- Core Pool Size: 20 -- | -- Maximum Pool Size: 20 -- | -- Current Pool Size: 8
ThreadID: [150] TenantID: [] [2025-05-17 11:52:38,638]  INFO {APIM_GOV_AUDIT_LOG} - [Delete Processing Requests] :: Deleted 0 long-lasting processing requests with IDs: []
ThreadID: [150] TenantID: [] [2025-05-17 11:52:38,638]  INFO {APIM_GOV_AUDIT_LOG} - [Fetch Requests] :: Scheduler fetched 0 requests with IDs: []
ThreadID: [150] TenantID: [] [2025-05-17 12:54:41,150]  INFO {APIM_GOV_AUDIT_LOG} - [Scheduler Thread Pool Status] :: Active Thread Count: 0 -- | -- Completed Task Count: 8 -- | -- Submitted Task Count: 8 -- | -- Queue Size: 0 -- | -- Core Pool Size: 20 -- | -- Maximum Pool Size: 20 -- | -- Current Pool Size: 8
ThreadID: [150] TenantID: [] [2025-05-17 12:54:41,180]  INFO {APIM_GOV_AUDIT_LOG} - [Delete Processing Requests] :: Deleted 0 long-lasting processing requests with IDs: []
ThreadID: [150] TenantID: [] [2025-05-17 12:54:41,180]  INFO {APIM_GOV_AUDIT_LOG} - [Fetch Requests] :: Scheduler fetched 0 requests with IDs: []
ThreadID: [150] TenantID: [] [2025-05-17 13:54:24,433]  INFO {APIM_GOV_AUDIT_LOG} - [Scheduler Thread Pool Status] :: Active Thread Count: 0 -- | -- Completed Task Count: 8 -- | -- Submitted Task Count: 8 -- | -- Queue Size: 0 -- | -- Core Pool Size: 20 -- | -- Maximum Pool Size: 20 -- | -- Current Pool Size: 8
ThreadID: [150] TenantID: [] [2025-05-17 13:54:24,479]  INFO {APIM_GOV_AUDIT_LOG} - [Delete Processing Requests] :: Deleted 0 long-lasting processing requests with IDs: []
ThreadID: [150] TenantID: [] [2025-05-17 13:54:24,479]  INFO {APIM_GOV_AUDIT_LOG} - [Fetch Requests] :: Scheduler fetched 0 requests with IDs: []
ThreadID: [150] TenantID: [] [2025-05-17 15:10:41,223]  INFO {APIM_GOV_AUDIT_LOG} - [Scheduler Thread Pool Status] :: Active Thread Count: 0 -- | -- Completed Task Count: 8 -- | -- Submitted Task Count: 8 -- | -- Queue Size: 0 -- | -- Core Pool Size: 20 -- | -- Maximum Pool Size: 20 -- | -- Current Pool Size: 8
ThreadID: [150] TenantID: [] [2025-05-17 15:10:41,256]  INFO {APIM_GOV_AUDIT_LOG} - [Delete Processing Requests] :: Deleted 0 long-lasting processing requests with IDs: []
ThreadID: [150] TenantID: [] [2025-05-17 15:10:41,256]  INFO {APIM_GOV_AUDIT_LOG} - [Fetch Requests] :: Scheduler fetched 0 requests with IDs: []
ThreadID: [150] TenantID: [] [2025-05-17 16:11:43,457]  INFO {APIM_GOV_AUDIT_LOG} - [Scheduler Thread Pool Status] :: Active Thread Count: 0 -- | -- Completed Task Count: 8 -- | -- Submitted Task Count: 8 -- | -- Queue Size: 0 -- | -- Core Pool Size: 20 -- | -- Maximum Pool Size: 20 -- | -- Current Pool Size: 8
ThreadID: [150] TenantID: [] [2025-05-17 16:11:43,490]  INFO {APIM_GOV_AUDIT_LOG} - [Delete Processing Requests] :: Deleted 0 long-lasting processing requests with IDs: []
ThreadID: [150] TenantID: [] [2025-05-17 16:11:43,491]  INFO {APIM_GOV_AUDIT_LOG} - [Fetch Requests] :: Scheduler fetched 0 requests with IDs: []
ThreadID: [150] TenantID: [] [2025-05-17 17:28:09,398]  INFO {APIM_GOV_AUDIT_LOG} - [Scheduler Thread Pool Status] :: Active Thread Count: 0 -- | -- Completed Task Count: 8 -- | -- Submitted Task Count: 8 -- | -- Queue Size: 0 -- | -- Core Pool Size: 20 -- | -- Maximum Pool Size: 20 -- | -- Current Pool Size: 8
ThreadID: [150] TenantID: [] [2025-05-17 17:28:09,428]  INFO {APIM_GOV_AUDIT_LOG} - [Delete Processing Requests] :: Deleted 0 long-lasting processing requests with IDs: []
ThreadID: [150] TenantID: [] [2025-05-17 17:28:09,428]  INFO {APIM_GOV_AUDIT_LOG} - [Fetch Requests] :: Scheduler fetched 0 requests with IDs: []
ThreadID: [150] TenantID: [] [2025-05-17 18:29:29,799]  INFO {APIM_GOV_AUDIT_LOG} - [Scheduler Thread Pool Status] :: Active Thread Count: 0 -- | -- Completed Task Count: 8 -- | -- Submitted Task Count: 8 -- | -- Queue Size: 0 -- | -- Core Pool Size: 20 -- | -- Maximum Pool Size: 20 -- | -- Current Pool Size: 8
ThreadID: [150] TenantID: [] [2025-05-17 18:29:29,863]  INFO {APIM_GOV_AUDIT_LOG} - [Delete Processing Requests] :: Deleted 0 long-lasting processing requests with IDs: []
ThreadID: [150] TenantID: [] [2025-05-17 18:29:29,863]  INFO {APIM_GOV_AUDIT_LOG} - [Fetch Requests] :: Scheduler fetched 0 requests with IDs: []
ThreadID: [150] TenantID: [] [2025-05-17 19:45:31,321]  INFO {APIM_GOV_AUDIT_LOG} - [Scheduler Thread Pool Status] :: Active Thread Count: 0 -- | -- Completed Task Count: 8 -- | -- Submitted Task Count: 8 -- | -- Queue Size: 0 -- | -- Core Pool Size: 20 -- | -- Maximum Pool Size: 20 -- | -- Current Pool Size: 8
ThreadID: [150] TenantID: [] [2025-05-17 19:45:31,354]  INFO {APIM_GOV_AUDIT_LOG} - [Delete Processing Requests] :: Deleted 0 long-lasting processing requests with IDs: []
ThreadID: [150] TenantID: [] [2025-05-17 19:45:31,354]  INFO {APIM_GOV_AUDIT_LOG} - [Fetch Requests] :: Scheduler fetched 0 requests with IDs: []
ThreadID: [150] TenantID: [] [2025-05-17 20:46:22,948]  INFO {APIM_GOV_AUDIT_LOG} - [Scheduler Thread Pool Status] :: Active Thread Count: 0 -- | -- Completed Task Count: 8 -- | -- Submitted Task Count: 8 -- | -- Queue Size: 0 -- | -- Core Pool Size: 20 -- | -- Maximum Pool Size: 20 -- | -- Current Pool Size: 8
ThreadID: [150] TenantID: [] [2025-05-17 20:46:22,979]  INFO {APIM_GOV_AUDIT_LOG} - [Delete Processing Requests] :: Deleted 0 long-lasting processing requests with IDs: []
ThreadID: [150] TenantID: [] [2025-05-17 20:46:22,979]  INFO {APIM_GOV_AUDIT_LOG} - [Fetch Requests] :: Scheduler fetched 0 requests with IDs: []
ThreadID: [150] TenantID: [] [2025-05-17 22:02:10,191]  INFO {APIM_GOV_AUDIT_LOG} - [Scheduler Thread Pool Status] :: Active Thread Count: 0 -- | -- Completed Task Count: 8 -- | -- Submitted Task Count: 8 -- | -- Queue Size: 0 -- | -- Core Pool Size: 20 -- | -- Maximum Pool Size: 20 -- | -- Current Pool Size: 8
ThreadID: [150] TenantID: [] [2025-05-17 22:02:10,218]  INFO {APIM_GOV_AUDIT_LOG} - [Delete Processing Requests] :: Deleted 0 long-lasting processing requests with IDs: []
ThreadID: [150] TenantID: [] [2025-05-17 22:02:10,218]  INFO {APIM_GOV_AUDIT_LOG} - [Fetch Requests] :: Scheduler fetched 0 requests with IDs: []
ThreadID: [150] TenantID: [] [2025-05-17 23:03:11,473]  INFO {APIM_GOV_AUDIT_LOG} - [Scheduler Thread Pool Status] :: Active Thread Count: 0 -- | -- Completed Task Count: 8 -- | -- Submitted Task Count: 8 -- | -- Queue Size: 0 -- | -- Core Pool Size: 20 -- | -- Maximum Pool Size: 20 -- | -- Current Pool Size: 8
ThreadID: [150] TenantID: [] [2025-05-17 23:03:11,514]  INFO {APIM_GOV_AUDIT_LOG} - [Delete Processing Requests] :: Deleted 0 long-lasting processing requests with IDs: []
ThreadID: [150] TenantID: [] [2025-05-17 23:03:11,514]  INFO {APIM_GOV_AUDIT_LOG} - [Fetch Requests] :: Scheduler fetched 0 requests with IDs: []
