ThreadID: [149] TenantID: [] [2025-05-12 00:01:31,867]  INFO {APIM_GOV_AUDIT_LOG} - [Scheduler Thread Pool Status] :: Active Thread Count: 0 -- | -- Completed Task Count: 0 -- | -- Submitted Task Count: 0 -- | -- Queue Size: 0 -- | -- Core Pool Size: 20 -- | -- Maximum Pool Size: 20 -- | -- Current Pool Size: 0
ThreadID: [149] TenantID: [] [2025-05-12 00:01:31,886]  INFO {APIM_GOV_AUDIT_LOG} - [Delete Processing Requests] :: Deleted 0 long-lasting processing requests with IDs: []
ThreadID: [149] TenantID: [] [2025-05-12 00:01:31,886]  INFO {APIM_GOV_AUDIT_LOG} - [Fetch Requests] :: Scheduler fetched 0 requests with IDs: []
ThreadID: [149] TenantID: [] [2025-05-12 00:03:31,866]  INFO {APIM_GOV_AUDIT_LOG} - [Scheduler Thread Pool Status] :: Active Thread Count: 0 -- | -- Completed Task Count: 0 -- | -- Submitted Task Count: 0 -- | -- Queue Size: 0 -- | -- Core Pool Size: 20 -- | -- Maximum Pool Size: 20 -- | -- Current Pool Size: 0
ThreadID: [149] TenantID: [] [2025-05-12 00:03:31,905]  INFO {APIM_GOV_AUDIT_LOG} - [Delete Processing Requests] :: Deleted 0 long-lasting processing requests with IDs: []
ThreadID: [149] TenantID: [] [2025-05-12 00:03:31,905]  INFO {APIM_GOV_AUDIT_LOG} - [Fetch Requests] :: Scheduler fetched 0 requests with IDs: []
ThreadID: [149] TenantID: [] [2025-05-12 00:05:31,867]  INFO {APIM_GOV_AUDIT_LOG} - [Scheduler Thread Pool Status] :: Active Thread Count: 0 -- | -- Completed Task Count: 0 -- | -- Submitted Task Count: 0 -- | -- Queue Size: 0 -- | -- Core Pool Size: 20 -- | -- Maximum Pool Size: 20 -- | -- Current Pool Size: 0
ThreadID: [149] TenantID: [] [2025-05-12 00:05:31,898]  INFO {APIM_GOV_AUDIT_LOG} - [Delete Processing Requests] :: Deleted 0 long-lasting processing requests with IDs: []
ThreadID: [149] TenantID: [] [2025-05-12 00:05:31,898]  INFO {APIM_GOV_AUDIT_LOG} - [Fetch Requests] :: Scheduler fetched 0 requests with IDs: []
ThreadID: [149] TenantID: [] [2025-05-12 00:07:31,862]  INFO {APIM_GOV_AUDIT_LOG} - [Scheduler Thread Pool Status] :: Active Thread Count: 0 -- | -- Completed Task Count: 0 -- | -- Submitted Task Count: 0 -- | -- Queue Size: 0 -- | -- Core Pool Size: 20 -- | -- Maximum Pool Size: 20 -- | -- Current Pool Size: 0
ThreadID: [149] TenantID: [] [2025-05-12 00:07:31,916]  INFO {APIM_GOV_AUDIT_LOG} - [Delete Processing Requests] :: Deleted 0 long-lasting processing requests with IDs: []
ThreadID: [149] TenantID: [] [2025-05-12 00:07:31,916]  INFO {APIM_GOV_AUDIT_LOG} - [Fetch Requests] :: Scheduler fetched 0 requests with IDs: []
ThreadID: [149] TenantID: [] [2025-05-12 00:09:31,865]  INFO {APIM_GOV_AUDIT_LOG} - [Scheduler Thread Pool Status] :: Active Thread Count: 0 -- | -- Completed Task Count: 0 -- | -- Submitted Task Count: 0 -- | -- Queue Size: 0 -- | -- Core Pool Size: 20 -- | -- Maximum Pool Size: 20 -- | -- Current Pool Size: 0
ThreadID: [149] TenantID: [] [2025-05-12 00:09:31,889]  INFO {APIM_GOV_AUDIT_LOG} - [Delete Processing Requests] :: Deleted 0 long-lasting processing requests with IDs: []
ThreadID: [149] TenantID: [] [2025-05-12 00:09:31,889]  INFO {APIM_GOV_AUDIT_LOG} - [Fetch Requests] :: Scheduler fetched 0 requests with IDs: []
ThreadID: [149] TenantID: [] [2025-05-12 00:11:31,864]  INFO {APIM_GOV_AUDIT_LOG} - [Scheduler Thread Pool Status] :: Active Thread Count: 0 -- | -- Completed Task Count: 0 -- | -- Submitted Task Count: 0 -- | -- Queue Size: 0 -- | -- Core Pool Size: 20 -- | -- Maximum Pool Size: 20 -- | -- Current Pool Size: 0
ThreadID: [149] TenantID: [] [2025-05-12 00:11:31,890]  INFO {APIM_GOV_AUDIT_LOG} - [Delete Processing Requests] :: Deleted 0 long-lasting processing requests with IDs: []
ThreadID: [149] TenantID: [] [2025-05-12 00:11:31,890]  INFO {APIM_GOV_AUDIT_LOG} - [Fetch Requests] :: Scheduler fetched 0 requests with IDs: []
ThreadID: [149] TenantID: [] [2025-05-12 00:17:02,214]  INFO {APIM_GOV_AUDIT_LOG} - [Scheduler Thread Pool Status] :: Active Thread Count: 0 -- | -- Completed Task Count: 0 -- | -- Submitted Task Count: 0 -- | -- Queue Size: 0 -- | -- Core Pool Size: 20 -- | -- Maximum Pool Size: 20 -- | -- Current Pool Size: 0
ThreadID: [149] TenantID: [] [2025-05-12 00:17:02,215]  INFO {APIM_GOV_AUDIT_LOG} - [Delete Processing Requests] :: Deleted 0 long-lasting processing requests with IDs: []
ThreadID: [149] TenantID: [] [2025-05-12 00:17:02,215]  INFO {APIM_GOV_AUDIT_LOG} - [Fetch Requests] :: Scheduler fetched 0 requests with IDs: []
ThreadID: [149] TenantID: [] [2025-05-12 00:19:02,217]  INFO {APIM_GOV_AUDIT_LOG} - [Scheduler Thread Pool Status] :: Active Thread Count: 0 -- | -- Completed Task Count: 0 -- | -- Submitted Task Count: 0 -- | -- Queue Size: 0 -- | -- Core Pool Size: 20 -- | -- Maximum Pool Size: 20 -- | -- Current Pool Size: 0
ThreadID: [149] TenantID: [] [2025-05-12 00:19:02,271]  INFO {APIM_GOV_AUDIT_LOG} - [Delete Processing Requests] :: Deleted 0 long-lasting processing requests with IDs: []
ThreadID: [149] TenantID: [] [2025-05-12 00:19:02,271]  INFO {APIM_GOV_AUDIT_LOG} - [Fetch Requests] :: Scheduler fetched 0 requests with IDs: []
ThreadID: [149] TenantID: [] [2025-05-12 00:21:02,219]  INFO {APIM_GOV_AUDIT_LOG} - [Scheduler Thread Pool Status] :: Active Thread Count: 0 -- | -- Completed Task Count: 0 -- | -- Submitted Task Count: 0 -- | -- Queue Size: 0 -- | -- Core Pool Size: 20 -- | -- Maximum Pool Size: 20 -- | -- Current Pool Size: 0
ThreadID: [149] TenantID: [] [2025-05-12 00:21:02,220]  INFO {APIM_GOV_AUDIT_LOG} - [Delete Processing Requests] :: Deleted 0 long-lasting processing requests with IDs: []
ThreadID: [149] TenantID: [] [2025-05-12 00:21:02,220]  INFO {APIM_GOV_AUDIT_LOG} - [Fetch Requests] :: Scheduler fetched 0 requests with IDs: []
ThreadID: [149] TenantID: [] [2025-05-12 00:23:02,219]  INFO {APIM_GOV_AUDIT_LOG} - [Scheduler Thread Pool Status] :: Active Thread Count: 0 -- | -- Completed Task Count: 0 -- | -- Submitted Task Count: 0 -- | -- Queue Size: 0 -- | -- Core Pool Size: 20 -- | -- Maximum Pool Size: 20 -- | -- Current Pool Size: 0
ThreadID: [149] TenantID: [] [2025-05-12 00:23:02,220]  INFO {APIM_GOV_AUDIT_LOG} - [Delete Processing Requests] :: Deleted 0 long-lasting processing requests with IDs: []
ThreadID: [149] TenantID: [] [2025-05-12 00:23:02,220]  INFO {APIM_GOV_AUDIT_LOG} - [Fetch Requests] :: Scheduler fetched 0 requests with IDs: []
ThreadID: [149] TenantID: [] [2025-05-12 00:25:02,218]  INFO {APIM_GOV_AUDIT_LOG} - [Scheduler Thread Pool Status] :: Active Thread Count: 0 -- | -- Completed Task Count: 0 -- | -- Submitted Task Count: 0 -- | -- Queue Size: 0 -- | -- Core Pool Size: 20 -- | -- Maximum Pool Size: 20 -- | -- Current Pool Size: 0
ThreadID: [149] TenantID: [] [2025-05-12 00:25:02,220]  INFO {APIM_GOV_AUDIT_LOG} - [Delete Processing Requests] :: Deleted 0 long-lasting processing requests with IDs: []
ThreadID: [149] TenantID: [] [2025-05-12 00:25:02,221]  INFO {APIM_GOV_AUDIT_LOG} - [Fetch Requests] :: Scheduler fetched 0 requests with IDs: []
ThreadID: [907] TenantID: [-1234] [2025-05-12 00:26:27,311]  INFO {APIM_GOV_AUDIT_LOG} - [New Async Eval Request] :: New compliance evaluation request for artifact 9831e519-1314-4b7b-b139-65c1842a4127 with policy IDs [f44e88a2-82da-4e86-ae84-7bfbc4b166e9]
ThreadID: [907] TenantID: [-1234] [2025-05-12 00:26:27,311]  INFO {APIM_GOV_AUDIT_LOG} - [New Async Eval Request] :: New compliance evaluation request for artifact 9831e519-1314-4b7b-b139-65c1842a4127 with policy IDs [f44e88a2-82da-4e86-ae84-7bfbc4b166e9]
ThreadID: [907] TenantID: [-1234] [2025-05-12 00:26:33,096]  INFO {APIM_GOV_AUDIT_LOG} - [New Async Eval Request] :: New compliance evaluation request for artifact 9831e519-1314-4b7b-b139-65c1842a4127 with policy IDs [f44e88a2-82da-4e86-ae84-7bfbc4b166e9]
ThreadID: [907] TenantID: [-1234] [2025-05-12 00:26:33,096]  INFO {APIM_GOV_AUDIT_LOG} - [New Async Eval Request] :: New compliance evaluation request for artifact 9831e519-1314-4b7b-b139-65c1842a4127 with policy IDs [f44e88a2-82da-4e86-ae84-7bfbc4b166e9]
ThreadID: [907] TenantID: [-1234] [2025-05-12 00:26:33,193]  INFO {APIM_GOV_AUDIT_LOG} - [New Async Eval Request] :: New compliance evaluation request for artifact 9831e519-1314-4b7b-b139-65c1842a4127 with policy IDs [f44e88a2-82da-4e86-ae84-7bfbc4b166e9]
ThreadID: [907] TenantID: [-1234] [2025-05-12 00:26:33,193]  INFO {APIM_GOV_AUDIT_LOG} - [New Async Eval Request] :: New compliance evaluation request for artifact 9831e519-1314-4b7b-b139-65c1842a4127 with policy IDs [f44e88a2-82da-4e86-ae84-7bfbc4b166e9]
ThreadID: [149] TenantID: [] [2025-05-12 00:27:02,217]  INFO {APIM_GOV_AUDIT_LOG} - [Scheduler Thread Pool Status] :: Active Thread Count: 0 -- | -- Completed Task Count: 0 -- | -- Submitted Task Count: 0 -- | -- Queue Size: 0 -- | -- Core Pool Size: 20 -- | -- Maximum Pool Size: 20 -- | -- Current Pool Size: 0
ThreadID: [149] TenantID: [] [2025-05-12 00:27:02,218]  INFO {APIM_GOV_AUDIT_LOG} - [Delete Processing Requests] :: Deleted 0 long-lasting processing requests with IDs: []
ThreadID: [149] TenantID: [] [2025-05-12 00:27:02,219]  INFO {APIM_GOV_AUDIT_LOG} - [Fetch Requests] :: Scheduler fetched 1 requests with IDs: [cb788ab3-1b81-493a-a473-242ca2fc6c0d]
ThreadID: [938] TenantID: [] [2025-05-12 00:27:02,220]  INFO {APIM_GOV_AUDIT_LOG} - [Async Eval Request] :: Processing request cb788ab3-1b81-493a-a473-242ca2fc6c0d for artifact 9831e519-1314-4b7b-b139-65c1842a4127 in carbon.super organization
ThreadID: [938] TenantID: [] [2025-05-12 00:27:02,325]  INFO {APIM_GOV_AUDIT_LOG} - [Async Eval Request] :: Validated artifact 9831e519-1314-4b7b-b139-65c1842a4127 in organization carbon.super against ruleset 688e2758-7646-4000-975a-4055f2d080bf
ThreadID: [938] TenantID: [] [2025-05-12 00:27:02,361]  INFO {APIM_GOV_AUDIT_LOG} - [Async Eval Request] :: Validated artifact 9831e519-1314-4b7b-b139-65c1842a4127 in organization carbon.super against ruleset be68f6b5-639e-4202-a29b-481db924d8f9
ThreadID: [938] TenantID: [] [2025-05-12 00:27:02,362]  INFO {APIM_GOV_AUDIT_LOG} - [Async Eval Request] :: Artifact 9831e519-1314-4b7b-b139-65c1842a4127 evaluated against policy f44e88a2-82da-4e86-ae84-7bfbc4b166e9 in organization carbon.super
ThreadID: [938] TenantID: [] [2025-05-12 00:27:02,363]  INFO {APIM_GOV_AUDIT_LOG} - [Async Eval Request] :: Request cb788ab3-1b81-493a-a473-242ca2fc6c0d processed successfully for artifact 9831e519-1314-4b7b-b139-65c1842a4127 in organization carbon.super
ThreadID: [149] TenantID: [] [2025-05-12 00:29:02,217]  INFO {APIM_GOV_AUDIT_LOG} - [Scheduler Thread Pool Status] :: Active Thread Count: 0 -- | -- Completed Task Count: 1 -- | -- Submitted Task Count: 1 -- | -- Queue Size: 0 -- | -- Core Pool Size: 20 -- | -- Maximum Pool Size: 20 -- | -- Current Pool Size: 1
ThreadID: [149] TenantID: [] [2025-05-12 00:29:02,218]  INFO {APIM_GOV_AUDIT_LOG} - [Delete Processing Requests] :: Deleted 0 long-lasting processing requests with IDs: []
ThreadID: [149] TenantID: [] [2025-05-12 00:29:02,218]  INFO {APIM_GOV_AUDIT_LOG} - [Fetch Requests] :: Scheduler fetched 0 requests with IDs: []
ThreadID: [149] TenantID: [] [2025-05-12 00:31:02,233]  INFO {APIM_GOV_AUDIT_LOG} - [Scheduler Thread Pool Status] :: Active Thread Count: 0 -- | -- Completed Task Count: 1 -- | -- Submitted Task Count: 1 -- | -- Queue Size: 0 -- | -- Core Pool Size: 20 -- | -- Maximum Pool Size: 20 -- | -- Current Pool Size: 1
ThreadID: [149] TenantID: [] [2025-05-12 00:31:02,233]  INFO {APIM_GOV_AUDIT_LOG} - [Delete Processing Requests] :: Deleted 0 long-lasting processing requests with IDs: []
ThreadID: [149] TenantID: [] [2025-05-12 00:31:02,233]  INFO {APIM_GOV_AUDIT_LOG} - [Fetch Requests] :: Scheduler fetched 0 requests with IDs: []
ThreadID: [149] TenantID: [] [2025-05-12 00:33:02,232]  INFO {APIM_GOV_AUDIT_LOG} - [Scheduler Thread Pool Status] :: Active Thread Count: 0 -- | -- Completed Task Count: 1 -- | -- Submitted Task Count: 1 -- | -- Queue Size: 0 -- | -- Core Pool Size: 20 -- | -- Maximum Pool Size: 20 -- | -- Current Pool Size: 1
ThreadID: [149] TenantID: [] [2025-05-12 00:33:02,274]  INFO {APIM_GOV_AUDIT_LOG} - [Delete Processing Requests] :: Deleted 0 long-lasting processing requests with IDs: []
ThreadID: [149] TenantID: [] [2025-05-12 00:33:02,274]  INFO {APIM_GOV_AUDIT_LOG} - [Fetch Requests] :: Scheduler fetched 0 requests with IDs: []
ThreadID: [149] TenantID: [] [2025-05-12 00:35:02,233]  INFO {APIM_GOV_AUDIT_LOG} - [Scheduler Thread Pool Status] :: Active Thread Count: 0 -- | -- Completed Task Count: 1 -- | -- Submitted Task Count: 1 -- | -- Queue Size: 0 -- | -- Core Pool Size: 20 -- | -- Maximum Pool Size: 20 -- | -- Current Pool Size: 1
ThreadID: [149] TenantID: [] [2025-05-12 00:35:02,281]  INFO {APIM_GOV_AUDIT_LOG} - [Delete Processing Requests] :: Deleted 0 long-lasting processing requests with IDs: []
ThreadID: [149] TenantID: [] [2025-05-12 00:35:02,281]  INFO {APIM_GOV_AUDIT_LOG} - [Fetch Requests] :: Scheduler fetched 0 requests with IDs: []
ThreadID: [149] TenantID: [] [2025-05-12 00:44:00,469]  INFO {APIM_GOV_AUDIT_LOG} - [Scheduler Thread Pool Status] :: Active Thread Count: 0 -- | -- Completed Task Count: 0 -- | -- Submitted Task Count: 0 -- | -- Queue Size: 0 -- | -- Core Pool Size: 20 -- | -- Maximum Pool Size: 20 -- | -- Current Pool Size: 0
ThreadID: [149] TenantID: [] [2025-05-12 00:44:00,470]  INFO {APIM_GOV_AUDIT_LOG} - [Delete Processing Requests] :: Deleted 0 long-lasting processing requests with IDs: []
ThreadID: [149] TenantID: [] [2025-05-12 00:44:00,470]  INFO {APIM_GOV_AUDIT_LOG} - [Fetch Requests] :: Scheduler fetched 0 requests with IDs: []
ThreadID: [149] TenantID: [] [2025-05-12 00:46:00,539]  INFO {APIM_GOV_AUDIT_LOG} - [Scheduler Thread Pool Status] :: Active Thread Count: 0 -- | -- Completed Task Count: 0 -- | -- Submitted Task Count: 0 -- | -- Queue Size: 0 -- | -- Core Pool Size: 20 -- | -- Maximum Pool Size: 20 -- | -- Current Pool Size: 0
ThreadID: [149] TenantID: [] [2025-05-12 00:46:00,581]  INFO {APIM_GOV_AUDIT_LOG} - [Delete Processing Requests] :: Deleted 0 long-lasting processing requests with IDs: []
ThreadID: [149] TenantID: [] [2025-05-12 00:46:00,581]  INFO {APIM_GOV_AUDIT_LOG} - [Fetch Requests] :: Scheduler fetched 0 requests with IDs: []
ThreadID: [149] TenantID: [] [2025-05-12 00:51:28,775]  INFO {APIM_GOV_AUDIT_LOG} - [Scheduler Thread Pool Status] :: Active Thread Count: 0 -- | -- Completed Task Count: 0 -- | -- Submitted Task Count: 0 -- | -- Queue Size: 0 -- | -- Core Pool Size: 20 -- | -- Maximum Pool Size: 20 -- | -- Current Pool Size: 0
ThreadID: [149] TenantID: [] [2025-05-12 00:51:28,775]  INFO {APIM_GOV_AUDIT_LOG} - [Delete Processing Requests] :: Deleted 0 long-lasting processing requests with IDs: []
ThreadID: [149] TenantID: [] [2025-05-12 00:51:28,776]  INFO {APIM_GOV_AUDIT_LOG} - [Fetch Requests] :: Scheduler fetched 0 requests with IDs: []
ThreadID: [149] TenantID: [] [2025-05-12 00:53:28,778]  INFO {APIM_GOV_AUDIT_LOG} - [Scheduler Thread Pool Status] :: Active Thread Count: 0 -- | -- Completed Task Count: 0 -- | -- Submitted Task Count: 0 -- | -- Queue Size: 0 -- | -- Core Pool Size: 20 -- | -- Maximum Pool Size: 20 -- | -- Current Pool Size: 0
ThreadID: [149] TenantID: [] [2025-05-12 00:53:28,780]  INFO {APIM_GOV_AUDIT_LOG} - [Delete Processing Requests] :: Deleted 0 long-lasting processing requests with IDs: []
ThreadID: [149] TenantID: [] [2025-05-12 00:53:28,780]  INFO {APIM_GOV_AUDIT_LOG} - [Fetch Requests] :: Scheduler fetched 0 requests with IDs: []
ThreadID: [149] TenantID: [] [2025-05-12 00:55:28,780]  INFO {APIM_GOV_AUDIT_LOG} - [Scheduler Thread Pool Status] :: Active Thread Count: 0 -- | -- Completed Task Count: 0 -- | -- Submitted Task Count: 0 -- | -- Queue Size: 0 -- | -- Core Pool Size: 20 -- | -- Maximum Pool Size: 20 -- | -- Current Pool Size: 0
ThreadID: [149] TenantID: [] [2025-05-12 00:55:28,781]  INFO {APIM_GOV_AUDIT_LOG} - [Delete Processing Requests] :: Deleted 0 long-lasting processing requests with IDs: []
ThreadID: [149] TenantID: [] [2025-05-12 00:55:28,782]  INFO {APIM_GOV_AUDIT_LOG} - [Fetch Requests] :: Scheduler fetched 0 requests with IDs: []
ThreadID: [149] TenantID: [] [2025-05-12 00:56:33,924]  INFO {APIM_GOV_AUDIT_LOG} - [Scheduler Thread Pool Status] :: Active Thread Count: 0 -- | -- Completed Task Count: 0 -- | -- Submitted Task Count: 0 -- | -- Queue Size: 0 -- | -- Core Pool Size: 20 -- | -- Maximum Pool Size: 20 -- | -- Current Pool Size: 0
ThreadID: [149] TenantID: [] [2025-05-12 00:56:33,924]  INFO {APIM_GOV_AUDIT_LOG} - [Delete Processing Requests] :: Deleted 0 long-lasting processing requests with IDs: []
ThreadID: [149] TenantID: [] [2025-05-12 00:56:33,925]  INFO {APIM_GOV_AUDIT_LOG} - [Fetch Requests] :: Scheduler fetched 0 requests with IDs: []
ThreadID: [149] TenantID: [] [2025-05-12 00:58:33,929]  INFO {APIM_GOV_AUDIT_LOG} - [Scheduler Thread Pool Status] :: Active Thread Count: 0 -- | -- Completed Task Count: 0 -- | -- Submitted Task Count: 0 -- | -- Queue Size: 0 -- | -- Core Pool Size: 20 -- | -- Maximum Pool Size: 20 -- | -- Current Pool Size: 0
ThreadID: [149] TenantID: [] [2025-05-12 00:58:33,930]  INFO {APIM_GOV_AUDIT_LOG} - [Delete Processing Requests] :: Deleted 0 long-lasting processing requests with IDs: []
ThreadID: [149] TenantID: [] [2025-05-12 00:58:33,930]  INFO {APIM_GOV_AUDIT_LOG} - [Fetch Requests] :: Scheduler fetched 0 requests with IDs: []
ThreadID: [149] TenantID: [] [2025-05-12 01:00:33,932]  INFO {APIM_GOV_AUDIT_LOG} - [Scheduler Thread Pool Status] :: Active Thread Count: 0 -- | -- Completed Task Count: 0 -- | -- Submitted Task Count: 0 -- | -- Queue Size: 0 -- | -- Core Pool Size: 20 -- | -- Maximum Pool Size: 20 -- | -- Current Pool Size: 0
ThreadID: [149] TenantID: [] [2025-05-12 01:00:33,933]  INFO {APIM_GOV_AUDIT_LOG} - [Delete Processing Requests] :: Deleted 0 long-lasting processing requests with IDs: []
ThreadID: [149] TenantID: [] [2025-05-12 01:00:33,933]  INFO {APIM_GOV_AUDIT_LOG} - [Fetch Requests] :: Scheduler fetched 0 requests with IDs: []
ThreadID: [149] TenantID: [] [2025-05-12 01:02:33,914]  INFO {APIM_GOV_AUDIT_LOG} - [Scheduler Thread Pool Status] :: Active Thread Count: 0 -- | -- Completed Task Count: 0 -- | -- Submitted Task Count: 0 -- | -- Queue Size: 0 -- | -- Core Pool Size: 20 -- | -- Maximum Pool Size: 20 -- | -- Current Pool Size: 0
ThreadID: [149] TenantID: [] [2025-05-12 01:02:33,969]  INFO {APIM_GOV_AUDIT_LOG} - [Delete Processing Requests] :: Deleted 0 long-lasting processing requests with IDs: []
ThreadID: [149] TenantID: [] [2025-05-12 01:02:33,969]  INFO {APIM_GOV_AUDIT_LOG} - [Fetch Requests] :: Scheduler fetched 0 requests with IDs: []
ThreadID: [149] TenantID: [] [2025-05-12 01:06:37,417]  INFO {APIM_GOV_AUDIT_LOG} - [Scheduler Thread Pool Status] :: Active Thread Count: 0 -- | -- Completed Task Count: 0 -- | -- Submitted Task Count: 0 -- | -- Queue Size: 0 -- | -- Core Pool Size: 20 -- | -- Maximum Pool Size: 20 -- | -- Current Pool Size: 0
ThreadID: [149] TenantID: [] [2025-05-12 01:06:37,417]  INFO {APIM_GOV_AUDIT_LOG} - [Delete Processing Requests] :: Deleted 0 long-lasting processing requests with IDs: []
ThreadID: [149] TenantID: [] [2025-05-12 01:06:37,418]  INFO {APIM_GOV_AUDIT_LOG} - [Fetch Requests] :: Scheduler fetched 0 requests with IDs: []
ThreadID: [149] TenantID: [] [2025-05-12 01:08:37,422]  INFO {APIM_GOV_AUDIT_LOG} - [Scheduler Thread Pool Status] :: Active Thread Count: 0 -- | -- Completed Task Count: 0 -- | -- Submitted Task Count: 0 -- | -- Queue Size: 0 -- | -- Core Pool Size: 20 -- | -- Maximum Pool Size: 20 -- | -- Current Pool Size: 0
ThreadID: [149] TenantID: [] [2025-05-12 01:08:37,426]  INFO {APIM_GOV_AUDIT_LOG} - [Delete Processing Requests] :: Deleted 0 long-lasting processing requests with IDs: []
ThreadID: [149] TenantID: [] [2025-05-12 01:08:37,426]  INFO {APIM_GOV_AUDIT_LOG} - [Fetch Requests] :: Scheduler fetched 0 requests with IDs: []
ThreadID: [149] TenantID: [] [2025-05-12 01:10:37,424]  INFO {APIM_GOV_AUDIT_LOG} - [Scheduler Thread Pool Status] :: Active Thread Count: 0 -- | -- Completed Task Count: 0 -- | -- Submitted Task Count: 0 -- | -- Queue Size: 0 -- | -- Core Pool Size: 20 -- | -- Maximum Pool Size: 20 -- | -- Current Pool Size: 0
ThreadID: [149] TenantID: [] [2025-05-12 01:10:37,468]  INFO {APIM_GOV_AUDIT_LOG} - [Delete Processing Requests] :: Deleted 0 long-lasting processing requests with IDs: []
ThreadID: [149] TenantID: [] [2025-05-12 01:10:37,468]  INFO {APIM_GOV_AUDIT_LOG} - [Fetch Requests] :: Scheduler fetched 0 requests with IDs: []
ThreadID: [149] TenantID: [] [2025-05-12 01:14:32,824]  INFO {APIM_GOV_AUDIT_LOG} - [Scheduler Thread Pool Status] :: Active Thread Count: 0 -- | -- Completed Task Count: 0 -- | -- Submitted Task Count: 0 -- | -- Queue Size: 0 -- | -- Core Pool Size: 20 -- | -- Maximum Pool Size: 20 -- | -- Current Pool Size: 0
ThreadID: [149] TenantID: [] [2025-05-12 01:14:32,824]  INFO {APIM_GOV_AUDIT_LOG} - [Delete Processing Requests] :: Deleted 0 long-lasting processing requests with IDs: []
ThreadID: [149] TenantID: [] [2025-05-12 01:14:32,825]  INFO {APIM_GOV_AUDIT_LOG} - [Fetch Requests] :: Scheduler fetched 0 requests with IDs: []
ThreadID: [149] TenantID: [] [2025-05-12 01:16:32,828]  INFO {APIM_GOV_AUDIT_LOG} - [Scheduler Thread Pool Status] :: Active Thread Count: 0 -- | -- Completed Task Count: 0 -- | -- Submitted Task Count: 0 -- | -- Queue Size: 0 -- | -- Core Pool Size: 20 -- | -- Maximum Pool Size: 20 -- | -- Current Pool Size: 0
ThreadID: [149] TenantID: [] [2025-05-12 01:16:32,866]  INFO {APIM_GOV_AUDIT_LOG} - [Delete Processing Requests] :: Deleted 0 long-lasting processing requests with IDs: []
ThreadID: [149] TenantID: [] [2025-05-12 01:16:32,866]  INFO {APIM_GOV_AUDIT_LOG} - [Fetch Requests] :: Scheduler fetched 0 requests with IDs: []
ThreadID: [149] TenantID: [] [2025-05-12 01:18:32,829]  INFO {APIM_GOV_AUDIT_LOG} - [Scheduler Thread Pool Status] :: Active Thread Count: 0 -- | -- Completed Task Count: 0 -- | -- Submitted Task Count: 0 -- | -- Queue Size: 0 -- | -- Core Pool Size: 20 -- | -- Maximum Pool Size: 20 -- | -- Current Pool Size: 0
ThreadID: [149] TenantID: [] [2025-05-12 01:18:32,878]  INFO {APIM_GOV_AUDIT_LOG} - [Delete Processing Requests] :: Deleted 0 long-lasting processing requests with IDs: []
ThreadID: [149] TenantID: [] [2025-05-12 01:18:32,878]  INFO {APIM_GOV_AUDIT_LOG} - [Fetch Requests] :: Scheduler fetched 0 requests with IDs: []
ThreadID: [149] TenantID: [] [2025-05-12 01:20:32,833]  INFO {APIM_GOV_AUDIT_LOG} - [Scheduler Thread Pool Status] :: Active Thread Count: 0 -- | -- Completed Task Count: 0 -- | -- Submitted Task Count: 0 -- | -- Queue Size: 0 -- | -- Core Pool Size: 20 -- | -- Maximum Pool Size: 20 -- | -- Current Pool Size: 0
ThreadID: [149] TenantID: [] [2025-05-12 01:20:32,883]  INFO {APIM_GOV_AUDIT_LOG} - [Delete Processing Requests] :: Deleted 0 long-lasting processing requests with IDs: []
ThreadID: [149] TenantID: [] [2025-05-12 01:20:32,883]  INFO {APIM_GOV_AUDIT_LOG} - [Fetch Requests] :: Scheduler fetched 0 requests with IDs: []
ThreadID: [149] TenantID: [] [2025-05-12 01:22:32,835]  INFO {APIM_GOV_AUDIT_LOG} - [Scheduler Thread Pool Status] :: Active Thread Count: 0 -- | -- Completed Task Count: 0 -- | -- Submitted Task Count: 0 -- | -- Queue Size: 0 -- | -- Core Pool Size: 20 -- | -- Maximum Pool Size: 20 -- | -- Current Pool Size: 0
ThreadID: [149] TenantID: [] [2025-05-12 01:22:32,882]  INFO {APIM_GOV_AUDIT_LOG} - [Delete Processing Requests] :: Deleted 0 long-lasting processing requests with IDs: []
ThreadID: [149] TenantID: [] [2025-05-12 01:22:32,882]  INFO {APIM_GOV_AUDIT_LOG} - [Fetch Requests] :: Scheduler fetched 0 requests with IDs: []
ThreadID: [149] TenantID: [] [2025-05-12 01:24:32,836]  INFO {APIM_GOV_AUDIT_LOG} - [Scheduler Thread Pool Status] :: Active Thread Count: 0 -- | -- Completed Task Count: 0 -- | -- Submitted Task Count: 0 -- | -- Queue Size: 0 -- | -- Core Pool Size: 20 -- | -- Maximum Pool Size: 20 -- | -- Current Pool Size: 0
ThreadID: [149] TenantID: [] [2025-05-12 01:24:32,852]  INFO {APIM_GOV_AUDIT_LOG} - [Delete Processing Requests] :: Deleted 0 long-lasting processing requests with IDs: []
ThreadID: [149] TenantID: [] [2025-05-12 01:24:32,852]  INFO {APIM_GOV_AUDIT_LOG} - [Fetch Requests] :: Scheduler fetched 0 requests with IDs: []
ThreadID: [149] TenantID: [] [2025-05-12 01:26:32,838]  INFO {APIM_GOV_AUDIT_LOG} - [Scheduler Thread Pool Status] :: Active Thread Count: 0 -- | -- Completed Task Count: 0 -- | -- Submitted Task Count: 0 -- | -- Queue Size: 0 -- | -- Core Pool Size: 20 -- | -- Maximum Pool Size: 20 -- | -- Current Pool Size: 0
ThreadID: [149] TenantID: [] [2025-05-12 01:26:32,878]  INFO {APIM_GOV_AUDIT_LOG} - [Delete Processing Requests] :: Deleted 0 long-lasting processing requests with IDs: []
ThreadID: [149] TenantID: [] [2025-05-12 01:26:32,878]  INFO {APIM_GOV_AUDIT_LOG} - [Fetch Requests] :: Scheduler fetched 0 requests with IDs: []
ThreadID: [149] TenantID: [] [2025-05-12 02:28:34,065]  INFO {APIM_GOV_AUDIT_LOG} - [Scheduler Thread Pool Status] :: Active Thread Count: 0 -- | -- Completed Task Count: 0 -- | -- Submitted Task Count: 0 -- | -- Queue Size: 0 -- | -- Core Pool Size: 20 -- | -- Maximum Pool Size: 20 -- | -- Current Pool Size: 0
ThreadID: [149] TenantID: [] [2025-05-12 02:28:34,105]  INFO {APIM_GOV_AUDIT_LOG} - [Delete Processing Requests] :: Deleted 0 long-lasting processing requests with IDs: []
ThreadID: [149] TenantID: [] [2025-05-12 02:28:34,105]  INFO {APIM_GOV_AUDIT_LOG} - [Fetch Requests] :: Scheduler fetched 0 requests with IDs: []
ThreadID: [149] TenantID: [] [2025-05-12 03:59:51,802]  INFO {APIM_GOV_AUDIT_LOG} - [Scheduler Thread Pool Status] :: Active Thread Count: 0 -- | -- Completed Task Count: 0 -- | -- Submitted Task Count: 0 -- | -- Queue Size: 0 -- | -- Core Pool Size: 20 -- | -- Maximum Pool Size: 20 -- | -- Current Pool Size: 0
ThreadID: [149] TenantID: [] [2025-05-12 03:59:51,821]  INFO {APIM_GOV_AUDIT_LOG} - [Delete Processing Requests] :: Deleted 0 long-lasting processing requests with IDs: []
ThreadID: [149] TenantID: [] [2025-05-12 03:59:51,821]  INFO {APIM_GOV_AUDIT_LOG} - [Fetch Requests] :: Scheduler fetched 0 requests with IDs: []
ThreadID: [149] TenantID: [] [2025-05-12 05:16:15,044]  INFO {APIM_GOV_AUDIT_LOG} - [Scheduler Thread Pool Status] :: Active Thread Count: 0 -- | -- Completed Task Count: 0 -- | -- Submitted Task Count: 0 -- | -- Queue Size: 0 -- | -- Core Pool Size: 20 -- | -- Maximum Pool Size: 20 -- | -- Current Pool Size: 0
ThreadID: [149] TenantID: [] [2025-05-12 05:16:15,079]  INFO {APIM_GOV_AUDIT_LOG} - [Delete Processing Requests] :: Deleted 0 long-lasting processing requests with IDs: []
ThreadID: [149] TenantID: [] [2025-05-12 05:16:15,079]  INFO {APIM_GOV_AUDIT_LOG} - [Fetch Requests] :: Scheduler fetched 0 requests with IDs: []
ThreadID: [149] TenantID: [] [2025-05-12 06:21:06,708]  INFO {APIM_GOV_AUDIT_LOG} - [Scheduler Thread Pool Status] :: Active Thread Count: 0 -- | -- Completed Task Count: 0 -- | -- Submitted Task Count: 0 -- | -- Queue Size: 0 -- | -- Core Pool Size: 20 -- | -- Maximum Pool Size: 20 -- | -- Current Pool Size: 0
ThreadID: [149] TenantID: [] [2025-05-12 06:21:06,738]  INFO {APIM_GOV_AUDIT_LOG} - [Delete Processing Requests] :: Deleted 0 long-lasting processing requests with IDs: []
ThreadID: [149] TenantID: [] [2025-05-12 06:21:06,738]  INFO {APIM_GOV_AUDIT_LOG} - [Fetch Requests] :: Scheduler fetched 0 requests with IDs: []
ThreadID: [149] TenantID: [] [2025-05-12 07:32:57,436]  INFO {APIM_GOV_AUDIT_LOG} - [Scheduler Thread Pool Status] :: Active Thread Count: 0 -- | -- Completed Task Count: 0 -- | -- Submitted Task Count: 0 -- | -- Queue Size: 0 -- | -- Core Pool Size: 20 -- | -- Maximum Pool Size: 20 -- | -- Current Pool Size: 0
ThreadID: [149] TenantID: [] [2025-05-12 07:32:57,473]  INFO {APIM_GOV_AUDIT_LOG} - [Delete Processing Requests] :: Deleted 0 long-lasting processing requests with IDs: []
ThreadID: [149] TenantID: [] [2025-05-12 07:32:57,473]  INFO {APIM_GOV_AUDIT_LOG} - [Fetch Requests] :: Scheduler fetched 0 requests with IDs: []
ThreadID: [149] TenantID: [] [2025-05-12 08:34:12,352]  INFO {APIM_GOV_AUDIT_LOG} - [Scheduler Thread Pool Status] :: Active Thread Count: 0 -- | -- Completed Task Count: 0 -- | -- Submitted Task Count: 0 -- | -- Queue Size: 0 -- | -- Core Pool Size: 20 -- | -- Maximum Pool Size: 20 -- | -- Current Pool Size: 0
ThreadID: [149] TenantID: [] [2025-05-12 08:34:12,391]  INFO {APIM_GOV_AUDIT_LOG} - [Delete Processing Requests] :: Deleted 0 long-lasting processing requests with IDs: []
ThreadID: [149] TenantID: [] [2025-05-12 08:34:12,391]  INFO {APIM_GOV_AUDIT_LOG} - [Fetch Requests] :: Scheduler fetched 0 requests with IDs: []
ThreadID: [149] TenantID: [] [2025-05-12 09:50:31,652]  INFO {APIM_GOV_AUDIT_LOG} - [Scheduler Thread Pool Status] :: Active Thread Count: 0 -- | -- Completed Task Count: 0 -- | -- Submitted Task Count: 0 -- | -- Queue Size: 0 -- | -- Core Pool Size: 20 -- | -- Maximum Pool Size: 20 -- | -- Current Pool Size: 0
ThreadID: [149] TenantID: [] [2025-05-12 09:50:31,684]  INFO {APIM_GOV_AUDIT_LOG} - [Delete Processing Requests] :: Deleted 0 long-lasting processing requests with IDs: []
ThreadID: [149] TenantID: [] [2025-05-12 09:50:31,684]  INFO {APIM_GOV_AUDIT_LOG} - [Fetch Requests] :: Scheduler fetched 0 requests with IDs: []
ThreadID: [149] TenantID: [] [2025-05-12 10:51:38,502]  INFO {APIM_GOV_AUDIT_LOG} - [Scheduler Thread Pool Status] :: Active Thread Count: 0 -- | -- Completed Task Count: 0 -- | -- Submitted Task Count: 0 -- | -- Queue Size: 0 -- | -- Core Pool Size: 20 -- | -- Maximum Pool Size: 20 -- | -- Current Pool Size: 0
ThreadID: [149] TenantID: [] [2025-05-12 10:51:38,541]  INFO {APIM_GOV_AUDIT_LOG} - [Delete Processing Requests] :: Deleted 0 long-lasting processing requests with IDs: []
ThreadID: [149] TenantID: [] [2025-05-12 10:51:38,541]  INFO {APIM_GOV_AUDIT_LOG} - [Fetch Requests] :: Scheduler fetched 0 requests with IDs: []
ThreadID: [149] TenantID: [] [2025-05-12 11:25:53,036]  INFO {APIM_GOV_AUDIT_LOG} - [Scheduler Thread Pool Status] :: Active Thread Count: 0 -- | -- Completed Task Count: 0 -- | -- Submitted Task Count: 0 -- | -- Queue Size: 0 -- | -- Core Pool Size: 20 -- | -- Maximum Pool Size: 20 -- | -- Current Pool Size: 0
ThreadID: [149] TenantID: [] [2025-05-12 11:25:53,067]  INFO {APIM_GOV_AUDIT_LOG} - [Delete Processing Requests] :: Deleted 0 long-lasting processing requests with IDs: []
ThreadID: [149] TenantID: [] [2025-05-12 11:25:53,068]  INFO {APIM_GOV_AUDIT_LOG} - [Fetch Requests] :: Scheduler fetched 0 requests with IDs: []
ThreadID: [149] TenantID: [] [2025-05-12 11:27:53,030]  INFO {APIM_GOV_AUDIT_LOG} - [Scheduler Thread Pool Status] :: Active Thread Count: 0 -- | -- Completed Task Count: 0 -- | -- Submitted Task Count: 0 -- | -- Queue Size: 0 -- | -- Core Pool Size: 20 -- | -- Maximum Pool Size: 20 -- | -- Current Pool Size: 0
ThreadID: [149] TenantID: [] [2025-05-12 11:27:53,064]  INFO {APIM_GOV_AUDIT_LOG} - [Delete Processing Requests] :: Deleted 0 long-lasting processing requests with IDs: []
ThreadID: [149] TenantID: [] [2025-05-12 11:27:53,064]  INFO {APIM_GOV_AUDIT_LOG} - [Fetch Requests] :: Scheduler fetched 0 requests with IDs: []
ThreadID: [149] TenantID: [] [2025-05-12 11:29:53,030]  INFO {APIM_GOV_AUDIT_LOG} - [Scheduler Thread Pool Status] :: Active Thread Count: 0 -- | -- Completed Task Count: 0 -- | -- Submitted Task Count: 0 -- | -- Queue Size: 0 -- | -- Core Pool Size: 20 -- | -- Maximum Pool Size: 20 -- | -- Current Pool Size: 0
ThreadID: [149] TenantID: [] [2025-05-12 11:29:53,058]  INFO {APIM_GOV_AUDIT_LOG} - [Delete Processing Requests] :: Deleted 0 long-lasting processing requests with IDs: []
ThreadID: [149] TenantID: [] [2025-05-12 11:29:53,058]  INFO {APIM_GOV_AUDIT_LOG} - [Fetch Requests] :: Scheduler fetched 0 requests with IDs: []
ThreadID: [149] TenantID: [] [2025-05-12 11:31:53,027]  INFO {APIM_GOV_AUDIT_LOG} - [Scheduler Thread Pool Status] :: Active Thread Count: 0 -- | -- Completed Task Count: 0 -- | -- Submitted Task Count: 0 -- | -- Queue Size: 0 -- | -- Core Pool Size: 20 -- | -- Maximum Pool Size: 20 -- | -- Current Pool Size: 0
ThreadID: [149] TenantID: [] [2025-05-12 11:31:53,048]  INFO {APIM_GOV_AUDIT_LOG} - [Delete Processing Requests] :: Deleted 0 long-lasting processing requests with IDs: []
ThreadID: [149] TenantID: [] [2025-05-12 11:31:53,049]  INFO {APIM_GOV_AUDIT_LOG} - [Fetch Requests] :: Scheduler fetched 0 requests with IDs: []
ThreadID: [149] TenantID: [] [2025-05-12 11:33:53,023]  INFO {APIM_GOV_AUDIT_LOG} - [Scheduler Thread Pool Status] :: Active Thread Count: 0 -- | -- Completed Task Count: 0 -- | -- Submitted Task Count: 0 -- | -- Queue Size: 0 -- | -- Core Pool Size: 20 -- | -- Maximum Pool Size: 20 -- | -- Current Pool Size: 0
ThreadID: [149] TenantID: [] [2025-05-12 11:33:53,054]  INFO {APIM_GOV_AUDIT_LOG} - [Delete Processing Requests] :: Deleted 0 long-lasting processing requests with IDs: []
ThreadID: [149] TenantID: [] [2025-05-12 11:33:53,054]  INFO {APIM_GOV_AUDIT_LOG} - [Fetch Requests] :: Scheduler fetched 0 requests with IDs: []
ThreadID: [149] TenantID: [] [2025-05-12 11:35:53,026]  INFO {APIM_GOV_AUDIT_LOG} - [Scheduler Thread Pool Status] :: Active Thread Count: 0 -- | -- Completed Task Count: 0 -- | -- Submitted Task Count: 0 -- | -- Queue Size: 0 -- | -- Core Pool Size: 20 -- | -- Maximum Pool Size: 20 -- | -- Current Pool Size: 0
ThreadID: [149] TenantID: [] [2025-05-12 11:35:53,054]  INFO {APIM_GOV_AUDIT_LOG} - [Delete Processing Requests] :: Deleted 0 long-lasting processing requests with IDs: []
ThreadID: [149] TenantID: [] [2025-05-12 11:35:53,054]  INFO {APIM_GOV_AUDIT_LOG} - [Fetch Requests] :: Scheduler fetched 0 requests with IDs: []
ThreadID: [149] TenantID: [] [2025-05-12 11:37:53,026]  INFO {APIM_GOV_AUDIT_LOG} - [Scheduler Thread Pool Status] :: Active Thread Count: 0 -- | -- Completed Task Count: 0 -- | -- Submitted Task Count: 0 -- | -- Queue Size: 0 -- | -- Core Pool Size: 20 -- | -- Maximum Pool Size: 20 -- | -- Current Pool Size: 0
ThreadID: [149] TenantID: [] [2025-05-12 11:37:53,059]  INFO {APIM_GOV_AUDIT_LOG} - [Delete Processing Requests] :: Deleted 0 long-lasting processing requests with IDs: []
ThreadID: [149] TenantID: [] [2025-05-12 11:37:53,059]  INFO {APIM_GOV_AUDIT_LOG} - [Fetch Requests] :: Scheduler fetched 0 requests with IDs: []
ThreadID: [149] TenantID: [] [2025-05-12 11:39:53,024]  INFO {APIM_GOV_AUDIT_LOG} - [Scheduler Thread Pool Status] :: Active Thread Count: 0 -- | -- Completed Task Count: 0 -- | -- Submitted Task Count: 0 -- | -- Queue Size: 0 -- | -- Core Pool Size: 20 -- | -- Maximum Pool Size: 20 -- | -- Current Pool Size: 0
ThreadID: [149] TenantID: [] [2025-05-12 11:39:53,034]  INFO {APIM_GOV_AUDIT_LOG} - [Delete Processing Requests] :: Deleted 0 long-lasting processing requests with IDs: []
ThreadID: [149] TenantID: [] [2025-05-12 11:39:53,034]  INFO {APIM_GOV_AUDIT_LOG} - [Fetch Requests] :: Scheduler fetched 0 requests with IDs: []
ThreadID: [149] TenantID: [] [2025-05-12 11:41:53,030]  INFO {APIM_GOV_AUDIT_LOG} - [Scheduler Thread Pool Status] :: Active Thread Count: 0 -- | -- Completed Task Count: 0 -- | -- Submitted Task Count: 0 -- | -- Queue Size: 0 -- | -- Core Pool Size: 20 -- | -- Maximum Pool Size: 20 -- | -- Current Pool Size: 0
ThreadID: [149] TenantID: [] [2025-05-12 11:41:53,063]  INFO {APIM_GOV_AUDIT_LOG} - [Delete Processing Requests] :: Deleted 0 long-lasting processing requests with IDs: []
ThreadID: [149] TenantID: [] [2025-05-12 11:41:53,063]  INFO {APIM_GOV_AUDIT_LOG} - [Fetch Requests] :: Scheduler fetched 0 requests with IDs: []
ThreadID: [149] TenantID: [] [2025-05-12 11:43:53,029]  INFO {APIM_GOV_AUDIT_LOG} - [Scheduler Thread Pool Status] :: Active Thread Count: 0 -- | -- Completed Task Count: 0 -- | -- Submitted Task Count: 0 -- | -- Queue Size: 0 -- | -- Core Pool Size: 20 -- | -- Maximum Pool Size: 20 -- | -- Current Pool Size: 0
ThreadID: [149] TenantID: [] [2025-05-12 11:43:53,062]  INFO {APIM_GOV_AUDIT_LOG} - [Delete Processing Requests] :: Deleted 0 long-lasting processing requests with IDs: []
ThreadID: [149] TenantID: [] [2025-05-12 11:43:53,062]  INFO {APIM_GOV_AUDIT_LOG} - [Fetch Requests] :: Scheduler fetched 0 requests with IDs: []
ThreadID: [149] TenantID: [] [2025-05-12 11:45:53,031]  INFO {APIM_GOV_AUDIT_LOG} - [Scheduler Thread Pool Status] :: Active Thread Count: 0 -- | -- Completed Task Count: 0 -- | -- Submitted Task Count: 0 -- | -- Queue Size: 0 -- | -- Core Pool Size: 20 -- | -- Maximum Pool Size: 20 -- | -- Current Pool Size: 0
ThreadID: [149] TenantID: [] [2025-05-12 11:45:53,058]  INFO {APIM_GOV_AUDIT_LOG} - [Delete Processing Requests] :: Deleted 0 long-lasting processing requests with IDs: []
ThreadID: [149] TenantID: [] [2025-05-12 11:45:53,058]  INFO {APIM_GOV_AUDIT_LOG} - [Fetch Requests] :: Scheduler fetched 0 requests with IDs: []
ThreadID: [149] TenantID: [] [2025-05-12 11:47:53,030]  INFO {APIM_GOV_AUDIT_LOG} - [Scheduler Thread Pool Status] :: Active Thread Count: 0 -- | -- Completed Task Count: 0 -- | -- Submitted Task Count: 0 -- | -- Queue Size: 0 -- | -- Core Pool Size: 20 -- | -- Maximum Pool Size: 20 -- | -- Current Pool Size: 0
ThreadID: [149] TenantID: [] [2025-05-12 11:47:53,066]  INFO {APIM_GOV_AUDIT_LOG} - [Delete Processing Requests] :: Deleted 0 long-lasting processing requests with IDs: []
ThreadID: [149] TenantID: [] [2025-05-12 11:47:53,066]  INFO {APIM_GOV_AUDIT_LOG} - [Fetch Requests] :: Scheduler fetched 0 requests with IDs: []
ThreadID: [149] TenantID: [] [2025-05-12 11:49:53,029]  INFO {APIM_GOV_AUDIT_LOG} - [Scheduler Thread Pool Status] :: Active Thread Count: 0 -- | -- Completed Task Count: 0 -- | -- Submitted Task Count: 0 -- | -- Queue Size: 0 -- | -- Core Pool Size: 20 -- | -- Maximum Pool Size: 20 -- | -- Current Pool Size: 0
ThreadID: [149] TenantID: [] [2025-05-12 11:49:53,058]  INFO {APIM_GOV_AUDIT_LOG} - [Delete Processing Requests] :: Deleted 0 long-lasting processing requests with IDs: []
ThreadID: [149] TenantID: [] [2025-05-12 11:49:53,058]  INFO {APIM_GOV_AUDIT_LOG} - [Fetch Requests] :: Scheduler fetched 0 requests with IDs: []
ThreadID: [149] TenantID: [] [2025-05-12 11:51:53,026]  INFO {APIM_GOV_AUDIT_LOG} - [Scheduler Thread Pool Status] :: Active Thread Count: 0 -- | -- Completed Task Count: 0 -- | -- Submitted Task Count: 0 -- | -- Queue Size: 0 -- | -- Core Pool Size: 20 -- | -- Maximum Pool Size: 20 -- | -- Current Pool Size: 0
ThreadID: [149] TenantID: [] [2025-05-12 11:51:53,061]  INFO {APIM_GOV_AUDIT_LOG} - [Delete Processing Requests] :: Deleted 0 long-lasting processing requests with IDs: []
ThreadID: [149] TenantID: [] [2025-05-12 11:51:53,061]  INFO {APIM_GOV_AUDIT_LOG} - [Fetch Requests] :: Scheduler fetched 0 requests with IDs: []
ThreadID: [149] TenantID: [] [2025-05-12 11:53:53,027]  INFO {APIM_GOV_AUDIT_LOG} - [Scheduler Thread Pool Status] :: Active Thread Count: 0 -- | -- Completed Task Count: 0 -- | -- Submitted Task Count: 0 -- | -- Queue Size: 0 -- | -- Core Pool Size: 20 -- | -- Maximum Pool Size: 20 -- | -- Current Pool Size: 0
ThreadID: [149] TenantID: [] [2025-05-12 11:53:53,060]  INFO {APIM_GOV_AUDIT_LOG} - [Delete Processing Requests] :: Deleted 0 long-lasting processing requests with IDs: []
ThreadID: [149] TenantID: [] [2025-05-12 11:53:53,060]  INFO {APIM_GOV_AUDIT_LOG} - [Fetch Requests] :: Scheduler fetched 0 requests with IDs: []
ThreadID: [149] TenantID: [] [2025-05-12 11:55:53,027]  INFO {APIM_GOV_AUDIT_LOG} - [Scheduler Thread Pool Status] :: Active Thread Count: 0 -- | -- Completed Task Count: 0 -- | -- Submitted Task Count: 0 -- | -- Queue Size: 0 -- | -- Core Pool Size: 20 -- | -- Maximum Pool Size: 20 -- | -- Current Pool Size: 0
ThreadID: [149] TenantID: [] [2025-05-12 11:55:53,053]  INFO {APIM_GOV_AUDIT_LOG} - [Delete Processing Requests] :: Deleted 0 long-lasting processing requests with IDs: []
ThreadID: [149] TenantID: [] [2025-05-12 11:55:53,053]  INFO {APIM_GOV_AUDIT_LOG} - [Fetch Requests] :: Scheduler fetched 0 requests with IDs: []
ThreadID: [149] TenantID: [] [2025-05-12 11:57:53,040]  INFO {APIM_GOV_AUDIT_LOG} - [Scheduler Thread Pool Status] :: Active Thread Count: 0 -- | -- Completed Task Count: 0 -- | -- Submitted Task Count: 0 -- | -- Queue Size: 0 -- | -- Core Pool Size: 20 -- | -- Maximum Pool Size: 20 -- | -- Current Pool Size: 0
ThreadID: [149] TenantID: [] [2025-05-12 11:57:53,074]  INFO {APIM_GOV_AUDIT_LOG} - [Delete Processing Requests] :: Deleted 0 long-lasting processing requests with IDs: []
ThreadID: [149] TenantID: [] [2025-05-12 11:57:53,074]  INFO {APIM_GOV_AUDIT_LOG} - [Fetch Requests] :: Scheduler fetched 0 requests with IDs: []
ThreadID: [149] TenantID: [] [2025-05-12 11:59:53,038]  INFO {APIM_GOV_AUDIT_LOG} - [Scheduler Thread Pool Status] :: Active Thread Count: 0 -- | -- Completed Task Count: 0 -- | -- Submitted Task Count: 0 -- | -- Queue Size: 0 -- | -- Core Pool Size: 20 -- | -- Maximum Pool Size: 20 -- | -- Current Pool Size: 0
ThreadID: [149] TenantID: [] [2025-05-12 11:59:53,069]  INFO {APIM_GOV_AUDIT_LOG} - [Delete Processing Requests] :: Deleted 0 long-lasting processing requests with IDs: []
ThreadID: [149] TenantID: [] [2025-05-12 11:59:53,069]  INFO {APIM_GOV_AUDIT_LOG} - [Fetch Requests] :: Scheduler fetched 0 requests with IDs: []
ThreadID: [149] TenantID: [] [2025-05-12 12:01:53,039]  INFO {APIM_GOV_AUDIT_LOG} - [Scheduler Thread Pool Status] :: Active Thread Count: 0 -- | -- Completed Task Count: 0 -- | -- Submitted Task Count: 0 -- | -- Queue Size: 0 -- | -- Core Pool Size: 20 -- | -- Maximum Pool Size: 20 -- | -- Current Pool Size: 0
ThreadID: [149] TenantID: [] [2025-05-12 12:01:53,072]  INFO {APIM_GOV_AUDIT_LOG} - [Delete Processing Requests] :: Deleted 0 long-lasting processing requests with IDs: []
ThreadID: [149] TenantID: [] [2025-05-12 12:01:53,072]  INFO {APIM_GOV_AUDIT_LOG} - [Fetch Requests] :: Scheduler fetched 0 requests with IDs: []
ThreadID: [149] TenantID: [] [2025-05-12 12:03:53,038]  INFO {APIM_GOV_AUDIT_LOG} - [Scheduler Thread Pool Status] :: Active Thread Count: 0 -- | -- Completed Task Count: 0 -- | -- Submitted Task Count: 0 -- | -- Queue Size: 0 -- | -- Core Pool Size: 20 -- | -- Maximum Pool Size: 20 -- | -- Current Pool Size: 0
ThreadID: [149] TenantID: [] [2025-05-12 12:03:53,075]  INFO {APIM_GOV_AUDIT_LOG} - [Delete Processing Requests] :: Deleted 0 long-lasting processing requests with IDs: []
ThreadID: [149] TenantID: [] [2025-05-12 12:03:53,075]  INFO {APIM_GOV_AUDIT_LOG} - [Fetch Requests] :: Scheduler fetched 0 requests with IDs: []
ThreadID: [149] TenantID: [] [2025-05-12 12:05:53,036]  INFO {APIM_GOV_AUDIT_LOG} - [Scheduler Thread Pool Status] :: Active Thread Count: 0 -- | -- Completed Task Count: 0 -- | -- Submitted Task Count: 0 -- | -- Queue Size: 0 -- | -- Core Pool Size: 20 -- | -- Maximum Pool Size: 20 -- | -- Current Pool Size: 0
ThreadID: [149] TenantID: [] [2025-05-12 12:05:53,065]  INFO {APIM_GOV_AUDIT_LOG} - [Delete Processing Requests] :: Deleted 0 long-lasting processing requests with IDs: []
ThreadID: [149] TenantID: [] [2025-05-12 12:05:53,065]  INFO {APIM_GOV_AUDIT_LOG} - [Fetch Requests] :: Scheduler fetched 0 requests with IDs: []
ThreadID: [149] TenantID: [] [2025-05-12 12:07:53,036]  INFO {APIM_GOV_AUDIT_LOG} - [Scheduler Thread Pool Status] :: Active Thread Count: 0 -- | -- Completed Task Count: 0 -- | -- Submitted Task Count: 0 -- | -- Queue Size: 0 -- | -- Core Pool Size: 20 -- | -- Maximum Pool Size: 20 -- | -- Current Pool Size: 0
ThreadID: [149] TenantID: [] [2025-05-12 12:07:53,075]  INFO {APIM_GOV_AUDIT_LOG} - [Delete Processing Requests] :: Deleted 0 long-lasting processing requests with IDs: []
ThreadID: [149] TenantID: [] [2025-05-12 12:07:53,075]  INFO {APIM_GOV_AUDIT_LOG} - [Fetch Requests] :: Scheduler fetched 0 requests with IDs: []
ThreadID: [149] TenantID: [] [2025-05-12 12:09:53,036]  INFO {APIM_GOV_AUDIT_LOG} - [Scheduler Thread Pool Status] :: Active Thread Count: 0 -- | -- Completed Task Count: 0 -- | -- Submitted Task Count: 0 -- | -- Queue Size: 0 -- | -- Core Pool Size: 20 -- | -- Maximum Pool Size: 20 -- | -- Current Pool Size: 0
ThreadID: [149] TenantID: [] [2025-05-12 12:09:53,067]  INFO {APIM_GOV_AUDIT_LOG} - [Delete Processing Requests] :: Deleted 0 long-lasting processing requests with IDs: []
ThreadID: [149] TenantID: [] [2025-05-12 12:09:53,067]  INFO {APIM_GOV_AUDIT_LOG} - [Fetch Requests] :: Scheduler fetched 0 requests with IDs: []
ThreadID: [149] TenantID: [] [2025-05-12 12:11:53,034]  INFO {APIM_GOV_AUDIT_LOG} - [Scheduler Thread Pool Status] :: Active Thread Count: 0 -- | -- Completed Task Count: 0 -- | -- Submitted Task Count: 0 -- | -- Queue Size: 0 -- | -- Core Pool Size: 20 -- | -- Maximum Pool Size: 20 -- | -- Current Pool Size: 0
ThreadID: [149] TenantID: [] [2025-05-12 12:11:53,052]  INFO {APIM_GOV_AUDIT_LOG} - [Delete Processing Requests] :: Deleted 0 long-lasting processing requests with IDs: []
ThreadID: [149] TenantID: [] [2025-05-12 12:11:53,052]  INFO {APIM_GOV_AUDIT_LOG} - [Fetch Requests] :: Scheduler fetched 0 requests with IDs: []
ThreadID: [149] TenantID: [] [2025-05-12 12:13:53,029]  INFO {APIM_GOV_AUDIT_LOG} - [Scheduler Thread Pool Status] :: Active Thread Count: 0 -- | -- Completed Task Count: 0 -- | -- Submitted Task Count: 0 -- | -- Queue Size: 0 -- | -- Core Pool Size: 20 -- | -- Maximum Pool Size: 20 -- | -- Current Pool Size: 0
ThreadID: [149] TenantID: [] [2025-05-12 12:13:53,065]  INFO {APIM_GOV_AUDIT_LOG} - [Delete Processing Requests] :: Deleted 0 long-lasting processing requests with IDs: []
ThreadID: [149] TenantID: [] [2025-05-12 12:13:53,065]  INFO {APIM_GOV_AUDIT_LOG} - [Fetch Requests] :: Scheduler fetched 0 requests with IDs: []
ThreadID: [149] TenantID: [] [2025-05-12 12:15:53,031]  INFO {APIM_GOV_AUDIT_LOG} - [Scheduler Thread Pool Status] :: Active Thread Count: 0 -- | -- Completed Task Count: 0 -- | -- Submitted Task Count: 0 -- | -- Queue Size: 0 -- | -- Core Pool Size: 20 -- | -- Maximum Pool Size: 20 -- | -- Current Pool Size: 0
ThreadID: [149] TenantID: [] [2025-05-12 12:15:53,066]  INFO {APIM_GOV_AUDIT_LOG} - [Delete Processing Requests] :: Deleted 0 long-lasting processing requests with IDs: []
ThreadID: [149] TenantID: [] [2025-05-12 12:15:53,066]  INFO {APIM_GOV_AUDIT_LOG} - [Fetch Requests] :: Scheduler fetched 0 requests with IDs: []
ThreadID: [149] TenantID: [] [2025-05-12 12:17:53,032]  INFO {APIM_GOV_AUDIT_LOG} - [Scheduler Thread Pool Status] :: Active Thread Count: 0 -- | -- Completed Task Count: 0 -- | -- Submitted Task Count: 0 -- | -- Queue Size: 0 -- | -- Core Pool Size: 20 -- | -- Maximum Pool Size: 20 -- | -- Current Pool Size: 0
ThreadID: [149] TenantID: [] [2025-05-12 12:17:53,066]  INFO {APIM_GOV_AUDIT_LOG} - [Delete Processing Requests] :: Deleted 0 long-lasting processing requests with IDs: []
ThreadID: [149] TenantID: [] [2025-05-12 12:17:53,066]  INFO {APIM_GOV_AUDIT_LOG} - [Fetch Requests] :: Scheduler fetched 0 requests with IDs: []
ThreadID: [149] TenantID: [] [2025-05-12 12:19:53,032]  INFO {APIM_GOV_AUDIT_LOG} - [Scheduler Thread Pool Status] :: Active Thread Count: 0 -- | -- Completed Task Count: 0 -- | -- Submitted Task Count: 0 -- | -- Queue Size: 0 -- | -- Core Pool Size: 20 -- | -- Maximum Pool Size: 20 -- | -- Current Pool Size: 0
ThreadID: [149] TenantID: [] [2025-05-12 12:19:53,065]  INFO {APIM_GOV_AUDIT_LOG} - [Delete Processing Requests] :: Deleted 0 long-lasting processing requests with IDs: []
ThreadID: [149] TenantID: [] [2025-05-12 12:19:53,065]  INFO {APIM_GOV_AUDIT_LOG} - [Fetch Requests] :: Scheduler fetched 0 requests with IDs: []
ThreadID: [149] TenantID: [] [2025-05-12 12:21:53,031]  INFO {APIM_GOV_AUDIT_LOG} - [Scheduler Thread Pool Status] :: Active Thread Count: 0 -- | -- Completed Task Count: 0 -- | -- Submitted Task Count: 0 -- | -- Queue Size: 0 -- | -- Core Pool Size: 20 -- | -- Maximum Pool Size: 20 -- | -- Current Pool Size: 0
ThreadID: [149] TenantID: [] [2025-05-12 12:21:53,049]  INFO {APIM_GOV_AUDIT_LOG} - [Delete Processing Requests] :: Deleted 0 long-lasting processing requests with IDs: []
ThreadID: [149] TenantID: [] [2025-05-12 12:21:53,049]  INFO {APIM_GOV_AUDIT_LOG} - [Fetch Requests] :: Scheduler fetched 0 requests with IDs: []
ThreadID: [149] TenantID: [] [2025-05-12 12:23:53,029]  INFO {APIM_GOV_AUDIT_LOG} - [Scheduler Thread Pool Status] :: Active Thread Count: 0 -- | -- Completed Task Count: 0 -- | -- Submitted Task Count: 0 -- | -- Queue Size: 0 -- | -- Core Pool Size: 20 -- | -- Maximum Pool Size: 20 -- | -- Current Pool Size: 0
ThreadID: [149] TenantID: [] [2025-05-12 12:23:53,049]  INFO {APIM_GOV_AUDIT_LOG} - [Delete Processing Requests] :: Deleted 0 long-lasting processing requests with IDs: []
ThreadID: [149] TenantID: [] [2025-05-12 12:23:53,049]  INFO {APIM_GOV_AUDIT_LOG} - [Fetch Requests] :: Scheduler fetched 0 requests with IDs: []
ThreadID: [149] TenantID: [] [2025-05-12 12:25:53,027]  INFO {APIM_GOV_AUDIT_LOG} - [Scheduler Thread Pool Status] :: Active Thread Count: 0 -- | -- Completed Task Count: 0 -- | -- Submitted Task Count: 0 -- | -- Queue Size: 0 -- | -- Core Pool Size: 20 -- | -- Maximum Pool Size: 20 -- | -- Current Pool Size: 0
ThreadID: [149] TenantID: [] [2025-05-12 12:25:53,048]  INFO {APIM_GOV_AUDIT_LOG} - [Delete Processing Requests] :: Deleted 0 long-lasting processing requests with IDs: []
ThreadID: [149] TenantID: [] [2025-05-12 12:25:53,048]  INFO {APIM_GOV_AUDIT_LOG} - [Fetch Requests] :: Scheduler fetched 0 requests with IDs: []
ThreadID: [149] TenantID: [] [2025-05-12 12:27:53,038]  INFO {APIM_GOV_AUDIT_LOG} - [Scheduler Thread Pool Status] :: Active Thread Count: 0 -- | -- Completed Task Count: 0 -- | -- Submitted Task Count: 0 -- | -- Queue Size: 0 -- | -- Core Pool Size: 20 -- | -- Maximum Pool Size: 20 -- | -- Current Pool Size: 0
ThreadID: [149] TenantID: [] [2025-05-12 12:27:53,056]  INFO {APIM_GOV_AUDIT_LOG} - [Delete Processing Requests] :: Deleted 0 long-lasting processing requests with IDs: []
ThreadID: [149] TenantID: [] [2025-05-12 12:27:53,056]  INFO {APIM_GOV_AUDIT_LOG} - [Fetch Requests] :: Scheduler fetched 0 requests with IDs: []
ThreadID: [149] TenantID: [] [2025-05-12 12:29:53,036]  INFO {APIM_GOV_AUDIT_LOG} - [Scheduler Thread Pool Status] :: Active Thread Count: 0 -- | -- Completed Task Count: 0 -- | -- Submitted Task Count: 0 -- | -- Queue Size: 0 -- | -- Core Pool Size: 20 -- | -- Maximum Pool Size: 20 -- | -- Current Pool Size: 0
ThreadID: [149] TenantID: [] [2025-05-12 12:29:53,076]  INFO {APIM_GOV_AUDIT_LOG} - [Delete Processing Requests] :: Deleted 0 long-lasting processing requests with IDs: []
ThreadID: [149] TenantID: [] [2025-05-12 12:29:53,076]  INFO {APIM_GOV_AUDIT_LOG} - [Fetch Requests] :: Scheduler fetched 0 requests with IDs: []
ThreadID: [149] TenantID: [] [2025-05-12 12:31:53,035]  INFO {APIM_GOV_AUDIT_LOG} - [Scheduler Thread Pool Status] :: Active Thread Count: 0 -- | -- Completed Task Count: 0 -- | -- Submitted Task Count: 0 -- | -- Queue Size: 0 -- | -- Core Pool Size: 20 -- | -- Maximum Pool Size: 20 -- | -- Current Pool Size: 0
ThreadID: [149] TenantID: [] [2025-05-12 12:31:53,064]  INFO {APIM_GOV_AUDIT_LOG} - [Delete Processing Requests] :: Deleted 0 long-lasting processing requests with IDs: []
ThreadID: [149] TenantID: [] [2025-05-12 12:31:53,064]  INFO {APIM_GOV_AUDIT_LOG} - [Fetch Requests] :: Scheduler fetched 0 requests with IDs: []
ThreadID: [149] TenantID: [] [2025-05-12 12:33:53,037]  INFO {APIM_GOV_AUDIT_LOG} - [Scheduler Thread Pool Status] :: Active Thread Count: 0 -- | -- Completed Task Count: 0 -- | -- Submitted Task Count: 0 -- | -- Queue Size: 0 -- | -- Core Pool Size: 20 -- | -- Maximum Pool Size: 20 -- | -- Current Pool Size: 0
ThreadID: [149] TenantID: [] [2025-05-12 12:33:53,074]  INFO {APIM_GOV_AUDIT_LOG} - [Delete Processing Requests] :: Deleted 0 long-lasting processing requests with IDs: []
ThreadID: [149] TenantID: [] [2025-05-12 12:33:53,075]  INFO {APIM_GOV_AUDIT_LOG} - [Fetch Requests] :: Scheduler fetched 0 requests with IDs: []
ThreadID: [149] TenantID: [] [2025-05-12 12:35:53,037]  INFO {APIM_GOV_AUDIT_LOG} - [Scheduler Thread Pool Status] :: Active Thread Count: 0 -- | -- Completed Task Count: 0 -- | -- Submitted Task Count: 0 -- | -- Queue Size: 0 -- | -- Core Pool Size: 20 -- | -- Maximum Pool Size: 20 -- | -- Current Pool Size: 0
ThreadID: [149] TenantID: [] [2025-05-12 12:35:53,064]  INFO {APIM_GOV_AUDIT_LOG} - [Delete Processing Requests] :: Deleted 0 long-lasting processing requests with IDs: []
ThreadID: [149] TenantID: [] [2025-05-12 12:35:53,064]  INFO {APIM_GOV_AUDIT_LOG} - [Fetch Requests] :: Scheduler fetched 0 requests with IDs: []
ThreadID: [149] TenantID: [] [2025-05-12 12:37:53,037]  INFO {APIM_GOV_AUDIT_LOG} - [Scheduler Thread Pool Status] :: Active Thread Count: 0 -- | -- Completed Task Count: 0 -- | -- Submitted Task Count: 0 -- | -- Queue Size: 0 -- | -- Core Pool Size: 20 -- | -- Maximum Pool Size: 20 -- | -- Current Pool Size: 0
ThreadID: [149] TenantID: [] [2025-05-12 12:37:53,037]  INFO {APIM_GOV_AUDIT_LOG} - [Delete Processing Requests] :: Deleted 0 long-lasting processing requests with IDs: []
ThreadID: [149] TenantID: [] [2025-05-12 12:37:53,038]  INFO {APIM_GOV_AUDIT_LOG} - [Fetch Requests] :: Scheduler fetched 0 requests with IDs: []
ThreadID: [149] TenantID: [] [2025-05-12 12:39:53,035]  INFO {APIM_GOV_AUDIT_LOG} - [Scheduler Thread Pool Status] :: Active Thread Count: 0 -- | -- Completed Task Count: 0 -- | -- Submitted Task Count: 0 -- | -- Queue Size: 0 -- | -- Core Pool Size: 20 -- | -- Maximum Pool Size: 20 -- | -- Current Pool Size: 0
ThreadID: [149] TenantID: [] [2025-05-12 12:39:53,064]  INFO {APIM_GOV_AUDIT_LOG} - [Delete Processing Requests] :: Deleted 0 long-lasting processing requests with IDs: []
ThreadID: [149] TenantID: [] [2025-05-12 12:39:53,064]  INFO {APIM_GOV_AUDIT_LOG} - [Fetch Requests] :: Scheduler fetched 0 requests with IDs: []
ThreadID: [149] TenantID: [] [2025-05-12 12:41:53,038]  INFO {APIM_GOV_AUDIT_LOG} - [Scheduler Thread Pool Status] :: Active Thread Count: 0 -- | -- Completed Task Count: 0 -- | -- Submitted Task Count: 0 -- | -- Queue Size: 0 -- | -- Core Pool Size: 20 -- | -- Maximum Pool Size: 20 -- | -- Current Pool Size: 0
ThreadID: [149] TenantID: [] [2025-05-12 12:41:53,075]  INFO {APIM_GOV_AUDIT_LOG} - [Delete Processing Requests] :: Deleted 0 long-lasting processing requests with IDs: []
ThreadID: [149] TenantID: [] [2025-05-12 12:41:53,075]  INFO {APIM_GOV_AUDIT_LOG} - [Fetch Requests] :: Scheduler fetched 0 requests with IDs: []
ThreadID: [149] TenantID: [] [2025-05-12 12:43:53,033]  INFO {APIM_GOV_AUDIT_LOG} - [Scheduler Thread Pool Status] :: Active Thread Count: 0 -- | -- Completed Task Count: 0 -- | -- Submitted Task Count: 0 -- | -- Queue Size: 0 -- | -- Core Pool Size: 20 -- | -- Maximum Pool Size: 20 -- | -- Current Pool Size: 0
ThreadID: [149] TenantID: [] [2025-05-12 12:43:53,062]  INFO {APIM_GOV_AUDIT_LOG} - [Delete Processing Requests] :: Deleted 0 long-lasting processing requests with IDs: []
ThreadID: [149] TenantID: [] [2025-05-12 12:43:53,062]  INFO {APIM_GOV_AUDIT_LOG} - [Fetch Requests] :: Scheduler fetched 0 requests with IDs: []
ThreadID: [149] TenantID: [] [2025-05-12 12:45:53,022]  INFO {APIM_GOV_AUDIT_LOG} - [Scheduler Thread Pool Status] :: Active Thread Count: 0 -- | -- Completed Task Count: 0 -- | -- Submitted Task Count: 0 -- | -- Queue Size: 0 -- | -- Core Pool Size: 20 -- | -- Maximum Pool Size: 20 -- | -- Current Pool Size: 0
ThreadID: [149] TenantID: [] [2025-05-12 12:45:53,050]  INFO {APIM_GOV_AUDIT_LOG} - [Delete Processing Requests] :: Deleted 0 long-lasting processing requests with IDs: []
ThreadID: [149] TenantID: [] [2025-05-12 12:45:53,050]  INFO {APIM_GOV_AUDIT_LOG} - [Fetch Requests] :: Scheduler fetched 0 requests with IDs: []
ThreadID: [149] TenantID: [] [2025-05-12 12:47:53,022]  INFO {APIM_GOV_AUDIT_LOG} - [Scheduler Thread Pool Status] :: Active Thread Count: 0 -- | -- Completed Task Count: 0 -- | -- Submitted Task Count: 0 -- | -- Queue Size: 0 -- | -- Core Pool Size: 20 -- | -- Maximum Pool Size: 20 -- | -- Current Pool Size: 0
ThreadID: [149] TenantID: [] [2025-05-12 12:47:53,052]  INFO {APIM_GOV_AUDIT_LOG} - [Delete Processing Requests] :: Deleted 0 long-lasting processing requests with IDs: []
ThreadID: [149] TenantID: [] [2025-05-12 12:47:53,052]  INFO {APIM_GOV_AUDIT_LOG} - [Fetch Requests] :: Scheduler fetched 0 requests with IDs: []
ThreadID: [149] TenantID: [] [2025-05-12 12:49:53,019]  INFO {APIM_GOV_AUDIT_LOG} - [Scheduler Thread Pool Status] :: Active Thread Count: 0 -- | -- Completed Task Count: 0 -- | -- Submitted Task Count: 0 -- | -- Queue Size: 0 -- | -- Core Pool Size: 20 -- | -- Maximum Pool Size: 20 -- | -- Current Pool Size: 0
ThreadID: [149] TenantID: [] [2025-05-12 12:49:53,058]  INFO {APIM_GOV_AUDIT_LOG} - [Delete Processing Requests] :: Deleted 0 long-lasting processing requests with IDs: []
ThreadID: [149] TenantID: [] [2025-05-12 12:49:53,058]  INFO {APIM_GOV_AUDIT_LOG} - [Fetch Requests] :: Scheduler fetched 0 requests with IDs: []
ThreadID: [149] TenantID: [] [2025-05-12 12:51:53,020]  INFO {APIM_GOV_AUDIT_LOG} - [Scheduler Thread Pool Status] :: Active Thread Count: 0 -- | -- Completed Task Count: 0 -- | -- Submitted Task Count: 0 -- | -- Queue Size: 0 -- | -- Core Pool Size: 20 -- | -- Maximum Pool Size: 20 -- | -- Current Pool Size: 0
ThreadID: [149] TenantID: [] [2025-05-12 12:51:53,059]  INFO {APIM_GOV_AUDIT_LOG} - [Delete Processing Requests] :: Deleted 0 long-lasting processing requests with IDs: []
ThreadID: [149] TenantID: [] [2025-05-12 12:51:53,059]  INFO {APIM_GOV_AUDIT_LOG} - [Fetch Requests] :: Scheduler fetched 0 requests with IDs: []
ThreadID: [149] TenantID: [] [2025-05-12 12:53:53,018]  INFO {APIM_GOV_AUDIT_LOG} - [Scheduler Thread Pool Status] :: Active Thread Count: 0 -- | -- Completed Task Count: 0 -- | -- Submitted Task Count: 0 -- | -- Queue Size: 0 -- | -- Core Pool Size: 20 -- | -- Maximum Pool Size: 20 -- | -- Current Pool Size: 0
ThreadID: [149] TenantID: [] [2025-05-12 12:53:53,048]  INFO {APIM_GOV_AUDIT_LOG} - [Delete Processing Requests] :: Deleted 0 long-lasting processing requests with IDs: []
ThreadID: [149] TenantID: [] [2025-05-12 12:53:53,048]  INFO {APIM_GOV_AUDIT_LOG} - [Fetch Requests] :: Scheduler fetched 0 requests with IDs: []
ThreadID: [149] TenantID: [] [2025-05-12 12:55:53,018]  INFO {APIM_GOV_AUDIT_LOG} - [Scheduler Thread Pool Status] :: Active Thread Count: 0 -- | -- Completed Task Count: 0 -- | -- Submitted Task Count: 0 -- | -- Queue Size: 0 -- | -- Core Pool Size: 20 -- | -- Maximum Pool Size: 20 -- | -- Current Pool Size: 0
ThreadID: [149] TenantID: [] [2025-05-12 12:55:53,044]  INFO {APIM_GOV_AUDIT_LOG} - [Delete Processing Requests] :: Deleted 0 long-lasting processing requests with IDs: []
ThreadID: [149] TenantID: [] [2025-05-12 12:55:53,044]  INFO {APIM_GOV_AUDIT_LOG} - [Fetch Requests] :: Scheduler fetched 0 requests with IDs: []
ThreadID: [149] TenantID: [] [2025-05-12 12:57:53,015]  INFO {APIM_GOV_AUDIT_LOG} - [Scheduler Thread Pool Status] :: Active Thread Count: 0 -- | -- Completed Task Count: 0 -- | -- Submitted Task Count: 0 -- | -- Queue Size: 0 -- | -- Core Pool Size: 20 -- | -- Maximum Pool Size: 20 -- | -- Current Pool Size: 0
ThreadID: [149] TenantID: [] [2025-05-12 12:57:53,053]  INFO {APIM_GOV_AUDIT_LOG} - [Delete Processing Requests] :: Deleted 0 long-lasting processing requests with IDs: []
ThreadID: [149] TenantID: [] [2025-05-12 12:57:53,053]  INFO {APIM_GOV_AUDIT_LOG} - [Fetch Requests] :: Scheduler fetched 0 requests with IDs: []
ThreadID: [149] TenantID: [] [2025-05-12 12:59:53,013]  INFO {APIM_GOV_AUDIT_LOG} - [Scheduler Thread Pool Status] :: Active Thread Count: 0 -- | -- Completed Task Count: 0 -- | -- Submitted Task Count: 0 -- | -- Queue Size: 0 -- | -- Core Pool Size: 20 -- | -- Maximum Pool Size: 20 -- | -- Current Pool Size: 0
ThreadID: [149] TenantID: [] [2025-05-12 12:59:53,024]  INFO {APIM_GOV_AUDIT_LOG} - [Delete Processing Requests] :: Deleted 0 long-lasting processing requests with IDs: []
ThreadID: [149] TenantID: [] [2025-05-12 12:59:53,024]  INFO {APIM_GOV_AUDIT_LOG} - [Fetch Requests] :: Scheduler fetched 0 requests with IDs: []
ThreadID: [149] TenantID: [] [2025-05-12 13:06:15,777]  INFO {APIM_GOV_AUDIT_LOG} - [Scheduler Thread Pool Status] :: Active Thread Count: 0 -- | -- Completed Task Count: 0 -- | -- Submitted Task Count: 0 -- | -- Queue Size: 0 -- | -- Core Pool Size: 20 -- | -- Maximum Pool Size: 20 -- | -- Current Pool Size: 0
ThreadID: [149] TenantID: [] [2025-05-12 13:06:15,804]  INFO {APIM_GOV_AUDIT_LOG} - [Delete Processing Requests] :: Deleted 0 long-lasting processing requests with IDs: []
ThreadID: [149] TenantID: [] [2025-05-12 13:06:15,805]  INFO {APIM_GOV_AUDIT_LOG} - [Fetch Requests] :: Scheduler fetched 0 requests with IDs: []
ThreadID: [149] TenantID: [] [2025-05-12 13:08:15,778]  INFO {APIM_GOV_AUDIT_LOG} - [Scheduler Thread Pool Status] :: Active Thread Count: 0 -- | -- Completed Task Count: 0 -- | -- Submitted Task Count: 0 -- | -- Queue Size: 0 -- | -- Core Pool Size: 20 -- | -- Maximum Pool Size: 20 -- | -- Current Pool Size: 0
ThreadID: [149] TenantID: [] [2025-05-12 13:08:15,810]  INFO {APIM_GOV_AUDIT_LOG} - [Delete Processing Requests] :: Deleted 0 long-lasting processing requests with IDs: []
ThreadID: [149] TenantID: [] [2025-05-12 13:08:15,810]  INFO {APIM_GOV_AUDIT_LOG} - [Fetch Requests] :: Scheduler fetched 0 requests with IDs: []
ThreadID: [149] TenantID: [] [2025-05-12 13:10:15,776]  INFO {APIM_GOV_AUDIT_LOG} - [Scheduler Thread Pool Status] :: Active Thread Count: 0 -- | -- Completed Task Count: 0 -- | -- Submitted Task Count: 0 -- | -- Queue Size: 0 -- | -- Core Pool Size: 20 -- | -- Maximum Pool Size: 20 -- | -- Current Pool Size: 0
ThreadID: [149] TenantID: [] [2025-05-12 13:10:15,804]  INFO {APIM_GOV_AUDIT_LOG} - [Delete Processing Requests] :: Deleted 0 long-lasting processing requests with IDs: []
ThreadID: [149] TenantID: [] [2025-05-12 13:10:15,804]  INFO {APIM_GOV_AUDIT_LOG} - [Fetch Requests] :: Scheduler fetched 0 requests with IDs: []
ThreadID: [149] TenantID: [] [2025-05-12 13:12:15,773]  INFO {APIM_GOV_AUDIT_LOG} - [Scheduler Thread Pool Status] :: Active Thread Count: 0 -- | -- Completed Task Count: 0 -- | -- Submitted Task Count: 0 -- | -- Queue Size: 0 -- | -- Core Pool Size: 20 -- | -- Maximum Pool Size: 20 -- | -- Current Pool Size: 0
ThreadID: [149] TenantID: [] [2025-05-12 13:12:15,774]  INFO {APIM_GOV_AUDIT_LOG} - [Delete Processing Requests] :: Deleted 0 long-lasting processing requests with IDs: []
ThreadID: [149] TenantID: [] [2025-05-12 13:12:15,774]  INFO {APIM_GOV_AUDIT_LOG} - [Fetch Requests] :: Scheduler fetched 0 requests with IDs: []
ThreadID: [149] TenantID: [] [2025-05-12 13:14:15,773]  INFO {APIM_GOV_AUDIT_LOG} - [Scheduler Thread Pool Status] :: Active Thread Count: 0 -- | -- Completed Task Count: 0 -- | -- Submitted Task Count: 0 -- | -- Queue Size: 0 -- | -- Core Pool Size: 20 -- | -- Maximum Pool Size: 20 -- | -- Current Pool Size: 0
ThreadID: [149] TenantID: [] [2025-05-12 13:14:15,807]  INFO {APIM_GOV_AUDIT_LOG} - [Delete Processing Requests] :: Deleted 0 long-lasting processing requests with IDs: []
ThreadID: [149] TenantID: [] [2025-05-12 13:14:15,807]  INFO {APIM_GOV_AUDIT_LOG} - [Fetch Requests] :: Scheduler fetched 0 requests with IDs: []
ThreadID: [149] TenantID: [] [2025-05-12 13:16:15,775]  INFO {APIM_GOV_AUDIT_LOG} - [Scheduler Thread Pool Status] :: Active Thread Count: 0 -- | -- Completed Task Count: 0 -- | -- Submitted Task Count: 0 -- | -- Queue Size: 0 -- | -- Core Pool Size: 20 -- | -- Maximum Pool Size: 20 -- | -- Current Pool Size: 0
ThreadID: [149] TenantID: [] [2025-05-12 13:16:15,809]  INFO {APIM_GOV_AUDIT_LOG} - [Delete Processing Requests] :: Deleted 0 long-lasting processing requests with IDs: []
ThreadID: [149] TenantID: [] [2025-05-12 13:16:15,809]  INFO {APIM_GOV_AUDIT_LOG} - [Fetch Requests] :: Scheduler fetched 0 requests with IDs: []
ThreadID: [149] TenantID: [] [2025-05-12 13:18:15,775]  INFO {APIM_GOV_AUDIT_LOG} - [Scheduler Thread Pool Status] :: Active Thread Count: 0 -- | -- Completed Task Count: 0 -- | -- Submitted Task Count: 0 -- | -- Queue Size: 0 -- | -- Core Pool Size: 20 -- | -- Maximum Pool Size: 20 -- | -- Current Pool Size: 0
ThreadID: [149] TenantID: [] [2025-05-12 13:18:15,807]  INFO {APIM_GOV_AUDIT_LOG} - [Delete Processing Requests] :: Deleted 0 long-lasting processing requests with IDs: []
ThreadID: [149] TenantID: [] [2025-05-12 13:18:15,807]  INFO {APIM_GOV_AUDIT_LOG} - [Fetch Requests] :: Scheduler fetched 0 requests with IDs: []
ThreadID: [149] TenantID: [] [2025-05-12 13:20:15,775]  INFO {APIM_GOV_AUDIT_LOG} - [Scheduler Thread Pool Status] :: Active Thread Count: 0 -- | -- Completed Task Count: 0 -- | -- Submitted Task Count: 0 -- | -- Queue Size: 0 -- | -- Core Pool Size: 20 -- | -- Maximum Pool Size: 20 -- | -- Current Pool Size: 0
ThreadID: [149] TenantID: [] [2025-05-12 13:20:15,813]  INFO {APIM_GOV_AUDIT_LOG} - [Delete Processing Requests] :: Deleted 0 long-lasting processing requests with IDs: []
ThreadID: [149] TenantID: [] [2025-05-12 13:20:15,814]  INFO {APIM_GOV_AUDIT_LOG} - [Fetch Requests] :: Scheduler fetched 0 requests with IDs: []
ThreadID: [149] TenantID: [] [2025-05-12 13:22:15,793]  INFO {APIM_GOV_AUDIT_LOG} - [Scheduler Thread Pool Status] :: Active Thread Count: 0 -- | -- Completed Task Count: 0 -- | -- Submitted Task Count: 0 -- | -- Queue Size: 0 -- | -- Core Pool Size: 20 -- | -- Maximum Pool Size: 20 -- | -- Current Pool Size: 0
ThreadID: [149] TenantID: [] [2025-05-12 13:22:15,820]  INFO {APIM_GOV_AUDIT_LOG} - [Delete Processing Requests] :: Deleted 0 long-lasting processing requests with IDs: []
ThreadID: [149] TenantID: [] [2025-05-12 13:22:15,820]  INFO {APIM_GOV_AUDIT_LOG} - [Fetch Requests] :: Scheduler fetched 0 requests with IDs: []
ThreadID: [149] TenantID: [] [2025-05-12 13:24:15,791]  INFO {APIM_GOV_AUDIT_LOG} - [Scheduler Thread Pool Status] :: Active Thread Count: 0 -- | -- Completed Task Count: 0 -- | -- Submitted Task Count: 0 -- | -- Queue Size: 0 -- | -- Core Pool Size: 20 -- | -- Maximum Pool Size: 20 -- | -- Current Pool Size: 0
ThreadID: [149] TenantID: [] [2025-05-12 13:24:15,817]  INFO {APIM_GOV_AUDIT_LOG} - [Delete Processing Requests] :: Deleted 0 long-lasting processing requests with IDs: []
ThreadID: [149] TenantID: [] [2025-05-12 13:24:15,817]  INFO {APIM_GOV_AUDIT_LOG} - [Fetch Requests] :: Scheduler fetched 0 requests with IDs: []
ThreadID: [149] TenantID: [] [2025-05-12 13:26:15,789]  INFO {APIM_GOV_AUDIT_LOG} - [Scheduler Thread Pool Status] :: Active Thread Count: 0 -- | -- Completed Task Count: 0 -- | -- Submitted Task Count: 0 -- | -- Queue Size: 0 -- | -- Core Pool Size: 20 -- | -- Maximum Pool Size: 20 -- | -- Current Pool Size: 0
ThreadID: [149] TenantID: [] [2025-05-12 13:26:15,833]  INFO {APIM_GOV_AUDIT_LOG} - [Delete Processing Requests] :: Deleted 0 long-lasting processing requests with IDs: []
ThreadID: [149] TenantID: [] [2025-05-12 13:26:15,833]  INFO {APIM_GOV_AUDIT_LOG} - [Fetch Requests] :: Scheduler fetched 0 requests with IDs: []
ThreadID: [149] TenantID: [] [2025-05-12 13:28:15,788]  INFO {APIM_GOV_AUDIT_LOG} - [Scheduler Thread Pool Status] :: Active Thread Count: 0 -- | -- Completed Task Count: 0 -- | -- Submitted Task Count: 0 -- | -- Queue Size: 0 -- | -- Core Pool Size: 20 -- | -- Maximum Pool Size: 20 -- | -- Current Pool Size: 0
ThreadID: [149] TenantID: [] [2025-05-12 13:28:15,822]  INFO {APIM_GOV_AUDIT_LOG} - [Delete Processing Requests] :: Deleted 0 long-lasting processing requests with IDs: []
ThreadID: [149] TenantID: [] [2025-05-12 13:28:15,822]  INFO {APIM_GOV_AUDIT_LOG} - [Fetch Requests] :: Scheduler fetched 0 requests with IDs: []
ThreadID: [1374] TenantID: [-1234] [2025-05-12 13:29:07,836]  INFO {APIM_GOV_AUDIT_LOG} - [New Async Eval Request] :: New compliance evaluation request for artifact 9831e519-1314-4b7b-b139-65c1842a4127 with policy IDs [f44e88a2-82da-4e86-ae84-7bfbc4b166e9]
ThreadID: [1374] TenantID: [-1234] [2025-05-12 13:29:07,836]  INFO {APIM_GOV_AUDIT_LOG} - [New Async Eval Request] :: New compliance evaluation request for artifact 9831e519-1314-4b7b-b139-65c1842a4127 with policy IDs [f44e88a2-82da-4e86-ae84-7bfbc4b166e9]
ThreadID: [1374] TenantID: [-1234] [2025-05-12 13:29:17,117]  INFO {APIM_GOV_AUDIT_LOG} - [New Async Eval Request] :: New compliance evaluation request for artifact 9831e519-1314-4b7b-b139-65c1842a4127 with policy IDs [f44e88a2-82da-4e86-ae84-7bfbc4b166e9]
ThreadID: [1374] TenantID: [-1234] [2025-05-12 13:29:17,117]  INFO {APIM_GOV_AUDIT_LOG} - [New Async Eval Request] :: New compliance evaluation request for artifact 9831e519-1314-4b7b-b139-65c1842a4127 with policy IDs [f44e88a2-82da-4e86-ae84-7bfbc4b166e9]
ThreadID: [1374] TenantID: [-1234] [2025-05-12 13:29:17,218]  INFO {APIM_GOV_AUDIT_LOG} - [New Async Eval Request] :: New compliance evaluation request for artifact 9831e519-1314-4b7b-b139-65c1842a4127 with policy IDs [f44e88a2-82da-4e86-ae84-7bfbc4b166e9]
ThreadID: [1374] TenantID: [-1234] [2025-05-12 13:29:17,218]  INFO {APIM_GOV_AUDIT_LOG} - [New Async Eval Request] :: New compliance evaluation request for artifact 9831e519-1314-4b7b-b139-65c1842a4127 with policy IDs [f44e88a2-82da-4e86-ae84-7bfbc4b166e9]
ThreadID: [149] TenantID: [] [2025-05-12 13:30:15,788]  INFO {APIM_GOV_AUDIT_LOG} - [Scheduler Thread Pool Status] :: Active Thread Count: 0 -- | -- Completed Task Count: 0 -- | -- Submitted Task Count: 0 -- | -- Queue Size: 0 -- | -- Core Pool Size: 20 -- | -- Maximum Pool Size: 20 -- | -- Current Pool Size: 0
ThreadID: [149] TenantID: [] [2025-05-12 13:30:15,788]  INFO {APIM_GOV_AUDIT_LOG} - [Delete Processing Requests] :: Deleted 0 long-lasting processing requests with IDs: []
ThreadID: [149] TenantID: [] [2025-05-12 13:30:15,788]  INFO {APIM_GOV_AUDIT_LOG} - [Fetch Requests] :: Scheduler fetched 1 requests with IDs: [19cdd66e-b0e9-4f49-81c2-831461b97e1d]
ThreadID: [1399] TenantID: [] [2025-05-12 13:30:15,788]  INFO {APIM_GOV_AUDIT_LOG} - [Async Eval Request] :: Processing request 19cdd66e-b0e9-4f49-81c2-831461b97e1d for artifact 9831e519-1314-4b7b-b139-65c1842a4127 in carbon.super organization
ThreadID: [1399] TenantID: [] [2025-05-12 13:30:15,875]  INFO {APIM_GOV_AUDIT_LOG} - [Async Eval Request] :: Validated artifact 9831e519-1314-4b7b-b139-65c1842a4127 in organization carbon.super against ruleset 688e2758-7646-4000-975a-4055f2d080bf
ThreadID: [1399] TenantID: [] [2025-05-12 13:30:15,910]  INFO {APIM_GOV_AUDIT_LOG} - [Async Eval Request] :: Validated artifact 9831e519-1314-4b7b-b139-65c1842a4127 in organization carbon.super against ruleset be68f6b5-639e-4202-a29b-481db924d8f9
ThreadID: [1399] TenantID: [] [2025-05-12 13:30:15,911]  INFO {APIM_GOV_AUDIT_LOG} - [Async Eval Request] :: Artifact 9831e519-1314-4b7b-b139-65c1842a4127 evaluated against policy f44e88a2-82da-4e86-ae84-7bfbc4b166e9 in organization carbon.super
ThreadID: [1399] TenantID: [] [2025-05-12 13:30:15,911]  INFO {APIM_GOV_AUDIT_LOG} - [Async Eval Request] :: Request 19cdd66e-b0e9-4f49-81c2-831461b97e1d processed successfully for artifact 9831e519-1314-4b7b-b139-65c1842a4127 in organization carbon.super
ThreadID: [149] TenantID: [] [2025-05-12 13:32:15,789]  INFO {APIM_GOV_AUDIT_LOG} - [Scheduler Thread Pool Status] :: Active Thread Count: 0 -- | -- Completed Task Count: 1 -- | -- Submitted Task Count: 1 -- | -- Queue Size: 0 -- | -- Core Pool Size: 20 -- | -- Maximum Pool Size: 20 -- | -- Current Pool Size: 1
ThreadID: [149] TenantID: [] [2025-05-12 13:32:15,827]  INFO {APIM_GOV_AUDIT_LOG} - [Delete Processing Requests] :: Deleted 0 long-lasting processing requests with IDs: []
ThreadID: [149] TenantID: [] [2025-05-12 13:32:15,828]  INFO {APIM_GOV_AUDIT_LOG} - [Fetch Requests] :: Scheduler fetched 0 requests with IDs: []
ThreadID: [149] TenantID: [] [2025-05-12 13:34:15,786]  INFO {APIM_GOV_AUDIT_LOG} - [Scheduler Thread Pool Status] :: Active Thread Count: 0 -- | -- Completed Task Count: 1 -- | -- Submitted Task Count: 1 -- | -- Queue Size: 0 -- | -- Core Pool Size: 20 -- | -- Maximum Pool Size: 20 -- | -- Current Pool Size: 1
ThreadID: [149] TenantID: [] [2025-05-12 13:34:15,814]  INFO {APIM_GOV_AUDIT_LOG} - [Delete Processing Requests] :: Deleted 0 long-lasting processing requests with IDs: []
ThreadID: [149] TenantID: [] [2025-05-12 13:34:15,814]  INFO {APIM_GOV_AUDIT_LOG} - [Fetch Requests] :: Scheduler fetched 0 requests with IDs: []
ThreadID: [149] TenantID: [] [2025-05-12 13:36:15,802]  INFO {APIM_GOV_AUDIT_LOG} - [Scheduler Thread Pool Status] :: Active Thread Count: 0 -- | -- Completed Task Count: 1 -- | -- Submitted Task Count: 1 -- | -- Queue Size: 0 -- | -- Core Pool Size: 20 -- | -- Maximum Pool Size: 20 -- | -- Current Pool Size: 1
ThreadID: [149] TenantID: [] [2025-05-12 13:36:15,803]  INFO {APIM_GOV_AUDIT_LOG} - [Delete Processing Requests] :: Deleted 0 long-lasting processing requests with IDs: []
ThreadID: [149] TenantID: [] [2025-05-12 13:36:15,804]  INFO {APIM_GOV_AUDIT_LOG} - [Fetch Requests] :: Scheduler fetched 0 requests with IDs: []
ThreadID: [149] TenantID: [] [2025-05-12 13:38:15,814]  INFO {APIM_GOV_AUDIT_LOG} - [Scheduler Thread Pool Status] :: Active Thread Count: 0 -- | -- Completed Task Count: 1 -- | -- Submitted Task Count: 1 -- | -- Queue Size: 0 -- | -- Core Pool Size: 20 -- | -- Maximum Pool Size: 20 -- | -- Current Pool Size: 1
ThreadID: [149] TenantID: [] [2025-05-12 13:38:15,847]  INFO {APIM_GOV_AUDIT_LOG} - [Delete Processing Requests] :: Deleted 0 long-lasting processing requests with IDs: []
ThreadID: [149] TenantID: [] [2025-05-12 13:38:15,847]  INFO {APIM_GOV_AUDIT_LOG} - [Fetch Requests] :: Scheduler fetched 0 requests with IDs: []
ThreadID: [149] TenantID: [] [2025-05-12 13:40:15,812]  INFO {APIM_GOV_AUDIT_LOG} - [Scheduler Thread Pool Status] :: Active Thread Count: 0 -- | -- Completed Task Count: 1 -- | -- Submitted Task Count: 1 -- | -- Queue Size: 0 -- | -- Core Pool Size: 20 -- | -- Maximum Pool Size: 20 -- | -- Current Pool Size: 1
ThreadID: [149] TenantID: [] [2025-05-12 13:40:15,848]  INFO {APIM_GOV_AUDIT_LOG} - [Delete Processing Requests] :: Deleted 0 long-lasting processing requests with IDs: []
ThreadID: [149] TenantID: [] [2025-05-12 13:40:15,848]  INFO {APIM_GOV_AUDIT_LOG} - [Fetch Requests] :: Scheduler fetched 0 requests with IDs: []
ThreadID: [149] TenantID: [] [2025-05-12 13:42:15,810]  INFO {APIM_GOV_AUDIT_LOG} - [Scheduler Thread Pool Status] :: Active Thread Count: 0 -- | -- Completed Task Count: 1 -- | -- Submitted Task Count: 1 -- | -- Queue Size: 0 -- | -- Core Pool Size: 20 -- | -- Maximum Pool Size: 20 -- | -- Current Pool Size: 1
ThreadID: [149] TenantID: [] [2025-05-12 13:42:15,841]  INFO {APIM_GOV_AUDIT_LOG} - [Delete Processing Requests] :: Deleted 0 long-lasting processing requests with IDs: []
ThreadID: [149] TenantID: [] [2025-05-12 13:42:15,842]  INFO {APIM_GOV_AUDIT_LOG} - [Fetch Requests] :: Scheduler fetched 0 requests with IDs: []
ThreadID: [149] TenantID: [] [2025-05-12 13:44:15,813]  INFO {APIM_GOV_AUDIT_LOG} - [Scheduler Thread Pool Status] :: Active Thread Count: 0 -- | -- Completed Task Count: 1 -- | -- Submitted Task Count: 1 -- | -- Queue Size: 0 -- | -- Core Pool Size: 20 -- | -- Maximum Pool Size: 20 -- | -- Current Pool Size: 1
ThreadID: [149] TenantID: [] [2025-05-12 13:44:15,847]  INFO {APIM_GOV_AUDIT_LOG} - [Delete Processing Requests] :: Deleted 0 long-lasting processing requests with IDs: []
ThreadID: [149] TenantID: [] [2025-05-12 13:44:15,847]  INFO {APIM_GOV_AUDIT_LOG} - [Fetch Requests] :: Scheduler fetched 0 requests with IDs: []
ThreadID: [149] TenantID: [] [2025-05-12 13:46:15,815]  INFO {APIM_GOV_AUDIT_LOG} - [Scheduler Thread Pool Status] :: Active Thread Count: 0 -- | -- Completed Task Count: 1 -- | -- Submitted Task Count: 1 -- | -- Queue Size: 0 -- | -- Core Pool Size: 20 -- | -- Maximum Pool Size: 20 -- | -- Current Pool Size: 1
ThreadID: [149] TenantID: [] [2025-05-12 13:46:15,848]  INFO {APIM_GOV_AUDIT_LOG} - [Delete Processing Requests] :: Deleted 0 long-lasting processing requests with IDs: []
ThreadID: [149] TenantID: [] [2025-05-12 13:46:15,848]  INFO {APIM_GOV_AUDIT_LOG} - [Fetch Requests] :: Scheduler fetched 0 requests with IDs: []
ThreadID: [149] TenantID: [] [2025-05-12 13:48:15,813]  INFO {APIM_GOV_AUDIT_LOG} - [Scheduler Thread Pool Status] :: Active Thread Count: 0 -- | -- Completed Task Count: 1 -- | -- Submitted Task Count: 1 -- | -- Queue Size: 0 -- | -- Core Pool Size: 20 -- | -- Maximum Pool Size: 20 -- | -- Current Pool Size: 1
ThreadID: [149] TenantID: [] [2025-05-12 13:48:15,839]  INFO {APIM_GOV_AUDIT_LOG} - [Delete Processing Requests] :: Deleted 0 long-lasting processing requests with IDs: []
ThreadID: [149] TenantID: [] [2025-05-12 13:48:15,839]  INFO {APIM_GOV_AUDIT_LOG} - [Fetch Requests] :: Scheduler fetched 0 requests with IDs: []
ThreadID: [149] TenantID: [] [2025-05-12 13:50:15,812]  INFO {APIM_GOV_AUDIT_LOG} - [Scheduler Thread Pool Status] :: Active Thread Count: 0 -- | -- Completed Task Count: 1 -- | -- Submitted Task Count: 1 -- | -- Queue Size: 0 -- | -- Core Pool Size: 20 -- | -- Maximum Pool Size: 20 -- | -- Current Pool Size: 1
ThreadID: [149] TenantID: [] [2025-05-12 13:50:15,847]  INFO {APIM_GOV_AUDIT_LOG} - [Delete Processing Requests] :: Deleted 0 long-lasting processing requests with IDs: []
ThreadID: [149] TenantID: [] [2025-05-12 13:50:15,847]  INFO {APIM_GOV_AUDIT_LOG} - [Fetch Requests] :: Scheduler fetched 0 requests with IDs: []
ThreadID: [149] TenantID: [] [2025-05-12 13:52:15,813]  INFO {APIM_GOV_AUDIT_LOG} - [Scheduler Thread Pool Status] :: Active Thread Count: 0 -- | -- Completed Task Count: 1 -- | -- Submitted Task Count: 1 -- | -- Queue Size: 0 -- | -- Core Pool Size: 20 -- | -- Maximum Pool Size: 20 -- | -- Current Pool Size: 1
ThreadID: [149] TenantID: [] [2025-05-12 13:52:15,849]  INFO {APIM_GOV_AUDIT_LOG} - [Delete Processing Requests] :: Deleted 0 long-lasting processing requests with IDs: []
ThreadID: [149] TenantID: [] [2025-05-12 13:52:15,849]  INFO {APIM_GOV_AUDIT_LOG} - [Fetch Requests] :: Scheduler fetched 0 requests with IDs: []
ThreadID: [149] TenantID: [] [2025-05-12 13:54:15,831]  INFO {APIM_GOV_AUDIT_LOG} - [Scheduler Thread Pool Status] :: Active Thread Count: 0 -- | -- Completed Task Count: 1 -- | -- Submitted Task Count: 1 -- | -- Queue Size: 0 -- | -- Core Pool Size: 20 -- | -- Maximum Pool Size: 20 -- | -- Current Pool Size: 1
ThreadID: [149] TenantID: [] [2025-05-12 13:54:15,862]  INFO {APIM_GOV_AUDIT_LOG} - [Delete Processing Requests] :: Deleted 0 long-lasting processing requests with IDs: []
ThreadID: [149] TenantID: [] [2025-05-12 13:54:15,862]  INFO {APIM_GOV_AUDIT_LOG} - [Fetch Requests] :: Scheduler fetched 0 requests with IDs: []
ThreadID: [149] TenantID: [] [2025-05-12 13:56:15,834]  INFO {APIM_GOV_AUDIT_LOG} - [Scheduler Thread Pool Status] :: Active Thread Count: 0 -- | -- Completed Task Count: 1 -- | -- Submitted Task Count: 1 -- | -- Queue Size: 0 -- | -- Core Pool Size: 20 -- | -- Maximum Pool Size: 20 -- | -- Current Pool Size: 1
ThreadID: [149] TenantID: [] [2025-05-12 13:56:15,834]  INFO {APIM_GOV_AUDIT_LOG} - [Delete Processing Requests] :: Deleted 0 long-lasting processing requests with IDs: []
ThreadID: [149] TenantID: [] [2025-05-12 13:56:15,835]  INFO {APIM_GOV_AUDIT_LOG} - [Fetch Requests] :: Scheduler fetched 0 requests with IDs: []
ThreadID: [149] TenantID: [] [2025-05-12 13:58:15,832]  INFO {APIM_GOV_AUDIT_LOG} - [Scheduler Thread Pool Status] :: Active Thread Count: 0 -- | -- Completed Task Count: 1 -- | -- Submitted Task Count: 1 -- | -- Queue Size: 0 -- | -- Core Pool Size: 20 -- | -- Maximum Pool Size: 20 -- | -- Current Pool Size: 1
ThreadID: [149] TenantID: [] [2025-05-12 13:58:15,861]  INFO {APIM_GOV_AUDIT_LOG} - [Delete Processing Requests] :: Deleted 0 long-lasting processing requests with IDs: []
ThreadID: [149] TenantID: [] [2025-05-12 13:58:15,861]  INFO {APIM_GOV_AUDIT_LOG} - [Fetch Requests] :: Scheduler fetched 0 requests with IDs: []
ThreadID: [149] TenantID: [] [2025-05-12 14:00:15,835]  INFO {APIM_GOV_AUDIT_LOG} - [Scheduler Thread Pool Status] :: Active Thread Count: 0 -- | -- Completed Task Count: 1 -- | -- Submitted Task Count: 1 -- | -- Queue Size: 0 -- | -- Core Pool Size: 20 -- | -- Maximum Pool Size: 20 -- | -- Current Pool Size: 1
ThreadID: [149] TenantID: [] [2025-05-12 14:00:15,863]  INFO {APIM_GOV_AUDIT_LOG} - [Delete Processing Requests] :: Deleted 0 long-lasting processing requests with IDs: []
ThreadID: [149] TenantID: [] [2025-05-12 14:00:15,863]  INFO {APIM_GOV_AUDIT_LOG} - [Fetch Requests] :: Scheduler fetched 0 requests with IDs: []
ThreadID: [149] TenantID: [] [2025-05-12 14:02:15,837]  INFO {APIM_GOV_AUDIT_LOG} - [Scheduler Thread Pool Status] :: Active Thread Count: 0 -- | -- Completed Task Count: 1 -- | -- Submitted Task Count: 1 -- | -- Queue Size: 0 -- | -- Core Pool Size: 20 -- | -- Maximum Pool Size: 20 -- | -- Current Pool Size: 1
ThreadID: [149] TenantID: [] [2025-05-12 14:02:15,866]  INFO {APIM_GOV_AUDIT_LOG} - [Delete Processing Requests] :: Deleted 0 long-lasting processing requests with IDs: []
ThreadID: [149] TenantID: [] [2025-05-12 14:02:15,866]  INFO {APIM_GOV_AUDIT_LOG} - [Fetch Requests] :: Scheduler fetched 0 requests with IDs: []
ThreadID: [149] TenantID: [] [2025-05-12 14:04:15,835]  INFO {APIM_GOV_AUDIT_LOG} - [Scheduler Thread Pool Status] :: Active Thread Count: 0 -- | -- Completed Task Count: 1 -- | -- Submitted Task Count: 1 -- | -- Queue Size: 0 -- | -- Core Pool Size: 20 -- | -- Maximum Pool Size: 20 -- | -- Current Pool Size: 1
ThreadID: [149] TenantID: [] [2025-05-12 14:04:15,868]  INFO {APIM_GOV_AUDIT_LOG} - [Delete Processing Requests] :: Deleted 0 long-lasting processing requests with IDs: []
ThreadID: [149] TenantID: [] [2025-05-12 14:04:15,868]  INFO {APIM_GOV_AUDIT_LOG} - [Fetch Requests] :: Scheduler fetched 0 requests with IDs: []
ThreadID: [149] TenantID: [] [2025-05-12 14:06:15,836]  INFO {APIM_GOV_AUDIT_LOG} - [Scheduler Thread Pool Status] :: Active Thread Count: 0 -- | -- Completed Task Count: 1 -- | -- Submitted Task Count: 1 -- | -- Queue Size: 0 -- | -- Core Pool Size: 20 -- | -- Maximum Pool Size: 20 -- | -- Current Pool Size: 1
ThreadID: [149] TenantID: [] [2025-05-12 14:06:15,866]  INFO {APIM_GOV_AUDIT_LOG} - [Delete Processing Requests] :: Deleted 0 long-lasting processing requests with IDs: []
ThreadID: [149] TenantID: [] [2025-05-12 14:06:15,866]  INFO {APIM_GOV_AUDIT_LOG} - [Fetch Requests] :: Scheduler fetched 0 requests with IDs: []
ThreadID: [149] TenantID: [] [2025-05-12 14:08:15,837]  INFO {APIM_GOV_AUDIT_LOG} - [Scheduler Thread Pool Status] :: Active Thread Count: 0 -- | -- Completed Task Count: 1 -- | -- Submitted Task Count: 1 -- | -- Queue Size: 0 -- | -- Core Pool Size: 20 -- | -- Maximum Pool Size: 20 -- | -- Current Pool Size: 1
ThreadID: [149] TenantID: [] [2025-05-12 14:08:15,879]  INFO {APIM_GOV_AUDIT_LOG} - [Delete Processing Requests] :: Deleted 0 long-lasting processing requests with IDs: []
ThreadID: [149] TenantID: [] [2025-05-12 14:08:15,879]  INFO {APIM_GOV_AUDIT_LOG} - [Fetch Requests] :: Scheduler fetched 0 requests with IDs: []
ThreadID: [149] TenantID: [] [2025-05-12 14:10:15,834]  INFO {APIM_GOV_AUDIT_LOG} - [Scheduler Thread Pool Status] :: Active Thread Count: 0 -- | -- Completed Task Count: 1 -- | -- Submitted Task Count: 1 -- | -- Queue Size: 0 -- | -- Core Pool Size: 20 -- | -- Maximum Pool Size: 20 -- | -- Current Pool Size: 1
ThreadID: [149] TenantID: [] [2025-05-12 14:10:15,871]  INFO {APIM_GOV_AUDIT_LOG} - [Delete Processing Requests] :: Deleted 0 long-lasting processing requests with IDs: []
ThreadID: [149] TenantID: [] [2025-05-12 14:10:15,871]  INFO {APIM_GOV_AUDIT_LOG} - [Fetch Requests] :: Scheduler fetched 0 requests with IDs: []
ThreadID: [149] TenantID: [] [2025-05-12 14:12:15,838]  INFO {APIM_GOV_AUDIT_LOG} - [Scheduler Thread Pool Status] :: Active Thread Count: 0 -- | -- Completed Task Count: 1 -- | -- Submitted Task Count: 1 -- | -- Queue Size: 0 -- | -- Core Pool Size: 20 -- | -- Maximum Pool Size: 20 -- | -- Current Pool Size: 1
ThreadID: [149] TenantID: [] [2025-05-12 14:12:15,868]  INFO {APIM_GOV_AUDIT_LOG} - [Delete Processing Requests] :: Deleted 0 long-lasting processing requests with IDs: []
ThreadID: [149] TenantID: [] [2025-05-12 14:12:15,868]  INFO {APIM_GOV_AUDIT_LOG} - [Fetch Requests] :: Scheduler fetched 0 requests with IDs: []
ThreadID: [149] TenantID: [] [2025-05-12 14:14:15,839]  INFO {APIM_GOV_AUDIT_LOG} - [Scheduler Thread Pool Status] :: Active Thread Count: 0 -- | -- Completed Task Count: 1 -- | -- Submitted Task Count: 1 -- | -- Queue Size: 0 -- | -- Core Pool Size: 20 -- | -- Maximum Pool Size: 20 -- | -- Current Pool Size: 1
ThreadID: [149] TenantID: [] [2025-05-12 14:14:15,867]  INFO {APIM_GOV_AUDIT_LOG} - [Delete Processing Requests] :: Deleted 0 long-lasting processing requests with IDs: []
ThreadID: [149] TenantID: [] [2025-05-12 14:14:15,867]  INFO {APIM_GOV_AUDIT_LOG} - [Fetch Requests] :: Scheduler fetched 0 requests with IDs: []
ThreadID: [149] TenantID: [] [2025-05-12 14:16:15,839]  INFO {APIM_GOV_AUDIT_LOG} - [Scheduler Thread Pool Status] :: Active Thread Count: 0 -- | -- Completed Task Count: 1 -- | -- Submitted Task Count: 1 -- | -- Queue Size: 0 -- | -- Core Pool Size: 20 -- | -- Maximum Pool Size: 20 -- | -- Current Pool Size: 1
ThreadID: [149] TenantID: [] [2025-05-12 14:16:15,868]  INFO {APIM_GOV_AUDIT_LOG} - [Delete Processing Requests] :: Deleted 0 long-lasting processing requests with IDs: []
ThreadID: [149] TenantID: [] [2025-05-12 14:16:15,868]  INFO {APIM_GOV_AUDIT_LOG} - [Fetch Requests] :: Scheduler fetched 0 requests with IDs: []
ThreadID: [149] TenantID: [] [2025-05-12 14:18:15,840]  INFO {APIM_GOV_AUDIT_LOG} - [Scheduler Thread Pool Status] :: Active Thread Count: 0 -- | -- Completed Task Count: 1 -- | -- Submitted Task Count: 1 -- | -- Queue Size: 0 -- | -- Core Pool Size: 20 -- | -- Maximum Pool Size: 20 -- | -- Current Pool Size: 1
ThreadID: [149] TenantID: [] [2025-05-12 14:18:15,878]  INFO {APIM_GOV_AUDIT_LOG} - [Delete Processing Requests] :: Deleted 0 long-lasting processing requests with IDs: []
ThreadID: [149] TenantID: [] [2025-05-12 14:18:15,879]  INFO {APIM_GOV_AUDIT_LOG} - [Fetch Requests] :: Scheduler fetched 0 requests with IDs: []
ThreadID: [149] TenantID: [] [2025-05-12 14:20:15,866]  INFO {APIM_GOV_AUDIT_LOG} - [Scheduler Thread Pool Status] :: Active Thread Count: 0 -- | -- Completed Task Count: 1 -- | -- Submitted Task Count: 1 -- | -- Queue Size: 0 -- | -- Core Pool Size: 20 -- | -- Maximum Pool Size: 20 -- | -- Current Pool Size: 1
ThreadID: [149] TenantID: [] [2025-05-12 14:20:15,904]  INFO {APIM_GOV_AUDIT_LOG} - [Delete Processing Requests] :: Deleted 0 long-lasting processing requests with IDs: []
ThreadID: [149] TenantID: [] [2025-05-12 14:20:15,904]  INFO {APIM_GOV_AUDIT_LOG} - [Fetch Requests] :: Scheduler fetched 0 requests with IDs: []
ThreadID: [149] TenantID: [] [2025-05-12 14:23:35,905]  INFO {APIM_GOV_AUDIT_LOG} - [Scheduler Thread Pool Status] :: Active Thread Count: 0 -- | -- Completed Task Count: 1 -- | -- Submitted Task Count: 1 -- | -- Queue Size: 0 -- | -- Core Pool Size: 20 -- | -- Maximum Pool Size: 20 -- | -- Current Pool Size: 1
ThreadID: [149] TenantID: [] [2025-05-12 14:23:35,938]  INFO {APIM_GOV_AUDIT_LOG} - [Delete Processing Requests] :: Deleted 0 long-lasting processing requests with IDs: []
ThreadID: [149] TenantID: [] [2025-05-12 14:23:35,938]  INFO {APIM_GOV_AUDIT_LOG} - [Fetch Requests] :: Scheduler fetched 0 requests with IDs: []
ThreadID: [149] TenantID: [] [2025-05-12 14:55:37,493]  INFO {APIM_GOV_AUDIT_LOG} - [Scheduler Thread Pool Status] :: Active Thread Count: 0 -- | -- Completed Task Count: 1 -- | -- Submitted Task Count: 1 -- | -- Queue Size: 0 -- | -- Core Pool Size: 20 -- | -- Maximum Pool Size: 20 -- | -- Current Pool Size: 1
ThreadID: [149] TenantID: [] [2025-05-12 14:55:37,528]  INFO {APIM_GOV_AUDIT_LOG} - [Delete Processing Requests] :: Deleted 0 long-lasting processing requests with IDs: []
ThreadID: [149] TenantID: [] [2025-05-12 14:55:37,528]  INFO {APIM_GOV_AUDIT_LOG} - [Fetch Requests] :: Scheduler fetched 0 requests with IDs: []
ThreadID: [149] TenantID: [] [2025-05-12 15:57:40,004]  INFO {APIM_GOV_AUDIT_LOG} - [Scheduler Thread Pool Status] :: Active Thread Count: 0 -- | -- Completed Task Count: 1 -- | -- Submitted Task Count: 1 -- | -- Queue Size: 0 -- | -- Core Pool Size: 20 -- | -- Maximum Pool Size: 20 -- | -- Current Pool Size: 1
ThreadID: [149] TenantID: [] [2025-05-12 15:57:40,044]  INFO {APIM_GOV_AUDIT_LOG} - [Delete Processing Requests] :: Deleted 0 long-lasting processing requests with IDs: []
ThreadID: [149] TenantID: [] [2025-05-12 15:57:40,044]  INFO {APIM_GOV_AUDIT_LOG} - [Fetch Requests] :: Scheduler fetched 0 requests with IDs: []
ThreadID: [149] TenantID: [] [2025-05-12 16:57:16,088]  INFO {APIM_GOV_AUDIT_LOG} - [Scheduler Thread Pool Status] :: Active Thread Count: 0 -- | -- Completed Task Count: 1 -- | -- Submitted Task Count: 1 -- | -- Queue Size: 0 -- | -- Core Pool Size: 20 -- | -- Maximum Pool Size: 20 -- | -- Current Pool Size: 1
ThreadID: [149] TenantID: [] [2025-05-12 16:57:16,122]  INFO {APIM_GOV_AUDIT_LOG} - [Delete Processing Requests] :: Deleted 0 long-lasting processing requests with IDs: []
ThreadID: [149] TenantID: [] [2025-05-12 16:57:16,122]  INFO {APIM_GOV_AUDIT_LOG} - [Fetch Requests] :: Scheduler fetched 0 requests with IDs: []
ThreadID: [149] TenantID: [] [2025-05-12 18:13:34,137]  INFO {APIM_GOV_AUDIT_LOG} - [Scheduler Thread Pool Status] :: Active Thread Count: 0 -- | -- Completed Task Count: 1 -- | -- Submitted Task Count: 1 -- | -- Queue Size: 0 -- | -- Core Pool Size: 20 -- | -- Maximum Pool Size: 20 -- | -- Current Pool Size: 1
ThreadID: [149] TenantID: [] [2025-05-12 18:13:34,172]  INFO {APIM_GOV_AUDIT_LOG} - [Delete Processing Requests] :: Deleted 0 long-lasting processing requests with IDs: []
ThreadID: [149] TenantID: [] [2025-05-12 18:13:34,172]  INFO {APIM_GOV_AUDIT_LOG} - [Fetch Requests] :: Scheduler fetched 0 requests with IDs: []
ThreadID: [149] TenantID: [] [2025-05-12 19:14:49,080]  INFO {APIM_GOV_AUDIT_LOG} - [Scheduler Thread Pool Status] :: Active Thread Count: 0 -- | -- Completed Task Count: 1 -- | -- Submitted Task Count: 1 -- | -- Queue Size: 0 -- | -- Core Pool Size: 20 -- | -- Maximum Pool Size: 20 -- | -- Current Pool Size: 1
ThreadID: [149] TenantID: [] [2025-05-12 19:14:49,116]  INFO {APIM_GOV_AUDIT_LOG} - [Delete Processing Requests] :: Deleted 0 long-lasting processing requests with IDs: []
ThreadID: [149] TenantID: [] [2025-05-12 19:14:49,116]  INFO {APIM_GOV_AUDIT_LOG} - [Fetch Requests] :: Scheduler fetched 0 requests with IDs: []
ThreadID: [149] TenantID: [] [2025-05-12 20:22:05,902]  INFO {APIM_GOV_AUDIT_LOG} - [Scheduler Thread Pool Status] :: Active Thread Count: 0 -- | -- Completed Task Count: 1 -- | -- Submitted Task Count: 1 -- | -- Queue Size: 0 -- | -- Core Pool Size: 20 -- | -- Maximum Pool Size: 20 -- | -- Current Pool Size: 1
ThreadID: [149] TenantID: [] [2025-05-12 20:22:05,937]  INFO {APIM_GOV_AUDIT_LOG} - [Delete Processing Requests] :: Deleted 0 long-lasting processing requests with IDs: []
ThreadID: [149] TenantID: [] [2025-05-12 20:22:05,937]  INFO {APIM_GOV_AUDIT_LOG} - [Fetch Requests] :: Scheduler fetched 0 requests with IDs: []
ThreadID: [149] TenantID: [] [2025-05-12 21:16:50,104]  INFO {APIM_GOV_AUDIT_LOG} - [Scheduler Thread Pool Status] :: Active Thread Count: 0 -- | -- Completed Task Count: 1 -- | -- Submitted Task Count: 1 -- | -- Queue Size: 0 -- | -- Core Pool Size: 20 -- | -- Maximum Pool Size: 20 -- | -- Current Pool Size: 1
ThreadID: [149] TenantID: [] [2025-05-12 21:16:50,141]  INFO {APIM_GOV_AUDIT_LOG} - [Delete Processing Requests] :: Deleted 0 long-lasting processing requests with IDs: []
ThreadID: [149] TenantID: [] [2025-05-12 21:16:50,141]  INFO {APIM_GOV_AUDIT_LOG} - [Fetch Requests] :: Scheduler fetched 0 requests with IDs: []
ThreadID: [149] TenantID: [] [2025-05-12 22:32:19,381]  INFO {APIM_GOV_AUDIT_LOG} - [Scheduler Thread Pool Status] :: Active Thread Count: 0 -- | -- Completed Task Count: 1 -- | -- Submitted Task Count: 1 -- | -- Queue Size: 0 -- | -- Core Pool Size: 20 -- | -- Maximum Pool Size: 20 -- | -- Current Pool Size: 1
ThreadID: [149] TenantID: [] [2025-05-12 22:32:19,407]  INFO {APIM_GOV_AUDIT_LOG} - [Delete Processing Requests] :: Deleted 0 long-lasting processing requests with IDs: []
ThreadID: [149] TenantID: [] [2025-05-12 22:32:19,407]  INFO {APIM_GOV_AUDIT_LOG} - [Fetch Requests] :: Scheduler fetched 0 requests with IDs: []
ThreadID: [149] TenantID: [] [2025-05-12 23:48:45,377]  INFO {APIM_GOV_AUDIT_LOG} - [Scheduler Thread Pool Status] :: Active Thread Count: 0 -- | -- Completed Task Count: 1 -- | -- Submitted Task Count: 1 -- | -- Queue Size: 0 -- | -- Core Pool Size: 20 -- | -- Maximum Pool Size: 20 -- | -- Current Pool Size: 1
ThreadID: [149] TenantID: [] [2025-05-12 23:48:45,412]  INFO {APIM_GOV_AUDIT_LOG} - [Delete Processing Requests] :: Deleted 0 long-lasting processing requests with IDs: []
ThreadID: [149] TenantID: [] [2025-05-12 23:48:45,412]  INFO {APIM_GOV_AUDIT_LOG} - [Fetch Requests] :: Scheduler fetched 0 requests with IDs: []
