TID: [] [2025-05-11 00:13:44,126]  INFO {AUDIT_LOG} - Initiator=w**************r Action=Get-User-Claim-Values Target=a***n Data={"Claims":{},"Profile":"default"} Outcome=Success
TID: [] [2025-05-11 00:13:44,126]  INFO {AUDIT_LOG} - Initiator=w**************r Action=Get-User-Claim-Values Target=a***n Data={"Claims":{},"Profile":"default"} Outcome=Success
TID: [] [2025-05-11 00:13:44,126]  INFO {AUDIT_LOG} - Initiator=w**************r Action=Get-User-Claim-Values Target=a***n Data={"Claims":{},"Profile":"default"} Outcome=Success
TID: [] [2025-05-11 00:47:43,825]  INFO {AUDIT_LOG} - Initiator=w**************r Action=Get-User-Claim-Values Target=a***n Data={"Claims":{},"Profile":"default"} Outcome=Success
TID: [] [2025-05-11 00:47:43,826]  INFO {AUDIT_LOG} - Initiator=w**************r Action=Get-User-Claim-Values Target=a***n Data={"Claims":{},"Profile":"default"} Outcome=Success
TID: [] [2025-05-11 00:47:43,826]  INFO {AUDIT_LOG} - Initiator=w**************r Action=Get-User-Claim-Values Target=a***n Data={"Claims":{},"Profile":"default"} Outcome=Success
TID: [-1234] [2025-05-11 00:58:40,347]  INFO {AUDIT_LOG} - Initiator=w**************r Action=Get-User-List Target=null Data={"ServiceProviderName":"apim_publisher","Claim Value":"a***n","Users":["a***n"],"Claim":"http://wso2.org/claims/username"} Outcome=Success
TID: [-1234] [2025-05-11 00:58:40,351]  INFO {AUDIT_LOG} - Initiator=w**************r Action=Get-User-Claim-Values Target=a***n Data={"ServiceProviderName":"apim_publisher","Claims":{},"Profile":"default"} Outcome=Success
TID: [-1234] [2025-05-11 00:58:40,352]  INFO {AUDIT_LOG} - Initiator=w**************r Action=Get-User-Claim-Values Target=a***n Data={"ServiceProviderName":"apim_publisher","Claims":{},"Profile":"default"} Outcome=Success
TID: [-1234] [2025-05-11 00:58:40,352]  INFO {AUDIT_LOG} - Initiator=w**************r Action=Get-User-Claim-Values Target=a***n Data={"ServiceProviderName":"apim_publisher","Claims":{},"Profile":"default"} Outcome=Success
TID: [-1234] [2025-05-11 00:58:40,353]  INFO {AUDIT_LOG} - Initiator : a***n | Action : LoginStepSuccess | Target : ApplicationAuthenticationFramework | Data : { "ContextIdentifier" : "c37132b7-3a58-423b-b52c-1852c1404875","AuthenticatedUser" : "a***n","AuthenticatedUserTenantDomain" : "carbon.super","ServiceProviderName" : "apim_publisher","RequestType" : "oidc","RelyingParty" : "khdvFkyjN2yjjh0Umxi0Gqgc8aca","AuthenticatedIdP" : "LOCAL","User Agent" : "null","RemoteAddress" : "null","UserStoreDomain" : "PRIMARY" } | Result : Success 
TID: [-1234] [2025-05-11 00:58:40,353]  INFO {AUDIT_LOG} - Initiator : a****************r | Action : Authenticate | Target : ApplicationAuthenticationFramework | Data : { Step: 1, IDP: LOCAL, Authenticator:BasicAuthenticator } | Result : Success 
TID: [-1234] [2025-05-11 00:58:40,356]  INFO {AUDIT_LOG} - Initiator=w**************r Action=Get-Roles-of-User Target=a***n Data={"ServiceProviderName":"apim_publisher","Filter":"*","Roles":["Internal/subscriber","Internal/creator","Internal/publisher","Internal/everyone","Internal/devops","admin","Internal/analytics","Internal/observer","Internal/integration_dev","customer"]} Outcome=Success
TID: [-1234] [2025-05-11 00:58:40,356]  INFO {AUDIT_LOG} - Initiator=w**************r Action=Get-User-Claim-Values Target=a***n Data={"ServiceProviderName":"apim_publisher","Claims":{"http://wso2.org/claims/username":"a***n","http://wso2.org/claims/userid":"b2fad880-11b5-4fa1-b5e4-d1ef2e68f953","http://wso2.org/claims/role":"I********************************************************************************************************************************************************************r","http://wso2.org/claims/userprincipal":"a***n"}} Outcome=Success
TID: [-1234] [2025-05-11 00:58:40,362]  INFO {AUDIT_LOG} - Initiator : b2fad880-11b5-4fa1-b5e4-d1ef2e68f953 | Action : StoreSession | Data : { {"traceId":"a687a5d6-79ce-421b-b1e1-aaef39f6a0c9","RememberMe":false,"sessionContextId":"91ef9817631e9b878ca30a8ecaf0ff5e9eb4c770401b966f16ae7aacffdb5ec7","AuthenticatedUserTenantDomain":"carbon.super","AuthenticatedUser":"a***n","LastAccessedTimestamp":1746905320359} } | Result : Success 
TID: [-1234] [2025-05-11 00:58:40,364]  INFO {AUDIT_LOG} - Initiator : b2fad880-11b5-4fa1-b5e4-d1ef2e68f953 | Action : Login | Target : ApplicationAuthenticationFramework | Data : { "ContextIdentifier" : "c37132b7-3a58-423b-b52c-1852c1404875","AuthenticatedUser" : "a***n","AuthenticatedUserTenantDomain" : "carbon.super","ServiceProviderName" : "apim_publisher","RequestType" : "oidc","RelyingParty" : "khdvFkyjN2yjjh0Umxi0Gqgc8aca","AuthenticatedIdPs" : "eyJ0eXAiOiJKV1QiLCJhbGciOiJIUzI1NiJ9.eyJpc3MiOiJ3c28yIiwiZXhwIjoxNzQ2OTA1MzIzMzUzLCJpYXQiOjE3NDY5MDUzMjAzNTMsImlkcHMiOlt7ImlkcCI6IkxPQ0FMIiwiYXV0aGVudGljYXRvciI6IkJhc2ljQXV0aGVudGljYXRvciJ9XX0.v2vrEXsxZF2NBiJBT39Vvfth451ZdYVxIb-J6P8yjuk","User Agent" : "null","RemoteAddress" : "null","UserStoreDomain" : "PRIMARY" } | Result : Success 
TID: [-1234] [2025-05-11 00:58:40,443]  INFO {AUDIT_LOG} - Initiator=w**************r Action=Get-User-List Target=null Data={"Claim Value":"a***n","Users":["a***n"],"Claim":"http://wso2.org/claims/username"} Outcome=Success
TID: [-1234] [2025-05-11 00:58:40,444]  INFO {AUDIT_LOG} - Initiator=w**************r Action=Get-User-Claim-Values Target=a***n Data={"Claims":{},"Profile":"default"} Outcome=Success
TID: [-1234] [2025-05-11 00:58:40,445]  INFO {AUDIT_LOG} - Initiator=w**************r Action=Get-User-Claim-Values Target=a***n Data={"Claims":{},"Profile":"default"} Outcome=Success
TID: [-1234] [2025-05-11 00:58:40,445]  INFO {AUDIT_LOG} - Initiator=w**************r Action=Get-User-Claim-Values Target=a***n Data={"Claims":{},"Profile":"default"} Outcome=Success
TID: [-1234] [2025-05-11 00:58:40,624]  INFO {AUDIT_LOG} - Initiator=w**************r Action=Get-User-Claim-Value Target=a***n Data={"Claim":"http://wso2.org/claims/organization"} Outcome=Success
TID: [-1234] [2025-05-11 00:58:40,626]  INFO {AUDIT_LOG} - GET /api/am/publisher/settings user: admin@carbon.super app: khdvFkyjN2yjjh0Umxi0Gqgc8aca
TID: [-1234] [2025-05-11 00:58:40,665]  INFO {AUDIT_LOG} - GET /api/am/publisher/apis?limit=10&offset=0 user: admin@carbon.super app: khdvFkyjN2yjjh0Umxi0Gqgc8aca
TID: [-1234] [2025-05-11 00:58:41,971]  INFO {AUDIT_LOG} - GET /api/am/publisher/tenants?state=active user: admin@carbon.super app: khdvFkyjN2yjjh0Umxi0Gqgc8aca
TID: [-1234] [2025-05-11 00:58:41,971]  INFO {AUDIT_LOG} - GET /api/am/publisher/apis/9831e519-1314-4b7b-b139-65c1842a4127 user: admin@carbon.super app: khdvFkyjN2yjjh0Umxi0Gqgc8aca
TID: [-1234] [2025-05-11 00:58:42,071]  INFO {AUDIT_LOG} - GET /api/am/publisher/me/organization-information user: admin@carbon.super app: khdvFkyjN2yjjh0Umxi0Gqgc8aca
TID: [-1234] [2025-05-11 00:58:42,071]  INFO {AUDIT_LOG} - GET /api/am/publisher/apis/9831e519-1314-4b7b-b139-65c1842a4127/swagger user: admin@carbon.super app: khdvFkyjN2yjjh0Umxi0Gqgc8aca
TID: [-1234] [2025-05-11 00:58:42,071]  INFO {AUDIT_LOG} - GET /api/am/publisher/apis/9831e519-1314-4b7b-b139-65c1842a4127/revisions user: admin@carbon.super app: khdvFkyjN2yjjh0Umxi0Gqgc8aca
TID: [-1234] [2025-05-11 00:58:42,071]  INFO {AUDIT_LOG} - GET /api/am/publisher/apis/9831e519-1314-4b7b-b139-65c1842a4127/revisions?query=deployed%3Atrue user: admin@carbon.super app: khdvFkyjN2yjjh0Umxi0Gqgc8aca
TID: [-1234] [2025-05-11 00:58:42,072]  INFO {AUDIT_LOG} - GET /api/am/publisher/apis/9831e519-1314-4b7b-b139-65c1842a4127/revisions?query=deployed%3Atrue user: admin@carbon.super app: khdvFkyjN2yjjh0Umxi0Gqgc8aca
TID: [-1234] [2025-05-11 00:58:42,106]  INFO {AUDIT_LOG} - GET /api/am/publisher/apis/9831e519-1314-4b7b-b139-65c1842a4127/revisions?query=deployed%3Atrue user: admin@carbon.super app: khdvFkyjN2yjjh0Umxi0Gqgc8aca
TID: [-1234] [2025-05-11 00:58:42,106]  INFO {AUDIT_LOG} - GET /api/am/publisher/apis/9831e519-1314-4b7b-b139-65c1842a4127/swagger user: admin@carbon.super app: khdvFkyjN2yjjh0Umxi0Gqgc8aca
TID: [-1234] [2025-05-11 00:58:44,532]  INFO {AUDIT_LOG} - GET /api/am/publisher/throttling-policies/api?limit=80 user: admin@carbon.super app: khdvFkyjN2yjjh0Umxi0Gqgc8aca
TID: [-1234] [2025-05-11 00:58:44,532]  INFO {AUDIT_LOG} - GET /api/am/publisher/scopes?limit=2000&offset=0 user: admin@carbon.super app: khdvFkyjN2yjjh0Umxi0Gqgc8aca
TID: [-1234] [2025-05-11 00:58:44,532]  INFO {AUDIT_LOG} - GET /api/am/publisher/apis/9831e519-1314-4b7b-b139-65c1842a4127/swagger user: admin@carbon.super app: khdvFkyjN2yjjh0Umxi0Gqgc8aca
TID: [-1234] [2025-05-11 00:58:44,534]  INFO {AUDIT_LOG} - GET /api/am/publisher/apis/9831e519-1314-4b7b-b139-65c1842a4127/amznResourceNames user: admin@carbon.super app: khdvFkyjN2yjjh0Umxi0Gqgc8aca
TID: [-1234] [2025-05-11 01:01:03,853]  INFO {AUDIT_LOG} - GET /api/am/publisher/apis/9831e519-1314-4b7b-b139-65c1842a4127/swagger user: admin@carbon.super app: khdvFkyjN2yjjh0Umxi0Gqgc8aca
TID: [-1234] [2025-05-11 01:01:05,217]  INFO {AUDIT_LOG} - GET /api/am/publisher/linter-custom-rules?apiId=9831e519-1314-4b7b-b139-65c1842a4127 user: admin@carbon.super app: khdvFkyjN2yjjh0Umxi0Gqgc8aca
TID: [-1234] [2025-05-11 01:01:22,880]  INFO {AUDIT_LOG} - GET /api/am/publisher/linter-custom-rules?apiId=9831e519-1314-4b7b-b139-65c1842a4127 user: admin@carbon.super app: khdvFkyjN2yjjh0Umxi0Gqgc8aca
TID: [-1234] [2025-05-11 01:01:23,340]  INFO {AUDIT_LOG} - POST /api/am/publisher/apis/validate-openapi user: admin@carbon.super app: khdvFkyjN2yjjh0Umxi0Gqgc8aca
TID: [-1234] [2025-05-11 01:01:27,506]  INFO {AUDIT_LOG} - POST /api/am/publisher/apis/validate-openapi user: admin@carbon.super app: khdvFkyjN2yjjh0Umxi0Gqgc8aca
TID: [-1234] [2025-05-11 01:01:27,520]  INFO {AUDIT_LOG} - GET /api/am/publisher/apis/9831e519-1314-4b7b-b139-65c1842a4127/asyncapi user: admin@carbon.super app: khdvFkyjN2yjjh0Umxi0Gqgc8aca
TID: [-1234] [2025-05-11 01:01:27,575]  INFO {AUDIT_LOG} - PUT /api/am/publisher/apis/9831e519-1314-4b7b-b139-65c1842a4127/swagger user: admin@carbon.super app: khdvFkyjN2yjjh0Umxi0Gqgc8aca
TID: [] [2025-05-11 01:01:27,629]  INFO {AUDIT_LOG} - Initiator=w**************r Action=Get-User-Claim-Values Target=a***n Data={"Claims":{},"Profile":"default"} Outcome=Success
TID: [] [2025-05-11 01:01:27,630]  INFO {AUDIT_LOG} - Initiator=w**************r Action=Get-User-Claim-Values Target=a***n Data={"Claims":{},"Profile":"default"} Outcome=Success
TID: [] [2025-05-11 01:01:27,630]  INFO {AUDIT_LOG} - Initiator=w**************r Action=Get-User-Claim-Values Target=a***n Data={"Claims":{},"Profile":"default"} Outcome=Success
TID: [] [2025-05-11 01:01:27,645]  INFO {AUDIT_LOG} - Initiator=w**************r Action=Get-User-Claim-Values Target=a***n Data={"Claims":{},"Profile":"default"} Outcome=Success
TID: [] [2025-05-11 01:01:27,645]  INFO {AUDIT_LOG} - Initiator=w**************r Action=Get-User-Claim-Values Target=a***n Data={"Claims":{},"Profile":"default"} Outcome=Success
TID: [] [2025-05-11 01:01:27,645]  INFO {AUDIT_LOG} - Initiator=w**************r Action=Get-User-Claim-Values Target=a***n Data={"Claims":{},"Profile":"default"} Outcome=Success
TID: [-1234] [2025-05-11 01:01:27,775]  INFO {AUDIT_LOG} - Initiator=w**************r Action=Get-User-Claim-Values Target=a***n Data={"Claims":{},"Profile":"default"} Outcome=Success
TID: [-1234] [2025-05-11 01:01:27,776]  INFO {AUDIT_LOG} - Initiator=w**************r Action=Get-User-Claim-Values Target=a***n Data={"Claims":{},"Profile":"default"} Outcome=Success
TID: [-1234] [2025-05-11 01:01:27,776]  INFO {AUDIT_LOG} - Initiator=w**************r Action=Get-User-Claim-Values Target=a***n Data={"Claims":{},"Profile":"default"} Outcome=Success
TID: [] [2025-05-11 01:01:27,781]  INFO {AUDIT_LOG} - Initiator=w**************r Action=Get-User-Claim-Values Target=a***n Data={"Claims":{},"Profile":"default"} Outcome=Success
TID: [] [2025-05-11 01:01:27,781]  INFO {AUDIT_LOG} - Initiator=w**************r Action=Get-User-Claim-Values Target=a***n Data={"Claims":{},"Profile":"default"} Outcome=Success
TID: [] [2025-05-11 01:01:27,781]  INFO {AUDIT_LOG} - Initiator=w**************r Action=Get-User-Claim-Values Target=a***n Data={"Claims":{},"Profile":"default"} Outcome=Success
TID: [-1234] [2025-05-11 01:01:27,787]  INFO {AUDIT_LOG} - {"performedBy":"admin","action":"updated","type":"API","info":{"provider":"admin","name":"BookStore","context":"/bookstore/1.0.0","version":"1.0.0"}}
TID: [-1234] [2025-05-11 01:01:27,800]  INFO {AUDIT_LOG} - GET /api/am/publisher/apis/9831e519-1314-4b7b-b139-65c1842a4127 user: admin@carbon.super app: khdvFkyjN2yjjh0Umxi0Gqgc8aca
TID: [-1234] [2025-05-11 01:01:27,835]  INFO {AUDIT_LOG} - GET /api/am/publisher/apis/9831e519-1314-4b7b-b139-65c1842a4127/asyncapi user: admin@carbon.super app: khdvFkyjN2yjjh0Umxi0Gqgc8aca
TID: [-1234] [2025-05-11 01:01:28,090]  INFO {AUDIT_LOG} - Initiator=w**************r Action=Get-User-Claim-Values Target=a***n Data={"Claims":{},"Profile":"default"} Outcome=Success
TID: [-1234] [2025-05-11 01:01:28,091]  INFO {AUDIT_LOG} - Initiator=w**************r Action=Get-User-Claim-Values Target=a***n Data={"Claims":{},"Profile":"default"} Outcome=Success
TID: [-1234] [2025-05-11 01:01:28,091]  INFO {AUDIT_LOG} - Initiator=w**************r Action=Get-User-Claim-Values Target=a***n Data={"Claims":{},"Profile":"default"} Outcome=Success
TID: [-1234] [2025-05-11 01:01:28,103]  INFO {AUDIT_LOG} - Initiator=w**************r Action=Get-User-Claim-Values Target=a***n Data={"Claims":{},"Profile":"default"} Outcome=Success
TID: [-1234] [2025-05-11 01:01:28,104]  INFO {AUDIT_LOG} - Initiator=w**************r Action=Get-User-Claim-Values Target=a***n Data={"Claims":{},"Profile":"default"} Outcome=Success
TID: [-1234] [2025-05-11 01:01:28,104]  INFO {AUDIT_LOG} - Initiator=w**************r Action=Get-User-Claim-Values Target=a***n Data={"Claims":{},"Profile":"default"} Outcome=Success
TID: [-1234] [2025-05-11 01:01:32,931]  INFO {AUDIT_LOG} - DELETE /api/am/publisher/apis/9831e519-1314-4b7b-b139-65c1842a4127/revisions/a3452b0a-243f-41fd-ad9d-23c41eba3c32 user: admin@carbon.super app: khdvFkyjN2yjjh0Umxi0Gqgc8aca
TID: [-1234] [2025-05-11 01:01:32,974]  INFO {AUDIT_LOG} - POST /api/am/publisher/apis/9831e519-1314-4b7b-b139-65c1842a4127/revisions user: admin@carbon.super app: khdvFkyjN2yjjh0Umxi0Gqgc8aca
TID: [-1234] [2025-05-11 01:01:32,974]  INFO {AUDIT_LOG} - GET /api/am/publisher/apis/9831e519-1314-4b7b-b139-65c1842a4127/revisions user: admin@carbon.super app: khdvFkyjN2yjjh0Umxi0Gqgc8aca
TID: [-1234] [2025-05-11 01:01:32,998]  INFO {AUDIT_LOG} - GET /api/am/publisher/apis/9831e519-1314-4b7b-b139-65c1842a4127/asyncapi user: admin@carbon.super app: khdvFkyjN2yjjh0Umxi0Gqgc8aca
TID: [-1234] [2025-05-11 01:01:33,073]  INFO {AUDIT_LOG} - GET /api/am/publisher/apis/9831e519-1314-4b7b-b139-65c1842a4127/asyncapi user: admin@carbon.super app: khdvFkyjN2yjjh0Umxi0Gqgc8aca
TID: [-1234] [2025-05-11 01:01:33,080]  INFO {AUDIT_LOG} - POST /api/am/publisher/apis/9831e519-1314-4b7b-b139-65c1842a4127/deploy-revision?revisionId=99543907-255b-4681-a9ac-58f75ad5a2db user: admin@carbon.super app: khdvFkyjN2yjjh0Umxi0Gqgc8aca
TID: [] [2025-05-11 01:01:33,089]  INFO {AUDIT_LOG} - Initiator=w**************r Action=Get-User-Claim-Values Target=a***n Data={"Claims":{},"Profile":"default"} Outcome=Success
TID: [] [2025-05-11 01:01:33,089]  INFO {AUDIT_LOG} - Initiator=w**************r Action=Get-User-Claim-Values Target=a***n Data={"Claims":{},"Profile":"default"} Outcome=Success
TID: [] [2025-05-11 01:01:33,089]  INFO {AUDIT_LOG} - Initiator=w**************r Action=Get-User-Claim-Values Target=a***n Data={"Claims":{},"Profile":"default"} Outcome=Success
TID: [] [2025-05-11 01:01:33,089]  INFO {AUDIT_LOG} - Initiator=w**************r Action=Get-User-Claim-Values Target=a***n Data={"Claims":{},"Profile":"default"} Outcome=Success
TID: [] [2025-05-11 01:01:33,089]  INFO {AUDIT_LOG} - Initiator=w**************r Action=Get-User-Claim-Values Target=a***n Data={"Claims":{},"Profile":"default"} Outcome=Success
TID: [] [2025-05-11 01:01:33,089]  INFO {AUDIT_LOG} - Initiator=w**************r Action=Get-User-Claim-Values Target=a***n Data={"Claims":{},"Profile":"default"} Outcome=Success
TID: [-1234] [2025-05-11 01:01:33,174]  INFO {AUDIT_LOG} - GET /api/am/publisher/apis/9831e519-1314-4b7b-b139-65c1842a4127/revisions user: admin@carbon.super app: khdvFkyjN2yjjh0Umxi0Gqgc8aca
TID: [-1234] [2025-05-11 01:01:33,174]  INFO {AUDIT_LOG} - GET /api/am/publisher/apis/9831e519-1314-4b7b-b139-65c1842a4127/revisions?query=deployed%3Atrue user: admin@carbon.super app: khdvFkyjN2yjjh0Umxi0Gqgc8aca
TID: [-1234] [2025-05-11 01:01:33,194]  INFO {AUDIT_LOG} - GET /api/am/publisher/apis/9831e519-1314-4b7b-b139-65c1842a4127/asyncapi user: admin@carbon.super app: khdvFkyjN2yjjh0Umxi0Gqgc8aca
TID: [-1234] [2025-05-11 01:01:33,262]  INFO {AUDIT_LOG} - GET /api/am/publisher/apis/9831e519-1314-4b7b-b139-65c1842a4127/asyncapi user: admin@carbon.super app: khdvFkyjN2yjjh0Umxi0Gqgc8aca
TID: [-1234] [2025-05-11 01:01:34,106]  INFO {AUDIT_LOG} - Initiator=w**************r Action=Get-User-Claim-Values Target=a***n Data={"Claims":{},"Profile":"default"} Outcome=Success
TID: [-1234] [2025-05-11 01:01:34,106]  INFO {AUDIT_LOG} - Initiator=w**************r Action=Get-User-Claim-Values Target=a***n Data={"Claims":{},"Profile":"default"} Outcome=Success
TID: [-1234] [2025-05-11 01:01:34,106]  INFO {AUDIT_LOG} - Initiator=w**************r Action=Get-User-Claim-Values Target=a***n Data={"Claims":{},"Profile":"default"} Outcome=Success
TID: [-1234] [2025-05-11 01:01:39,128]  INFO {AUDIT_LOG} - Initiator=w**************r Action=Get-User-Claim-Values Target=a***n Data={"Claims":{},"Profile":"default"} Outcome=Success
TID: [-1234] [2025-05-11 01:01:39,129]  INFO {AUDIT_LOG} - Initiator=w**************r Action=Get-User-Claim-Values Target=a***n Data={"Claims":{},"Profile":"default"} Outcome=Success
TID: [-1234] [2025-05-11 01:01:39,129]  INFO {AUDIT_LOG} - Initiator=w**************r Action=Get-User-Claim-Values Target=a***n Data={"Claims":{},"Profile":"default"} Outcome=Success
TID: [] [2025-05-11 01:01:39,186]  INFO {AUDIT_LOG} - {"performedBy":"SYSTEM: carbon.super","action":"undeployed","type":"API","info":"9831e519-1314-4b7b-b139-65c1842a4127"}
TID: [] [2025-05-11 01:01:39,189]  INFO {AUDIT_LOG} - {"performedBy":"SYSTEM: carbon.super","action":"deployed","type":"API","info":"9831e519-1314-4b7b-b139-65c1842a4127"}
TID: [-1234] [2025-05-11 01:01:39,192]  INFO {AUDIT_LOG} - Initiator=w**************r Action=Get-User-Claim-Values Target=a***n Data={"Claims":{},"Profile":"default"} Outcome=Success
TID: [-1234] [2025-05-11 01:01:39,192]  INFO {AUDIT_LOG} - Initiator=w**************r Action=Get-User-Claim-Values Target=a***n Data={"Claims":{},"Profile":"default"} Outcome=Success
TID: [-1234] [2025-05-11 01:01:39,192]  INFO {AUDIT_LOG} - Initiator=w**************r Action=Get-User-Claim-Values Target=a***n Data={"Claims":{},"Profile":"default"} Outcome=Success
TID: [] [2025-05-11 01:19:39,700]  INFO {AUDIT_LOG} - Initiator=w**************r Action=Get-User-Claim-Values Target=a***n Data={"Claims":{},"Profile":"default"} Outcome=Success
TID: [] [2025-05-11 01:19:39,700]  INFO {AUDIT_LOG} - Initiator=w**************r Action=Get-User-Claim-Values Target=a***n Data={"Claims":{},"Profile":"default"} Outcome=Success
TID: [] [2025-05-11 01:19:39,700]  INFO {AUDIT_LOG} - Initiator=w**************r Action=Get-User-Claim-Values Target=a***n Data={"Claims":{},"Profile":"default"} Outcome=Success
TID: [-1234] [2025-05-11 01:20:31,187]  INFO {AUDIT_LOG} - Initiator=w**************r Action=Get-User-Claim-Value Target=a***n Data={"Claim":"http://wso2.org/claims/organization"} Outcome=Success
TID: [-1234] [2025-05-11 01:20:31,187]  INFO {AUDIT_LOG} - Initiator=w**************r Action=Get-User-Claim-Value Target=a***n Data={"Claim":"http://wso2.org/claims/organization"} Outcome=Success
TID: [-1234] [2025-05-11 01:20:31,189]  INFO {AUDIT_LOG} - Initiator=w**************r Action=Get-User-Claim-Value Target=a***n Data={"Claim":"http://wso2.org/claims/organization"} Outcome=Success
TID: [-1234] [2025-05-11 01:20:31,189]  INFO {AUDIT_LOG} - Initiator=w**************r Action=Get-User-Claim-Value Target=a***n Data={"Claim":"http://wso2.org/claims/organization"} Outcome=Success
TID: [-1234] [2025-05-11 01:20:31,199]  INFO {AUDIT_LOG} - GET /api/am/publisher/scopes?limit=2000&offset=0 user: admin@carbon.super app: khdvFkyjN2yjjh0Umxi0Gqgc8aca
TID: [-1234] [2025-05-11 01:20:31,199]  INFO {AUDIT_LOG} - GET /api/am/publisher/apis/9831e519-1314-4b7b-b139-65c1842a4127/swagger user: admin@carbon.super app: khdvFkyjN2yjjh0Umxi0Gqgc8aca
TID: [-1234] [2025-05-11 01:20:31,199]  INFO {AUDIT_LOG} - GET /api/am/publisher/apis/9831e519-1314-4b7b-b139-65c1842a4127/amznResourceNames user: admin@carbon.super app: khdvFkyjN2yjjh0Umxi0Gqgc8aca
TID: [-1234] [2025-05-11 01:20:31,199]  INFO {AUDIT_LOG} - GET /api/am/publisher/throttling-policies/api?limit=80 user: admin@carbon.super app: khdvFkyjN2yjjh0Umxi0Gqgc8aca
TID: [-1234] [2025-05-11 01:20:57,832]  INFO {AUDIT_LOG} - PUT /api/am/publisher/apis/9831e519-1314-4b7b-b139-65c1842a4127/swagger user: admin@carbon.super app: khdvFkyjN2yjjh0Umxi0Gqgc8aca
TID: [] [2025-05-11 01:20:57,891]  INFO {AUDIT_LOG} - Initiator=w**************r Action=Get-User-Claim-Values Target=a***n Data={"Claims":{},"Profile":"default"} Outcome=Success
TID: [] [2025-05-11 01:20:57,891]  INFO {AUDIT_LOG} - Initiator=w**************r Action=Get-User-Claim-Values Target=a***n Data={"Claims":{},"Profile":"default"} Outcome=Success
TID: [] [2025-05-11 01:20:57,891]  INFO {AUDIT_LOG} - Initiator=w**************r Action=Get-User-Claim-Values Target=a***n Data={"Claims":{},"Profile":"default"} Outcome=Success
TID: [] [2025-05-11 01:20:57,894]  INFO {AUDIT_LOG} - Initiator=w**************r Action=Get-Roles-of-User Target=a***n Data={"Filter":"*","Roles":["Internal/subscriber","Internal/creator","Internal/publisher","Internal/everyone","Internal/devops","admin","Internal/analytics","Internal/observer","Internal/integration_dev","customer"]} Outcome=Success
TID: [-1234] [2025-05-11 01:20:57,991]  INFO {AUDIT_LOG} - Initiator=w**************r Action=Get-User-Claim-Values Target=a***n Data={"Claims":{},"Profile":"default"} Outcome=Success
TID: [-1234] [2025-05-11 01:20:57,991]  INFO {AUDIT_LOG} - Initiator=w**************r Action=Get-User-Claim-Values Target=a***n Data={"Claims":{},"Profile":"default"} Outcome=Success
TID: [-1234] [2025-05-11 01:20:57,991]  INFO {AUDIT_LOG} - Initiator=w**************r Action=Get-User-Claim-Values Target=a***n Data={"Claims":{},"Profile":"default"} Outcome=Success
TID: [] [2025-05-11 01:20:57,997]  INFO {AUDIT_LOG} - Initiator=w**************r Action=Get-User-Claim-Values Target=a***n Data={"Claims":{},"Profile":"default"} Outcome=Success
TID: [] [2025-05-11 01:20:57,997]  INFO {AUDIT_LOG} - Initiator=w**************r Action=Get-User-Claim-Values Target=a***n Data={"Claims":{},"Profile":"default"} Outcome=Success
TID: [] [2025-05-11 01:20:57,997]  INFO {AUDIT_LOG} - Initiator=w**************r Action=Get-User-Claim-Values Target=a***n Data={"Claims":{},"Profile":"default"} Outcome=Success
TID: [-1234] [2025-05-11 01:20:58,006]  INFO {AUDIT_LOG} - {"performedBy":"admin","action":"updated","type":"API","info":{"provider":"admin","name":"BookStore","context":"/bookstore/1.0.0","version":"1.0.0"}}
TID: [-1234] [2025-05-11 01:20:58,025]  INFO {AUDIT_LOG} - GET /api/am/publisher/apis/9831e519-1314-4b7b-b139-65c1842a4127 user: admin@carbon.super app: khdvFkyjN2yjjh0Umxi0Gqgc8aca
TID: [-1234] [2025-05-11 01:20:58,115]  INFO {AUDIT_LOG} - GET /api/am/publisher/apis/9831e519-1314-4b7b-b139-65c1842a4127/asyncapi user: admin@carbon.super app: khdvFkyjN2yjjh0Umxi0Gqgc8aca
TID: [-1234] [2025-05-11 01:20:59,046]  INFO {AUDIT_LOG} - Initiator=w**************r Action=Get-User-Claim-Values Target=a***n Data={"Claims":{},"Profile":"default"} Outcome=Success
TID: [-1234] [2025-05-11 01:20:59,046]  INFO {AUDIT_LOG} - Initiator=w**************r Action=Get-User-Claim-Values Target=a***n Data={"Claims":{},"Profile":"default"} Outcome=Success
TID: [-1234] [2025-05-11 01:20:59,046]  INFO {AUDIT_LOG} - Initiator=w**************r Action=Get-User-Claim-Values Target=a***n Data={"Claims":{},"Profile":"default"} Outcome=Success
TID: [-1234] [2025-05-11 01:20:59,053]  INFO {AUDIT_LOG} - Initiator=w**************r Action=Get-User-Claim-Values Target=a***n Data={"Claims":{},"Profile":"default"} Outcome=Success
TID: [-1234] [2025-05-11 01:20:59,053]  INFO {AUDIT_LOG} - Initiator=w**************r Action=Get-User-Claim-Values Target=a***n Data={"Claims":{},"Profile":"default"} Outcome=Success
TID: [-1234] [2025-05-11 01:20:59,053]  INFO {AUDIT_LOG} - Initiator=w**************r Action=Get-User-Claim-Values Target=a***n Data={"Claims":{},"Profile":"default"} Outcome=Success
TID: [-1234] [2025-05-11 01:21:02,217]  INFO {AUDIT_LOG} - DELETE /api/am/publisher/apis/9831e519-1314-4b7b-b139-65c1842a4127/revisions/8aef3e21-df0f-47d4-9ecf-a7931b500695 user: admin@carbon.super app: khdvFkyjN2yjjh0Umxi0Gqgc8aca
TID: [-1234] [2025-05-11 01:21:02,268]  INFO {AUDIT_LOG} - GET /api/am/publisher/apis/9831e519-1314-4b7b-b139-65c1842a4127/revisions user: admin@carbon.super app: khdvFkyjN2yjjh0Umxi0Gqgc8aca
TID: [-1234] [2025-05-11 01:21:02,268]  INFO {AUDIT_LOG} - POST /api/am/publisher/apis/9831e519-1314-4b7b-b139-65c1842a4127/revisions user: admin@carbon.super app: khdvFkyjN2yjjh0Umxi0Gqgc8aca
TID: [-1234] [2025-05-11 01:21:02,290]  INFO {AUDIT_LOG} - GET /api/am/publisher/apis/9831e519-1314-4b7b-b139-65c1842a4127/asyncapi user: admin@carbon.super app: khdvFkyjN2yjjh0Umxi0Gqgc8aca
TID: [-1234] [2025-05-11 01:21:02,356]  INFO {AUDIT_LOG} - GET /api/am/publisher/apis/9831e519-1314-4b7b-b139-65c1842a4127/asyncapi user: admin@carbon.super app: khdvFkyjN2yjjh0Umxi0Gqgc8aca
TID: [-1234] [2025-05-11 01:21:02,362]  INFO {AUDIT_LOG} - POST /api/am/publisher/apis/9831e519-1314-4b7b-b139-65c1842a4127/deploy-revision?revisionId=ae746bc7-c0d8-41c4-aa86-f02d33d85d83 user: admin@carbon.super app: khdvFkyjN2yjjh0Umxi0Gqgc8aca
TID: [-1234] [2025-05-11 01:21:02,454]  INFO {AUDIT_LOG} - GET /api/am/publisher/apis/9831e519-1314-4b7b-b139-65c1842a4127/revisions?query=deployed%3Atrue user: admin@carbon.super app: khdvFkyjN2yjjh0Umxi0Gqgc8aca
TID: [-1234] [2025-05-11 01:21:02,454]  INFO {AUDIT_LOG} - GET /api/am/publisher/apis/9831e519-1314-4b7b-b139-65c1842a4127/revisions user: admin@carbon.super app: khdvFkyjN2yjjh0Umxi0Gqgc8aca
TID: [-1234] [2025-05-11 01:21:02,473]  INFO {AUDIT_LOG} - GET /api/am/publisher/apis/9831e519-1314-4b7b-b139-65c1842a4127/asyncapi user: admin@carbon.super app: khdvFkyjN2yjjh0Umxi0Gqgc8aca
TID: [-1234] [2025-05-11 01:21:02,538]  INFO {AUDIT_LOG} - GET /api/am/publisher/apis/9831e519-1314-4b7b-b139-65c1842a4127/asyncapi user: admin@carbon.super app: khdvFkyjN2yjjh0Umxi0Gqgc8aca
TID: [-1234] [2025-05-11 01:21:03,102]  INFO {AUDIT_LOG} - Initiator=w**************r Action=Get-User-Claim-Values Target=a***n Data={"Claims":{},"Profile":"default"} Outcome=Success
TID: [-1234] [2025-05-11 01:21:03,102]  INFO {AUDIT_LOG} - Initiator=w**************r Action=Get-User-Claim-Values Target=a***n Data={"Claims":{},"Profile":"default"} Outcome=Success
TID: [-1234] [2025-05-11 01:21:03,102]  INFO {AUDIT_LOG} - Initiator=w**************r Action=Get-User-Claim-Values Target=a***n Data={"Claims":{},"Profile":"default"} Outcome=Success
TID: [-1234] [2025-05-11 01:21:08,116]  INFO {AUDIT_LOG} - Initiator=w**************r Action=Get-User-Claim-Values Target=a***n Data={"Claims":{},"Profile":"default"} Outcome=Success
TID: [-1234] [2025-05-11 01:21:08,130]  INFO {AUDIT_LOG} - Initiator=w**************r Action=Get-User-Claim-Values Target=a***n Data={"Claims":{},"Profile":"default"} Outcome=Success
TID: [-1234] [2025-05-11 01:21:08,130]  INFO {AUDIT_LOG} - Initiator=w**************r Action=Get-User-Claim-Values Target=a***n Data={"Claims":{},"Profile":"default"} Outcome=Success
TID: [] [2025-05-11 01:21:08,172]  INFO {AUDIT_LOG} - {"performedBy":"SYSTEM: carbon.super","action":"undeployed","type":"API","info":"9831e519-1314-4b7b-b139-65c1842a4127"}
TID: [] [2025-05-11 01:21:08,178]  INFO {AUDIT_LOG} - {"performedBy":"SYSTEM: carbon.super","action":"deployed","type":"API","info":"9831e519-1314-4b7b-b139-65c1842a4127"}
TID: [-1234] [2025-05-11 01:21:08,181]  INFO {AUDIT_LOG} - Initiator=w**************r Action=Get-User-Claim-Values Target=a***n Data={"Claims":{},"Profile":"default"} Outcome=Success
TID: [-1234] [2025-05-11 01:21:08,182]  INFO {AUDIT_LOG} - Initiator=w**************r Action=Get-User-Claim-Values Target=a***n Data={"Claims":{},"Profile":"default"} Outcome=Success
TID: [-1234] [2025-05-11 01:21:08,182]  INFO {AUDIT_LOG} - Initiator=w**************r Action=Get-User-Claim-Values Target=a***n Data={"Claims":{},"Profile":"default"} Outcome=Success
TID: [-1234] [2025-05-11 01:39:59,214]  INFO {AUDIT_LOG} - Initiator=w**************r Action=Get-User-Claim-Values Target=a***n Data={"Claims":{},"Profile":"default"} Outcome=Success
TID: [-1234] [2025-05-11 01:39:59,215]  INFO {AUDIT_LOG} - Initiator=w**************r Action=Get-User-Claim-Values Target=a***n Data={"Claims":{},"Profile":"default"} Outcome=Success
TID: [-1234] [2025-05-11 01:39:59,215]  INFO {AUDIT_LOG} - Initiator=w**************r Action=Get-User-Claim-Values Target=a***n Data={"Claims":{},"Profile":"default"} Outcome=Success
TID: [] [2025-05-11 01:39:59,229]  INFO {AUDIT_LOG} - Initiator=w**************r Action=Get-User-Claim-Values Target=a***n Data={"Claims":{},"Profile":"default"} Outcome=Success
TID: [] [2025-05-11 01:39:59,229]  INFO {AUDIT_LOG} - Initiator=w**************r Action=Get-User-Claim-Values Target=a***n Data={"Claims":{},"Profile":"default"} Outcome=Success
TID: [] [2025-05-11 01:39:59,229]  INFO {AUDIT_LOG} - Initiator=w**************r Action=Get-User-Claim-Values Target=a***n Data={"Claims":{},"Profile":"default"} Outcome=Success
TID: [] [2025-05-11 01:39:59,233]  INFO {AUDIT_LOG} - Initiator=w**************r Action=Get-Roles-of-User Target=a***n Data={"Filter":"*","Roles":["Internal/subscriber","Internal/creator","Internal/publisher","Internal/everyone","Internal/devops","admin","Internal/analytics","Internal/observer","Internal/integration_dev","customer"]} Outcome=Success
TID: [] [2025-05-11 01:52:42,529]  INFO {AUDIT_LOG} - Initiator=w**************r Action=Get-User-Claim-Values Target=a***n Data={"Claims":{},"Profile":"default"} Outcome=Success
TID: [] [2025-05-11 01:52:42,529]  INFO {AUDIT_LOG} - Initiator=w**************r Action=Get-User-Claim-Values Target=a***n Data={"Claims":{},"Profile":"default"} Outcome=Success
TID: [] [2025-05-11 01:52:42,529]  INFO {AUDIT_LOG} - Initiator=w**************r Action=Get-User-Claim-Values Target=a***n Data={"Claims":{},"Profile":"default"} Outcome=Success
TID: [-1234] [2025-05-11 02:02:28,252]  INFO {AUDIT_LOG} - Initiator=w**************r Action=Get-User-List Target=null Data={"ServiceProviderName":"apim_publisher","Claim Value":"a***n","Users":["a***n"],"Claim":"http://wso2.org/claims/username"} Outcome=Success
TID: [-1234] [2025-05-11 02:02:28,254]  INFO {AUDIT_LOG} - Initiator=w**************r Action=Get-User-Claim-Values Target=a***n Data={"ServiceProviderName":"apim_publisher","Claims":{},"Profile":"default"} Outcome=Success
TID: [-1234] [2025-05-11 02:02:28,255]  INFO {AUDIT_LOG} - Initiator=w**************r Action=Get-User-Claim-Values Target=a***n Data={"ServiceProviderName":"apim_publisher","Claims":{},"Profile":"default"} Outcome=Success
TID: [-1234] [2025-05-11 02:02:28,255]  INFO {AUDIT_LOG} - Initiator=w**************r Action=Get-User-Claim-Values Target=a***n Data={"ServiceProviderName":"apim_publisher","Claims":{},"Profile":"default"} Outcome=Success
TID: [-1234] [2025-05-11 02:02:28,255]  INFO {AUDIT_LOG} - Initiator : a***n | Action : LoginStepSuccess | Target : ApplicationAuthenticationFramework | Data : { "ContextIdentifier" : "30204838-9afa-4c3f-9322-1c53a9f1268f","AuthenticatedUser" : "a***n","AuthenticatedUserTenantDomain" : "carbon.super","ServiceProviderName" : "apim_publisher","RequestType" : "oidc","RelyingParty" : "khdvFkyjN2yjjh0Umxi0Gqgc8aca","AuthenticatedIdP" : "LOCAL","User Agent" : "null","RemoteAddress" : "null","UserStoreDomain" : "PRIMARY" } | Result : Success 
TID: [-1234] [2025-05-11 02:02:28,255]  INFO {AUDIT_LOG} - Initiator : a****************r | Action : Authenticate | Target : ApplicationAuthenticationFramework | Data : { Step: 1, IDP: LOCAL, Authenticator:BasicAuthenticator } | Result : Success 
TID: [-1234] [2025-05-11 02:02:28,257]  INFO {AUDIT_LOG} - Initiator=w**************r Action=Get-Roles-of-User Target=a***n Data={"ServiceProviderName":"apim_publisher","Filter":"*","Roles":["Internal/subscriber","Internal/creator","Internal/publisher","Internal/everyone","Internal/devops","admin","Internal/analytics","Internal/observer","Internal/integration_dev","customer"]} Outcome=Success
TID: [-1234] [2025-05-11 02:02:28,257]  INFO {AUDIT_LOG} - Initiator=w**************r Action=Get-User-Claim-Values Target=a***n Data={"ServiceProviderName":"apim_publisher","Claims":{"http://wso2.org/claims/username":"a***n","http://wso2.org/claims/userid":"b2fad880-11b5-4fa1-b5e4-d1ef2e68f953","http://wso2.org/claims/role":"I********************************************************************************************************************************************************************r","http://wso2.org/claims/userprincipal":"a***n"}} Outcome=Success
TID: [-1234] [2025-05-11 02:02:28,262]  INFO {AUDIT_LOG} - Initiator : b2fad880-11b5-4fa1-b5e4-d1ef2e68f953 | Action : StoreSession | Data : { {"traceId":"319c9127-f731-4a4c-8c0c-5b7e125510ac","RememberMe":false,"sessionContextId":"aba856802f54fa755f3e9db5139c8efcd55d0108a1a9926f72e783861e9c0d16","AuthenticatedUserTenantDomain":"carbon.super","AuthenticatedUser":"a***n","LastAccessedTimestamp":1746909148259} } | Result : Success 
TID: [-1234] [2025-05-11 02:02:28,263]  INFO {AUDIT_LOG} - Initiator : b2fad880-11b5-4fa1-b5e4-d1ef2e68f953 | Action : Login | Target : ApplicationAuthenticationFramework | Data : { "ContextIdentifier" : "30204838-9afa-4c3f-9322-1c53a9f1268f","AuthenticatedUser" : "a***n","AuthenticatedUserTenantDomain" : "carbon.super","ServiceProviderName" : "apim_publisher","RequestType" : "oidc","RelyingParty" : "khdvFkyjN2yjjh0Umxi0Gqgc8aca","AuthenticatedIdPs" : "eyJ0eXAiOiJKV1QiLCJhbGciOiJIUzI1NiJ9.eyJpc3MiOiJ3c28yIiwiZXhwIjoxNzQ2OTA5MTUxMjU2LCJpYXQiOjE3NDY5MDkxNDgyNTYsImlkcHMiOlt7ImlkcCI6IkxPQ0FMIiwiYXV0aGVudGljYXRvciI6IkJhc2ljQXV0aGVudGljYXRvciJ9XX0.7NujxKqg7MdYxZp98BTz6vHurU53bAqxCIxBe2rK924","User Agent" : "null","RemoteAddress" : "null","UserStoreDomain" : "PRIMARY" } | Result : Success 
TID: [-1234] [2025-05-11 02:02:28,320]  INFO {AUDIT_LOG} - Initiator=w**************r Action=Get-User-List Target=null Data={"Claim Value":"a***n","Users":["a***n"],"Claim":"http://wso2.org/claims/username"} Outcome=Success
TID: [-1234] [2025-05-11 02:02:28,320]  INFO {AUDIT_LOG} - Initiator=w**************r Action=Get-User-Claim-Values Target=a***n Data={"Claims":{},"Profile":"default"} Outcome=Success
TID: [-1234] [2025-05-11 02:02:28,320]  INFO {AUDIT_LOG} - Initiator=w**************r Action=Get-User-Claim-Values Target=a***n Data={"Claims":{},"Profile":"default"} Outcome=Success
TID: [-1234] [2025-05-11 02:02:28,321]  INFO {AUDIT_LOG} - Initiator=w**************r Action=Get-User-Claim-Values Target=a***n Data={"Claims":{},"Profile":"default"} Outcome=Success
TID: [-1234] [2025-05-11 02:02:28,495]  INFO {AUDIT_LOG} - Initiator=w**************r Action=Get-User-Claim-Value Target=a***n Data={"Claim":"http://wso2.org/claims/organization"} Outcome=Success
TID: [-1234] [2025-05-11 02:02:28,497]  INFO {AUDIT_LOG} - GET /api/am/publisher/settings user: admin@carbon.super app: khdvFkyjN2yjjh0Umxi0Gqgc8aca
TID: [-1234] [2025-05-11 02:02:28,542]  INFO {AUDIT_LOG} - GET /api/am/publisher/apis?limit=10&offset=0 user: admin@carbon.super app: khdvFkyjN2yjjh0Umxi0Gqgc8aca
TID: [-1234] [2025-05-11 02:02:30,662]  INFO {AUDIT_LOG} - GET /api/am/publisher/tenants?state=active user: admin@carbon.super app: khdvFkyjN2yjjh0Umxi0Gqgc8aca
TID: [-1234] [2025-05-11 02:02:30,662]  INFO {AUDIT_LOG} - GET /api/am/publisher/apis/9831e519-1314-4b7b-b139-65c1842a4127 user: admin@carbon.super app: khdvFkyjN2yjjh0Umxi0Gqgc8aca
TID: [-1234] [2025-05-11 02:02:30,766]  INFO {AUDIT_LOG} - GET /api/am/publisher/apis/9831e519-1314-4b7b-b139-65c1842a4127/revisions user: admin@carbon.super app: khdvFkyjN2yjjh0Umxi0Gqgc8aca
TID: [-1234] [2025-05-11 02:02:30,766]  INFO {AUDIT_LOG} - GET /api/am/publisher/apis/9831e519-1314-4b7b-b139-65c1842a4127/swagger user: admin@carbon.super app: khdvFkyjN2yjjh0Umxi0Gqgc8aca
TID: [-1234] [2025-05-11 02:02:30,767]  INFO {AUDIT_LOG} - GET /api/am/publisher/apis/9831e519-1314-4b7b-b139-65c1842a4127/revisions?query=deployed%3Atrue user: admin@carbon.super app: khdvFkyjN2yjjh0Umxi0Gqgc8aca
TID: [-1234] [2025-05-11 02:02:30,769]  INFO {AUDIT_LOG} - GET /api/am/publisher/me/organization-information user: admin@carbon.super app: khdvFkyjN2yjjh0Umxi0Gqgc8aca
TID: [-1234] [2025-05-11 02:02:30,771]  INFO {AUDIT_LOG} - GET /api/am/publisher/apis/9831e519-1314-4b7b-b139-65c1842a4127/revisions?query=deployed%3Atrue user: admin@carbon.super app: khdvFkyjN2yjjh0Umxi0Gqgc8aca
TID: [-1234] [2025-05-11 02:02:30,801]  INFO {AUDIT_LOG} - GET /api/am/publisher/apis/9831e519-1314-4b7b-b139-65c1842a4127/revisions?query=deployed%3Atrue user: admin@carbon.super app: khdvFkyjN2yjjh0Umxi0Gqgc8aca
TID: [-1234] [2025-05-11 02:02:30,801]  INFO {AUDIT_LOG} - GET /api/am/publisher/apis/9831e519-1314-4b7b-b139-65c1842a4127/swagger user: admin@carbon.super app: khdvFkyjN2yjjh0Umxi0Gqgc8aca
TID: [-1234] [2025-05-11 02:02:34,647]  INFO {AUDIT_LOG} - GET /api/am/publisher/apis/9831e519-1314-4b7b-b139-65c1842a4127/swagger user: admin@carbon.super app: khdvFkyjN2yjjh0Umxi0Gqgc8aca
TID: [-1234] [2025-05-11 02:02:35,779]  INFO {AUDIT_LOG} - GET /api/am/publisher/linter-custom-rules?apiId=9831e519-1314-4b7b-b139-65c1842a4127 user: admin@carbon.super app: khdvFkyjN2yjjh0Umxi0Gqgc8aca
TID: [-1234] [2025-05-11 02:03:35,070]  INFO {AUDIT_LOG} - GET /api/am/publisher/linter-custom-rules?apiId=9831e519-1314-4b7b-b139-65c1842a4127 user: admin@carbon.super app: khdvFkyjN2yjjh0Umxi0Gqgc8aca
TID: [-1234] [2025-05-11 02:03:35,560]  INFO {AUDIT_LOG} - POST /api/am/publisher/apis/validate-openapi user: admin@carbon.super app: khdvFkyjN2yjjh0Umxi0Gqgc8aca
TID: [-1234] [2025-05-11 02:03:35,991]  INFO {AUDIT_LOG} - GET /api/am/publisher/linter-custom-rules?apiId=9831e519-1314-4b7b-b139-65c1842a4127 user: admin@carbon.super app: khdvFkyjN2yjjh0Umxi0Gqgc8aca
TID: [-1234] [2025-05-11 02:03:36,482]  INFO {AUDIT_LOG} - POST /api/am/publisher/apis/validate-openapi user: admin@carbon.super app: khdvFkyjN2yjjh0Umxi0Gqgc8aca
TID: [-1234] [2025-05-11 02:03:37,931]  INFO {AUDIT_LOG} - GET /api/am/publisher/linter-custom-rules?apiId=9831e519-1314-4b7b-b139-65c1842a4127 user: admin@carbon.super app: khdvFkyjN2yjjh0Umxi0Gqgc8aca
TID: [-1234] [2025-05-11 02:03:38,425]  INFO {AUDIT_LOG} - POST /api/am/publisher/apis/validate-openapi user: admin@carbon.super app: khdvFkyjN2yjjh0Umxi0Gqgc8aca
TID: [-1234] [2025-05-11 02:03:39,022]  INFO {AUDIT_LOG} - GET /api/am/publisher/linter-custom-rules?apiId=9831e519-1314-4b7b-b139-65c1842a4127 user: admin@carbon.super app: khdvFkyjN2yjjh0Umxi0Gqgc8aca
TID: [-1234] [2025-05-11 02:03:39,512]  INFO {AUDIT_LOG} - POST /api/am/publisher/apis/validate-openapi user: admin@carbon.super app: khdvFkyjN2yjjh0Umxi0Gqgc8aca
TID: [-1234] [2025-05-11 02:03:42,871]  INFO {AUDIT_LOG} - POST /api/am/publisher/apis/validate-openapi user: admin@carbon.super app: khdvFkyjN2yjjh0Umxi0Gqgc8aca
TID: [-1234] [2025-05-11 02:03:42,889]  INFO {AUDIT_LOG} - GET /api/am/publisher/apis/9831e519-1314-4b7b-b139-65c1842a4127/asyncapi user: admin@carbon.super app: khdvFkyjN2yjjh0Umxi0Gqgc8aca
TID: [-1234] [2025-05-11 02:03:42,940]  INFO {AUDIT_LOG} - PUT /api/am/publisher/apis/9831e519-1314-4b7b-b139-65c1842a4127/swagger user: admin@carbon.super app: khdvFkyjN2yjjh0Umxi0Gqgc8aca
TID: [] [2025-05-11 02:03:42,998]  INFO {AUDIT_LOG} - Initiator=w**************r Action=Get-User-Claim-Values Target=a***n Data={"Claims":{},"Profile":"default"} Outcome=Success
TID: [] [2025-05-11 02:03:42,998]  INFO {AUDIT_LOG} - Initiator=w**************r Action=Get-User-Claim-Values Target=a***n Data={"Claims":{},"Profile":"default"} Outcome=Success
TID: [] [2025-05-11 02:03:42,998]  INFO {AUDIT_LOG} - Initiator=w**************r Action=Get-User-Claim-Values Target=a***n Data={"Claims":{},"Profile":"default"} Outcome=Success
TID: [] [2025-05-11 02:03:43,009]  INFO {AUDIT_LOG} - Initiator=w**************r Action=Get-User-Claim-Values Target=a***n Data={"Claims":{},"Profile":"default"} Outcome=Success
TID: [] [2025-05-11 02:03:43,009]  INFO {AUDIT_LOG} - Initiator=w**************r Action=Get-User-Claim-Values Target=a***n Data={"Claims":{},"Profile":"default"} Outcome=Success
TID: [] [2025-05-11 02:03:43,009]  INFO {AUDIT_LOG} - Initiator=w**************r Action=Get-User-Claim-Values Target=a***n Data={"Claims":{},"Profile":"default"} Outcome=Success
TID: [-1234] [2025-05-11 02:03:43,130]  INFO {AUDIT_LOG} - Initiator=w**************r Action=Get-User-Claim-Values Target=a***n Data={"Claims":{},"Profile":"default"} Outcome=Success
TID: [-1234] [2025-05-11 02:03:43,130]  INFO {AUDIT_LOG} - Initiator=w**************r Action=Get-User-Claim-Values Target=a***n Data={"Claims":{},"Profile":"default"} Outcome=Success
TID: [-1234] [2025-05-11 02:03:43,130]  INFO {AUDIT_LOG} - Initiator=w**************r Action=Get-User-Claim-Values Target=a***n Data={"Claims":{},"Profile":"default"} Outcome=Success
TID: [] [2025-05-11 02:03:43,136]  INFO {AUDIT_LOG} - Initiator=w**************r Action=Get-User-Claim-Values Target=a***n Data={"Claims":{},"Profile":"default"} Outcome=Success
TID: [] [2025-05-11 02:03:43,136]  INFO {AUDIT_LOG} - Initiator=w**************r Action=Get-User-Claim-Values Target=a***n Data={"Claims":{},"Profile":"default"} Outcome=Success
TID: [] [2025-05-11 02:03:43,136]  INFO {AUDIT_LOG} - Initiator=w**************r Action=Get-User-Claim-Values Target=a***n Data={"Claims":{},"Profile":"default"} Outcome=Success
TID: [-1234] [2025-05-11 02:03:43,143]  INFO {AUDIT_LOG} - {"performedBy":"admin","action":"updated","type":"API","info":{"provider":"admin","name":"BookStore","context":"/bookstore/1.0.0","version":"1.0.0"}}
TID: [-1234] [2025-05-11 02:03:43,158]  INFO {AUDIT_LOG} - GET /api/am/publisher/apis/9831e519-1314-4b7b-b139-65c1842a4127 user: admin@carbon.super app: khdvFkyjN2yjjh0Umxi0Gqgc8aca
TID: [-1234] [2025-05-11 02:03:43,193]  INFO {AUDIT_LOG} - GET /api/am/publisher/apis/9831e519-1314-4b7b-b139-65c1842a4127/asyncapi user: admin@carbon.super app: khdvFkyjN2yjjh0Umxi0Gqgc8aca
TID: [-1234] [2025-05-11 02:03:43,392]  INFO {AUDIT_LOG} - Initiator=w**************r Action=Get-User-Claim-Values Target=a***n Data={"Claims":{},"Profile":"default"} Outcome=Success
TID: [-1234] [2025-05-11 02:03:43,392]  INFO {AUDIT_LOG} - Initiator=w**************r Action=Get-User-Claim-Values Target=a***n Data={"Claims":{},"Profile":"default"} Outcome=Success
TID: [-1234] [2025-05-11 02:03:43,392]  INFO {AUDIT_LOG} - Initiator=w**************r Action=Get-User-Claim-Values Target=a***n Data={"Claims":{},"Profile":"default"} Outcome=Success
TID: [-1234] [2025-05-11 02:03:43,400]  INFO {AUDIT_LOG} - Initiator=w**************r Action=Get-User-Claim-Values Target=a***n Data={"Claims":{},"Profile":"default"} Outcome=Success
TID: [-1234] [2025-05-11 02:03:43,400]  INFO {AUDIT_LOG} - Initiator=w**************r Action=Get-User-Claim-Values Target=a***n Data={"Claims":{},"Profile":"default"} Outcome=Success
TID: [-1234] [2025-05-11 02:03:43,400]  INFO {AUDIT_LOG} - Initiator=w**************r Action=Get-User-Claim-Values Target=a***n Data={"Claims":{},"Profile":"default"} Outcome=Success
TID: [-1234] [2025-05-11 02:03:47,342]  INFO {AUDIT_LOG} - DELETE /api/am/publisher/apis/9831e519-1314-4b7b-b139-65c1842a4127/revisions/aa38726f-7c31-45c9-b180-236b0a62f458 user: admin@carbon.super app: khdvFkyjN2yjjh0Umxi0Gqgc8aca
TID: [-1234] [2025-05-11 02:03:47,395]  INFO {AUDIT_LOG} - GET /api/am/publisher/apis/9831e519-1314-4b7b-b139-65c1842a4127/revisions user: admin@carbon.super app: khdvFkyjN2yjjh0Umxi0Gqgc8aca
TID: [-1234] [2025-05-11 02:03:47,397]  INFO {AUDIT_LOG} - POST /api/am/publisher/apis/9831e519-1314-4b7b-b139-65c1842a4127/revisions user: admin@carbon.super app: khdvFkyjN2yjjh0Umxi0Gqgc8aca
TID: [-1234] [2025-05-11 02:03:47,420]  INFO {AUDIT_LOG} - GET /api/am/publisher/apis/9831e519-1314-4b7b-b139-65c1842a4127/asyncapi user: admin@carbon.super app: khdvFkyjN2yjjh0Umxi0Gqgc8aca
TID: [-1234] [2025-05-11 02:03:47,485]  INFO {AUDIT_LOG} - GET /api/am/publisher/apis/9831e519-1314-4b7b-b139-65c1842a4127/asyncapi user: admin@carbon.super app: khdvFkyjN2yjjh0Umxi0Gqgc8aca
TID: [-1234] [2025-05-11 02:03:47,492]  INFO {AUDIT_LOG} - POST /api/am/publisher/apis/9831e519-1314-4b7b-b139-65c1842a4127/deploy-revision?revisionId=1b6a9c18-d874-4b3b-b43d-08356a5404ee user: admin@carbon.super app: khdvFkyjN2yjjh0Umxi0Gqgc8aca
TID: [-1234] [2025-05-11 02:03:47,581]  INFO {AUDIT_LOG} - GET /api/am/publisher/apis/9831e519-1314-4b7b-b139-65c1842a4127/revisions user: admin@carbon.super app: khdvFkyjN2yjjh0Umxi0Gqgc8aca
TID: [-1234] [2025-05-11 02:03:47,581]  INFO {AUDIT_LOG} - GET /api/am/publisher/apis/9831e519-1314-4b7b-b139-65c1842a4127/revisions?query=deployed%3Atrue user: admin@carbon.super app: khdvFkyjN2yjjh0Umxi0Gqgc8aca
TID: [-1234] [2025-05-11 02:03:47,602]  INFO {AUDIT_LOG} - GET /api/am/publisher/apis/9831e519-1314-4b7b-b139-65c1842a4127/asyncapi user: admin@carbon.super app: khdvFkyjN2yjjh0Umxi0Gqgc8aca
TID: [-1234] [2025-05-11 02:03:47,670]  INFO {AUDIT_LOG} - GET /api/am/publisher/apis/9831e519-1314-4b7b-b139-65c1842a4127/asyncapi user: admin@carbon.super app: khdvFkyjN2yjjh0Umxi0Gqgc8aca
TID: [-1234] [2025-05-11 02:03:48,377]  INFO {AUDIT_LOG} - Initiator=w**************r Action=Get-User-Claim-Values Target=a***n Data={"Claims":{},"Profile":"default"} Outcome=Success
TID: [-1234] [2025-05-11 02:03:48,377]  INFO {AUDIT_LOG} - Initiator=w**************r Action=Get-User-Claim-Values Target=a***n Data={"Claims":{},"Profile":"default"} Outcome=Success
TID: [-1234] [2025-05-11 02:03:48,377]  INFO {AUDIT_LOG} - Initiator=w**************r Action=Get-User-Claim-Values Target=a***n Data={"Claims":{},"Profile":"default"} Outcome=Success
TID: [-1234] [2025-05-11 02:03:53,390]  INFO {AUDIT_LOG} - Initiator=w**************r Action=Get-User-Claim-Values Target=a***n Data={"Claims":{},"Profile":"default"} Outcome=Success
TID: [-1234] [2025-05-11 02:03:53,391]  INFO {AUDIT_LOG} - Initiator=w**************r Action=Get-User-Claim-Values Target=a***n Data={"Claims":{},"Profile":"default"} Outcome=Success
TID: [-1234] [2025-05-11 02:03:53,391]  INFO {AUDIT_LOG} - Initiator=w**************r Action=Get-User-Claim-Values Target=a***n Data={"Claims":{},"Profile":"default"} Outcome=Success
TID: [] [2025-05-11 02:03:53,448]  INFO {AUDIT_LOG} - {"performedBy":"SYSTEM: carbon.super","action":"undeployed","type":"API","info":"9831e519-1314-4b7b-b139-65c1842a4127"}
TID: [] [2025-05-11 02:03:53,451]  INFO {AUDIT_LOG} - {"performedBy":"SYSTEM: carbon.super","action":"deployed","type":"API","info":"9831e519-1314-4b7b-b139-65c1842a4127"}
TID: [-1234] [2025-05-11 02:03:53,453]  INFO {AUDIT_LOG} - Initiator=w**************r Action=Get-User-Claim-Values Target=a***n Data={"Claims":{},"Profile":"default"} Outcome=Success
TID: [-1234] [2025-05-11 02:03:53,453]  INFO {AUDIT_LOG} - Initiator=w**************r Action=Get-User-Claim-Values Target=a***n Data={"Claims":{},"Profile":"default"} Outcome=Success
TID: [-1234] [2025-05-11 02:03:53,453]  INFO {AUDIT_LOG} - Initiator=w**************r Action=Get-User-Claim-Values Target=a***n Data={"Claims":{},"Profile":"default"} Outcome=Success
TID: [] [2025-05-11 02:43:29,198]  INFO {AUDIT_LOG} - Initiator=w**************r Action=Get-User-Claim-Values Target=a***n Data={"Claims":{},"Profile":"default"} Outcome=Success
TID: [] [2025-05-11 02:43:29,198]  INFO {AUDIT_LOG} - Initiator=w**************r Action=Get-User-Claim-Values Target=a***n Data={"Claims":{},"Profile":"default"} Outcome=Success
TID: [] [2025-05-11 02:43:29,198]  INFO {AUDIT_LOG} - Initiator=w**************r Action=Get-User-Claim-Values Target=a***n Data={"Claims":{},"Profile":"default"} Outcome=Success
TID: [-1234] [2025-05-11 03:04:56,434]  INFO {AUDIT_LOG} - Initiator=w**************r Action=Get-User-Claim-Values Target=a***n Data={"Claims":{},"Profile":"default"} Outcome=Success
TID: [-1234] [2025-05-11 03:04:56,435]  INFO {AUDIT_LOG} - Initiator=w**************r Action=Get-User-Claim-Values Target=a***n Data={"Claims":{},"Profile":"default"} Outcome=Success
TID: [-1234] [2025-05-11 03:04:56,435]  INFO {AUDIT_LOG} - Initiator=w**************r Action=Get-User-Claim-Values Target=a***n Data={"Claims":{},"Profile":"default"} Outcome=Success
TID: [] [2025-05-11 03:04:56,448]  INFO {AUDIT_LOG} - Initiator=w**************r Action=Get-User-Claim-Values Target=a***n Data={"Claims":{},"Profile":"default"} Outcome=Success
TID: [] [2025-05-11 03:04:56,448]  INFO {AUDIT_LOG} - Initiator=w**************r Action=Get-User-Claim-Values Target=a***n Data={"Claims":{},"Profile":"default"} Outcome=Success
TID: [] [2025-05-11 03:04:56,448]  INFO {AUDIT_LOG} - Initiator=w**************r Action=Get-User-Claim-Values Target=a***n Data={"Claims":{},"Profile":"default"} Outcome=Success
TID: [] [2025-05-11 03:04:56,452]  INFO {AUDIT_LOG} - Initiator=w**************r Action=Get-Roles-of-User Target=a***n Data={"Filter":"*","Roles":["Internal/subscriber","Internal/creator","Internal/publisher","Internal/everyone","Internal/devops","admin","Internal/analytics","Internal/observer","Internal/integration_dev","customer"]} Outcome=Success
TID: [] [2025-05-11 03:21:04,963]  INFO {AUDIT_LOG} - Initiator=w**************r Action=Get-User-Claim-Values Target=a***n Data={"Claims":{},"Profile":"default"} Outcome=Success
TID: [] [2025-05-11 03:21:04,964]  INFO {AUDIT_LOG} - Initiator=w**************r Action=Get-User-Claim-Values Target=a***n Data={"Claims":{},"Profile":"default"} Outcome=Success
TID: [] [2025-05-11 03:21:04,964]  INFO {AUDIT_LOG} - Initiator=w**************r Action=Get-User-Claim-Values Target=a***n Data={"Claims":{},"Profile":"default"} Outcome=Success
TID: [-1234] [2025-05-11 12:11:51,800]  INFO {AUDIT_LOG} - Initiator=w**************r Action=Get-User-Claim-Values Target=a***n Data={"Claims":{},"Profile":"default"} Outcome=Success
TID: [-1234] [2025-05-11 12:11:51,800]  INFO {AUDIT_LOG} - Initiator=w**************r Action=Get-User-Claim-Values Target=a***n Data={"Claims":{},"Profile":"default"} Outcome=Success
TID: [-1234] [2025-05-11 12:11:51,800]  INFO {AUDIT_LOG} - Initiator=w**************r Action=Get-User-Claim-Values Target=a***n Data={"Claims":{},"Profile":"default"} Outcome=Success
TID: [] [2025-05-11 12:11:51,813]  INFO {AUDIT_LOG} - Initiator=w**************r Action=Get-User-Claim-Values Target=a***n Data={"Claims":{},"Profile":"default"} Outcome=Success
TID: [] [2025-05-11 12:11:51,813]  INFO {AUDIT_LOG} - Initiator=w**************r Action=Get-User-Claim-Values Target=a***n Data={"Claims":{},"Profile":"default"} Outcome=Success
TID: [] [2025-05-11 12:11:51,813]  INFO {AUDIT_LOG} - Initiator=w**************r Action=Get-User-Claim-Values Target=a***n Data={"Claims":{},"Profile":"default"} Outcome=Success
TID: [] [2025-05-11 12:11:51,817]  INFO {AUDIT_LOG} - Initiator=w**************r Action=Get-Roles-of-User Target=a***n Data={"Filter":"*","Roles":["Internal/subscriber","Internal/creator","Internal/publisher","Internal/everyone","Internal/devops","admin","Internal/analytics","Internal/observer","Internal/integration_dev","customer"]} Outcome=Success
TID: [] [2025-05-11 12:12:07,170]  INFO {AUDIT_LOG} - Initiator=w**************r Action=Get-User-Claim-Values Target=a***n Data={"Claims":{},"Profile":"default"} Outcome=Success
TID: [] [2025-05-11 12:12:07,171]  INFO {AUDIT_LOG} - Initiator=w**************r Action=Get-User-Claim-Values Target=a***n Data={"Claims":{},"Profile":"default"} Outcome=Success
TID: [] [2025-05-11 12:12:07,171]  INFO {AUDIT_LOG} - Initiator=w**************r Action=Get-User-Claim-Values Target=a***n Data={"Claims":{},"Profile":"default"} Outcome=Success
TID: [-1234] [2025-05-11 13:28:10,835]  INFO {AUDIT_LOG} - Initiator=w**************r Action=Get-User-Claim-Values Target=a***n Data={"Claims":{},"Profile":"default"} Outcome=Success
TID: [-1234] [2025-05-11 13:28:10,835]  INFO {AUDIT_LOG} - Initiator=w**************r Action=Get-User-Claim-Values Target=a***n Data={"Claims":{},"Profile":"default"} Outcome=Success
TID: [-1234] [2025-05-11 13:28:10,836]  INFO {AUDIT_LOG} - Initiator=w**************r Action=Get-User-Claim-Values Target=a***n Data={"Claims":{},"Profile":"default"} Outcome=Success
TID: [] [2025-05-11 13:28:10,852]  INFO {AUDIT_LOG} - Initiator=w**************r Action=Get-User-Claim-Values Target=a***n Data={"Claims":{},"Profile":"default"} Outcome=Success
TID: [] [2025-05-11 13:28:10,852]  INFO {AUDIT_LOG} - Initiator=w**************r Action=Get-User-Claim-Values Target=a***n Data={"Claims":{},"Profile":"default"} Outcome=Success
TID: [] [2025-05-11 13:28:10,852]  INFO {AUDIT_LOG} - Initiator=w**************r Action=Get-User-Claim-Values Target=a***n Data={"Claims":{},"Profile":"default"} Outcome=Success
TID: [] [2025-05-11 13:28:10,857]  INFO {AUDIT_LOG} - Initiator=w**************r Action=Get-Roles-of-User Target=a***n Data={"Filter":"*","Roles":["Internal/subscriber","Internal/creator","Internal/publisher","Internal/everyone","Internal/devops","admin","Internal/analytics","Internal/observer","Internal/integration_dev","customer"]} Outcome=Success
TID: [] [2025-05-11 13:28:14,394]  INFO {AUDIT_LOG} - Initiator=w**************r Action=Get-User-Claim-Values Target=a***n Data={"Claims":{},"Profile":"default"} Outcome=Success
TID: [] [2025-05-11 13:28:14,394]  INFO {AUDIT_LOG} - Initiator=w**************r Action=Get-User-Claim-Values Target=a***n Data={"Claims":{},"Profile":"default"} Outcome=Success
TID: [] [2025-05-11 13:28:14,394]  INFO {AUDIT_LOG} - Initiator=w**************r Action=Get-User-Claim-Values Target=a***n Data={"Claims":{},"Profile":"default"} Outcome=Success
TID: [] [2025-05-11 14:03:43,264]  INFO {AUDIT_LOG} - Initiator=w**************r Action=Get-User-Claim-Values Target=a***n Data={"Claims":{},"Profile":"default"} Outcome=Success
TID: [] [2025-05-11 14:03:43,264]  INFO {AUDIT_LOG} - Initiator=w**************r Action=Get-User-Claim-Values Target=a***n Data={"Claims":{},"Profile":"default"} Outcome=Success
TID: [] [2025-05-11 14:03:43,264]  INFO {AUDIT_LOG} - Initiator=w**************r Action=Get-User-Claim-Values Target=a***n Data={"Claims":{},"Profile":"default"} Outcome=Success
TID: [-1234] [2025-05-11 23:17:56,636]  INFO {AUDIT_LOG} - Initiator=w**************r Action=Get-User-List Target=null Data={"ServiceProviderName":"apim_publisher","Claim Value":"a***n","Users":["a***n"],"Claim":"http://wso2.org/claims/username"} Outcome=Success
TID: [-1234] [2025-05-11 23:17:56,642]  INFO {AUDIT_LOG} - Initiator=w**************r Action=Get-User-Claim-Values Target=a***n Data={"ServiceProviderName":"apim_publisher","Claims":{},"Profile":"default"} Outcome=Success
TID: [-1234] [2025-05-11 23:17:56,643]  INFO {AUDIT_LOG} - Initiator=w**************r Action=Get-User-Claim-Values Target=a***n Data={"ServiceProviderName":"apim_publisher","Claims":{},"Profile":"default"} Outcome=Success
TID: [-1234] [2025-05-11 23:17:56,643]  INFO {AUDIT_LOG} - Initiator=w**************r Action=Get-User-Claim-Values Target=a***n Data={"ServiceProviderName":"apim_publisher","Claims":{},"Profile":"default"} Outcome=Success
TID: [-1234] [2025-05-11 23:17:56,643]  INFO {AUDIT_LOG} - Initiator : a***n | Action : LoginStepSuccess | Target : ApplicationAuthenticationFramework | Data : { "ContextIdentifier" : "6d8fcbfc-cd33-4f23-896e-94b072c8b81a","AuthenticatedUser" : "a***n","AuthenticatedUserTenantDomain" : "carbon.super","ServiceProviderName" : "apim_publisher","RequestType" : "oidc","RelyingParty" : "khdvFkyjN2yjjh0Umxi0Gqgc8aca","AuthenticatedIdP" : "LOCAL","User Agent" : "null","RemoteAddress" : "null","UserStoreDomain" : "PRIMARY" } | Result : Success 
TID: [-1234] [2025-05-11 23:17:56,643]  INFO {AUDIT_LOG} - Initiator : a****************r | Action : Authenticate | Target : ApplicationAuthenticationFramework | Data : { Step: 1, IDP: LOCAL, Authenticator:BasicAuthenticator } | Result : Success 
TID: [-1234] [2025-05-11 23:17:56,645]  INFO {AUDIT_LOG} - Initiator=w**************r Action=Get-Roles-of-User Target=a***n Data={"ServiceProviderName":"apim_publisher","Filter":"*","Roles":["Internal/subscriber","Internal/creator","Internal/publisher","Internal/everyone","Internal/devops","admin","Internal/analytics","Internal/observer","Internal/integration_dev","customer"]} Outcome=Success
TID: [-1234] [2025-05-11 23:17:56,645]  INFO {AUDIT_LOG} - Initiator=w**************r Action=Get-User-Claim-Values Target=a***n Data={"ServiceProviderName":"apim_publisher","Claims":{"http://wso2.org/claims/username":"a***n","http://wso2.org/claims/userid":"b2fad880-11b5-4fa1-b5e4-d1ef2e68f953","http://wso2.org/claims/role":"I********************************************************************************************************************************************************************r","http://wso2.org/claims/userprincipal":"a***n"}} Outcome=Success
TID: [-1234] [2025-05-11 23:17:56,651]  INFO {AUDIT_LOG} - Initiator : b2fad880-11b5-4fa1-b5e4-d1ef2e68f953 | Action : StoreSession | Data : { {"traceId":"dafaebd3-655e-4c4a-8997-0d039189a672","RememberMe":false,"sessionContextId":"135ce37b227886cf116b8f077c0994aafb58ebf56315fe5c3cf26357d7ba748e","AuthenticatedUserTenantDomain":"carbon.super","AuthenticatedUser":"a***n","LastAccessedTimestamp":1746985676648} } | Result : Success 
TID: [-1234] [2025-05-11 23:17:56,652]  INFO {AUDIT_LOG} - Initiator : b2fad880-11b5-4fa1-b5e4-d1ef2e68f953 | Action : Login | Target : ApplicationAuthenticationFramework | Data : { "ContextIdentifier" : "6d8fcbfc-cd33-4f23-896e-94b072c8b81a","AuthenticatedUser" : "a***n","AuthenticatedUserTenantDomain" : "carbon.super","ServiceProviderName" : "apim_publisher","RequestType" : "oidc","RelyingParty" : "khdvFkyjN2yjjh0Umxi0Gqgc8aca","AuthenticatedIdPs" : "eyJ0eXAiOiJKV1QiLCJhbGciOiJIUzI1NiJ9.eyJpc3MiOiJ3c28yIiwiZXhwIjoxNzQ2OTg1Njc5NjQzLCJpYXQiOjE3NDY5ODU2NzY2NDMsImlkcHMiOlt7ImlkcCI6IkxPQ0FMIiwiYXV0aGVudGljYXRvciI6IkJhc2ljQXV0aGVudGljYXRvciJ9XX0.sMRedACRusoizu24W4x9m6tHrOPqoqURD0iX9zKqBYs","User Agent" : "null","RemoteAddress" : "null","UserStoreDomain" : "PRIMARY" } | Result : Success 
TID: [-1234] [2025-05-11 23:17:56,720]  INFO {AUDIT_LOG} - Initiator=w**************r Action=Get-User-List Target=null Data={"Claim Value":"a***n","Users":["a***n"],"Claim":"http://wso2.org/claims/username"} Outcome=Success
TID: [-1234] [2025-05-11 23:17:56,720]  INFO {AUDIT_LOG} - Initiator=w**************r Action=Get-User-Claim-Values Target=a***n Data={"Claims":{},"Profile":"default"} Outcome=Success
TID: [-1234] [2025-05-11 23:17:56,721]  INFO {AUDIT_LOG} - Initiator=w**************r Action=Get-User-Claim-Values Target=a***n Data={"Claims":{},"Profile":"default"} Outcome=Success
TID: [-1234] [2025-05-11 23:17:56,721]  INFO {AUDIT_LOG} - Initiator=w**************r Action=Get-User-Claim-Values Target=a***n Data={"Claims":{},"Profile":"default"} Outcome=Success
TID: [-1234] [2025-05-11 23:17:56,893]  INFO {AUDIT_LOG} - Initiator=w**************r Action=Get-User-Claim-Value Target=a***n Data={"Claim":"http://wso2.org/claims/organization"} Outcome=Success
TID: [-1234] [2025-05-11 23:17:56,894]  INFO {AUDIT_LOG} - GET /api/am/publisher/settings user: admin@carbon.super app: khdvFkyjN2yjjh0Umxi0Gqgc8aca
TID: [-1234] [2025-05-11 23:17:56,932]  INFO {AUDIT_LOG} - GET /api/am/publisher/apis?limit=10&offset=0 user: admin@carbon.super app: khdvFkyjN2yjjh0Umxi0Gqgc8aca
TID: [-1234] [2025-05-11 23:17:58,492]  INFO {AUDIT_LOG} - GET /api/am/publisher/tenants?state=active user: admin@carbon.super app: khdvFkyjN2yjjh0Umxi0Gqgc8aca
TID: [-1234] [2025-05-11 23:17:58,492]  INFO {AUDIT_LOG} - GET /api/am/publisher/apis/9831e519-1314-4b7b-b139-65c1842a4127 user: admin@carbon.super app: khdvFkyjN2yjjh0Umxi0Gqgc8aca
TID: [-1234] [2025-05-11 23:17:58,607]  INFO {AUDIT_LOG} - GET /api/am/publisher/me/organization-information user: admin@carbon.super app: khdvFkyjN2yjjh0Umxi0Gqgc8aca
TID: [-1234] [2025-05-11 23:17:58,608]  INFO {AUDIT_LOG} - GET /api/am/publisher/apis/9831e519-1314-4b7b-b139-65c1842a4127/revisions?query=deployed%3Atrue user: admin@carbon.super app: khdvFkyjN2yjjh0Umxi0Gqgc8aca
TID: [-1234] [2025-05-11 23:17:58,609]  INFO {AUDIT_LOG} - GET /api/am/publisher/apis/9831e519-1314-4b7b-b139-65c1842a4127/revisions user: admin@carbon.super app: khdvFkyjN2yjjh0Umxi0Gqgc8aca
TID: [-1234] [2025-05-11 23:17:58,611]  INFO {AUDIT_LOG} - GET /api/am/publisher/apis/9831e519-1314-4b7b-b139-65c1842a4127/swagger user: admin@carbon.super app: khdvFkyjN2yjjh0Umxi0Gqgc8aca
TID: [-1234] [2025-05-11 23:17:58,614]  INFO {AUDIT_LOG} - GET /api/am/publisher/apis/9831e519-1314-4b7b-b139-65c1842a4127/revisions?query=deployed%3Atrue user: admin@carbon.super app: khdvFkyjN2yjjh0Umxi0Gqgc8aca
TID: [-1234] [2025-05-11 23:17:58,641]  INFO {AUDIT_LOG} - GET /api/am/publisher/apis/9831e519-1314-4b7b-b139-65c1842a4127/revisions?query=deployed%3Atrue user: admin@carbon.super app: khdvFkyjN2yjjh0Umxi0Gqgc8aca
TID: [-1234] [2025-05-11 23:17:58,641]  INFO {AUDIT_LOG} - GET /api/am/publisher/apis/9831e519-1314-4b7b-b139-65c1842a4127/swagger user: admin@carbon.super app: khdvFkyjN2yjjh0Umxi0Gqgc8aca
TID: [-1234] [2025-05-11 23:18:01,173]  INFO {AUDIT_LOG} - GET /api/am/publisher/apis/9831e519-1314-4b7b-b139-65c1842a4127/swagger user: admin@carbon.super app: khdvFkyjN2yjjh0Umxi0Gqgc8aca
TID: [-1234] [2025-05-11 23:18:01,180]  INFO {AUDIT_LOG} - GET /api/am/publisher/endpoint-certificates?endpoint=http%3A%2F%2Flocalhost%3A8290%2Fbookstore user: admin@carbon.super app: khdvFkyjN2yjjh0Umxi0Gqgc8aca
TID: [] [2025-05-11 23:51:43,157]  INFO {AUDIT_LOG} - {"performedBy":"SYSTEM: carbon.super","action":"deployed","type":"API"}
TID: [] [2025-05-11 23:51:43,164]  INFO {AUDIT_LOG} - {"performedBy":"SYSTEM: carbon.super","action":"deployed","type":"API"}
TID: [] [2025-05-11 23:51:43,374]  INFO {AUDIT_LOG} - Initiator=w**************r Action=Get-User-Claim-Values Target=a***n Data={"Claims":{},"Profile":"default"} Outcome=Success
TID: [] [2025-05-11 23:51:43,374]  INFO {AUDIT_LOG} - Initiator=w**************r Action=Get-User-Claim-Values Target=a***n Data={"Claims":{},"Profile":"default"} Outcome=Success
TID: [] [2025-05-11 23:51:43,374]  INFO {AUDIT_LOG} - Initiator=w**************r Action=Get-User-Claim-Values Target=a***n Data={"Claims":{},"Profile":"default"} Outcome=Success
TID: [] [2025-05-11 23:51:43,374]  INFO {AUDIT_LOG} - Initiator=w**************r Action=Get-User-Claim-Values Target=a***n Data={"Claims":{},"Profile":"default"} Outcome=Success
TID: [] [2025-05-11 23:51:43,374]  INFO {AUDIT_LOG} - Initiator=w**************r Action=Get-User-Claim-Values Target=a***n Data={"Claims":{},"Profile":"default"} Outcome=Success
TID: [] [2025-05-11 23:51:43,374]  INFO {AUDIT_LOG} - Initiator=w**************r Action=Get-User-Claim-Values Target=a***n Data={"Claims":{},"Profile":"default"} Outcome=Success
TID: [] [2025-05-11 23:51:43,374]  INFO {AUDIT_LOG} - Initiator=w**************r Action=Get-User-Claim-Values Target=a***n Data={"Claims":{},"Profile":"default"} Outcome=Success
TID: [] [2025-05-11 23:51:43,374]  INFO {AUDIT_LOG} - Initiator=w**************r Action=Get-User-Claim-Values Target=a***n Data={"Claims":{},"Profile":"default"} Outcome=Success
TID: [] [2025-05-11 23:51:43,374]  INFO {AUDIT_LOG} - Initiator=w**************r Action=Get-User-Claim-Values Target=a***n Data={"Claims":{},"Profile":"default"} Outcome=Success
TID: [] [2025-05-11 23:51:43,374]  INFO {AUDIT_LOG} - Initiator=w**************r Action=Get-User-Claim-Values Target=a***n Data={"Claims":{},"Profile":"default"} Outcome=Success
TID: [] [2025-05-11 23:51:43,374]  INFO {AUDIT_LOG} - Initiator=w**************r Action=Get-User-Claim-Values Target=a***n Data={"Claims":{},"Profile":"default"} Outcome=Success
TID: [] [2025-05-11 23:51:43,376]  INFO {AUDIT_LOG} - Initiator=w**************r Action=Get-User-Claim-Values Target=a***n Data={"Claims":{},"Profile":"default"} Outcome=Success
TID: [] [2025-05-11 23:51:43,376]  INFO {AUDIT_LOG} - Initiator=w**************r Action=Get-User-Claim-Values Target=a***n Data={"Claims":{},"Profile":"default"} Outcome=Success
TID: [] [2025-05-11 23:51:43,376]  INFO {AUDIT_LOG} - Initiator=w**************r Action=Get-User-Claim-Values Target=a***n Data={"Claims":{},"Profile":"default"} Outcome=Success
TID: [] [2025-05-11 23:51:43,376]  INFO {AUDIT_LOG} - Initiator=w**************r Action=Get-User-Claim-Values Target=a***n Data={"Claims":{},"Profile":"default"} Outcome=Success
TID: [] [2025-05-11 23:51:43,376]  INFO {AUDIT_LOG} - Initiator=w**************r Action=Get-User-Claim-Values Target=a***n Data={"Claims":{},"Profile":"default"} Outcome=Success
TID: [] [2025-05-11 23:51:43,376]  INFO {AUDIT_LOG} - Initiator=w**************r Action=Get-User-Claim-Values Target=a***n Data={"Claims":{},"Profile":"default"} Outcome=Success
TID: [] [2025-05-11 23:51:43,376]  INFO {AUDIT_LOG} - Initiator=w**************r Action=Get-User-Claim-Values Target=a***n Data={"Claims":{},"Profile":"default"} Outcome=Success
TID: [] [2025-05-11 23:51:43,376]  INFO {AUDIT_LOG} - Initiator=w**************r Action=Get-User-Claim-Values Target=a***n Data={"Claims":{},"Profile":"default"} Outcome=Success
TID: [] [2025-05-11 23:51:43,376]  INFO {AUDIT_LOG} - Initiator=w**************r Action=Get-User-Claim-Values Target=a***n Data={"Claims":{},"Profile":"default"} Outcome=Success
TID: [] [2025-05-11 23:51:43,376]  INFO {AUDIT_LOG} - Initiator=w**************r Action=Get-User-Claim-Values Target=a***n Data={"Claims":{},"Profile":"default"} Outcome=Success
TID: [] [2025-05-11 23:51:43,376]  INFO {AUDIT_LOG} - Initiator=w**************r Action=Get-User-Claim-Values Target=a***n Data={"Claims":{},"Profile":"default"} Outcome=Success
TID: [] [2025-05-11 23:51:43,377]  INFO {AUDIT_LOG} - Initiator=w**************r Action=Get-User-Claim-Values Target=a***n Data={"Claims":{},"Profile":"default"} Outcome=Success
TID: [] [2025-05-11 23:51:43,377]  INFO {AUDIT_LOG} - Initiator=w**************r Action=Get-User-Claim-Values Target=a***n Data={"Claims":{},"Profile":"default"} Outcome=Success
TID: [] [2025-05-11 23:51:43,377]  INFO {AUDIT_LOG} - Initiator=w**************r Action=Get-User-Claim-Values Target=a***n Data={"Claims":{},"Profile":"default"} Outcome=Success
TID: [] [2025-05-11 23:51:43,377]  INFO {AUDIT_LOG} - Initiator=w**************r Action=Get-User-Claim-Values Target=a***n Data={"Claims":{},"Profile":"default"} Outcome=Success
TID: [] [2025-05-11 23:51:43,377]  INFO {AUDIT_LOG} - Initiator=w**************r Action=Get-User-Claim-Values Target=a***n Data={"Claims":{},"Profile":"default"} Outcome=Success
TID: [] [2025-05-11 23:51:43,377]  INFO {AUDIT_LOG} - Initiator=w**************r Action=Get-User-Claim-Values Target=a***n Data={"Claims":{},"Profile":"default"} Outcome=Success
TID: [] [2025-05-11 23:51:43,377]  INFO {AUDIT_LOG} - Initiator=w**************r Action=Get-User-Claim-Values Target=a***n Data={"Claims":{},"Profile":"default"} Outcome=Success
TID: [] [2025-05-11 23:51:43,377]  INFO {AUDIT_LOG} - Initiator=w**************r Action=Get-User-Claim-Values Target=a***n Data={"Claims":{},"Profile":"default"} Outcome=Success
TID: [] [2025-05-11 23:51:43,377]  INFO {AUDIT_LOG} - Initiator=w**************r Action=Get-User-Claim-Values Target=a***n Data={"Claims":{},"Profile":"default"} Outcome=Success
TID: [] [2025-05-11 23:51:43,377]  INFO {AUDIT_LOG} - Initiator=w**************r Action=Get-User-Claim-Values Target=a***n Data={"Claims":{},"Profile":"default"} Outcome=Success
TID: [] [2025-05-11 23:51:43,378]  INFO {AUDIT_LOG} - Initiator=w**************r Action=Get-User-Claim-Values Target=a***n Data={"Claims":{},"Profile":"default"} Outcome=Success
TID: [] [2025-05-11 23:51:43,393]  INFO {AUDIT_LOG} - Initiator=w**************r Action=Get-User-Claim-Values Target=a***n Data={"Claims":{},"Profile":"default"} Outcome=Success
TID: [] [2025-05-11 23:51:43,394]  INFO {AUDIT_LOG} - Initiator=w**************r Action=Get-User-Claim-Values Target=a***n Data={"Claims":{},"Profile":"default"} Outcome=Success
TID: [] [2025-05-11 23:51:43,394]  INFO {AUDIT_LOG} - Initiator=w**************r Action=Get-User-Claim-Values Target=a***n Data={"Claims":{},"Profile":"default"} Outcome=Success
TID: [] [2025-05-11 23:51:43,394]  INFO {AUDIT_LOG} - Initiator=w**************r Action=Get-User-Claim-Values Target=a***n Data={"Claims":{},"Profile":"default"} Outcome=Success
TID: [] [2025-05-11 23:51:43,394]  INFO {AUDIT_LOG} - Initiator=w**************r Action=Get-User-Claim-Values Target=a***n Data={"Claims":{},"Profile":"default"} Outcome=Success
TID: [] [2025-05-11 23:51:43,394]  INFO {AUDIT_LOG} - Initiator=w**************r Action=Get-User-Claim-Values Target=a***n Data={"Claims":{},"Profile":"default"} Outcome=Success
TID: [] [2025-05-11 23:51:43,395]  INFO {AUDIT_LOG} - Initiator=w**************r Action=Get-User-Claim-Values Target=a***n Data={"Claims":{},"Profile":"default"} Outcome=Success
TID: [] [2025-05-11 23:51:43,395]  INFO {AUDIT_LOG} - Initiator=w**************r Action=Get-User-Claim-Values Target=a***n Data={"Claims":{},"Profile":"default"} Outcome=Success
TID: [] [2025-05-11 23:51:43,395]  INFO {AUDIT_LOG} - Initiator=w**************r Action=Get-User-Claim-Values Target=a***n Data={"Claims":{},"Profile":"default"} Outcome=Success
TID: [] [2025-05-11 23:51:43,397]  INFO {AUDIT_LOG} - Initiator=w**************r Action=Get-User-Claim-Values Target=a***n Data={"Claims":{},"Profile":"default"} Outcome=Success
TID: [] [2025-05-11 23:51:43,398]  INFO {AUDIT_LOG} - Initiator=w**************r Action=Get-User-Claim-Values Target=a***n Data={"Claims":{},"Profile":"default"} Outcome=Success
TID: [] [2025-05-11 23:51:43,398]  INFO {AUDIT_LOG} - Initiator=w**************r Action=Get-User-Claim-Values Target=a***n Data={"Claims":{},"Profile":"default"} Outcome=Success
TID: [] [2025-05-11 23:51:43,398]  INFO {AUDIT_LOG} - Initiator=w**************r Action=Get-User-Claim-Values Target=a***n Data={"Claims":{},"Profile":"default"} Outcome=Success
TID: [] [2025-05-11 23:51:43,399]  INFO {AUDIT_LOG} - Initiator=w**************r Action=Get-User-Claim-Values Target=a***n Data={"Claims":{},"Profile":"default"} Outcome=Success
TID: [] [2025-05-11 23:51:43,399]  INFO {AUDIT_LOG} - Initiator=w**************r Action=Get-User-Claim-Values Target=a***n Data={"Claims":{},"Profile":"default"} Outcome=Success
TID: [] [2025-05-11 23:51:43,400]  INFO {AUDIT_LOG} - Initiator=w**************r Action=Get-User-Claim-Values Target=a***n Data={"Claims":{},"Profile":"default"} Outcome=Success
TID: [] [2025-05-11 23:51:43,401]  INFO {AUDIT_LOG} - Initiator=w**************r Action=Get-User-Claim-Values Target=a***n Data={"Claims":{},"Profile":"default"} Outcome=Success
TID: [] [2025-05-11 23:51:43,401]  INFO {AUDIT_LOG} - Initiator=w**************r Action=Get-User-Claim-Values Target=a***n Data={"Claims":{},"Profile":"default"} Outcome=Success
TID: [] [2025-05-11 23:51:43,402]  INFO {AUDIT_LOG} - Initiator=w**************r Action=Get-User-Claim-Values Target=a***n Data={"Claims":{},"Profile":"default"} Outcome=Success
TID: [] [2025-05-11 23:51:43,402]  INFO {AUDIT_LOG} - Initiator=w**************r Action=Get-User-Claim-Values Target=a***n Data={"Claims":{},"Profile":"default"} Outcome=Success
TID: [] [2025-05-11 23:51:43,402]  INFO {AUDIT_LOG} - Initiator=w**************r Action=Get-User-Claim-Values Target=a***n Data={"Claims":{},"Profile":"default"} Outcome=Success
TID: [] [2025-05-11 23:51:43,404]  INFO {AUDIT_LOG} - Initiator=w**************r Action=Get-User-Claim-Values Target=a***n Data={"Claims":{},"Profile":"default"} Outcome=Success
TID: [] [2025-05-11 23:51:43,405]  INFO {AUDIT_LOG} - Initiator=w**************r Action=Get-User-Claim-Values Target=a***n Data={"Claims":{},"Profile":"default"} Outcome=Success
TID: [] [2025-05-11 23:51:43,405]  INFO {AUDIT_LOG} - Initiator=w**************r Action=Get-User-Claim-Values Target=a***n Data={"Claims":{},"Profile":"default"} Outcome=Success
TID: [] [2025-05-11 23:51:43,406]  INFO {AUDIT_LOG} - Initiator=w**************r Action=Get-User-Claim-Values Target=a***n Data={"Claims":{},"Profile":"default"} Outcome=Success
TID: [] [2025-05-11 23:51:43,406]  INFO {AUDIT_LOG} - Initiator=w**************r Action=Get-User-Claim-Values Target=a***n Data={"Claims":{},"Profile":"default"} Outcome=Success
TID: [] [2025-05-11 23:51:43,406]  INFO {AUDIT_LOG} - Initiator=w**************r Action=Get-User-Claim-Values Target=a***n Data={"Claims":{},"Profile":"default"} Outcome=Success
TID: [] [2025-05-11 23:51:43,408]  INFO {AUDIT_LOG} - Initiator=w**************r Action=Get-User-Claim-Values Target=a***n Data={"Claims":{},"Profile":"default"} Outcome=Success
TID: [] [2025-05-11 23:51:43,408]  INFO {AUDIT_LOG} - Initiator=w**************r Action=Get-User-Claim-Values Target=a***n Data={"Claims":{},"Profile":"default"} Outcome=Success
TID: [] [2025-05-11 23:51:43,408]  INFO {AUDIT_LOG} - Initiator=w**************r Action=Get-User-Claim-Values Target=a***n Data={"Claims":{},"Profile":"default"} Outcome=Success
TID: [] [2025-05-11 23:51:43,416]  INFO {AUDIT_LOG} - Initiator=w**************r Action=Get-Roles-of-User Target=a***n Data={"Filter":"*","Roles":["Internal/subscriber","Internal/creator","Internal/publisher","Internal/everyone","Internal/devops","admin","Internal/analytics","Internal/observer","Internal/integration_dev","customer"]} Outcome=Success
TID: [-1234] [2025-05-11 23:51:43,430]  INFO {AUDIT_LOG} - Initiator=w**************r Action=Get-User-Claim-Values Target=a***n Data={"Claims":{},"Profile":"default"} Outcome=Success
TID: [-1234] [2025-05-11 23:51:43,433]  INFO {AUDIT_LOG} - Initiator=w**************r Action=Get-User-Claim-Values Target=a***n Data={"Claims":{},"Profile":"default"} Outcome=Success
TID: [-1234] [2025-05-11 23:51:43,433]  INFO {AUDIT_LOG} - Initiator=w**************r Action=Get-User-Claim-Values Target=a***n Data={"Claims":{},"Profile":"default"} Outcome=Success
TID: [-1234] [2025-05-11 23:51:43,433]  INFO {AUDIT_LOG} - Initiator=w**************r Action=Get-User-Claim-Values Target=a***n Data={"Claims":{},"Profile":"default"} Outcome=Success
TID: [-1234] [2025-05-11 23:51:43,433]  INFO {AUDIT_LOG} - Initiator=w**************r Action=Get-User-Claim-Values Target=a***n Data={"Claims":{},"Profile":"default"} Outcome=Success
TID: [-1234] [2025-05-11 23:51:43,433]  INFO {AUDIT_LOG} - Initiator=w**************r Action=Get-User-Claim-Values Target=a***n Data={"Claims":{},"Profile":"default"} Outcome=Success
TID: [-1234] [2025-05-11 23:51:43,433]  INFO {AUDIT_LOG} - Initiator=w**************r Action=Get-User-Claim-Values Target=a***n Data={"Claims":{},"Profile":"default"} Outcome=Success
TID: [-1234] [2025-05-11 23:51:43,433]  INFO {AUDIT_LOG} - Initiator=w**************r Action=Get-User-Claim-Values Target=a***n Data={"Claims":{},"Profile":"default"} Outcome=Success
TID: [-1234] [2025-05-11 23:51:43,433]  INFO {AUDIT_LOG} - Initiator=w**************r Action=Get-User-Claim-Values Target=a***n Data={"Claims":{},"Profile":"default"} Outcome=Success
TID: [-1234] [2025-05-11 23:51:43,433]  INFO {AUDIT_LOG} - Initiator=w**************r Action=Get-User-Claim-Values Target=a***n Data={"Claims":{},"Profile":"default"} Outcome=Success
TID: [-1234] [2025-05-11 23:51:43,433]  INFO {AUDIT_LOG} - Initiator=w**************r Action=Get-User-Claim-Values Target=a***n Data={"Claims":{},"Profile":"default"} Outcome=Success
TID: [-1234] [2025-05-11 23:51:43,433]  INFO {AUDIT_LOG} - Initiator=w**************r Action=Get-User-Claim-Values Target=a***n Data={"Claims":{},"Profile":"default"} Outcome=Success
TID: [-1234] [2025-05-11 23:51:43,433]  INFO {AUDIT_LOG} - Initiator=w**************r Action=Get-User-Claim-Values Target=a***n Data={"Claims":{},"Profile":"default"} Outcome=Success
TID: [-1234] [2025-05-11 23:51:43,433]  INFO {AUDIT_LOG} - Initiator=w**************r Action=Get-User-Claim-Values Target=a***n Data={"Claims":{},"Profile":"default"} Outcome=Success
TID: [-1234] [2025-05-11 23:51:43,433]  INFO {AUDIT_LOG} - Initiator=w**************r Action=Get-User-Claim-Values Target=a***n Data={"Claims":{},"Profile":"default"} Outcome=Success
TID: [-1234] [2025-05-11 23:51:43,434]  INFO {AUDIT_LOG} - Initiator=w**************r Action=Get-User-Claim-Values Target=a***n Data={"Claims":{},"Profile":"default"} Outcome=Success
TID: [-1234] [2025-05-11 23:51:43,434]  INFO {AUDIT_LOG} - Initiator=w**************r Action=Get-User-Claim-Values Target=a***n Data={"Claims":{},"Profile":"default"} Outcome=Success
TID: [-1234] [2025-05-11 23:51:43,434]  INFO {AUDIT_LOG} - Initiator=w**************r Action=Get-User-Claim-Values Target=a***n Data={"Claims":{},"Profile":"default"} Outcome=Success
TID: [-1234] [2025-05-11 23:51:43,434]  INFO {AUDIT_LOG} - Initiator=w**************r Action=Get-User-Claim-Values Target=a***n Data={"Claims":{},"Profile":"default"} Outcome=Success
TID: [-1234] [2025-05-11 23:51:43,434]  INFO {AUDIT_LOG} - Initiator=w**************r Action=Get-User-Claim-Values Target=a***n Data={"Claims":{},"Profile":"default"} Outcome=Success
TID: [-1234] [2025-05-11 23:51:43,434]  INFO {AUDIT_LOG} - Initiator=w**************r Action=Get-User-Claim-Values Target=a***n Data={"Claims":{},"Profile":"default"} Outcome=Success
TID: [-1234] [2025-05-11 23:51:43,434]  INFO {AUDIT_LOG} - Initiator=w**************r Action=Get-User-Claim-Values Target=a***n Data={"Claims":{},"Profile":"default"} Outcome=Success
TID: [-1234] [2025-05-11 23:51:43,434]  INFO {AUDIT_LOG} - Initiator=w**************r Action=Get-User-Claim-Values Target=a***n Data={"Claims":{},"Profile":"default"} Outcome=Success
TID: [-1234] [2025-05-11 23:51:43,434]  INFO {AUDIT_LOG} - Initiator=w**************r Action=Get-User-Claim-Values Target=a***n Data={"Claims":{},"Profile":"default"} Outcome=Success
TID: [-1234] [2025-05-11 23:51:43,435]  INFO {AUDIT_LOG} - Initiator=w**************r Action=Get-User-Claim-Values Target=a***n Data={"Claims":{},"Profile":"default"} Outcome=Success
TID: [-1234] [2025-05-11 23:51:43,435]  INFO {AUDIT_LOG} - Initiator=w**************r Action=Get-User-Claim-Values Target=a***n Data={"Claims":{},"Profile":"default"} Outcome=Success
TID: [-1234] [2025-05-11 23:51:43,435]  INFO {AUDIT_LOG} - Initiator=w**************r Action=Get-User-Claim-Values Target=a***n Data={"Claims":{},"Profile":"default"} Outcome=Success
TID: [-1234] [2025-05-11 23:51:43,435]  INFO {AUDIT_LOG} - Initiator=w**************r Action=Get-User-Claim-Values Target=a***n Data={"Claims":{},"Profile":"default"} Outcome=Success
TID: [-1234] [2025-05-11 23:51:43,436]  INFO {AUDIT_LOG} - Initiator=w**************r Action=Get-User-Claim-Values Target=a***n Data={"Claims":{},"Profile":"default"} Outcome=Success
TID: [-1234] [2025-05-11 23:51:43,436]  INFO {AUDIT_LOG} - Initiator=w**************r Action=Get-User-Claim-Values Target=a***n Data={"Claims":{},"Profile":"default"} Outcome=Success
TID: [-1234] [2025-05-11 23:51:43,719]  INFO {AUDIT_LOG} - Initiator=w**************r Action=Get-User-Claim-Values Target=a***n Data={"Claims":{},"Profile":"default"} Outcome=Success
TID: [-1234] [2025-05-11 23:51:43,720]  INFO {AUDIT_LOG} - Initiator=w**************r Action=Get-User-Claim-Values Target=a***n Data={"Claims":{},"Profile":"default"} Outcome=Success
TID: [-1234] [2025-05-11 23:51:43,720]  INFO {AUDIT_LOG} - Initiator=w**************r Action=Get-User-Claim-Values Target=a***n Data={"Claims":{},"Profile":"default"} Outcome=Success
TID: [-1234] [2025-05-11 23:51:43,733]  INFO {AUDIT_LOG} - Initiator=w**************r Action=Get-User-Claim-Values Target=a***n Data={"Claims":{},"Profile":"default"} Outcome=Success
TID: [-1234] [2025-05-11 23:51:43,733]  INFO {AUDIT_LOG} - Initiator=w**************r Action=Get-User-Claim-Values Target=a***n Data={"Claims":{},"Profile":"default"} Outcome=Success
TID: [-1234] [2025-05-11 23:51:43,733]  INFO {AUDIT_LOG} - Initiator=w**************r Action=Get-User-Claim-Values Target=a***n Data={"Claims":{},"Profile":"default"} Outcome=Success
TID: [-1234] [2025-05-11 23:51:43,778]  INFO {AUDIT_LOG} - Initiator=w**************r Action=Get-User-Claim-Values Target=a***n Data={"Claims":{},"Profile":"default"} Outcome=Success
TID: [-1234] [2025-05-11 23:51:43,778]  INFO {AUDIT_LOG} - Initiator=w**************r Action=Get-User-Claim-Values Target=a***n Data={"Claims":{},"Profile":"default"} Outcome=Success
TID: [-1234] [2025-05-11 23:51:43,778]  INFO {AUDIT_LOG} - Initiator=w**************r Action=Get-User-Claim-Values Target=a***n Data={"Claims":{},"Profile":"default"} Outcome=Success
TID: [-1234] [2025-05-11 23:51:43,803]  INFO {AUDIT_LOG} - Initiator=w**************r Action=Get-User-Claim-Values Target=a***n Data={"Claims":{},"Profile":"default"} Outcome=Success
TID: [-1234] [2025-05-11 23:51:43,803]  INFO {AUDIT_LOG} - Initiator=w**************r Action=Get-User-Claim-Values Target=a***n Data={"Claims":{},"Profile":"default"} Outcome=Success
TID: [-1234] [2025-05-11 23:51:43,803]  INFO {AUDIT_LOG} - Initiator=w**************r Action=Get-User-Claim-Values Target=a***n Data={"Claims":{},"Profile":"default"} Outcome=Success
TID: [-1234] [2025-05-11 23:51:43,953]  INFO {AUDIT_LOG} - Initiator=w**************r Action=Get-User-Claim-Values Target=a***n Data={"Claims":{},"Profile":"default"} Outcome=Success
TID: [-1234] [2025-05-11 23:51:43,953]  INFO {AUDIT_LOG} - Initiator=w**************r Action=Get-User-Claim-Values Target=a***n Data={"Claims":{},"Profile":"default"} Outcome=Success
TID: [-1234] [2025-05-11 23:51:43,953]  INFO {AUDIT_LOG} - Initiator=w**************r Action=Get-User-Claim-Values Target=a***n Data={"Claims":{},"Profile":"default"} Outcome=Success
TID: [-1234] [2025-05-11 23:51:43,953]  INFO {AUDIT_LOG} - Initiator=w**************r Action=Get-User-Claim-Values Target=a***n Data={"Claims":{},"Profile":"default"} Outcome=Success
TID: [-1234] [2025-05-11 23:51:43,953]  INFO {AUDIT_LOG} - Initiator=w**************r Action=Get-User-Claim-Values Target=a***n Data={"Claims":{},"Profile":"default"} Outcome=Success
TID: [-1234] [2025-05-11 23:51:43,953]  INFO {AUDIT_LOG} - Initiator=w**************r Action=Get-User-Claim-Values Target=a***n Data={"Claims":{},"Profile":"default"} Outcome=Success
TID: [-1234] [2025-05-11 23:51:43,953]  INFO {AUDIT_LOG} - Initiator=w**************r Action=Get-User-Claim-Values Target=a***n Data={"Claims":{},"Profile":"default"} Outcome=Success
TID: [-1234] [2025-05-11 23:51:43,953]  INFO {AUDIT_LOG} - Initiator=w**************r Action=Get-User-Claim-Values Target=a***n Data={"Claims":{},"Profile":"default"} Outcome=Success
TID: [-1234] [2025-05-11 23:51:43,953]  INFO {AUDIT_LOG} - Initiator=w**************r Action=Get-User-Claim-Values Target=a***n Data={"Claims":{},"Profile":"default"} Outcome=Success
TID: [-1234] [2025-05-11 23:51:43,954]  INFO {AUDIT_LOG} - Initiator=w**************r Action=Get-User-Claim-Values Target=a***n Data={"Claims":{},"Profile":"default"} Outcome=Success
TID: [-1234] [2025-05-11 23:51:43,954]  INFO {AUDIT_LOG} - Initiator=w**************r Action=Get-User-Claim-Values Target=a***n Data={"Claims":{},"Profile":"default"} Outcome=Success
TID: [-1234] [2025-05-11 23:51:43,954]  INFO {AUDIT_LOG} - Initiator=w**************r Action=Get-User-Claim-Values Target=a***n Data={"Claims":{},"Profile":"default"} Outcome=Success
TID: [-1234] [2025-05-11 23:51:43,955]  INFO {AUDIT_LOG} - Initiator=w**************r Action=Get-User-Claim-Values Target=a***n Data={"Claims":{},"Profile":"default"} Outcome=Success
TID: [-1234] [2025-05-11 23:51:43,955]  INFO {AUDIT_LOG} - Initiator=w**************r Action=Get-User-Claim-Values Target=a***n Data={"Claims":{},"Profile":"default"} Outcome=Success
TID: [-1234] [2025-05-11 23:51:43,955]  INFO {AUDIT_LOG} - Initiator=w**************r Action=Get-User-Claim-Values Target=a***n Data={"Claims":{},"Profile":"default"} Outcome=Success
TID: [-1234] [2025-05-11 23:51:43,955]  INFO {AUDIT_LOG} - Initiator=w**************r Action=Get-User-Claim-Values Target=a***n Data={"Claims":{},"Profile":"default"} Outcome=Success
TID: [-1234] [2025-05-11 23:51:43,956]  INFO {AUDIT_LOG} - Initiator=w**************r Action=Get-User-Claim-Values Target=a***n Data={"Claims":{},"Profile":"default"} Outcome=Success
TID: [-1234] [2025-05-11 23:51:43,956]  INFO {AUDIT_LOG} - Initiator=w**************r Action=Get-User-Claim-Values Target=a***n Data={"Claims":{},"Profile":"default"} Outcome=Success
TID: [-1234] [2025-05-11 23:51:43,958]  INFO {AUDIT_LOG} - Initiator=w**************r Action=Get-User-Claim-Values Target=a***n Data={"Claims":{},"Profile":"default"} Outcome=Success
TID: [-1234] [2025-05-11 23:51:43,958]  INFO {AUDIT_LOG} - Initiator=w**************r Action=Get-User-Claim-Values Target=a***n Data={"Claims":{},"Profile":"default"} Outcome=Success
TID: [-1234] [2025-05-11 23:51:43,958]  INFO {AUDIT_LOG} - Initiator=w**************r Action=Get-User-Claim-Values Target=a***n Data={"Claims":{},"Profile":"default"} Outcome=Success
TID: [-1234] [2025-05-11 23:51:43,966]  INFO {AUDIT_LOG} - Initiator=w**************r Action=Get-User-Claim-Values Target=a***n Data={"Claims":{},"Profile":"default"} Outcome=Success
TID: [-1234] [2025-05-11 23:51:43,966]  INFO {AUDIT_LOG} - Initiator=w**************r Action=Get-User-Claim-Values Target=a***n Data={"Claims":{},"Profile":"default"} Outcome=Success
TID: [-1234] [2025-05-11 23:51:43,966]  INFO {AUDIT_LOG} - Initiator=w**************r Action=Get-User-Claim-Values Target=a***n Data={"Claims":{},"Profile":"default"} Outcome=Success
TID: [] [2025-05-11 23:51:44,120]  INFO {AUDIT_LOG} - {"performedBy":"SYSTEM: carbon.super","action":"deployed","type":"API","info":"9831e519-1314-4b7b-b139-65c1842a4127"}
TID: [-1234] [2025-05-11 23:51:44,158]  INFO {AUDIT_LOG} - Initiator=w**************r Action=Get-User-Claim-Values Target=a***n Data={"Claims":{},"Profile":"default"} Outcome=Success
TID: [-1234] [2025-05-11 23:51:44,158]  INFO {AUDIT_LOG} - Initiator=w**************r Action=Get-User-Claim-Values Target=a***n Data={"Claims":{},"Profile":"default"} Outcome=Success
TID: [-1234] [2025-05-11 23:51:44,158]  INFO {AUDIT_LOG} - Initiator=w**************r Action=Get-User-Claim-Values Target=a***n Data={"Claims":{},"Profile":"default"} Outcome=Success
TID: [-1234] [2025-05-11 23:51:44,158]  INFO {AUDIT_LOG} - Initiator=w**************r Action=Get-User-Claim-Values Target=a***n Data={"Claims":{},"Profile":"default"} Outcome=Success
TID: [-1234] [2025-05-11 23:51:44,158]  INFO {AUDIT_LOG} - Initiator=w**************r Action=Get-User-Claim-Values Target=a***n Data={"Claims":{},"Profile":"default"} Outcome=Success
TID: [-1234] [2025-05-11 23:51:44,158]  INFO {AUDIT_LOG} - Initiator=w**************r Action=Get-User-Claim-Values Target=a***n Data={"Claims":{},"Profile":"default"} Outcome=Success
TID: [-1234] [2025-05-11 23:51:44,158]  INFO {AUDIT_LOG} - Initiator=w**************r Action=Get-User-Claim-Values Target=a***n Data={"Claims":{},"Profile":"default"} Outcome=Success
TID: [-1234] [2025-05-11 23:51:44,158]  INFO {AUDIT_LOG} - Initiator=w**************r Action=Get-User-Claim-Values Target=a***n Data={"Claims":{},"Profile":"default"} Outcome=Success
TID: [-1234] [2025-05-11 23:51:44,158]  INFO {AUDIT_LOG} - Initiator=w**************r Action=Get-User-Claim-Values Target=a***n Data={"Claims":{},"Profile":"default"} Outcome=Success
