TID: [] [2025-05-13 16:29:11,667]  INFO {AUDIT_LOG} - Initiator=w**************r Action=Get-Roles-of-User Target=a***n Data={"Filter":"*","Roles":["Internal/subscriber","Internal/creator","Internal/publisher","Internal/everyone","Internal/devops","admin","Internal/analytics","Internal/observer","Internal/integration_dev","customer"]} Outcome=Success
TID: [] [2025-05-13 16:29:11,667]  INFO {AUDIT_LOG} - Initiator=w**************r Action=Get-Roles-of-User Target=a***n Data={"Filter":"*","Roles":["Internal/subscriber","Internal/creator","Internal/publisher","Internal/everyone","Internal/devops","admin","Internal/analytics","Internal/observer","Internal/integration_dev","customer"]} Outcome=Success
TID: [] [2025-05-13 16:57:52,811]  INFO {AUDIT_LOG} - Initiator=w**************r Action=Get-Roles-of-User Target=a***n Data={"Filter":"*","Roles":["Internal/subscriber","Internal/creator","Internal/publisher","Internal/everyone","Internal/devops","admin","Internal/analytics","Internal/observer","Internal/integration_dev","customer"]} Outcome=Success
TID: [-1234] [2025-05-13 17:22:08,539]  INFO {AUDIT_LOG} - Initiator=w**************r Action=Get-User-List Target=null Data={"ServiceProviderName":"apim_devportal","Claim Value":"a***n","Users":["a***n"],"Claim":"http://wso2.org/claims/username"} Outcome=Success
TID: [-1234] [2025-05-13 17:22:08,543]  INFO {AUDIT_LOG} - Initiator=w**************r Action=Get-User-Claim-Values Target=a***n Data={"ServiceProviderName":"apim_devportal","Claims":{},"Profile":"default"} Outcome=Success
TID: [-1234] [2025-05-13 17:22:08,544]  INFO {AUDIT_LOG} - Initiator=w**************r Action=Get-User-Claim-Values Target=a***n Data={"ServiceProviderName":"apim_devportal","Claims":{},"Profile":"default"} Outcome=Success
TID: [-1234] [2025-05-13 17:22:08,544]  INFO {AUDIT_LOG} - Initiator=w**************r Action=Get-User-Claim-Values Target=a***n Data={"ServiceProviderName":"apim_devportal","Claims":{},"Profile":"default"} Outcome=Success
TID: [-1234] [2025-05-13 17:22:08,545]  INFO {AUDIT_LOG} - Initiator : a***n | Action : LoginStepSuccess | Target : ApplicationAuthenticationFramework | Data : { "ContextIdentifier" : "76c506fe-c325-44d9-99ae-cd4d3e017c12","AuthenticatedUser" : "a***n","AuthenticatedUserTenantDomain" : "carbon.super","ServiceProviderName" : "apim_devportal","RequestType" : "oidc","RelyingParty" : "mp10SDsjUX6XigGG5bycFOIRulAa","AuthenticatedIdP" : "LOCAL","User Agent" : "null","RemoteAddress" : "null","UserStoreDomain" : "PRIMARY" } | Result : Success 
TID: [-1234] [2025-05-13 17:22:08,545]  INFO {AUDIT_LOG} - Initiator : a****************r | Action : Authenticate | Target : ApplicationAuthenticationFramework | Data : { Step: 1, IDP: LOCAL, Authenticator:BasicAuthenticator } | Result : Success 
TID: [-1234] [2025-05-13 17:22:08,548]  INFO {AUDIT_LOG} - Initiator=w**************r Action=Get-Roles-of-User Target=a***n Data={"ServiceProviderName":"apim_devportal","Filter":"*","Roles":["Internal/subscriber","Internal/creator","Internal/publisher","Internal/everyone","Internal/devops","admin","Internal/analytics","Internal/observer","Internal/integration_dev","customer"]} Outcome=Success
TID: [-1234] [2025-05-13 17:22:08,548]  INFO {AUDIT_LOG} - Initiator=w**************r Action=Get-User-Claim-Values Target=a***n Data={"ServiceProviderName":"apim_devportal","Claims":{"http://wso2.org/claims/username":"a***n","http://wso2.org/claims/userid":"b2fad880-11b5-4fa1-b5e4-d1ef2e68f953","http://wso2.org/claims/role":"I********************************************************************************************************************************************************************r","http://wso2.org/claims/userprincipal":"a***n"}} Outcome=Success
TID: [-1234] [2025-05-13 17:22:08,553]  INFO {AUDIT_LOG} - Initiator : b2fad880-11b5-4fa1-b5e4-d1ef2e68f953 | Action : StoreSession | Data : { {"traceId":"4eaca5c2-34f1-4497-9b99-84f4ae479213","RememberMe":false,"sessionContextId":"a988c76fe63a44f5c46ae72cb16a12570095da098b0db40c6014979112501c35","AuthenticatedUserTenantDomain":"carbon.super","AuthenticatedUser":"a***n","LastAccessedTimestamp":1747137128551} } | Result : Success 
TID: [-1234] [2025-05-13 17:22:08,554]  INFO {AUDIT_LOG} - Initiator : b2fad880-11b5-4fa1-b5e4-d1ef2e68f953 | Action : Login | Target : ApplicationAuthenticationFramework | Data : { "ContextIdentifier" : "76c506fe-c325-44d9-99ae-cd4d3e017c12","AuthenticatedUser" : "a***n","AuthenticatedUserTenantDomain" : "carbon.super","ServiceProviderName" : "apim_devportal","RequestType" : "oidc","RelyingParty" : "mp10SDsjUX6XigGG5bycFOIRulAa","AuthenticatedIdPs" : "eyJ0eXAiOiJKV1QiLCJhbGciOiJIUzI1NiJ9.eyJpc3MiOiJ3c28yIiwiZXhwIjoxNzQ3MTM3MTMxNTQ1LCJpYXQiOjE3NDcxMzcxMjg1NDUsImlkcHMiOlt7ImlkcCI6IkxPQ0FMIiwiYXV0aGVudGljYXRvciI6IkJhc2ljQXV0aGVudGljYXRvciJ9XX0.sc9IxGGGugn9AKfxxWN4oB92dV68kKNVbe6V2syPqP8","User Agent" : "null","RemoteAddress" : "null","UserStoreDomain" : "PRIMARY" } | Result : Success 
TID: [-1234] [2025-05-13 17:22:10,704]  INFO {AUDIT_LOG} - Initiator=w**************r Action=Get-User-List Target=null Data={"Claim Value":"a***n","Users":["a***n"],"Claim":"http://wso2.org/claims/username"} Outcome=Success
TID: [-1234] [2025-05-13 17:22:10,705]  INFO {AUDIT_LOG} - Initiator=w**************r Action=Get-User-Claim-Values Target=a***n Data={"Claims":{},"Profile":"default"} Outcome=Success
TID: [-1234] [2025-05-13 17:22:10,705]  INFO {AUDIT_LOG} - Initiator=w**************r Action=Get-User-Claim-Values Target=a***n Data={"Claims":{},"Profile":"default"} Outcome=Success
TID: [-1234] [2025-05-13 17:22:10,705]  INFO {AUDIT_LOG} - Initiator=w**************r Action=Get-User-Claim-Values Target=a***n Data={"Claims":{},"Profile":"default"} Outcome=Success
TID: [-1234] [2025-05-13 17:22:10,713]  INFO {AUDIT_LOG} - Initiator=w**************r Action=Get-User-Claim-Value Target=a***n Data={"Claim":"http://wso2.org/claims/organization"} Outcome=Success
TID: [-1234] [2025-05-13 17:22:10,769]  INFO {AUDIT_LOG} - GET /api/am/devportal/settings user: admin@carbon.super app: mp10SDsjUX6XigGG5bycFOIRulAa
TID: [-1234] [2025-05-13 17:22:10,781]  INFO {AUDIT_LOG} - GET /api/am/devportal/applications?sortBy=name&sortOrder=asc&limit=10&offset=0 user: admin@carbon.super app: mp10SDsjUX6XigGG5bycFOIRulAa
TID: [-1234] [2025-05-13 17:22:10,781]  INFO {AUDIT_LOG} - GET /api/am/devportal/me/organization-information user: admin@carbon.super app: mp10SDsjUX6XigGG5bycFOIRulAa
TID: [-1234] [2025-05-13 17:22:12,617]  INFO {AUDIT_LOG} - GET /api/am/devportal/applications/6fc0ad47-22d6-4a54-8491-ccdb7e897183 user: admin@carbon.super app: mp10SDsjUX6XigGG5bycFOIRulAa
TID: [-1234] [2025-05-13 17:22:12,656]  INFO {AUDIT_LOG} - GET /api/am/devportal/applications/6fc0ad47-22d6-4a54-8491-ccdb7e897183 user: admin@carbon.super app: mp10SDsjUX6XigGG5bycFOIRulAa
TID: [-1234] [2025-05-13 17:22:12,668]  INFO {AUDIT_LOG} - GET /api/am/devportal/throttling-policies/application/10PerMin user: admin@carbon.super app: mp10SDsjUX6XigGG5bycFOIRulAa
TID: [-1234] [2025-05-13 17:22:14,474]  INFO {AUDIT_LOG} - GET /api/am/devportal/key-managers user: admin@carbon.super app: mp10SDsjUX6XigGG5bycFOIRulAa
TID: [-1234] [2025-05-13 17:22:14,528]  INFO {AUDIT_LOG} - GET /api/am/devportal/applications/6fc0ad47-22d6-4a54-8491-ccdb7e897183 user: admin@carbon.super app: mp10SDsjUX6XigGG5bycFOIRulAa
TID: [-1234] [2025-05-13 17:22:14,539]  INFO {AUDIT_LOG} - GET /api/am/devportal/applications/6fc0ad47-22d6-4a54-8491-ccdb7e897183/oauth-keys user: admin@carbon.super app: mp10SDsjUX6XigGG5bycFOIRulAa
TID: [-1234] [2025-05-13 17:22:14,597]  INFO {AUDIT_LOG} - GET /api/am/devportal/applications/6fc0ad47-22d6-4a54-8491-ccdb7e897183 user: admin@carbon.super app: mp10SDsjUX6XigGG5bycFOIRulAa
TID: [-1234] [2025-05-13 17:22:14,607]  INFO {AUDIT_LOG} - GET /api/am/devportal/applications/6fc0ad47-22d6-4a54-8491-ccdb7e897183/oauth-keys user: admin@carbon.super app: mp10SDsjUX6XigGG5bycFOIRulAa
TID: [-1234] [2025-05-13 17:33:04,472]  INFO {AUDIT_LOG} - Initiator=w**************r Action=Get-User-Claim-Values Target=a***n Data={"Claims":{},"Profile":"default"} Outcome=Success
TID: [-1234] [2025-05-13 17:33:04,473]  INFO {AUDIT_LOG} - Initiator=w**************r Action=Get-User-Claim-Values Target=a***n Data={"Claims":{},"Profile":"default"} Outcome=Success
TID: [-1234] [2025-05-13 17:33:04,473]  INFO {AUDIT_LOG} - Initiator=w**************r Action=Get-User-Claim-Values Target=a***n Data={"Claims":{},"Profile":"default"} Outcome=Success
TID: [-1234] [2025-05-13 17:53:20,265]  INFO {AUDIT_LOG} - Initiator=w**************r Action=Get-User-Claim-Values Target=a***n Data={"Claims":{},"Profile":"default"} Outcome=Success
TID: [-1234] [2025-05-13 17:53:20,265]  INFO {AUDIT_LOG} - Initiator=w**************r Action=Get-User-Claim-Values Target=a***n Data={"Claims":{},"Profile":"default"} Outcome=Success
TID: [-1234] [2025-05-13 17:53:20,265]  INFO {AUDIT_LOG} - Initiator=w**************r Action=Get-User-Claim-Values Target=a***n Data={"Claims":{},"Profile":"default"} Outcome=Success
TID: [-1234] [2025-05-13 23:40:49,035]  INFO {AUDIT_LOG} - Initiator=w**************r Action=Get-User-Claim-Values Target=a***n Data={"Claims":{},"Profile":"default"} Outcome=Success
TID: [-1234] [2025-05-13 23:40:49,036]  INFO {AUDIT_LOG} - Initiator=w**************r Action=Get-User-Claim-Values Target=a***n Data={"Claims":{},"Profile":"default"} Outcome=Success
TID: [-1234] [2025-05-13 23:40:49,036]  INFO {AUDIT_LOG} - Initiator=w**************r Action=Get-User-Claim-Values Target=a***n Data={"Claims":{},"Profile":"default"} Outcome=Success
