[2025-05-19 10:01:37,953]  INFO {com.atomikos.icatch.imp.thread.TaskManager} - THREADS: using JDK thread pooling...
[2025-05-19 10:01:37,958]  INFO {com.atomikos.icatch.imp.BaseTransactionManager} - createCompositeTransaction ( 10000 ): created new ROOT transaction with id 192.168.1.2.tm0000100001
[2025-05-19 10:01:37,964]  INFO {com.atomikos.icatch.imp.CompositeTransactionImp} - commit() done (by application) of transaction 192.168.1.2.tm0000100001
[2025-05-19 10:01:37,969]  INFO {com.atomikos.icatch.imp.BaseTransactionManager} - createCompositeTransaction ( 10000 ): created new ROOT transaction with id 192.168.1.2.tm0000200001
[2025-05-19 10:01:37,978]  INFO {com.atomikos.icatch.imp.CompositeTransactionImp} - commit() done (by application) of transaction 192.168.1.2.tm0000200001
[2025-05-19 10:02:16,292]  INFO {com.atomikos.icatch.imp.BaseTransactionManager} - createCompositeTransaction ( 10000 ): created new ROOT transaction with id 192.168.1.2.tm0000300001
[2025-05-19 10:02:16,298]  INFO {com.atomikos.icatch.imp.CompositeTransactionImp} - commit() done (by application) of transaction 192.168.1.2.tm0000300001
[2025-05-19 10:36:01,876]  INFO {com.atomikos.persistence.imp.FileLogStream} - Logfile closed: /Users/samindu/Workspace/integration-project/wso2-mi/./tmlog414.log
[2025-05-19 10:56:29,698]  INFO {com.atomikos.persistence.imp.FileLogStream} - Starting read of logfile /Users/samindu/Workspace/integration-project/wso2-mi/./tmlog414.log
[2025-05-19 10:56:29,703]  WARN {com.atomikos.icatch.imp.CoordinatorImp} - Local heuristic termination of coordinator 192.168.1.2.tm0000100001 with state COMMITTING
[2025-05-19 10:56:29,704]  WARN {com.atomikos.icatch.imp.CoordinatorImp} - Local heuristic termination of coordinator 192.168.1.2.tm0000100001 with state COMMITTING
[2025-05-19 10:56:29,704]  WARN {com.atomikos.icatch.imp.CoordinatorImp} - Local heuristic termination of coordinator 192.168.1.2.tm0000200001 with state COMMITTING
[2025-05-19 10:56:29,704]  WARN {com.atomikos.icatch.imp.CoordinatorImp} - Local heuristic termination of coordinator 192.168.1.2.tm0000200001 with state COMMITTING
[2025-05-19 10:56:29,704]  WARN {com.atomikos.icatch.imp.CoordinatorImp} - Local heuristic termination of coordinator 192.168.1.2.tm0000300001 with state COMMITTING
[2025-05-19 10:56:29,704]  WARN {com.atomikos.icatch.imp.CoordinatorImp} - Local heuristic termination of coordinator 192.168.1.2.tm0000300001 with state COMMITTING
[2025-05-19 10:56:29,704]  INFO {com.atomikos.persistence.imp.FileLogStream} - Done read of logfile
[2025-05-19 10:56:29,704]  INFO {com.atomikos.persistence.imp.FileLogStream} - Logfile closed: /Users/samindu/Workspace/integration-project/wso2-mi/./tmlog414.log
[2025-05-19 10:56:29,705]  INFO {com.atomikos.icatch.config.imp.AbstractUserTransactionService} - USING core version: 3.8.0
[2025-05-19 10:56:29,705]  INFO {com.atomikos.icatch.config.imp.AbstractUserTransactionService} - USING com.atomikos.icatch.console_file_name = tm.out
[2025-05-19 10:56:29,705]  INFO {com.atomikos.icatch.config.imp.AbstractUserTransactionService} - USING com.atomikos.icatch.console_file_count = 1
[2025-05-19 10:56:29,705]  INFO {com.atomikos.icatch.config.imp.AbstractUserTransactionService} - USING com.atomikos.icatch.automatic_resource_registration = true
[2025-05-19 10:56:29,705]  INFO {com.atomikos.icatch.config.imp.AbstractUserTransactionService} - USING com.atomikos.icatch.client_demarcation = false
[2025-05-19 10:56:29,705]  INFO {com.atomikos.icatch.config.imp.AbstractUserTransactionService} - USING com.atomikos.icatch.threaded_2pc = false
[2025-05-19 10:56:29,705]  INFO {com.atomikos.icatch.config.imp.AbstractUserTransactionService} - USING com.atomikos.icatch.serial_jta_transactions = true
[2025-05-19 10:56:29,705]  INFO {com.atomikos.icatch.config.imp.AbstractUserTransactionService} - USING com.atomikos.icatch.log_base_dir = ./
[2025-05-19 10:56:29,705]  INFO {com.atomikos.icatch.config.imp.AbstractUserTransactionService} - USING com.atomikos.icatch.max_actives = 50
[2025-05-19 10:56:29,705]  INFO {com.atomikos.icatch.config.imp.AbstractUserTransactionService} - USING com.atomikos.icatch.console_log_level = WARN
[2025-05-19 10:56:29,705]  INFO {com.atomikos.icatch.config.imp.AbstractUserTransactionService} - USING com.atomikos.icatch.checkpoint_interval = 500
[2025-05-19 10:56:29,705]  INFO {com.atomikos.icatch.config.imp.AbstractUserTransactionService} - USING com.atomikos.icatch.enable_logging = true
[2025-05-19 10:56:29,705]  INFO {com.atomikos.icatch.config.imp.AbstractUserTransactionService} - USING com.atomikos.icatch.output_dir = ./
[2025-05-19 10:56:29,705]  INFO {com.atomikos.icatch.config.imp.AbstractUserTransactionService} - USING com.atomikos.icatch.log_base_name = tmlog
[2025-05-19 10:56:29,705]  INFO {com.atomikos.icatch.config.imp.AbstractUserTransactionService} - USING com.atomikos.icatch.console_file_limit = -1
[2025-05-19 10:56:29,705]  INFO {com.atomikos.icatch.config.imp.AbstractUserTransactionService} - USING com.atomikos.icatch.max_timeout = 300000
[2025-05-19 10:56:29,705]  INFO {com.atomikos.icatch.config.imp.AbstractUserTransactionService} - USING com.atomikos.icatch.tm_unique_name = 127.0.0.1.tm
[2025-05-19 10:56:29,705]  INFO {com.atomikos.icatch.config.imp.AbstractUserTransactionService} - USING java.naming.factory.initial = com.sun.jndi.rmi.registry.RegistryContextFactory
[2025-05-19 10:56:29,705]  INFO {com.atomikos.icatch.config.imp.AbstractUserTransactionService} - USING java.naming.provider.url = rmi://localhost:1099
[2025-05-19 10:56:29,705]  INFO {com.atomikos.icatch.config.imp.AbstractUserTransactionService} - USING com.atomikos.icatch.service = com.atomikos.icatch.standalone.UserTransactionServiceFactory
[2025-05-19 10:56:29,705]  INFO {com.atomikos.icatch.config.imp.AbstractUserTransactionService} - USING com.atomikos.icatch.force_shutdown_on_vm_exit = false
[2025-05-19 10:56:29,705]  INFO {com.atomikos.icatch.config.imp.AbstractUserTransactionService} - USING com.atomikos.icatch.default_jta_timeout = 10000
[2025-05-19 11:07:55,297]  INFO {com.atomikos.icatch.imp.thread.TaskManager} - THREADS: using JDK thread pooling...
[2025-05-19 11:07:55,303]  INFO {com.atomikos.icatch.imp.BaseTransactionManager} - createCompositeTransaction ( 10000 ): created new ROOT transaction with id 127.0.0.1.tm0000100192
[2025-05-19 11:07:55,308]  INFO {com.atomikos.icatch.imp.CompositeTransactionImp} - commit() done (by application) of transaction 127.0.0.1.tm0000100192
[2025-05-19 11:07:55,311]  INFO {com.atomikos.icatch.imp.BaseTransactionManager} - createCompositeTransaction ( 10000 ): created new ROOT transaction with id 127.0.0.1.tm0000200192
[2025-05-19 11:07:55,321]  INFO {com.atomikos.icatch.imp.CompositeTransactionImp} - commit() done (by application) of transaction 127.0.0.1.tm0000200192
[2025-05-19 11:08:17,180]  INFO {com.atomikos.icatch.imp.BaseTransactionManager} - createCompositeTransaction ( 10000 ): created new ROOT transaction with id 127.0.0.1.tm0000300192
[2025-05-19 11:08:17,182]  INFO {com.atomikos.icatch.imp.CompositeTransactionImp} - commit() done (by application) of transaction 127.0.0.1.tm0000300192
[2025-05-19 11:39:43,788]  INFO {com.atomikos.icatch.imp.BaseTransactionManager} - createCompositeTransaction ( 10000 ): created new ROOT transaction with id 127.0.0.1.tm0000400192
[2025-05-19 11:39:43,791]  INFO {com.atomikos.icatch.imp.CompositeTransactionImp} - commit() done (by application) of transaction 127.0.0.1.tm0000400192
[2025-05-19 11:39:43,793]  INFO {com.atomikos.icatch.imp.BaseTransactionManager} - createCompositeTransaction ( 10000 ): created new ROOT transaction with id 127.0.0.1.tm0000500192
[2025-05-19 11:39:43,801]  INFO {com.atomikos.icatch.imp.CompositeTransactionImp} - commit() done (by application) of transaction 127.0.0.1.tm0000500192
[2025-05-19 11:40:15,790]  INFO {com.atomikos.icatch.imp.BaseTransactionManager} - createCompositeTransaction ( 10000 ): created new ROOT transaction with id 127.0.0.1.tm0000600192
[2025-05-19 11:40:15,796]  INFO {com.atomikos.icatch.imp.CompositeTransactionImp} - commit() done (by application) of transaction 127.0.0.1.tm0000600192
[2025-05-19 11:40:46,255]  INFO {com.atomikos.icatch.imp.BaseTransactionManager} - createCompositeTransaction ( 10000 ): created new ROOT transaction with id 127.0.0.1.tm0000700192
[2025-05-19 11:40:46,261]  INFO {com.atomikos.icatch.imp.CompositeTransactionImp} - commit() done (by application) of transaction 127.0.0.1.tm0000700192
[2025-05-19 12:09:54,009]  INFO {com.atomikos.icatch.imp.BaseTransactionManager} - createCompositeTransaction ( 10000 ): created new ROOT transaction with id 127.0.0.1.tm0000800192
[2025-05-19 12:09:54,012]  INFO {com.atomikos.icatch.imp.CompositeTransactionImp} - commit() done (by application) of transaction 127.0.0.1.tm0000800192
[2025-05-19 12:09:54,014]  INFO {com.atomikos.icatch.imp.BaseTransactionManager} - createCompositeTransaction ( 10000 ): created new ROOT transaction with id 127.0.0.1.tm0000900192
[2025-05-19 12:09:54,021]  INFO {com.atomikos.icatch.imp.CompositeTransactionImp} - commit() done (by application) of transaction 127.0.0.1.tm0000900192
[2025-05-19 12:30:03,973]  INFO {com.atomikos.persistence.imp.FileLogStream} - Logfile closed: /Users/samindu/Workspace/integration-project/wso2-mi/./tmlog415.log
