[2025-05-07 08:51:48,150] ERROR {org.apache.synapse.mediators.base.SequenceMediator} - Cannot invoke "java.util.Map.size()" because "map" is null java.lang.NullPointerException: Cannot invoke "java.util.Map.size()" because "map" is null
	at java.base/java.util.TreeMap.putAll(TreeMap.java:349)
	at java.base/java.util.TreeMap.<init>(TreeMap.java:198)
	at org.apache.synapse.mediators.template.InvokeMediator.prepareForMediation(InvokeMediator.java:416)
	at org.apache.synapse.mediators.template.InvokeMediator.mediate(InvokeMediator.java:201)
	at org.apache.synapse.mediators.template.InvokeMediator.mediate(InvokeMediator.java:117)
	at org.apache.synapse.mediators.AbstractListMediator.mediate(AbstractListMediator.java:132)
	at org.apache.synapse.mediators.AbstractListMediator.mediate(AbstractListMediator.java:79)
	at org.apache.synapse.mediators.base.SequenceMediator.mediate(SequenceMediator.java:158)
	at org.apache.synapse.mediators.MediatorWorker.run(MediatorWorker.java:112)
	at java.base/java.util.concurrent.ThreadPoolExecutor.runWorker(ThreadPoolExecutor.java:1144)
	at java.base/java.util.concurrent.ThreadPoolExecutor$Worker.run(ThreadPoolExecutor.java:642)
	at java.base/java.lang.Thread.run(Thread.java:1583)

[2025-05-07 08:59:49,101] ERROR {org.apache.synapse.mediators.base.SequenceMediator} - Not a JSON Object: null java.lang.IllegalStateException: Not a JSON Object: null
	at com.google.gson.JsonElement.getAsJsonObject(JsonElement.java:165)
	at org.apache.synapse.mediators.eip.EIPUtils.convertMapToJsonObj(EIPUtils.java:438)
	at org.apache.synapse.mediators.elementary.Target.insertJson(Target.java:508)
	at org.apache.synapse.mediators.elementary.EnrichMediator.mediate(EnrichMediator.java:258)
	at org.apache.synapse.mediators.template.InvokeMediator.doEnrich(InvokeMediator.java:605)
	at org.apache.synapse.mediators.template.InvokeMediator.processConnectorResponse(InvokeMediator.java:572)
	at org.apache.synapse.mediators.template.InvokeMediator.postMediate(InvokeMediator.java:450)
	at org.apache.synapse.mediators.template.InvokeMediator.mediate(InvokeMediator.java:206)
	at org.apache.synapse.mediators.template.InvokeMediator.mediate(InvokeMediator.java:117)
	at org.apache.synapse.mediators.AbstractListMediator.mediate(AbstractListMediator.java:132)
	at org.apache.synapse.mediators.AbstractListMediator.mediate(AbstractListMediator.java:79)
	at org.apache.synapse.mediators.base.SequenceMediator.mediate(SequenceMediator.java:158)
	at org.apache.synapse.mediators.MediatorWorker.run(MediatorWorker.java:112)
	at java.base/java.util.concurrent.ThreadPoolExecutor.runWorker(ThreadPoolExecutor.java:1144)
	at java.base/java.util.concurrent.ThreadPoolExecutor$Worker.run(ThreadPoolExecutor.java:642)
	at java.base/java.lang.Thread.run(Thread.java:1583)

[2025-05-07 09:00:26,305] ERROR {org.apache.synapse.mediators.base.SequenceMediator} - Cannot invoke "java.util.Map.size()" because "map" is null java.lang.NullPointerException: Cannot invoke "java.util.Map.size()" because "map" is null
	at java.base/java.util.TreeMap.putAll(TreeMap.java:349)
	at java.base/java.util.TreeMap.<init>(TreeMap.java:198)
	at org.apache.synapse.mediators.template.InvokeMediator.prepareForMediation(InvokeMediator.java:416)
	at org.apache.synapse.mediators.template.InvokeMediator.mediate(InvokeMediator.java:201)
	at org.apache.synapse.mediators.template.InvokeMediator.mediate(InvokeMediator.java:117)
	at org.apache.synapse.mediators.AbstractListMediator.mediate(AbstractListMediator.java:132)
	at org.apache.synapse.mediators.AbstractListMediator.mediate(AbstractListMediator.java:79)
	at org.apache.synapse.mediators.base.SequenceMediator.mediate(SequenceMediator.java:158)
	at org.apache.synapse.mediators.MediatorWorker.run(MediatorWorker.java:112)
	at java.base/java.util.concurrent.ThreadPoolExecutor.runWorker(ThreadPoolExecutor.java:1144)
	at java.base/java.util.concurrent.ThreadPoolExecutor$Worker.run(ThreadPoolExecutor.java:642)
	at java.base/java.lang.Thread.run(Thread.java:1583)

[2025-05-07 09:00:57,068] ERROR {org.apache.synapse.mediators.base.SequenceMediator} - Not a JSON Object: null java.lang.IllegalStateException: Not a JSON Object: null
	at com.google.gson.JsonElement.getAsJsonObject(JsonElement.java:165)
	at org.apache.synapse.mediators.eip.EIPUtils.convertMapToJsonObj(EIPUtils.java:438)
	at org.apache.synapse.mediators.elementary.Target.insertJson(Target.java:508)
	at org.apache.synapse.mediators.elementary.EnrichMediator.mediate(EnrichMediator.java:258)
	at org.apache.synapse.mediators.template.InvokeMediator.doEnrich(InvokeMediator.java:605)
	at org.apache.synapse.mediators.template.InvokeMediator.processConnectorResponse(InvokeMediator.java:572)
	at org.apache.synapse.mediators.template.InvokeMediator.postMediate(InvokeMediator.java:450)
	at org.apache.synapse.mediators.template.InvokeMediator.mediate(InvokeMediator.java:206)
	at org.apache.synapse.mediators.template.InvokeMediator.mediate(InvokeMediator.java:117)
	at org.apache.synapse.mediators.AbstractListMediator.mediate(AbstractListMediator.java:132)
	at org.apache.synapse.mediators.AbstractListMediator.mediate(AbstractListMediator.java:79)
	at org.apache.synapse.mediators.base.SequenceMediator.mediate(SequenceMediator.java:158)
	at org.apache.synapse.mediators.MediatorWorker.run(MediatorWorker.java:112)
	at java.base/java.util.concurrent.ThreadPoolExecutor.runWorker(ThreadPoolExecutor.java:1144)
	at java.base/java.util.concurrent.ThreadPoolExecutor$Worker.run(ThreadPoolExecutor.java:642)
	at java.base/java.lang.Thread.run(Thread.java:1583)

[2025-05-07 09:05:07,265] ERROR {org.apache.synapse.mediators.base.SequenceMediator} - Not a JSON Object: null java.lang.IllegalStateException: Not a JSON Object: null
	at com.google.gson.JsonElement.getAsJsonObject(JsonElement.java:165)
	at org.apache.synapse.mediators.eip.EIPUtils.convertMapToJsonObj(EIPUtils.java:438)
	at org.apache.synapse.mediators.elementary.Target.insertJson(Target.java:508)
	at org.apache.synapse.mediators.elementary.EnrichMediator.mediate(EnrichMediator.java:258)
	at org.apache.synapse.mediators.template.InvokeMediator.doEnrich(InvokeMediator.java:605)
	at org.apache.synapse.mediators.template.InvokeMediator.processConnectorResponse(InvokeMediator.java:572)
	at org.apache.synapse.mediators.template.InvokeMediator.postMediate(InvokeMediator.java:450)
	at org.apache.synapse.mediators.template.InvokeMediator.mediate(InvokeMediator.java:206)
	at org.apache.synapse.mediators.template.InvokeMediator.mediate(InvokeMediator.java:117)
	at org.apache.synapse.mediators.AbstractListMediator.mediate(AbstractListMediator.java:132)
	at org.apache.synapse.mediators.AbstractListMediator.mediate(AbstractListMediator.java:79)
	at org.apache.synapse.mediators.base.SequenceMediator.mediate(SequenceMediator.java:158)
	at org.apache.synapse.mediators.MediatorWorker.run(MediatorWorker.java:112)
	at java.base/java.util.concurrent.ThreadPoolExecutor.runWorker(ThreadPoolExecutor.java:1144)
	at java.base/java.util.concurrent.ThreadPoolExecutor$Worker.run(ThreadPoolExecutor.java:642)
	at java.base/java.lang.Thread.run(Thread.java:1583)

[2025-05-07 09:07:00,550] ERROR {org.apache.synapse.mediators.base.SequenceMediator} - Not a JSON Object: null java.lang.IllegalStateException: Not a JSON Object: null
	at com.google.gson.JsonElement.getAsJsonObject(JsonElement.java:165)
	at org.apache.synapse.mediators.eip.EIPUtils.convertMapToJsonObj(EIPUtils.java:438)
	at org.apache.synapse.mediators.elementary.Target.insertJson(Target.java:508)
	at org.apache.synapse.mediators.elementary.EnrichMediator.mediate(EnrichMediator.java:258)
	at org.apache.synapse.mediators.template.InvokeMediator.doEnrich(InvokeMediator.java:605)
	at org.apache.synapse.mediators.template.InvokeMediator.processConnectorResponse(InvokeMediator.java:572)
	at org.apache.synapse.mediators.template.InvokeMediator.postMediate(InvokeMediator.java:450)
	at org.apache.synapse.mediators.template.InvokeMediator.mediate(InvokeMediator.java:206)
	at org.apache.synapse.mediators.template.InvokeMediator.mediate(InvokeMediator.java:117)
	at org.apache.synapse.mediators.AbstractListMediator.mediate(AbstractListMediator.java:132)
	at org.apache.synapse.mediators.AbstractListMediator.mediate(AbstractListMediator.java:79)
	at org.apache.synapse.mediators.base.SequenceMediator.mediate(SequenceMediator.java:158)
	at org.apache.synapse.mediators.MediatorWorker.run(MediatorWorker.java:112)
	at java.base/java.util.concurrent.ThreadPoolExecutor.runWorker(ThreadPoolExecutor.java:1144)
	at java.base/java.util.concurrent.ThreadPoolExecutor$Worker.run(ThreadPoolExecutor.java:642)
	at java.base/java.lang.Thread.run(Thread.java:1583)

[2025-05-07 09:15:04,787] ERROR {org.apache.synapse.mediators.base.SequenceMediator} - Not a JSON Object: null java.lang.IllegalStateException: Not a JSON Object: null
	at com.google.gson.JsonElement.getAsJsonObject(JsonElement.java:165)
	at org.apache.synapse.mediators.eip.EIPUtils.convertMapToJsonObj(EIPUtils.java:438)
	at org.apache.synapse.mediators.elementary.Target.insertJson(Target.java:508)
	at org.apache.synapse.mediators.elementary.EnrichMediator.mediate(EnrichMediator.java:258)
	at org.apache.synapse.mediators.template.InvokeMediator.doEnrich(InvokeMediator.java:605)
	at org.apache.synapse.mediators.template.InvokeMediator.processConnectorResponse(InvokeMediator.java:572)
	at org.apache.synapse.mediators.template.InvokeMediator.postMediate(InvokeMediator.java:450)
	at org.apache.synapse.mediators.template.InvokeMediator.mediate(InvokeMediator.java:206)
	at org.apache.synapse.mediators.template.InvokeMediator.mediate(InvokeMediator.java:117)
	at org.apache.synapse.mediators.AbstractListMediator.mediate(AbstractListMediator.java:132)
	at org.apache.synapse.mediators.AbstractListMediator.mediate(AbstractListMediator.java:79)
	at org.apache.synapse.mediators.base.SequenceMediator.mediate(SequenceMediator.java:158)
	at org.apache.synapse.mediators.MediatorWorker.run(MediatorWorker.java:112)
	at java.base/java.util.concurrent.ThreadPoolExecutor.runWorker(ThreadPoolExecutor.java:1144)
	at java.base/java.util.concurrent.ThreadPoolExecutor$Worker.run(ThreadPoolExecutor.java:642)
	at java.base/java.lang.Thread.run(Thread.java:1583)

[2025-05-07 09:21:41,075] ERROR {org.apache.synapse.config.xml.ValueFactory} - Can not create Synapse Xpath from given key
[2025-05-07 09:21:41,076] ERROR {org.apache.synapse.deployers.SequenceDeployer} - Sequence Deployment from the file : /Users/samindu/Workspace/intergration-project/wso2-mi/tmp/carbonapps/-1234/1746589900675BookStore_1.0.0.car/UpdateOrderSeq_1.0.0/UpdateOrderSeq-1.0.0.xml : Failed. org.apache.synapse.SynapseException: Can not create Synapse Xpath from given key
	at org.apache.synapse.config.xml.ValueFactory.handleException(ValueFactory.java:250)
	at org.apache.synapse.config.xml.ValueFactory.createSynXpath(ValueFactory.java:205)
	at org.apache.synapse.config.xml.ValueFactory.createTextValue(ValueFactory.java:119)
	at org.apache.synapse.config.xml.MediatorFactoryFinder.createInvokeParam(MediatorFactoryFinder.java:426)
	at org.apache.synapse.config.xml.MediatorFactoryFinder.buildParamteres(MediatorFactoryFinder.java:383)
	at org.apache.synapse.config.xml.MediatorFactoryFinder.getDynamicInvokeMediator(MediatorFactoryFinder.java:367)
	at org.apache.synapse.config.xml.MediatorFactoryFinder.getMediator(MediatorFactoryFinder.java:235)
	at org.apache.synapse.config.xml.AbstractListMediatorFactory.addChildren(AbstractListMediatorFactory.java:53)
	at org.apache.synapse.config.xml.SequenceMediatorFactory.createSpecificMediator(SequenceMediatorFactory.java:87)
	at org.apache.synapse.config.xml.AbstractMediatorFactory.createMediator(AbstractMediatorFactory.java:108)
	at org.apache.synapse.config.xml.MediatorFactoryFinder.getMediator(MediatorFactoryFinder.java:256)
	at org.apache.synapse.deployers.SequenceDeployer.deploySynapseArtifact(SequenceDeployer.java:58)
	at org.apache.synapse.deployers.AbstractSynapseArtifactDeployer.deploy(AbstractSynapseArtifactDeployer.java:205)
	at org.wso2.micro.integrator.initializer.deployment.synapse.deployer.SynapseAppDeployer.deployArtifactType(SynapseAppDeployer.java:1164)
	at org.wso2.micro.integrator.initializer.deployment.synapse.deployer.SynapseAppDeployer.deployArtifacts(SynapseAppDeployer.java:139)
	at org.wso2.micro.integrator.initializer.deployment.application.deployer.CappDeployer.deployCarbonApplications(CappDeployer.java:214)
	at org.wso2.micro.integrator.initializer.deployment.application.deployer.CappDeployer.deployCarbonApps(CappDeployer.java:184)
	at org.wso2.micro.integrator.initializer.deployment.application.deployer.CappDeployer.deploy(CappDeployer.java:153)
	at org.apache.axis2.deployment.repository.util.DeploymentFileData.deploy(DeploymentFileData.java:136)
	at org.apache.axis2.deployment.DeploymentEngine.doDeploy(DeploymentEngine.java:807)
	at org.apache.axis2.deployment.repository.util.WSInfoList.update(WSInfoList.java:163)
	at org.apache.axis2.deployment.RepositoryListener.update(RepositoryListener.java:384)
	at org.apache.axis2.deployment.RepositoryListener.checkServices(RepositoryListener.java:251)
	at org.apache.axis2.deployment.DeploymentEngine.loadServices(DeploymentEngine.java:135)
	at org.wso2.micro.core.CarbonAxisConfigurator.deployServices(CarbonAxisConfigurator.java:530)
	at org.wso2.micro.integrator.initializer.deployment.AppDeployerServiceComponent.invokeRegisteredDeployers(AppDeployerServiceComponent.java:232)
	at org.wso2.micro.integrator.initializer.deployment.AppDeployerServiceComponent.activate(AppDeployerServiceComponent.java:75)
	at java.base/jdk.internal.reflect.DirectMethodHandleAccessor.invoke(DirectMethodHandleAccessor.java:103)
	at java.base/java.lang.reflect.Method.invoke(Method.java:580)
	at org.eclipse.equinox.internal.ds.model.ServiceComponent.activate(ServiceComponent.java:260)
	at org.eclipse.equinox.internal.ds.model.ServiceComponentProp.activate(ServiceComponentProp.java:146)
	at org.eclipse.equinox.internal.ds.model.ServiceComponentProp.build(ServiceComponentProp.java:345)
	at org.eclipse.equinox.internal.ds.InstanceProcess.buildComponent(InstanceProcess.java:620)
	at org.eclipse.equinox.internal.ds.InstanceProcess.buildComponents(InstanceProcess.java:197)
	at org.eclipse.equinox.internal.ds.Resolver.getEligible(Resolver.java:343)
	at org.eclipse.equinox.internal.ds.SCRManager.serviceChanged(SCRManager.java:222)
	at org.eclipse.osgi.internal.serviceregistry.FilteredServiceListener.serviceChanged(FilteredServiceListener.java:113)
	at org.eclipse.osgi.internal.framework.BundleContextImpl.dispatchEvent(BundleContextImpl.java:985)
	at org.eclipse.osgi.framework.eventmgr.EventManager.dispatchEvent(EventManager.java:234)
	at org.eclipse.osgi.framework.eventmgr.ListenerQueue.dispatchEventSynchronous(ListenerQueue.java:151)
	at org.eclipse.osgi.internal.serviceregistry.ServiceRegistry.publishServiceEventPrivileged(ServiceRegistry.java:866)
	at org.eclipse.osgi.internal.serviceregistry.ServiceRegistry.publishServiceEvent(ServiceRegistry.java:804)
	at org.eclipse.osgi.internal.serviceregistry.ServiceRegistrationImpl.register(ServiceRegistrationImpl.java:130)
	at org.eclipse.osgi.internal.serviceregistry.ServiceRegistry.registerService(ServiceRegistry.java:228)
	at org.eclipse.osgi.internal.framework.BundleContextImpl.registerService(BundleContextImpl.java:525)
	at org.eclipse.osgi.internal.framework.BundleContextImpl.registerService(BundleContextImpl.java:544)
	at org.wso2.micro.integrator.initializer.ServiceBusInitializer.activate(ServiceBusInitializer.java:222)
	at java.base/jdk.internal.reflect.DirectMethodHandleAccessor.invoke(DirectMethodHandleAccessor.java:103)
	at java.base/java.lang.reflect.Method.invoke(Method.java:580)
	at org.eclipse.equinox.internal.ds.model.ServiceComponent.activate(ServiceComponent.java:235)
	at org.eclipse.equinox.internal.ds.model.ServiceComponentProp.activate(ServiceComponentProp.java:146)
	at org.eclipse.equinox.internal.ds.model.ServiceComponentProp.build(ServiceComponentProp.java:345)
	at org.eclipse.equinox.internal.ds.InstanceProcess.buildComponent(InstanceProcess.java:620)
	at org.eclipse.equinox.internal.ds.InstanceProcess.buildComponents(InstanceProcess.java:197)
	at org.eclipse.equinox.internal.ds.Resolver.getEligible(Resolver.java:343)
	at org.eclipse.equinox.internal.ds.SCRManager.serviceChanged(SCRManager.java:222)
	at org.eclipse.osgi.internal.serviceregistry.FilteredServiceListener.serviceChanged(FilteredServiceListener.java:113)
	at org.eclipse.osgi.internal.framework.BundleContextImpl.dispatchEvent(BundleContextImpl.java:985)
	at org.eclipse.osgi.framework.eventmgr.EventManager.dispatchEvent(EventManager.java:234)
	at org.eclipse.osgi.framework.eventmgr.ListenerQueue.dispatchEventSynchronous(ListenerQueue.java:151)
	at org.eclipse.osgi.internal.serviceregistry.ServiceRegistry.publishServiceEventPrivileged(ServiceRegistry.java:866)
	at org.eclipse.osgi.internal.serviceregistry.ServiceRegistry.publishServiceEvent(ServiceRegistry.java:804)
	at org.eclipse.osgi.internal.serviceregistry.ServiceRegistrationImpl.register(ServiceRegistrationImpl.java:130)
	at org.eclipse.osgi.internal.serviceregistry.ServiceRegistry.registerService(ServiceRegistry.java:228)
	at org.eclipse.osgi.internal.framework.BundleContextImpl.registerService(BundleContextImpl.java:525)
	at org.eclipse.osgi.internal.framework.BundleContextImpl.registerService(BundleContextImpl.java:544)
	at org.wso2.micro.integrator.ntask.core.internal.TasksDSComponent.activate(TasksDSComponent.java:147)
	at java.base/jdk.internal.reflect.DirectMethodHandleAccessor.invoke(DirectMethodHandleAccessor.java:103)
	at java.base/java.lang.reflect.Method.invoke(Method.java:580)
	at org.eclipse.equinox.internal.ds.model.ServiceComponent.activate(ServiceComponent.java:260)
	at org.eclipse.equinox.internal.ds.model.ServiceComponentProp.activate(ServiceComponentProp.java:146)
	at org.eclipse.equinox.internal.ds.model.ServiceComponentProp.build(ServiceComponentProp.java:345)
	at org.eclipse.equinox.internal.ds.InstanceProcess.buildComponent(InstanceProcess.java:620)
	at org.eclipse.equinox.internal.ds.InstanceProcess.buildComponents(InstanceProcess.java:197)
	at org.eclipse.equinox.internal.ds.Resolver.buildNewlySatisfied(Resolver.java:473)
	at org.eclipse.equinox.internal.ds.Resolver.enableComponents(Resolver.java:217)
	at org.eclipse.equinox.internal.ds.SCRManager.performWork(SCRManager.java:816)
	at org.eclipse.equinox.internal.ds.SCRManager$QueuedJob.dispatch(SCRManager.java:783)
	at org.eclipse.equinox.internal.ds.WorkThread.run(WorkThread.java:89)
	at java.base/java.lang.Thread.run(Thread.java:1583)

[2025-05-07 09:21:41,076] ERROR {org.apache.synapse.deployers.AbstractSynapseArtifactDeployer} - Deployment of the Synapse Artifact from file : /Users/samindu/Workspace/intergration-project/wso2-mi/tmp/carbonapps/-1234/1746589900675BookStore_1.0.0.car/UpdateOrderSeq_1.0.0/UpdateOrderSeq-1.0.0.xml : Failed! org.apache.synapse.deployers.SynapseArtifactDeploymentException: Sequence Deployment from the file : /Users/samindu/Workspace/intergration-project/wso2-mi/tmp/carbonapps/-1234/1746589900675BookStore_1.0.0.car/UpdateOrderSeq_1.0.0/UpdateOrderSeq-1.0.0.xml : Failed.
	at org.apache.synapse.deployers.AbstractSynapseArtifactDeployer.handleSynapseArtifactDeploymentError(AbstractSynapseArtifactDeployer.java:488)
	at org.apache.synapse.deployers.SequenceDeployer.deploySynapseArtifact(SequenceDeployer.java:87)
	at org.apache.synapse.deployers.AbstractSynapseArtifactDeployer.deploy(AbstractSynapseArtifactDeployer.java:205)
	at org.wso2.micro.integrator.initializer.deployment.synapse.deployer.SynapseAppDeployer.deployArtifactType(SynapseAppDeployer.java:1164)
	at org.wso2.micro.integrator.initializer.deployment.synapse.deployer.SynapseAppDeployer.deployArtifacts(SynapseAppDeployer.java:139)
	at org.wso2.micro.integrator.initializer.deployment.application.deployer.CappDeployer.deployCarbonApplications(CappDeployer.java:214)
	at org.wso2.micro.integrator.initializer.deployment.application.deployer.CappDeployer.deployCarbonApps(CappDeployer.java:184)
	at org.wso2.micro.integrator.initializer.deployment.application.deployer.CappDeployer.deploy(CappDeployer.java:153)
	at org.apache.axis2.deployment.repository.util.DeploymentFileData.deploy(DeploymentFileData.java:136)
	at org.apache.axis2.deployment.DeploymentEngine.doDeploy(DeploymentEngine.java:807)
	at org.apache.axis2.deployment.repository.util.WSInfoList.update(WSInfoList.java:163)
	at org.apache.axis2.deployment.RepositoryListener.update(RepositoryListener.java:384)
	at org.apache.axis2.deployment.RepositoryListener.checkServices(RepositoryListener.java:251)
	at org.apache.axis2.deployment.DeploymentEngine.loadServices(DeploymentEngine.java:135)
	at org.wso2.micro.core.CarbonAxisConfigurator.deployServices(CarbonAxisConfigurator.java:530)
	at org.wso2.micro.integrator.initializer.deployment.AppDeployerServiceComponent.invokeRegisteredDeployers(AppDeployerServiceComponent.java:232)
	at org.wso2.micro.integrator.initializer.deployment.AppDeployerServiceComponent.activate(AppDeployerServiceComponent.java:75)
	at java.base/jdk.internal.reflect.DirectMethodHandleAccessor.invoke(DirectMethodHandleAccessor.java:103)
	at java.base/java.lang.reflect.Method.invoke(Method.java:580)
	at org.eclipse.equinox.internal.ds.model.ServiceComponent.activate(ServiceComponent.java:260)
	at org.eclipse.equinox.internal.ds.model.ServiceComponentProp.activate(ServiceComponentProp.java:146)
	at org.eclipse.equinox.internal.ds.model.ServiceComponentProp.build(ServiceComponentProp.java:345)
	at org.eclipse.equinox.internal.ds.InstanceProcess.buildComponent(InstanceProcess.java:620)
	at org.eclipse.equinox.internal.ds.InstanceProcess.buildComponents(InstanceProcess.java:197)
	at org.eclipse.equinox.internal.ds.Resolver.getEligible(Resolver.java:343)
	at org.eclipse.equinox.internal.ds.SCRManager.serviceChanged(SCRManager.java:222)
	at org.eclipse.osgi.internal.serviceregistry.FilteredServiceListener.serviceChanged(FilteredServiceListener.java:113)
	at org.eclipse.osgi.internal.framework.BundleContextImpl.dispatchEvent(BundleContextImpl.java:985)
	at org.eclipse.osgi.framework.eventmgr.EventManager.dispatchEvent(EventManager.java:234)
	at org.eclipse.osgi.framework.eventmgr.ListenerQueue.dispatchEventSynchronous(ListenerQueue.java:151)
	at org.eclipse.osgi.internal.serviceregistry.ServiceRegistry.publishServiceEventPrivileged(ServiceRegistry.java:866)
	at org.eclipse.osgi.internal.serviceregistry.ServiceRegistry.publishServiceEvent(ServiceRegistry.java:804)
	at org.eclipse.osgi.internal.serviceregistry.ServiceRegistrationImpl.register(ServiceRegistrationImpl.java:130)
	at org.eclipse.osgi.internal.serviceregistry.ServiceRegistry.registerService(ServiceRegistry.java:228)
	at org.eclipse.osgi.internal.framework.BundleContextImpl.registerService(BundleContextImpl.java:525)
	at org.eclipse.osgi.internal.framework.BundleContextImpl.registerService(BundleContextImpl.java:544)
	at org.wso2.micro.integrator.initializer.ServiceBusInitializer.activate(ServiceBusInitializer.java:222)
	at java.base/jdk.internal.reflect.DirectMethodHandleAccessor.invoke(DirectMethodHandleAccessor.java:103)
	at java.base/java.lang.reflect.Method.invoke(Method.java:580)
	at org.eclipse.equinox.internal.ds.model.ServiceComponent.activate(ServiceComponent.java:235)
	at org.eclipse.equinox.internal.ds.model.ServiceComponentProp.activate(ServiceComponentProp.java:146)
	at org.eclipse.equinox.internal.ds.model.ServiceComponentProp.build(ServiceComponentProp.java:345)
	at org.eclipse.equinox.internal.ds.InstanceProcess.buildComponent(InstanceProcess.java:620)
	at org.eclipse.equinox.internal.ds.InstanceProcess.buildComponents(InstanceProcess.java:197)
	at org.eclipse.equinox.internal.ds.Resolver.getEligible(Resolver.java:343)
	at org.eclipse.equinox.internal.ds.SCRManager.serviceChanged(SCRManager.java:222)
	at org.eclipse.osgi.internal.serviceregistry.FilteredServiceListener.serviceChanged(FilteredServiceListener.java:113)
	at org.eclipse.osgi.internal.framework.BundleContextImpl.dispatchEvent(BundleContextImpl.java:985)
	at org.eclipse.osgi.framework.eventmgr.EventManager.dispatchEvent(EventManager.java:234)
	at org.eclipse.osgi.framework.eventmgr.ListenerQueue.dispatchEventSynchronous(ListenerQueue.java:151)
	at org.eclipse.osgi.internal.serviceregistry.ServiceRegistry.publishServiceEventPrivileged(ServiceRegistry.java:866)
	at org.eclipse.osgi.internal.serviceregistry.ServiceRegistry.publishServiceEvent(ServiceRegistry.java:804)
	at org.eclipse.osgi.internal.serviceregistry.ServiceRegistrationImpl.register(ServiceRegistrationImpl.java:130)
	at org.eclipse.osgi.internal.serviceregistry.ServiceRegistry.registerService(ServiceRegistry.java:228)
	at org.eclipse.osgi.internal.framework.BundleContextImpl.registerService(BundleContextImpl.java:525)
	at org.eclipse.osgi.internal.framework.BundleContextImpl.registerService(BundleContextImpl.java:544)
	at org.wso2.micro.integrator.ntask.core.internal.TasksDSComponent.activate(TasksDSComponent.java:147)
	at java.base/jdk.internal.reflect.DirectMethodHandleAccessor.invoke(DirectMethodHandleAccessor.java:103)
	at java.base/java.lang.reflect.Method.invoke(Method.java:580)
	at org.eclipse.equinox.internal.ds.model.ServiceComponent.activate(ServiceComponent.java:260)
	at org.eclipse.equinox.internal.ds.model.ServiceComponentProp.activate(ServiceComponentProp.java:146)
	at org.eclipse.equinox.internal.ds.model.ServiceComponentProp.build(ServiceComponentProp.java:345)
	at org.eclipse.equinox.internal.ds.InstanceProcess.buildComponent(InstanceProcess.java:620)
	at org.eclipse.equinox.internal.ds.InstanceProcess.buildComponents(InstanceProcess.java:197)
	at org.eclipse.equinox.internal.ds.Resolver.buildNewlySatisfied(Resolver.java:473)
	at org.eclipse.equinox.internal.ds.Resolver.enableComponents(Resolver.java:217)
	at org.eclipse.equinox.internal.ds.SCRManager.performWork(SCRManager.java:816)
	at org.eclipse.equinox.internal.ds.SCRManager$QueuedJob.dispatch(SCRManager.java:783)
	at org.eclipse.equinox.internal.ds.WorkThread.run(WorkThread.java:89)
	at java.base/java.lang.Thread.run(Thread.java:1583)
Caused by: org.apache.synapse.SynapseException: Can not create Synapse Xpath from given key
	at org.apache.synapse.config.xml.ValueFactory.handleException(ValueFactory.java:250)
	at org.apache.synapse.config.xml.ValueFactory.createSynXpath(ValueFactory.java:205)
	at org.apache.synapse.config.xml.ValueFactory.createTextValue(ValueFactory.java:119)
	at org.apache.synapse.config.xml.MediatorFactoryFinder.createInvokeParam(MediatorFactoryFinder.java:426)
	at org.apache.synapse.config.xml.MediatorFactoryFinder.buildParamteres(MediatorFactoryFinder.java:383)
	at org.apache.synapse.config.xml.MediatorFactoryFinder.getDynamicInvokeMediator(MediatorFactoryFinder.java:367)
	at org.apache.synapse.config.xml.MediatorFactoryFinder.getMediator(MediatorFactoryFinder.java:235)
	at org.apache.synapse.config.xml.AbstractListMediatorFactory.addChildren(AbstractListMediatorFactory.java:53)
	at org.apache.synapse.config.xml.SequenceMediatorFactory.createSpecificMediator(SequenceMediatorFactory.java:87)
	at org.apache.synapse.config.xml.AbstractMediatorFactory.createMediator(AbstractMediatorFactory.java:108)
	at org.apache.synapse.config.xml.MediatorFactoryFinder.getMediator(MediatorFactoryFinder.java:256)
	at org.apache.synapse.deployers.SequenceDeployer.deploySynapseArtifact(SequenceDeployer.java:58)
	... 68 more

[2025-05-07 09:21:41,076] ERROR {org.apache.synapse.deployers.AbstractSynapseArtifactDeployer} - Deployment of synapse artifact failed. Error reading /Users/samindu/Workspace/intergration-project/wso2-mi/tmp/carbonapps/-1234/1746589900675BookStore_1.0.0.car/UpdateOrderSeq_1.0.0/UpdateOrderSeq-1.0.0.xml : Sequence Deployment from the file : /Users/samindu/Workspace/intergration-project/wso2-mi/tmp/carbonapps/-1234/1746589900675BookStore_1.0.0.car/UpdateOrderSeq_1.0.0/UpdateOrderSeq-1.0.0.xml : Failed. org.apache.axis2.deployment.DeploymentException: Sequence Deployment from the file : /Users/samindu/Workspace/intergration-project/wso2-mi/tmp/carbonapps/-1234/1746589900675BookStore_1.0.0.car/UpdateOrderSeq_1.0.0/UpdateOrderSeq-1.0.0.xml : Failed.
	at org.apache.synapse.deployers.AbstractSynapseArtifactDeployer.deploy(AbstractSynapseArtifactDeployer.java:215)
	at org.wso2.micro.integrator.initializer.deployment.synapse.deployer.SynapseAppDeployer.deployArtifactType(SynapseAppDeployer.java:1164)
	at org.wso2.micro.integrator.initializer.deployment.synapse.deployer.SynapseAppDeployer.deployArtifacts(SynapseAppDeployer.java:139)
	at org.wso2.micro.integrator.initializer.deployment.application.deployer.CappDeployer.deployCarbonApplications(CappDeployer.java:214)
	at org.wso2.micro.integrator.initializer.deployment.application.deployer.CappDeployer.deployCarbonApps(CappDeployer.java:184)
	at org.wso2.micro.integrator.initializer.deployment.application.deployer.CappDeployer.deploy(CappDeployer.java:153)
	at org.apache.axis2.deployment.repository.util.DeploymentFileData.deploy(DeploymentFileData.java:136)
	at org.apache.axis2.deployment.DeploymentEngine.doDeploy(DeploymentEngine.java:807)
	at org.apache.axis2.deployment.repository.util.WSInfoList.update(WSInfoList.java:163)
	at org.apache.axis2.deployment.RepositoryListener.update(RepositoryListener.java:384)
	at org.apache.axis2.deployment.RepositoryListener.checkServices(RepositoryListener.java:251)
	at org.apache.axis2.deployment.DeploymentEngine.loadServices(DeploymentEngine.java:135)
	at org.wso2.micro.core.CarbonAxisConfigurator.deployServices(CarbonAxisConfigurator.java:530)
	at org.wso2.micro.integrator.initializer.deployment.AppDeployerServiceComponent.invokeRegisteredDeployers(AppDeployerServiceComponent.java:232)
	at org.wso2.micro.integrator.initializer.deployment.AppDeployerServiceComponent.activate(AppDeployerServiceComponent.java:75)
	at java.base/jdk.internal.reflect.DirectMethodHandleAccessor.invoke(DirectMethodHandleAccessor.java:103)
	at java.base/java.lang.reflect.Method.invoke(Method.java:580)
	at org.eclipse.equinox.internal.ds.model.ServiceComponent.activate(ServiceComponent.java:260)
	at org.eclipse.equinox.internal.ds.model.ServiceComponentProp.activate(ServiceComponentProp.java:146)
	at org.eclipse.equinox.internal.ds.model.ServiceComponentProp.build(ServiceComponentProp.java:345)
	at org.eclipse.equinox.internal.ds.InstanceProcess.buildComponent(InstanceProcess.java:620)
	at org.eclipse.equinox.internal.ds.InstanceProcess.buildComponents(InstanceProcess.java:197)
	at org.eclipse.equinox.internal.ds.Resolver.getEligible(Resolver.java:343)
	at org.eclipse.equinox.internal.ds.SCRManager.serviceChanged(SCRManager.java:222)
	at org.eclipse.osgi.internal.serviceregistry.FilteredServiceListener.serviceChanged(FilteredServiceListener.java:113)
	at org.eclipse.osgi.internal.framework.BundleContextImpl.dispatchEvent(BundleContextImpl.java:985)
	at org.eclipse.osgi.framework.eventmgr.EventManager.dispatchEvent(EventManager.java:234)
	at org.eclipse.osgi.framework.eventmgr.ListenerQueue.dispatchEventSynchronous(ListenerQueue.java:151)
	at org.eclipse.osgi.internal.serviceregistry.ServiceRegistry.publishServiceEventPrivileged(ServiceRegistry.java:866)
	at org.eclipse.osgi.internal.serviceregistry.ServiceRegistry.publishServiceEvent(ServiceRegistry.java:804)
	at org.eclipse.osgi.internal.serviceregistry.ServiceRegistrationImpl.register(ServiceRegistrationImpl.java:130)
	at org.eclipse.osgi.internal.serviceregistry.ServiceRegistry.registerService(ServiceRegistry.java:228)
	at org.eclipse.osgi.internal.framework.BundleContextImpl.registerService(BundleContextImpl.java:525)
	at org.eclipse.osgi.internal.framework.BundleContextImpl.registerService(BundleContextImpl.java:544)
	at org.wso2.micro.integrator.initializer.ServiceBusInitializer.activate(ServiceBusInitializer.java:222)
	at java.base/jdk.internal.reflect.DirectMethodHandleAccessor.invoke(DirectMethodHandleAccessor.java:103)
	at java.base/java.lang.reflect.Method.invoke(Method.java:580)
	at org.eclipse.equinox.internal.ds.model.ServiceComponent.activate(ServiceComponent.java:235)
	at org.eclipse.equinox.internal.ds.model.ServiceComponentProp.activate(ServiceComponentProp.java:146)
	at org.eclipse.equinox.internal.ds.model.ServiceComponentProp.build(ServiceComponentProp.java:345)
	at org.eclipse.equinox.internal.ds.InstanceProcess.buildComponent(InstanceProcess.java:620)
	at org.eclipse.equinox.internal.ds.InstanceProcess.buildComponents(InstanceProcess.java:197)
	at org.eclipse.equinox.internal.ds.Resolver.getEligible(Resolver.java:343)
	at org.eclipse.equinox.internal.ds.SCRManager.serviceChanged(SCRManager.java:222)
	at org.eclipse.osgi.internal.serviceregistry.FilteredServiceListener.serviceChanged(FilteredServiceListener.java:113)
	at org.eclipse.osgi.internal.framework.BundleContextImpl.dispatchEvent(BundleContextImpl.java:985)
	at org.eclipse.osgi.framework.eventmgr.EventManager.dispatchEvent(EventManager.java:234)
	at org.eclipse.osgi.framework.eventmgr.ListenerQueue.dispatchEventSynchronous(ListenerQueue.java:151)
	at org.eclipse.osgi.internal.serviceregistry.ServiceRegistry.publishServiceEventPrivileged(ServiceRegistry.java:866)
	at org.eclipse.osgi.internal.serviceregistry.ServiceRegistry.publishServiceEvent(ServiceRegistry.java:804)
	at org.eclipse.osgi.internal.serviceregistry.ServiceRegistrationImpl.register(ServiceRegistrationImpl.java:130)
	at org.eclipse.osgi.internal.serviceregistry.ServiceRegistry.registerService(ServiceRegistry.java:228)
	at org.eclipse.osgi.internal.framework.BundleContextImpl.registerService(BundleContextImpl.java:525)
	at org.eclipse.osgi.internal.framework.BundleContextImpl.registerService(BundleContextImpl.java:544)
	at org.wso2.micro.integrator.ntask.core.internal.TasksDSComponent.activate(TasksDSComponent.java:147)
	at java.base/jdk.internal.reflect.DirectMethodHandleAccessor.invoke(DirectMethodHandleAccessor.java:103)
	at java.base/java.lang.reflect.Method.invoke(Method.java:580)
	at org.eclipse.equinox.internal.ds.model.ServiceComponent.activate(ServiceComponent.java:260)
	at org.eclipse.equinox.internal.ds.model.ServiceComponentProp.activate(ServiceComponentProp.java:146)
	at org.eclipse.equinox.internal.ds.model.ServiceComponentProp.build(ServiceComponentProp.java:345)
	at org.eclipse.equinox.internal.ds.InstanceProcess.buildComponent(InstanceProcess.java:620)
	at org.eclipse.equinox.internal.ds.InstanceProcess.buildComponents(InstanceProcess.java:197)
	at org.eclipse.equinox.internal.ds.Resolver.buildNewlySatisfied(Resolver.java:473)
	at org.eclipse.equinox.internal.ds.Resolver.enableComponents(Resolver.java:217)
	at org.eclipse.equinox.internal.ds.SCRManager.performWork(SCRManager.java:816)
	at org.eclipse.equinox.internal.ds.SCRManager$QueuedJob.dispatch(SCRManager.java:783)
	at org.eclipse.equinox.internal.ds.WorkThread.run(WorkThread.java:89)
	at java.base/java.lang.Thread.run(Thread.java:1583)
Caused by: org.apache.synapse.deployers.SynapseArtifactDeploymentException: Sequence Deployment from the file : /Users/samindu/Workspace/intergration-project/wso2-mi/tmp/carbonapps/-1234/1746589900675BookStore_1.0.0.car/UpdateOrderSeq_1.0.0/UpdateOrderSeq-1.0.0.xml : Failed.
	at org.apache.synapse.deployers.AbstractSynapseArtifactDeployer.handleSynapseArtifactDeploymentError(AbstractSynapseArtifactDeployer.java:488)
	at org.apache.synapse.deployers.SequenceDeployer.deploySynapseArtifact(SequenceDeployer.java:87)
	at org.apache.synapse.deployers.AbstractSynapseArtifactDeployer.deploy(AbstractSynapseArtifactDeployer.java:205)
	... 67 more
Caused by: org.apache.synapse.SynapseException: Can not create Synapse Xpath from given key
	at org.apache.synapse.config.xml.ValueFactory.handleException(ValueFactory.java:250)
	at org.apache.synapse.config.xml.ValueFactory.createSynXpath(ValueFactory.java:205)
	at org.apache.synapse.config.xml.ValueFactory.createTextValue(ValueFactory.java:119)
	at org.apache.synapse.config.xml.MediatorFactoryFinder.createInvokeParam(MediatorFactoryFinder.java:426)
	at org.apache.synapse.config.xml.MediatorFactoryFinder.buildParamteres(MediatorFactoryFinder.java:383)
	at org.apache.synapse.config.xml.MediatorFactoryFinder.getDynamicInvokeMediator(MediatorFactoryFinder.java:367)
	at org.apache.synapse.config.xml.MediatorFactoryFinder.getMediator(MediatorFactoryFinder.java:235)
	at org.apache.synapse.config.xml.AbstractListMediatorFactory.addChildren(AbstractListMediatorFactory.java:53)
	at org.apache.synapse.config.xml.SequenceMediatorFactory.createSpecificMediator(SequenceMediatorFactory.java:87)
	at org.apache.synapse.config.xml.AbstractMediatorFactory.createMediator(AbstractMediatorFactory.java:108)
	at org.apache.synapse.config.xml.MediatorFactoryFinder.getMediator(MediatorFactoryFinder.java:256)
	at org.apache.synapse.deployers.SequenceDeployer.deploySynapseArtifact(SequenceDeployer.java:58)
	... 68 more

[2025-05-07 09:21:41,076] ERROR {org.wso2.micro.integrator.initializer.deployment.application.deployer.CappDeployer} - Error occurred while deploying the Carbon application: BookStore_1.0.0.car. Reverting successfully deployed artifacts in the CApp. org.apache.axis2.deployment.DeploymentException: Sequence Deployment from the file : /Users/samindu/Workspace/intergration-project/wso2-mi/tmp/carbonapps/-1234/1746589900675BookStore_1.0.0.car/UpdateOrderSeq_1.0.0/UpdateOrderSeq-1.0.0.xml : Failed.
	at org.apache.synapse.deployers.AbstractSynapseArtifactDeployer.deploy(AbstractSynapseArtifactDeployer.java:227)
	at org.wso2.micro.integrator.initializer.deployment.synapse.deployer.SynapseAppDeployer.deployArtifactType(SynapseAppDeployer.java:1164)
	at org.wso2.micro.integrator.initializer.deployment.synapse.deployer.SynapseAppDeployer.deployArtifacts(SynapseAppDeployer.java:139)
	at org.wso2.micro.integrator.initializer.deployment.application.deployer.CappDeployer.deployCarbonApplications(CappDeployer.java:214)
	at org.wso2.micro.integrator.initializer.deployment.application.deployer.CappDeployer.deployCarbonApps(CappDeployer.java:184)
	at org.wso2.micro.integrator.initializer.deployment.application.deployer.CappDeployer.deploy(CappDeployer.java:153)
	at org.apache.axis2.deployment.repository.util.DeploymentFileData.deploy(DeploymentFileData.java:136)
	at org.apache.axis2.deployment.DeploymentEngine.doDeploy(DeploymentEngine.java:807)
	at org.apache.axis2.deployment.repository.util.WSInfoList.update(WSInfoList.java:163)
	at org.apache.axis2.deployment.RepositoryListener.update(RepositoryListener.java:384)
	at org.apache.axis2.deployment.RepositoryListener.checkServices(RepositoryListener.java:251)
	at org.apache.axis2.deployment.DeploymentEngine.loadServices(DeploymentEngine.java:135)
	at org.wso2.micro.core.CarbonAxisConfigurator.deployServices(CarbonAxisConfigurator.java:530)
	at org.wso2.micro.integrator.initializer.deployment.AppDeployerServiceComponent.invokeRegisteredDeployers(AppDeployerServiceComponent.java:232)
	at org.wso2.micro.integrator.initializer.deployment.AppDeployerServiceComponent.activate(AppDeployerServiceComponent.java:75)
	at java.base/jdk.internal.reflect.DirectMethodHandleAccessor.invoke(DirectMethodHandleAccessor.java:103)
	at java.base/java.lang.reflect.Method.invoke(Method.java:580)
	at org.eclipse.equinox.internal.ds.model.ServiceComponent.activate(ServiceComponent.java:260)
	at org.eclipse.equinox.internal.ds.model.ServiceComponentProp.activate(ServiceComponentProp.java:146)
	at org.eclipse.equinox.internal.ds.model.ServiceComponentProp.build(ServiceComponentProp.java:345)
	at org.eclipse.equinox.internal.ds.InstanceProcess.buildComponent(InstanceProcess.java:620)
	at org.eclipse.equinox.internal.ds.InstanceProcess.buildComponents(InstanceProcess.java:197)
	at org.eclipse.equinox.internal.ds.Resolver.getEligible(Resolver.java:343)
	at org.eclipse.equinox.internal.ds.SCRManager.serviceChanged(SCRManager.java:222)
	at org.eclipse.osgi.internal.serviceregistry.FilteredServiceListener.serviceChanged(FilteredServiceListener.java:113)
	at org.eclipse.osgi.internal.framework.BundleContextImpl.dispatchEvent(BundleContextImpl.java:985)
	at org.eclipse.osgi.framework.eventmgr.EventManager.dispatchEvent(EventManager.java:234)
	at org.eclipse.osgi.framework.eventmgr.ListenerQueue.dispatchEventSynchronous(ListenerQueue.java:151)
	at org.eclipse.osgi.internal.serviceregistry.ServiceRegistry.publishServiceEventPrivileged(ServiceRegistry.java:866)
	at org.eclipse.osgi.internal.serviceregistry.ServiceRegistry.publishServiceEvent(ServiceRegistry.java:804)
	at org.eclipse.osgi.internal.serviceregistry.ServiceRegistrationImpl.register(ServiceRegistrationImpl.java:130)
	at org.eclipse.osgi.internal.serviceregistry.ServiceRegistry.registerService(ServiceRegistry.java:228)
	at org.eclipse.osgi.internal.framework.BundleContextImpl.registerService(BundleContextImpl.java:525)
	at org.eclipse.osgi.internal.framework.BundleContextImpl.registerService(BundleContextImpl.java:544)
	at org.wso2.micro.integrator.initializer.ServiceBusInitializer.activate(ServiceBusInitializer.java:222)
	at java.base/jdk.internal.reflect.DirectMethodHandleAccessor.invoke(DirectMethodHandleAccessor.java:103)
	at java.base/java.lang.reflect.Method.invoke(Method.java:580)
	at org.eclipse.equinox.internal.ds.model.ServiceComponent.activate(ServiceComponent.java:235)
	at org.eclipse.equinox.internal.ds.model.ServiceComponentProp.activate(ServiceComponentProp.java:146)
	at org.eclipse.equinox.internal.ds.model.ServiceComponentProp.build(ServiceComponentProp.java:345)
	at org.eclipse.equinox.internal.ds.InstanceProcess.buildComponent(InstanceProcess.java:620)
	at org.eclipse.equinox.internal.ds.InstanceProcess.buildComponents(InstanceProcess.java:197)
	at org.eclipse.equinox.internal.ds.Resolver.getEligible(Resolver.java:343)
	at org.eclipse.equinox.internal.ds.SCRManager.serviceChanged(SCRManager.java:222)
	at org.eclipse.osgi.internal.serviceregistry.FilteredServiceListener.serviceChanged(FilteredServiceListener.java:113)
	at org.eclipse.osgi.internal.framework.BundleContextImpl.dispatchEvent(BundleContextImpl.java:985)
	at org.eclipse.osgi.framework.eventmgr.EventManager.dispatchEvent(EventManager.java:234)
	at org.eclipse.osgi.framework.eventmgr.ListenerQueue.dispatchEventSynchronous(ListenerQueue.java:151)
	at org.eclipse.osgi.internal.serviceregistry.ServiceRegistry.publishServiceEventPrivileged(ServiceRegistry.java:866)
	at org.eclipse.osgi.internal.serviceregistry.ServiceRegistry.publishServiceEvent(ServiceRegistry.java:804)
	at org.eclipse.osgi.internal.serviceregistry.ServiceRegistrationImpl.register(ServiceRegistrationImpl.java:130)
	at org.eclipse.osgi.internal.serviceregistry.ServiceRegistry.registerService(ServiceRegistry.java:228)
	at org.eclipse.osgi.internal.framework.BundleContextImpl.registerService(BundleContextImpl.java:525)
	at org.eclipse.osgi.internal.framework.BundleContextImpl.registerService(BundleContextImpl.java:544)
	at org.wso2.micro.integrator.ntask.core.internal.TasksDSComponent.activate(TasksDSComponent.java:147)
	at java.base/jdk.internal.reflect.DirectMethodHandleAccessor.invoke(DirectMethodHandleAccessor.java:103)
	at java.base/java.lang.reflect.Method.invoke(Method.java:580)
	at org.eclipse.equinox.internal.ds.model.ServiceComponent.activate(ServiceComponent.java:260)
	at org.eclipse.equinox.internal.ds.model.ServiceComponentProp.activate(ServiceComponentProp.java:146)
	at org.eclipse.equinox.internal.ds.model.ServiceComponentProp.build(ServiceComponentProp.java:345)
	at org.eclipse.equinox.internal.ds.InstanceProcess.buildComponent(InstanceProcess.java:620)
	at org.eclipse.equinox.internal.ds.InstanceProcess.buildComponents(InstanceProcess.java:197)
	at org.eclipse.equinox.internal.ds.Resolver.buildNewlySatisfied(Resolver.java:473)
	at org.eclipse.equinox.internal.ds.Resolver.enableComponents(Resolver.java:217)
	at org.eclipse.equinox.internal.ds.SCRManager.performWork(SCRManager.java:816)
	at org.eclipse.equinox.internal.ds.SCRManager$QueuedJob.dispatch(SCRManager.java:783)
	at org.eclipse.equinox.internal.ds.WorkThread.run(WorkThread.java:89)
	at java.base/java.lang.Thread.run(Thread.java:1583)
Caused by: org.apache.axis2.deployment.DeploymentException: Sequence Deployment from the file : /Users/samindu/Workspace/intergration-project/wso2-mi/tmp/carbonapps/-1234/1746589900675BookStore_1.0.0.car/UpdateOrderSeq_1.0.0/UpdateOrderSeq-1.0.0.xml : Failed.
	at org.apache.synapse.deployers.AbstractSynapseArtifactDeployer.deploy(AbstractSynapseArtifactDeployer.java:215)
	... 67 more
Caused by: org.apache.synapse.deployers.SynapseArtifactDeploymentException: Sequence Deployment from the file : /Users/samindu/Workspace/intergration-project/wso2-mi/tmp/carbonapps/-1234/1746589900675BookStore_1.0.0.car/UpdateOrderSeq_1.0.0/UpdateOrderSeq-1.0.0.xml : Failed.
	at org.apache.synapse.deployers.AbstractSynapseArtifactDeployer.handleSynapseArtifactDeploymentError(AbstractSynapseArtifactDeployer.java:488)
	at org.apache.synapse.deployers.SequenceDeployer.deploySynapseArtifact(SequenceDeployer.java:87)
	at org.apache.synapse.deployers.AbstractSynapseArtifactDeployer.deploy(AbstractSynapseArtifactDeployer.java:205)
	... 67 more
Caused by: org.apache.synapse.SynapseException: Can not create Synapse Xpath from given key
	at org.apache.synapse.config.xml.ValueFactory.handleException(ValueFactory.java:250)
	at org.apache.synapse.config.xml.ValueFactory.createSynXpath(ValueFactory.java:205)
	at org.apache.synapse.config.xml.ValueFactory.createTextValue(ValueFactory.java:119)
	at org.apache.synapse.config.xml.MediatorFactoryFinder.createInvokeParam(MediatorFactoryFinder.java:426)
	at org.apache.synapse.config.xml.MediatorFactoryFinder.buildParamteres(MediatorFactoryFinder.java:383)
	at org.apache.synapse.config.xml.MediatorFactoryFinder.getDynamicInvokeMediator(MediatorFactoryFinder.java:367)
	at org.apache.synapse.config.xml.MediatorFactoryFinder.getMediator(MediatorFactoryFinder.java:235)
	at org.apache.synapse.config.xml.AbstractListMediatorFactory.addChildren(AbstractListMediatorFactory.java:53)
	at org.apache.synapse.config.xml.SequenceMediatorFactory.createSpecificMediator(SequenceMediatorFactory.java:87)
	at org.apache.synapse.config.xml.AbstractMediatorFactory.createMediator(AbstractMediatorFactory.java:108)
	at org.apache.synapse.config.xml.MediatorFactoryFinder.getMediator(MediatorFactoryFinder.java:256)
	at org.apache.synapse.deployers.SequenceDeployer.deploySynapseArtifact(SequenceDeployer.java:58)
	... 68 more

[2025-05-07 09:37:05,250] ERROR {org.apache.synapse.mediators.base.SequenceMediator} - Not a JSON Object: null java.lang.IllegalStateException: Not a JSON Object: null
	at com.google.gson.JsonElement.getAsJsonObject(JsonElement.java:165)
	at org.apache.synapse.mediators.eip.EIPUtils.convertMapToJsonObj(EIPUtils.java:438)
	at org.apache.synapse.mediators.elementary.Target.insertJson(Target.java:508)
	at org.apache.synapse.mediators.elementary.EnrichMediator.mediate(EnrichMediator.java:258)
	at org.apache.synapse.mediators.template.InvokeMediator.doEnrich(InvokeMediator.java:605)
	at org.apache.synapse.mediators.template.InvokeMediator.processConnectorResponse(InvokeMediator.java:572)
	at org.apache.synapse.mediators.template.InvokeMediator.postMediate(InvokeMediator.java:450)
	at org.apache.synapse.mediators.template.InvokeMediator.mediate(InvokeMediator.java:206)
	at org.apache.synapse.mediators.template.InvokeMediator.mediate(InvokeMediator.java:117)
	at org.apache.synapse.mediators.AbstractListMediator.mediate(AbstractListMediator.java:132)
	at org.apache.synapse.mediators.AbstractListMediator.mediate(AbstractListMediator.java:79)
	at org.apache.synapse.mediators.base.SequenceMediator.mediate(SequenceMediator.java:158)
	at org.apache.synapse.mediators.MediatorWorker.run(MediatorWorker.java:112)
	at java.base/java.util.concurrent.ThreadPoolExecutor.runWorker(ThreadPoolExecutor.java:1144)
	at java.base/java.util.concurrent.ThreadPoolExecutor$Worker.run(ThreadPoolExecutor.java:642)
	at java.base/java.lang.Thread.run(Thread.java:1583)

[2025-05-07 09:43:04,188] ERROR {org.apache.synapse.mediators.base.SequenceMediator} - Not a JSON Object: null java.lang.IllegalStateException: Not a JSON Object: null
	at com.google.gson.JsonElement.getAsJsonObject(JsonElement.java:165)
	at org.apache.synapse.mediators.eip.EIPUtils.convertMapToJsonObj(EIPUtils.java:438)
	at org.apache.synapse.mediators.elementary.Target.insertJson(Target.java:508)
	at org.apache.synapse.mediators.elementary.EnrichMediator.mediate(EnrichMediator.java:258)
	at org.apache.synapse.mediators.template.InvokeMediator.doEnrich(InvokeMediator.java:605)
	at org.apache.synapse.mediators.template.InvokeMediator.processConnectorResponse(InvokeMediator.java:572)
	at org.apache.synapse.mediators.template.InvokeMediator.postMediate(InvokeMediator.java:450)
	at org.apache.synapse.mediators.template.InvokeMediator.mediate(InvokeMediator.java:206)
	at org.apache.synapse.mediators.template.InvokeMediator.mediate(InvokeMediator.java:117)
	at org.apache.synapse.mediators.AbstractListMediator.mediate(AbstractListMediator.java:132)
	at org.apache.synapse.mediators.AbstractListMediator.mediate(AbstractListMediator.java:79)
	at org.apache.synapse.mediators.base.SequenceMediator.mediate(SequenceMediator.java:158)
	at org.apache.synapse.mediators.MediatorWorker.run(MediatorWorker.java:112)
	at java.base/java.util.concurrent.ThreadPoolExecutor.runWorker(ThreadPoolExecutor.java:1144)
	at java.base/java.util.concurrent.ThreadPoolExecutor$Worker.run(ThreadPoolExecutor.java:642)
	at java.base/java.lang.Thread.run(Thread.java:1583)

[2025-05-07 09:44:04,878] ERROR {org.apache.synapse.mediators.base.SequenceMediator} - Not a JSON Object: null java.lang.IllegalStateException: Not a JSON Object: null
	at com.google.gson.JsonElement.getAsJsonObject(JsonElement.java:165)
	at org.apache.synapse.mediators.eip.EIPUtils.convertMapToJsonObj(EIPUtils.java:438)
	at org.apache.synapse.mediators.elementary.Target.insertJson(Target.java:508)
	at org.apache.synapse.mediators.elementary.EnrichMediator.mediate(EnrichMediator.java:258)
	at org.apache.synapse.mediators.template.InvokeMediator.doEnrich(InvokeMediator.java:605)
	at org.apache.synapse.mediators.template.InvokeMediator.processConnectorResponse(InvokeMediator.java:572)
	at org.apache.synapse.mediators.template.InvokeMediator.postMediate(InvokeMediator.java:450)
	at org.apache.synapse.mediators.template.InvokeMediator.mediate(InvokeMediator.java:206)
	at org.apache.synapse.mediators.template.InvokeMediator.mediate(InvokeMediator.java:117)
	at org.apache.synapse.mediators.AbstractListMediator.mediate(AbstractListMediator.java:132)
	at org.apache.synapse.mediators.AbstractListMediator.mediate(AbstractListMediator.java:79)
	at org.apache.synapse.mediators.base.SequenceMediator.mediate(SequenceMediator.java:158)
	at org.apache.synapse.mediators.MediatorWorker.run(MediatorWorker.java:112)
	at java.base/java.util.concurrent.ThreadPoolExecutor.runWorker(ThreadPoolExecutor.java:1144)
	at java.base/java.util.concurrent.ThreadPoolExecutor$Worker.run(ThreadPoolExecutor.java:642)
	at java.base/java.lang.Thread.run(Thread.java:1583)

[2025-05-07 09:46:05,382] ERROR {org.apache.synapse.mediators.base.SequenceMediator} - Not a JSON Object: null java.lang.IllegalStateException: Not a JSON Object: null
	at com.google.gson.JsonElement.getAsJsonObject(JsonElement.java:165)
	at org.apache.synapse.mediators.eip.EIPUtils.convertMapToJsonObj(EIPUtils.java:438)
	at org.apache.synapse.mediators.elementary.Target.insertJson(Target.java:508)
	at org.apache.synapse.mediators.elementary.EnrichMediator.mediate(EnrichMediator.java:258)
	at org.apache.synapse.mediators.template.InvokeMediator.doEnrich(InvokeMediator.java:605)
	at org.apache.synapse.mediators.template.InvokeMediator.processConnectorResponse(InvokeMediator.java:572)
	at org.apache.synapse.mediators.template.InvokeMediator.postMediate(InvokeMediator.java:450)
	at org.apache.synapse.mediators.template.InvokeMediator.mediate(InvokeMediator.java:206)
	at org.apache.synapse.mediators.template.InvokeMediator.mediate(InvokeMediator.java:117)
	at org.apache.synapse.mediators.AbstractListMediator.mediate(AbstractListMediator.java:132)
	at org.apache.synapse.mediators.AbstractListMediator.mediate(AbstractListMediator.java:79)
	at org.apache.synapse.mediators.base.SequenceMediator.mediate(SequenceMediator.java:158)
	at org.apache.synapse.mediators.MediatorWorker.run(MediatorWorker.java:112)
	at java.base/java.util.concurrent.ThreadPoolExecutor.runWorker(ThreadPoolExecutor.java:1144)
	at java.base/java.util.concurrent.ThreadPoolExecutor$Worker.run(ThreadPoolExecutor.java:642)
	at java.base/java.lang.Thread.run(Thread.java:1583)

[2025-05-07 10:19:30,883]  WARN {org.apache.synapse.util.xpath.SynapseExpression} - Error evaluating expression: properties.synapse.status cause : Could not fetch the value of the key: status
[2025-05-07 10:21:58,696]  WARN {org.apache.synapse.util.xpath.SynapseExpression} - Error evaluating expression: payload.Book cause : No results for path: $['Book']
[2025-05-07 13:23:25,462]  WARN {org.apache.synapse.util.xpath.SynapseExpression} - Error evaluating expression: properties.synapse.status cause : Could not fetch the value of the key: status
[2025-05-07 13:23:40,184]  WARN {org.apache.synapse.util.xpath.SynapseExpression} - Error evaluating expression: properties.synapse.status cause : Could not fetch the value of the key: status
