[2025-05-13 16:21:42,908]  INFO {org.apache.synapse.mediators.builtin.LogMediator} - Sending Email
[2025-05-13 16:21:47,333] ERROR {org.apache.synapse.config.xml.AnonymousListMediator} - Not a JSON Object: null java.lang.IllegalStateException: Not a JSON Object: null
	at com.google.gson.JsonElement.getAsJsonObject(JsonElement.java:165)
	at org.apache.synapse.mediators.eip.EIPUtils.convertMapToJsonObj(EIPUtils.java:438)
	at org.apache.synapse.mediators.elementary.Target.insertJson(Target.java:508)
	at org.apache.synapse.mediators.elementary.EnrichMediator.mediate(EnrichMediator.java:258)
	at org.apache.synapse.mediators.template.InvokeMediator.doEnrich(InvokeMediator.java:605)
	at org.apache.synapse.mediators.template.InvokeMediator.processConnectorResponse(InvokeMediator.java:572)
	at org.apache.synapse.mediators.template.InvokeMediator.postMediate(InvokeMediator.java:450)
	at org.apache.synapse.mediators.template.InvokeMediator.mediate(InvokeMediator.java:206)
	at org.apache.synapse.mediators.template.InvokeMediator.mediate(InvokeMediator.java:117)
	at org.apache.synapse.mediators.AbstractListMediator.mediate(AbstractListMediator.java:132)
	at org.apache.synapse.mediators.AbstractListMediator.mediate(AbstractListMediator.java:79)
	at org.apache.synapse.config.xml.AnonymousListMediator.mediate(AnonymousListMediator.java:37)
	at org.apache.synapse.mediators.filters.FilterMediator.mediate(FilterMediator.java:206)
	at org.apache.synapse.mediators.AbstractListMediator.mediate(AbstractListMediator.java:132)
	at org.apache.synapse.mediators.AbstractListMediator.mediate(AbstractListMediator.java:79)
	at org.apache.synapse.mediators.base.SequenceMediator.mediate(SequenceMediator.java:158)
	at org.apache.synapse.mediators.MediatorWorker.run(MediatorWorker.java:112)
	at java.base/java.util.concurrent.ThreadPoolExecutor.runWorker(ThreadPoolExecutor.java:1144)
	at java.base/java.util.concurrent.ThreadPoolExecutor$Worker.run(ThreadPoolExecutor.java:642)
	at java.base/java.lang.Thread.run(Thread.java:1583)

[2025-05-13 16:21:47,342]  INFO {org.apache.synapse.mediators.builtin.LogMediator} - To: , MessageID: urn:uuid:cb28a9b2-4a46-4c23-af57-1d6e3d0c4557, Direction: request, MESSAGE = Executing default 'fault' sequence, ERROR_CODE = 0, ERROR_MESSAGE = Not a JSON Object: null, Payload: {"success":true}
[2025-05-13 16:36:26,097] DEBUG {org.apache.synapse.transport.http.wire} - HTTPS-Listener I/O dispatcher-7 >> "GET /bookstore/books HTTP/1.0[\r][\n]"
[2025-05-13 16:36:26,097] DEBUG {org.apache.synapse.transport.http.wire} - HTTPS-Listener I/O dispatcher-7 >> "Host: mi.books.com[\r][\n]"
[2025-05-13 16:36:26,097] DEBUG {org.apache.synapse.transport.http.wire} - HTTPS-Listener I/O dispatcher-7 >> "X-Real-IP: 127.0.0.1[\r][\n]"
[2025-05-13 16:36:26,097] DEBUG {org.apache.synapse.transport.http.wire} - HTTPS-Listener I/O dispatcher-7 >> "Connection: close[\r][\n]"
[2025-05-13 16:36:26,097] DEBUG {org.apache.synapse.transport.http.wire} - HTTPS-Listener I/O dispatcher-7 >> "Cookie: JSESSIONID=757816F06FB16769E590934A774A8C07; requestedURI=../../bookstore/1.0.0/books[\r][\n]"
[2025-05-13 16:36:26,097] DEBUG {org.apache.synapse.transport.http.wire} - HTTPS-Listener I/O dispatcher-7 >> "activityid: bf8b9320-7f98-4946-a89b-0b5e3492a8a6[\r][\n]"
[2025-05-13 16:36:26,097] DEBUG {org.apache.synapse.transport.http.wire} - HTTPS-Listener I/O dispatcher-7 >> "Accept: */*[\r][\n]"
[2025-05-13 16:36:26,097] DEBUG {org.apache.synapse.transport.http.wire} - HTTPS-Listener I/O dispatcher-7 >> "Postman-Token: ef67b4b6-33b0-4ce3-a3fb-08827ff64585[\r][\n]"
[2025-05-13 16:36:26,097] DEBUG {org.apache.synapse.transport.http.wire} - HTTPS-Listener I/O dispatcher-7 >> "Accept-Encoding: gzip, deflate, br[\r][\n]"
[2025-05-13 16:36:26,097] DEBUG {org.apache.synapse.transport.http.wire} - HTTPS-Listener I/O dispatcher-7 >> "X-Internal-Secret: S3cr3tV@lue[\r][\n]"
[2025-05-13 16:36:26,097] DEBUG {org.apache.synapse.transport.http.wire} - HTTPS-Listener I/O dispatcher-7 >> "User-Agent: Synapse-PT-HttpComponents-NIO[\r][\n]"
[2025-05-13 16:36:26,097] DEBUG {org.apache.synapse.transport.http.wire} - HTTPS-Listener I/O dispatcher-7 >> "[\r][\n]"
[2025-05-13 16:36:26,111] DEBUG {org.apache.synapse.transport.http.wire} - HTTPS-Listener I/O dispatcher-7 << "HTTP/1.0 200 OK[\r][\n]"
[2025-05-13 16:36:26,111] DEBUG {org.apache.synapse.transport.http.wire} - HTTPS-Listener I/O dispatcher-7 << "Cookie: JSESSIONID=757816F06FB16769E590934A774A8C07; requestedURI=../../bookstore/1.0.0/books[\r][\n]"
[2025-05-13 16:36:26,111] DEBUG {org.apache.synapse.transport.http.wire} - HTTPS-Listener I/O dispatcher-7 << "activityid: bf8b9320-7f98-4946-a89b-0b5e3492a8a6[\r][\n]"
[2025-05-13 16:36:26,111] DEBUG {org.apache.synapse.transport.http.wire} - HTTPS-Listener I/O dispatcher-7 << "Accept: */*[\r][\n]"
[2025-05-13 16:36:26,111] DEBUG {org.apache.synapse.transport.http.wire} - HTTPS-Listener I/O dispatcher-7 << "Access-Control-Allow-Origin: [\r][\n]"
[2025-05-13 16:36:26,111] DEBUG {org.apache.synapse.transport.http.wire} - HTTPS-Listener I/O dispatcher-7 << "Access-Control-Allow-Methods: GET[\r][\n]"
[2025-05-13 16:36:26,112] DEBUG {org.apache.synapse.transport.http.wire} - HTTPS-Listener I/O dispatcher-7 << "Host: mi.books.com[\r][\n]"
[2025-05-13 16:36:26,112] DEBUG {org.apache.synapse.transport.http.wire} - HTTPS-Listener I/O dispatcher-7 << "Postman-Token: ef67b4b6-33b0-4ce3-a3fb-08827ff64585[\r][\n]"
[2025-05-13 16:36:26,112] DEBUG {org.apache.synapse.transport.http.wire} - HTTPS-Listener I/O dispatcher-7 << "Accept-Encoding: gzip, deflate, br[\r][\n]"
[2025-05-13 16:36:26,112] DEBUG {org.apache.synapse.transport.http.wire} - HTTPS-Listener I/O dispatcher-7 << "X-Internal-Secret: S3cr3tV@lue[\r][\n]"
[2025-05-13 16:36:26,112] DEBUG {org.apache.synapse.transport.http.wire} - HTTPS-Listener I/O dispatcher-7 << "X-Real-IP: 127.0.0.1[\r][\n]"
[2025-05-13 16:36:26,112] DEBUG {org.apache.synapse.transport.http.wire} - HTTPS-Listener I/O dispatcher-7 << "Access-Control-Allow-Headers: [\r][\n]"
[2025-05-13 16:36:26,112] DEBUG {org.apache.synapse.transport.http.wire} - HTTPS-Listener I/O dispatcher-7 << "Content-Type: application/json; charset=UTF-8[\r][\n]"
[2025-05-13 16:36:26,112] DEBUG {org.apache.synapse.transport.http.wire} - HTTPS-Listener I/O dispatcher-7 << "Date: Tue, 13 May 2025 11:06:26 GMT[\r][\n]"
[2025-05-13 16:36:26,112] DEBUG {org.apache.synapse.transport.http.wire} - HTTPS-Listener I/O dispatcher-7 << "Connection: Close[\r][\n]"
[2025-05-13 16:36:26,112] DEBUG {org.apache.synapse.transport.http.wire} - HTTPS-Listener I/O dispatcher-7 << "[\r][\n]"
[2025-05-13 16:36:26,112] DEBUG {org.apache.synapse.transport.http.wire} - HTTPS-Listener I/O dispatcher-7 << "{"Books":[{"book_id":1,"title":"The Great Gatsby","price":10.00,"availability":"Out of Stock"},{"book_id":2,"title":1984,"price":8.99,"availability":"In Stock"},{"book_id":3,"title":"To Kill a Mockingbird","price":12.50,"availability":"In Stock"},{"book_id":4,"title":"Pride and Prejudice","price":9.75,"availability":"In Stock"},{"book_id":5,"title":"The Catcher in the Rye","price":11.00,"availability":"In Stock"},{"book_id":18,"title":"Harry Potter","price":20.50,"availability":"In Stock"}]}"
[2025-05-13 16:44:31,447] DEBUG {org.apache.synapse.transport.http.wire} - HTTPS-Listener I/O dispatcher-8 >> "GET /bookstore/books HTTP/1.0[\r][\n]"
[2025-05-13 16:44:31,447] DEBUG {org.apache.synapse.transport.http.wire} - HTTPS-Listener I/O dispatcher-8 >> "Host: mi.books.com[\r][\n]"
[2025-05-13 16:44:31,447] DEBUG {org.apache.synapse.transport.http.wire} - HTTPS-Listener I/O dispatcher-8 >> "X-Real-IP: 127.0.0.1[\r][\n]"
[2025-05-13 16:44:31,447] DEBUG {org.apache.synapse.transport.http.wire} - HTTPS-Listener I/O dispatcher-8 >> "Connection: close[\r][\n]"
[2025-05-13 16:44:31,447] DEBUG {org.apache.synapse.transport.http.wire} - HTTPS-Listener I/O dispatcher-8 >> "Cookie: JSESSIONID=757816F06FB16769E590934A774A8C07; requestedURI=../../bookstore/1.0.0/books[\r][\n]"
[2025-05-13 16:44:31,447] DEBUG {org.apache.synapse.transport.http.wire} - HTTPS-Listener I/O dispatcher-8 >> "activityid: 8579ec4f-7e6c-4683-b7b2-558d018a4e82[\r][\n]"
[2025-05-13 16:44:31,447] DEBUG {org.apache.synapse.transport.http.wire} - HTTPS-Listener I/O dispatcher-8 >> "Accept: */*[\r][\n]"
[2025-05-13 16:44:31,447] DEBUG {org.apache.synapse.transport.http.wire} - HTTPS-Listener I/O dispatcher-8 >> "Postman-Token: e3d955ab-fe1d-42bf-8319-9f4390c027e4[\r][\n]"
[2025-05-13 16:44:31,447] DEBUG {org.apache.synapse.transport.http.wire} - HTTPS-Listener I/O dispatcher-8 >> "Accept-Encoding: gzip, deflate, br[\r][\n]"
[2025-05-13 16:44:31,447] DEBUG {org.apache.synapse.transport.http.wire} - HTTPS-Listener I/O dispatcher-8 >> "X-Internal-Secret: S3cr3tV@lue[\r][\n]"
[2025-05-13 16:44:31,447] DEBUG {org.apache.synapse.transport.http.wire} - HTTPS-Listener I/O dispatcher-8 >> "User-Agent: Synapse-PT-HttpComponents-NIO[\r][\n]"
[2025-05-13 16:44:31,447] DEBUG {org.apache.synapse.transport.http.wire} - HTTPS-Listener I/O dispatcher-8 >> "[\r][\n]"
[2025-05-13 16:44:31,465] DEBUG {org.apache.synapse.transport.http.wire} - HTTPS-Listener I/O dispatcher-8 << "HTTP/1.0 200 OK[\r][\n]"
[2025-05-13 16:44:31,465] DEBUG {org.apache.synapse.transport.http.wire} - HTTPS-Listener I/O dispatcher-8 << "Cookie: JSESSIONID=757816F06FB16769E590934A774A8C07; requestedURI=../../bookstore/1.0.0/books[\r][\n]"
[2025-05-13 16:44:31,465] DEBUG {org.apache.synapse.transport.http.wire} - HTTPS-Listener I/O dispatcher-8 << "activityid: 8579ec4f-7e6c-4683-b7b2-558d018a4e82[\r][\n]"
[2025-05-13 16:44:31,465] DEBUG {org.apache.synapse.transport.http.wire} - HTTPS-Listener I/O dispatcher-8 << "Accept: */*[\r][\n]"
[2025-05-13 16:44:31,465] DEBUG {org.apache.synapse.transport.http.wire} - HTTPS-Listener I/O dispatcher-8 << "Access-Control-Allow-Origin: [\r][\n]"
[2025-05-13 16:44:31,465] DEBUG {org.apache.synapse.transport.http.wire} - HTTPS-Listener I/O dispatcher-8 << "Access-Control-Allow-Methods: GET[\r][\n]"
[2025-05-13 16:44:31,465] DEBUG {org.apache.synapse.transport.http.wire} - HTTPS-Listener I/O dispatcher-8 << "Host: mi.books.com[\r][\n]"
[2025-05-13 16:44:31,465] DEBUG {org.apache.synapse.transport.http.wire} - HTTPS-Listener I/O dispatcher-8 << "Postman-Token: e3d955ab-fe1d-42bf-8319-9f4390c027e4[\r][\n]"
[2025-05-13 16:44:31,465] DEBUG {org.apache.synapse.transport.http.wire} - HTTPS-Listener I/O dispatcher-8 << "Accept-Encoding: gzip, deflate, br[\r][\n]"
[2025-05-13 16:44:31,465] DEBUG {org.apache.synapse.transport.http.wire} - HTTPS-Listener I/O dispatcher-8 << "X-Internal-Secret: S3cr3tV@lue[\r][\n]"
[2025-05-13 16:44:31,465] DEBUG {org.apache.synapse.transport.http.wire} - HTTPS-Listener I/O dispatcher-8 << "X-Real-IP: 127.0.0.1[\r][\n]"
[2025-05-13 16:44:31,465] DEBUG {org.apache.synapse.transport.http.wire} - HTTPS-Listener I/O dispatcher-8 << "Access-Control-Allow-Headers: [\r][\n]"
[2025-05-13 16:44:31,465] DEBUG {org.apache.synapse.transport.http.wire} - HTTPS-Listener I/O dispatcher-8 << "Content-Type: application/json; charset=UTF-8[\r][\n]"
[2025-05-13 16:44:31,465] DEBUG {org.apache.synapse.transport.http.wire} - HTTPS-Listener I/O dispatcher-8 << "Date: Tue, 13 May 2025 11:14:31 GMT[\r][\n]"
[2025-05-13 16:44:31,465] DEBUG {org.apache.synapse.transport.http.wire} - HTTPS-Listener I/O dispatcher-8 << "Connection: Close[\r][\n]"
[2025-05-13 16:44:31,465] DEBUG {org.apache.synapse.transport.http.wire} - HTTPS-Listener I/O dispatcher-8 << "[\r][\n]"
[2025-05-13 16:44:31,465] DEBUG {org.apache.synapse.transport.http.wire} - HTTPS-Listener I/O dispatcher-8 << "{"Books":[{"book_id":1,"title":"The Great Gatsby","price":10.00,"availability":"Out of Stock"},{"book_id":2,"title":1984,"price":8.99,"availability":"In Stock"},{"book_id":3,"title":"To Kill a Mockingbird","price":12.50,"availability":"In Stock"},{"book_id":4,"title":"Pride and Prejudice","price":9.75,"availability":"In Stock"},{"book_id":5,"title":"The Catcher in the Rye","price":11.00,"availability":"In Stock"},{"book_id":18,"title":"Harry Potter","price":20.50,"availability":"In Stock"}]}"
[2025-05-13 16:47:58,980] DEBUG {org.apache.synapse.transport.http.wire} - HTTPS-Listener I/O dispatcher-9 >> "GET /bookstore/books HTTP/1.0[\r][\n]"
[2025-05-13 16:47:58,980] DEBUG {org.apache.synapse.transport.http.wire} - HTTPS-Listener I/O dispatcher-9 >> "Host: mi.books.com[\r][\n]"
[2025-05-13 16:47:58,980] DEBUG {org.apache.synapse.transport.http.wire} - HTTPS-Listener I/O dispatcher-9 >> "X-Real-IP: 127.0.0.1[\r][\n]"
[2025-05-13 16:47:58,980] DEBUG {org.apache.synapse.transport.http.wire} - HTTPS-Listener I/O dispatcher-9 >> "Connection: close[\r][\n]"
[2025-05-13 16:47:58,980] DEBUG {org.apache.synapse.transport.http.wire} - HTTPS-Listener I/O dispatcher-9 >> "Cookie: JSESSIONID=757816F06FB16769E590934A774A8C07; requestedURI=../../bookstore/1.0.0/books[\r][\n]"
[2025-05-13 16:47:58,980] DEBUG {org.apache.synapse.transport.http.wire} - HTTPS-Listener I/O dispatcher-9 >> "activityid: d3204409-27e5-4ab5-8105-22fb0b6f6b7d[\r][\n]"
[2025-05-13 16:47:58,980] DEBUG {org.apache.synapse.transport.http.wire} - HTTPS-Listener I/O dispatcher-9 >> "Accept: */*[\r][\n]"
[2025-05-13 16:47:58,980] DEBUG {org.apache.synapse.transport.http.wire} - HTTPS-Listener I/O dispatcher-9 >> "Postman-Token: 99c70aae-dbc6-4877-9e36-47b57c4c83e0[\r][\n]"
[2025-05-13 16:47:58,980] DEBUG {org.apache.synapse.transport.http.wire} - HTTPS-Listener I/O dispatcher-9 >> "Accept-Encoding: gzip, deflate, br[\r][\n]"
[2025-05-13 16:47:58,980] DEBUG {org.apache.synapse.transport.http.wire} - HTTPS-Listener I/O dispatcher-9 >> "X-Internal-Secret: S3cr3tV@lue[\r][\n]"
[2025-05-13 16:47:58,980] DEBUG {org.apache.synapse.transport.http.wire} - HTTPS-Listener I/O dispatcher-9 >> "User-Agent: Synapse-PT-HttpComponents-NIO[\r][\n]"
[2025-05-13 16:47:58,980] DEBUG {org.apache.synapse.transport.http.wire} - HTTPS-Listener I/O dispatcher-9 >> "[\r][\n]"
[2025-05-13 16:47:58,991] DEBUG {org.apache.synapse.transport.http.wire} - HTTPS-Listener I/O dispatcher-9 << "HTTP/1.0 200 OK[\r][\n]"
[2025-05-13 16:47:58,991] DEBUG {org.apache.synapse.transport.http.wire} - HTTPS-Listener I/O dispatcher-9 << "Cookie: JSESSIONID=757816F06FB16769E590934A774A8C07; requestedURI=../../bookstore/1.0.0/books[\r][\n]"
[2025-05-13 16:47:58,991] DEBUG {org.apache.synapse.transport.http.wire} - HTTPS-Listener I/O dispatcher-9 << "activityid: d3204409-27e5-4ab5-8105-22fb0b6f6b7d[\r][\n]"
[2025-05-13 16:47:58,991] DEBUG {org.apache.synapse.transport.http.wire} - HTTPS-Listener I/O dispatcher-9 << "Accept: */*[\r][\n]"
[2025-05-13 16:47:58,991] DEBUG {org.apache.synapse.transport.http.wire} - HTTPS-Listener I/O dispatcher-9 << "Access-Control-Allow-Origin: [\r][\n]"
[2025-05-13 16:47:58,991] DEBUG {org.apache.synapse.transport.http.wire} - HTTPS-Listener I/O dispatcher-9 << "Access-Control-Allow-Methods: GET[\r][\n]"
[2025-05-13 16:47:58,991] DEBUG {org.apache.synapse.transport.http.wire} - HTTPS-Listener I/O dispatcher-9 << "Host: mi.books.com[\r][\n]"
[2025-05-13 16:47:58,991] DEBUG {org.apache.synapse.transport.http.wire} - HTTPS-Listener I/O dispatcher-9 << "Postman-Token: 99c70aae-dbc6-4877-9e36-47b57c4c83e0[\r][\n]"
[2025-05-13 16:47:58,991] DEBUG {org.apache.synapse.transport.http.wire} - HTTPS-Listener I/O dispatcher-9 << "Accept-Encoding: gzip, deflate, br[\r][\n]"
[2025-05-13 16:47:58,991] DEBUG {org.apache.synapse.transport.http.wire} - HTTPS-Listener I/O dispatcher-9 << "X-Internal-Secret: S3cr3tV@lue[\r][\n]"
[2025-05-13 16:47:58,991] DEBUG {org.apache.synapse.transport.http.wire} - HTTPS-Listener I/O dispatcher-9 << "X-Real-IP: 127.0.0.1[\r][\n]"
[2025-05-13 16:47:58,991] DEBUG {org.apache.synapse.transport.http.wire} - HTTPS-Listener I/O dispatcher-9 << "Access-Control-Allow-Headers: [\r][\n]"
[2025-05-13 16:47:58,991] DEBUG {org.apache.synapse.transport.http.wire} - HTTPS-Listener I/O dispatcher-9 << "Content-Type: application/json; charset=UTF-8[\r][\n]"
[2025-05-13 16:47:58,991] DEBUG {org.apache.synapse.transport.http.wire} - HTTPS-Listener I/O dispatcher-9 << "Date: Tue, 13 May 2025 11:17:58 GMT[\r][\n]"
[2025-05-13 16:47:58,991] DEBUG {org.apache.synapse.transport.http.wire} - HTTPS-Listener I/O dispatcher-9 << "Connection: Close[\r][\n]"
[2025-05-13 16:47:58,991] DEBUG {org.apache.synapse.transport.http.wire} - HTTPS-Listener I/O dispatcher-9 << "[\r][\n]"
[2025-05-13 16:47:58,991] DEBUG {org.apache.synapse.transport.http.wire} - HTTPS-Listener I/O dispatcher-9 << "{"Books":[{"book_id":1,"title":"The Great Gatsby","price":10.00,"availability":"Out of Stock"},{"book_id":2,"title":1984,"price":8.99,"availability":"In Stock"},{"book_id":3,"title":"To Kill a Mockingbird","price":12.50,"availability":"In Stock"},{"book_id":4,"title":"Pride and Prejudice","price":9.75,"availability":"In Stock"},{"book_id":5,"title":"The Catcher in the Rye","price":11.00,"availability":"In Stock"},{"book_id":18,"title":"Harry Potter","price":20.50,"availability":"In Stock"}]}"
[2025-05-13 16:48:01,243] DEBUG {org.apache.synapse.transport.http.wire} - HTTPS-Listener I/O dispatcher-10 >> "GET /bookstore/books HTTP/1.0[\r][\n]"
[2025-05-13 16:48:01,243] DEBUG {org.apache.synapse.transport.http.wire} - HTTPS-Listener I/O dispatcher-10 >> "Host: mi.books.com[\r][\n]"
[2025-05-13 16:48:01,243] DEBUG {org.apache.synapse.transport.http.wire} - HTTPS-Listener I/O dispatcher-10 >> "X-Real-IP: 127.0.0.1[\r][\n]"
[2025-05-13 16:48:01,243] DEBUG {org.apache.synapse.transport.http.wire} - HTTPS-Listener I/O dispatcher-10 >> "Connection: close[\r][\n]"
[2025-05-13 16:48:01,243] DEBUG {org.apache.synapse.transport.http.wire} - HTTPS-Listener I/O dispatcher-10 >> "Cookie: JSESSIONID=757816F06FB16769E590934A774A8C07; requestedURI=../../bookstore/1.0.0/books[\r][\n]"
[2025-05-13 16:48:01,243] DEBUG {org.apache.synapse.transport.http.wire} - HTTPS-Listener I/O dispatcher-10 >> "activityid: 005f5896-3a33-48ae-940a-ff2df4e6b3ee[\r][\n]"
[2025-05-13 16:48:01,243] DEBUG {org.apache.synapse.transport.http.wire} - HTTPS-Listener I/O dispatcher-10 >> "Accept: */*[\r][\n]"
[2025-05-13 16:48:01,243] DEBUG {org.apache.synapse.transport.http.wire} - HTTPS-Listener I/O dispatcher-10 >> "Postman-Token: 726564c0-ae8f-4c53-a0af-72e065ae034c[\r][\n]"
[2025-05-13 16:48:01,243] DEBUG {org.apache.synapse.transport.http.wire} - HTTPS-Listener I/O dispatcher-10 >> "Accept-Encoding: gzip, deflate, br[\r][\n]"
[2025-05-13 16:48:01,243] DEBUG {org.apache.synapse.transport.http.wire} - HTTPS-Listener I/O dispatcher-10 >> "X-Internal-Secret: S3cr3tV@lue[\r][\n]"
[2025-05-13 16:48:01,243] DEBUG {org.apache.synapse.transport.http.wire} - HTTPS-Listener I/O dispatcher-10 >> "User-Agent: Synapse-PT-HttpComponents-NIO[\r][\n]"
[2025-05-13 16:48:01,243] DEBUG {org.apache.synapse.transport.http.wire} - HTTPS-Listener I/O dispatcher-10 >> "[\r][\n]"
[2025-05-13 16:48:01,248] DEBUG {org.apache.synapse.transport.http.wire} - HTTPS-Listener I/O dispatcher-10 << "HTTP/1.0 200 OK[\r][\n]"
[2025-05-13 16:48:01,248] DEBUG {org.apache.synapse.transport.http.wire} - HTTPS-Listener I/O dispatcher-10 << "Cookie: JSESSIONID=757816F06FB16769E590934A774A8C07; requestedURI=../../bookstore/1.0.0/books[\r][\n]"
[2025-05-13 16:48:01,248] DEBUG {org.apache.synapse.transport.http.wire} - HTTPS-Listener I/O dispatcher-10 << "activityid: 005f5896-3a33-48ae-940a-ff2df4e6b3ee[\r][\n]"
[2025-05-13 16:48:01,248] DEBUG {org.apache.synapse.transport.http.wire} - HTTPS-Listener I/O dispatcher-10 << "Accept: */*[\r][\n]"
[2025-05-13 16:48:01,248] DEBUG {org.apache.synapse.transport.http.wire} - HTTPS-Listener I/O dispatcher-10 << "Access-Control-Allow-Origin: [\r][\n]"
[2025-05-13 16:48:01,248] DEBUG {org.apache.synapse.transport.http.wire} - HTTPS-Listener I/O dispatcher-10 << "Access-Control-Allow-Methods: GET[\r][\n]"
[2025-05-13 16:48:01,248] DEBUG {org.apache.synapse.transport.http.wire} - HTTPS-Listener I/O dispatcher-10 << "Host: mi.books.com[\r][\n]"
[2025-05-13 16:48:01,248] DEBUG {org.apache.synapse.transport.http.wire} - HTTPS-Listener I/O dispatcher-10 << "Postman-Token: 726564c0-ae8f-4c53-a0af-72e065ae034c[\r][\n]"
[2025-05-13 16:48:01,248] DEBUG {org.apache.synapse.transport.http.wire} - HTTPS-Listener I/O dispatcher-10 << "Accept-Encoding: gzip, deflate, br[\r][\n]"
[2025-05-13 16:48:01,248] DEBUG {org.apache.synapse.transport.http.wire} - HTTPS-Listener I/O dispatcher-10 << "X-Internal-Secret: S3cr3tV@lue[\r][\n]"
[2025-05-13 16:48:01,248] DEBUG {org.apache.synapse.transport.http.wire} - HTTPS-Listener I/O dispatcher-10 << "X-Real-IP: 127.0.0.1[\r][\n]"
[2025-05-13 16:48:01,248] DEBUG {org.apache.synapse.transport.http.wire} - HTTPS-Listener I/O dispatcher-10 << "Access-Control-Allow-Headers: [\r][\n]"
[2025-05-13 16:48:01,248] DEBUG {org.apache.synapse.transport.http.wire} - HTTPS-Listener I/O dispatcher-10 << "Content-Type: application/json; charset=UTF-8[\r][\n]"
[2025-05-13 16:48:01,248] DEBUG {org.apache.synapse.transport.http.wire} - HTTPS-Listener I/O dispatcher-10 << "Date: Tue, 13 May 2025 11:18:01 GMT[\r][\n]"
[2025-05-13 16:48:01,248] DEBUG {org.apache.synapse.transport.http.wire} - HTTPS-Listener I/O dispatcher-10 << "Connection: Close[\r][\n]"
[2025-05-13 16:48:01,248] DEBUG {org.apache.synapse.transport.http.wire} - HTTPS-Listener I/O dispatcher-10 << "[\r][\n]"
[2025-05-13 16:48:01,248] DEBUG {org.apache.synapse.transport.http.wire} - HTTPS-Listener I/O dispatcher-10 << "{"Books":[{"book_id":1,"title":"The Great Gatsby","price":10.00,"availability":"Out of Stock"},{"book_id":2,"title":1984,"price":8.99,"availability":"In Stock"},{"book_id":3,"title":"To Kill a Mockingbird","price":12.50,"availability":"In Stock"},{"book_id":4,"title":"Pride and Prejudice","price":9.75,"availability":"In Stock"},{"book_id":5,"title":"The Catcher in the Rye","price":11.00,"availability":"In Stock"},{"book_id":18,"title":"Harry Potter","price":20.50,"availability":"In Stock"}]}"
[2025-05-13 17:03:35,793] DEBUG {org.apache.synapse.transport.http.wire} - HTTPS-Listener I/O dispatcher-11 >> "GET /bookstore/books/1 HTTP/1.0[\r][\n]"
[2025-05-13 17:03:35,793] DEBUG {org.apache.synapse.transport.http.wire} - HTTPS-Listener I/O dispatcher-11 >> "Host: mi.books.com[\r][\n]"
[2025-05-13 17:03:35,793] DEBUG {org.apache.synapse.transport.http.wire} - HTTPS-Listener I/O dispatcher-11 >> "X-Real-IP: 127.0.0.1[\r][\n]"
[2025-05-13 17:03:35,793] DEBUG {org.apache.synapse.transport.http.wire} - HTTPS-Listener I/O dispatcher-11 >> "Connection: close[\r][\n]"
[2025-05-13 17:03:35,793] DEBUG {org.apache.synapse.transport.http.wire} - HTTPS-Listener I/O dispatcher-11 >> "activityid: 9ca9eb01-e295-410b-aa25-0e74a6681986[\r][\n]"
[2025-05-13 17:03:35,793] DEBUG {org.apache.synapse.transport.http.wire} - HTTPS-Listener I/O dispatcher-11 >> "Accept: */*[\r][\n]"
[2025-05-13 17:03:35,793] DEBUG {org.apache.synapse.transport.http.wire} - HTTPS-Listener I/O dispatcher-11 >> "Cache-Control: no-cache[\r][\n]"
[2025-05-13 17:03:35,793] DEBUG {org.apache.synapse.transport.http.wire} - HTTPS-Listener I/O dispatcher-11 >> "Postman-Token: a886d475-6c10-40e0-9549-482dab25d3f1[\r][\n]"
[2025-05-13 17:03:35,793] DEBUG {org.apache.synapse.transport.http.wire} - HTTPS-Listener I/O dispatcher-11 >> "Accept-Encoding: gzip, deflate, br[\r][\n]"
[2025-05-13 17:03:35,793] DEBUG {org.apache.synapse.transport.http.wire} - HTTPS-Listener I/O dispatcher-11 >> "X-Internal-Secret: S3cr3tV@lue[\r][\n]"
[2025-05-13 17:03:35,793] DEBUG {org.apache.synapse.transport.http.wire} - HTTPS-Listener I/O dispatcher-11 >> "User-Agent: Synapse-PT-HttpComponents-NIO[\r][\n]"
[2025-05-13 17:03:35,793] DEBUG {org.apache.synapse.transport.http.wire} - HTTPS-Listener I/O dispatcher-11 >> "[\r][\n]"
[2025-05-13 17:03:35,794]  INFO {org.apache.synapse.mediators.builtin.LogMediator} - {api:BookStoreAPI GET /bookstore/books/1} Getting Book 1
[2025-05-13 17:03:35,806] DEBUG {org.apache.synapse.transport.http.wire} - HTTPS-Listener I/O dispatcher-11 << "HTTP/1.0 200 OK[\r][\n]"
[2025-05-13 17:03:35,806] DEBUG {org.apache.synapse.transport.http.wire} - HTTPS-Listener I/O dispatcher-11 << "activityid: 9ca9eb01-e295-410b-aa25-0e74a6681986[\r][\n]"
[2025-05-13 17:03:35,806] DEBUG {org.apache.synapse.transport.http.wire} - HTTPS-Listener I/O dispatcher-11 << "Accept: */*[\r][\n]"
[2025-05-13 17:03:35,806] DEBUG {org.apache.synapse.transport.http.wire} - HTTPS-Listener I/O dispatcher-11 << "Cache-Control: no-cache[\r][\n]"
[2025-05-13 17:03:35,806] DEBUG {org.apache.synapse.transport.http.wire} - HTTPS-Listener I/O dispatcher-11 << "Access-Control-Allow-Origin: [\r][\n]"
[2025-05-13 17:03:35,806] DEBUG {org.apache.synapse.transport.http.wire} - HTTPS-Listener I/O dispatcher-11 << "Access-Control-Allow-Methods: GET[\r][\n]"
[2025-05-13 17:03:35,806] DEBUG {org.apache.synapse.transport.http.wire} - HTTPS-Listener I/O dispatcher-11 << "Host: mi.books.com[\r][\n]"
[2025-05-13 17:03:35,806] DEBUG {org.apache.synapse.transport.http.wire} - HTTPS-Listener I/O dispatcher-11 << "Postman-Token: a886d475-6c10-40e0-9549-482dab25d3f1[\r][\n]"
[2025-05-13 17:03:35,806] DEBUG {org.apache.synapse.transport.http.wire} - HTTPS-Listener I/O dispatcher-11 << "Accept-Encoding: gzip, deflate, br[\r][\n]"
[2025-05-13 17:03:35,806] DEBUG {org.apache.synapse.transport.http.wire} - HTTPS-Listener I/O dispatcher-11 << "X-Internal-Secret: S3cr3tV@lue[\r][\n]"
[2025-05-13 17:03:35,806] DEBUG {org.apache.synapse.transport.http.wire} - HTTPS-Listener I/O dispatcher-11 << "X-Real-IP: 127.0.0.1[\r][\n]"
[2025-05-13 17:03:35,806] DEBUG {org.apache.synapse.transport.http.wire} - HTTPS-Listener I/O dispatcher-11 << "Access-Control-Allow-Headers: [\r][\n]"
[2025-05-13 17:03:35,806] DEBUG {org.apache.synapse.transport.http.wire} - HTTPS-Listener I/O dispatcher-11 << "Content-Type: application/json; charset=UTF-8[\r][\n]"
[2025-05-13 17:03:35,806] DEBUG {org.apache.synapse.transport.http.wire} - HTTPS-Listener I/O dispatcher-11 << "Date: Tue, 13 May 2025 11:33:35 GMT[\r][\n]"
[2025-05-13 17:03:35,806] DEBUG {org.apache.synapse.transport.http.wire} - HTTPS-Listener I/O dispatcher-11 << "Connection: Close[\r][\n]"
[2025-05-13 17:03:35,806] DEBUG {org.apache.synapse.transport.http.wire} - HTTPS-Listener I/O dispatcher-11 << "[\r][\n]"
[2025-05-13 17:03:35,806] DEBUG {org.apache.synapse.transport.http.wire} - HTTPS-Listener I/O dispatcher-11 << "{"book_id":1,"title":"The Great Gatsby","price":10.00,"availability":"Out of Stock"}"
[2025-05-13 17:03:44,212] DEBUG {org.apache.synapse.transport.http.wire} - HTTPS-Listener I/O dispatcher-12 >> "GET /bookstore/books HTTP/1.0[\r][\n]"
[2025-05-13 17:03:44,212] DEBUG {org.apache.synapse.transport.http.wire} - HTTPS-Listener I/O dispatcher-12 >> "Host: mi.books.com[\r][\n]"
[2025-05-13 17:03:44,212] DEBUG {org.apache.synapse.transport.http.wire} - HTTPS-Listener I/O dispatcher-12 >> "X-Real-IP: 127.0.0.1[\r][\n]"
[2025-05-13 17:03:44,212] DEBUG {org.apache.synapse.transport.http.wire} - HTTPS-Listener I/O dispatcher-12 >> "Connection: close[\r][\n]"
[2025-05-13 17:03:44,212] DEBUG {org.apache.synapse.transport.http.wire} - HTTPS-Listener I/O dispatcher-12 >> "activityid: 786b2108-6acb-4fa5-a17c-d46fa4bc627c[\r][\n]"
[2025-05-13 17:03:44,212] DEBUG {org.apache.synapse.transport.http.wire} - HTTPS-Listener I/O dispatcher-12 >> "Accept: */*[\r][\n]"
[2025-05-13 17:03:44,212] DEBUG {org.apache.synapse.transport.http.wire} - HTTPS-Listener I/O dispatcher-12 >> "Cache-Control: no-cache[\r][\n]"
[2025-05-13 17:03:44,212] DEBUG {org.apache.synapse.transport.http.wire} - HTTPS-Listener I/O dispatcher-12 >> "Postman-Token: b80d6a92-0a7b-4195-a11c-d775eb284083[\r][\n]"
[2025-05-13 17:03:44,212] DEBUG {org.apache.synapse.transport.http.wire} - HTTPS-Listener I/O dispatcher-12 >> "Accept-Encoding: gzip, deflate, br[\r][\n]"
[2025-05-13 17:03:44,212] DEBUG {org.apache.synapse.transport.http.wire} - HTTPS-Listener I/O dispatcher-12 >> "X-Internal-Secret: S3cr3tV@lue[\r][\n]"
[2025-05-13 17:03:44,212] DEBUG {org.apache.synapse.transport.http.wire} - HTTPS-Listener I/O dispatcher-12 >> "User-Agent: Synapse-PT-HttpComponents-NIO[\r][\n]"
[2025-05-13 17:03:44,212] DEBUG {org.apache.synapse.transport.http.wire} - HTTPS-Listener I/O dispatcher-12 >> "[\r][\n]"
[2025-05-13 17:03:44,215] DEBUG {org.apache.synapse.transport.http.wire} - HTTPS-Listener I/O dispatcher-12 << "HTTP/1.0 200 OK[\r][\n]"
[2025-05-13 17:03:44,215] DEBUG {org.apache.synapse.transport.http.wire} - HTTPS-Listener I/O dispatcher-12 << "activityid: 786b2108-6acb-4fa5-a17c-d46fa4bc627c[\r][\n]"
[2025-05-13 17:03:44,215] DEBUG {org.apache.synapse.transport.http.wire} - HTTPS-Listener I/O dispatcher-12 << "Accept: */*[\r][\n]"
[2025-05-13 17:03:44,215] DEBUG {org.apache.synapse.transport.http.wire} - HTTPS-Listener I/O dispatcher-12 << "Cache-Control: no-cache[\r][\n]"
[2025-05-13 17:03:44,215] DEBUG {org.apache.synapse.transport.http.wire} - HTTPS-Listener I/O dispatcher-12 << "Access-Control-Allow-Origin: [\r][\n]"
[2025-05-13 17:03:44,215] DEBUG {org.apache.synapse.transport.http.wire} - HTTPS-Listener I/O dispatcher-12 << "Access-Control-Allow-Methods: GET[\r][\n]"
[2025-05-13 17:03:44,215] DEBUG {org.apache.synapse.transport.http.wire} - HTTPS-Listener I/O dispatcher-12 << "Host: mi.books.com[\r][\n]"
[2025-05-13 17:03:44,215] DEBUG {org.apache.synapse.transport.http.wire} - HTTPS-Listener I/O dispatcher-12 << "Postman-Token: b80d6a92-0a7b-4195-a11c-d775eb284083[\r][\n]"
[2025-05-13 17:03:44,215] DEBUG {org.apache.synapse.transport.http.wire} - HTTPS-Listener I/O dispatcher-12 << "Accept-Encoding: gzip, deflate, br[\r][\n]"
[2025-05-13 17:03:44,215] DEBUG {org.apache.synapse.transport.http.wire} - HTTPS-Listener I/O dispatcher-12 << "X-Internal-Secret: S3cr3tV@lue[\r][\n]"
[2025-05-13 17:03:44,215] DEBUG {org.apache.synapse.transport.http.wire} - HTTPS-Listener I/O dispatcher-12 << "X-Real-IP: 127.0.0.1[\r][\n]"
[2025-05-13 17:03:44,215] DEBUG {org.apache.synapse.transport.http.wire} - HTTPS-Listener I/O dispatcher-12 << "Access-Control-Allow-Headers: [\r][\n]"
[2025-05-13 17:03:44,215] DEBUG {org.apache.synapse.transport.http.wire} - HTTPS-Listener I/O dispatcher-12 << "Content-Type: application/json; charset=UTF-8[\r][\n]"
[2025-05-13 17:03:44,215] DEBUG {org.apache.synapse.transport.http.wire} - HTTPS-Listener I/O dispatcher-12 << "Date: Tue, 13 May 2025 11:33:44 GMT[\r][\n]"
[2025-05-13 17:03:44,215] DEBUG {org.apache.synapse.transport.http.wire} - HTTPS-Listener I/O dispatcher-12 << "Connection: Close[\r][\n]"
[2025-05-13 17:03:44,215] DEBUG {org.apache.synapse.transport.http.wire} - HTTPS-Listener I/O dispatcher-12 << "[\r][\n]"
[2025-05-13 17:03:44,215] DEBUG {org.apache.synapse.transport.http.wire} - HTTPS-Listener I/O dispatcher-12 << "{"Books":[{"book_id":1,"title":"The Great Gatsby","price":10.00,"availability":"Out of Stock"},{"book_id":2,"title":1984,"price":8.99,"availability":"In Stock"},{"book_id":3,"title":"To Kill a Mockingbird","price":12.50,"availability":"In Stock"},{"book_id":4,"title":"Pride and Prejudice","price":9.75,"availability":"In Stock"},{"book_id":5,"title":"The Catcher in the Rye","price":11.00,"availability":"In Stock"},{"book_id":18,"title":"Harry Potter","price":20.50,"availability":"In Stock"}]}"
