[2025-05-19 03:56:23,784]  INFO {org.apache.axis2.transport.rabbitmq.RabbitMQSender} - RABBITMQ Sender started
[2025-05-19 03:56:23,791]  INFO {org.apache.axis2.transport.rabbitmq.RabbitMQSender} - RabbitMQ AMQP Transport Sender initialized...
[2025-05-19 03:56:23,815]  INFO {org.apache.axis2.transport.rabbitmq.RabbitMQListener} - RabbitMQ AMQP Transport Receiver initialized...
[2025-05-19 03:56:24,406]  INFO {org.apache.synapse.deployers.LibraryArtifactDeployer} - Synapse Library named '{org.wso2.carbon.connector}http' has been deployed from file : /Users/samindu/Workspace/integration-project/wso2-mi/tmp/carbonapps/-1234/1747607184208BookStore_1.0.0.car/mi-connector-http_0.1.9/mi-connector-http-0.1.9.zip
[2025-05-19 03:56:24,406]  INFO {org.apache.synapse.config.xml.SynapseImportFactory} - Successfully created Synapse Import: http
[2025-05-19 03:56:24,461]  INFO {org.apache.synapse.deployers.LibraryArtifactDeployer} - Synapse Library named '{org.wso2.carbon.connector}email' has been deployed from file : /Users/samindu/Workspace/integration-project/wso2-mi/tmp/carbonapps/-1234/1747607184208BookStore_1.0.0.car/mi-connector-email_2.0.0/mi-connector-email-2.0.0.zip
[2025-05-19 03:56:24,461]  INFO {org.apache.synapse.config.xml.SynapseImportFactory} - Successfully created Synapse Import: email
[2025-05-19 03:56:24,492]  INFO {org.apache.synapse.deployers.LocalEntryDeployer} - LocalEntry named 'MailConnection' has been deployed from file : /Users/samindu/Workspace/integration-project/wso2-mi/tmp/carbonapps/-1234/1747607184208BookStore_1.0.0.car/MailConnection_1.0.0/MailConnection-1.0.0.xml
[2025-05-19 03:56:24,493]  INFO {org.apache.synapse.deployers.LocalEntryDeployer} - LocalEntry named 'BookStore' has been deployed from file : /Users/samindu/Workspace/integration-project/wso2-mi/tmp/carbonapps/-1234/1747607184208BookStore_1.0.0.car/BookStore_1.0.0/BookStore-1.0.0.xml
[2025-05-19 03:56:24,501]  INFO {org.apache.synapse.deployers.LocalEntryDeployer} - Endpoint named 'BookStore_INTERNAL_ENDPOINT_REFERENCE' has been deployed from the http connection file : /Users/samindu/Workspace/integration-project/wso2-mi/tmp/carbonapps/-1234/1747607184208BookStore_1.0.0.car/BookStore_1.0.0/BookStore-1.0.0.xml
[2025-05-19 03:56:24,501]  INFO {org.apache.synapse.deployers.LocalEntryDeployer} - LocalEntry named 'MailtoTrap' has been deployed from file : /Users/samindu/Workspace/integration-project/wso2-mi/tmp/carbonapps/-1234/1747607184208BookStore_1.0.0.car/MailtoTrap_1.0.0/MailtoTrap-1.0.0.xml
[2025-05-19 03:56:24,815]  INFO {org.apache.synapse.core.axis2.Axis2SynapseEnvironment} - Continuation call is set to true
[2025-05-19 03:56:24,816]  INFO {org.apache.synapse.deployers.SequenceDeployer} - Sequence named 'UpdateBookSeq' has been deployed from file : /Users/samindu/Workspace/integration-project/wso2-mi/tmp/carbonapps/-1234/1747607184208BookStore_1.0.0.car/UpdateBookSeq_1.0.0/UpdateBookSeq-1.0.0.xml
[2025-05-19 03:56:24,826]  INFO {org.apache.synapse.deployers.SequenceDeployer} - Sequence named 'GetOrderSeq' has been deployed from file : /Users/samindu/Workspace/integration-project/wso2-mi/tmp/carbonapps/-1234/1747607184208BookStore_1.0.0.car/GetOrderSeq_1.0.0/GetOrderSeq-1.0.0.xml
[2025-05-19 03:56:24,834]  INFO {org.apache.synapse.deployers.SequenceDeployer} - Sequence named 'DeleteBookSeq' has been deployed from file : /Users/samindu/Workspace/integration-project/wso2-mi/tmp/carbonapps/-1234/1747607184208BookStore_1.0.0.car/DeleteBookSeq_1.0.0/DeleteBookSeq-1.0.0.xml
[2025-05-19 03:56:24,886]  INFO {org.apache.synapse.deployers.SequenceDeployer} - Sequence named 'GetOrdersSeq' has been deployed from file : /Users/samindu/Workspace/integration-project/wso2-mi/tmp/carbonapps/-1234/1747607184208BookStore_1.0.0.car/GetOrdersSeq_1.0.0/GetOrdersSeq-1.0.0.xml
[2025-05-19 03:56:24,888]  INFO {org.apache.synapse.deployers.SequenceDeployer} - Sequence named 'DailySummaryEmailSeq' has been deployed from file : /Users/samindu/Workspace/integration-project/wso2-mi/tmp/carbonapps/-1234/1747607184208BookStore_1.0.0.car/DailySummaryEmailSeq_1.0.0/DailySummaryEmailSeq-1.0.0.xml
[2025-05-19 03:56:24,895]  INFO {org.apache.synapse.deployers.SequenceDeployer} - Sequence named 'GetBookSeq' has been deployed from file : /Users/samindu/Workspace/integration-project/wso2-mi/tmp/carbonapps/-1234/1747607184208BookStore_1.0.0.car/GetBookSeq_1.0.0/GetBookSeq-1.0.0.xml
[2025-05-19 03:56:24,903]  INFO {org.apache.synapse.deployers.SequenceDeployer} - Sequence named 'DailySummarySeq' has been deployed from file : /Users/samindu/Workspace/integration-project/wso2-mi/tmp/carbonapps/-1234/1747607184208BookStore_1.0.0.car/DailySummarySeq_1.0.0/DailySummarySeq-1.0.0.xml
[2025-05-19 03:56:24,914]  INFO {org.apache.synapse.deployers.SequenceDeployer} - Sequence named 'AddOrderSeq' has been deployed from file : /Users/samindu/Workspace/integration-project/wso2-mi/tmp/carbonapps/-1234/1747607184208BookStore_1.0.0.car/AddOrderSeq_1.0.0/AddOrderSeq-1.0.0.xml
[2025-05-19 03:56:24,927]  INFO {org.apache.synapse.deployers.SequenceDeployer} - Sequence named 'UpdateOrderSeq' has been deployed from file : /Users/samindu/Workspace/integration-project/wso2-mi/tmp/carbonapps/-1234/1747607184208BookStore_1.0.0.car/UpdateOrderSeq_1.0.0/UpdateOrderSeq-1.0.0.xml
[2025-05-19 03:56:24,928]  INFO {org.apache.synapse.deployers.SequenceDeployer} - Sequence named 'FaultSeq' has been deployed from file : /Users/samindu/Workspace/integration-project/wso2-mi/tmp/carbonapps/-1234/1747607184208BookStore_1.0.0.car/FaultSeq_1.0.0/FaultSeq-1.0.0.xml
[2025-05-19 03:56:24,928]  INFO {org.apache.synapse.deployers.SequenceDeployer} - Sequence named 'UpdateOrderEmailSeq' has been deployed from file : /Users/samindu/Workspace/integration-project/wso2-mi/tmp/carbonapps/-1234/1747607184208BookStore_1.0.0.car/UpdateOrderEmailSeq_1.0.0/UpdateOrderEmailSeq-1.0.0.xml
[2025-05-19 03:56:24,943]  INFO {org.apache.synapse.deployers.SequenceDeployer} - Sequence named 'GetBooksSeq' has been deployed from file : /Users/samindu/Workspace/integration-project/wso2-mi/tmp/carbonapps/-1234/1747607184208BookStore_1.0.0.car/GetBooksSeq_1.0.0/GetBooksSeq-1.0.0.xml
[2025-05-19 03:56:24,945]  INFO {org.apache.synapse.deployers.SequenceDeployer} - Sequence named 'AddBookSeq' has been deployed from file : /Users/samindu/Workspace/integration-project/wso2-mi/tmp/carbonapps/-1234/1747607184208BookStore_1.0.0.car/AddBookSeq_1.0.0/AddBookSeq-1.0.0.xml
[2025-05-19 03:56:24,947]  INFO {org.apache.synapse.config.xml.MessageStoreFactory} - Successfully added Message Store configuration of : [BookStoreServiceMessageStore].
[2025-05-19 03:56:24,967]  INFO {org.apache.synapse.message.store.impl.rabbitmq.RabbitMQStore} - Store [BookStoreServiceMessageStore] Successfully connected to RabbitMQ Broker
[2025-05-19 03:56:24,972]  INFO {org.apache.synapse.message.store.impl.rabbitmq.RabbitMQStore} - Store [BookStoreServiceMessageStore]. Initialized... 
[2025-05-19 03:56:24,973]  INFO {org.apache.synapse.deployers.MessageStoreDeployer} - Message Store named 'BookStoreServiceMessageStore' has been deployed from file : /Users/samindu/Workspace/integration-project/wso2-mi/tmp/carbonapps/-1234/1747607184208BookStore_1.0.0.car/BookStoreServiceMessageStore_1.0.0/BookStoreServiceMessageStore-1.0.0.xml
[2025-05-19 03:56:24,976]  INFO {org.apache.synapse.deployers.TemplateDeployer} - Template named 'FaultHandleTemp' has been deployed from file : /Users/samindu/Workspace/integration-project/wso2-mi/tmp/carbonapps/-1234/1747607184208BookStore_1.0.0.car/FaultHandleTemp_1.0.0/FaultHandleTemp-1.0.0.xml
[2025-05-19 03:56:24,986]  INFO {org.apache.synapse.deployers.TaskDeployer} - StartupTask named 'DailySummary' has been deployed from file : /Users/samindu/Workspace/integration-project/wso2-mi/tmp/carbonapps/-1234/1747607184208BookStore_1.0.0.car/DailySummary_1.0.0/DailySummary-1.0.0.xml
[2025-05-19 03:56:25,000]  INFO {org.apache.synapse.deployers.MessageProcessorDeployer} - Message Processor named 'BookStoreServiceMessageProcessor' has been deployed from file : /Users/samindu/Workspace/integration-project/wso2-mi/tmp/carbonapps/-1234/1747607184208BookStore_1.0.0.car/BookStoreServiceMessageProcessor_1.0.0/BookStoreServiceMessageProcessor-1.0.0.xml
[2025-05-19 03:56:25,003]  INFO {org.apache.synapse.api.API} - {api:BookStoreAPI} Initializing API: BookStoreAPI
[2025-05-19 03:56:25,005]  INFO {org.apache.synapse.deployers.APIDeployer} - API named 'BookStoreAPI' has been deployed from file : /Users/samindu/Workspace/integration-project/wso2-mi/tmp/carbonapps/-1234/1747607184208BookStore_1.0.0.car/BookStoreAPI_1.0.0/BookStoreAPI-1.0.0.xml
[2025-05-19 03:56:25,005]  INFO {org.wso2.micro.integrator.initializer.deployment.application.deployer.CappDeployer} - Successfully Deployed Carbon Application : BookStore_1.0.0{super-tenant}
[2025-05-19 03:56:25,014]  INFO {org.apache.synapse.transport.passthru.core.PassThroughListeningIOReactorManager} - Pass-through HTTP Listener started on 0.0.0.0:8290
[2025-05-19 03:56:25,015]  INFO {org.apache.synapse.transport.passthru.core.PassThroughListeningIOReactorManager} - Pass-through HTTPS Listener started on 0.0.0.0:8253
[2025-05-19 03:56:25,015]  INFO {org.apache.axis2.transport.rabbitmq.RabbitMQListener} - RABBITMQ listener started
[2025-05-19 03:56:25,059]  INFO {org.apache.synapse.transport.passthru.core.PassThroughListeningIOReactorManager} - Pass-through EI_INTERNAL_HTTP_INBOUND_ENDPOINT Listener started on 0.0.0.0:9201
[2025-05-19 03:56:25,073]  INFO {org.apache.synapse.transport.passthru.core.PassThroughListeningIOReactorManager} - Pass-through EI_INTERNAL_HTTPS_INBOUND_ENDPOINT Listener started on 0.0.0.0:9164
[2025-05-19 03:56:25,074]  INFO {org.wso2.micro.integrator.initializer.StartupFinalizer} - WSO2 Micro Integrator started in 2.90 seconds
[2025-05-19 03:56:25,091]  INFO {org.wso2.micro.integrator.ntask.core.impl.AbstractQuartzTaskManager} - Task scheduled: [ESB_TASK][MSMP_BookStoreServiceMessageProcessor_0].
[2025-05-19 03:56:25,091]  INFO {org.apache.synapse.message.processor.impl.ScheduledMessageProcessor} - Started message processor. [BookStoreServiceMessageProcessor].
[2025-05-19 03:56:25,093]  INFO {org.wso2.micro.integrator.ntask.core.impl.AbstractQuartzTaskManager} - Task scheduled: [ESB_TASK][DailySummary].
[2025-05-19 03:56:25,151]  INFO {org.apache.synapse.message.store.impl.rabbitmq.RabbitMQStore} - Store [BookStoreServiceMessageStore] Successfully connected to RabbitMQ Broker
[2025-05-19 04:00:07,362] DEBUG {org.apache.synapse.transport.http.wire} - HTTPS-Listener I/O dispatcher-1 >> "GET /bookstore/books?page=1&fetch=5&role=system_primary_staff HTTP/1.0[\r][\n]"
[2025-05-19 04:00:07,362] DEBUG {org.apache.synapse.transport.http.wire} - HTTPS-Listener I/O dispatcher-1 >> "Host: mi.books.com[\r][\n]"
[2025-05-19 04:00:07,362] DEBUG {org.apache.synapse.transport.http.wire} - HTTPS-Listener I/O dispatcher-1 >> "X-Real-IP: 127.0.0.1[\r][\n]"
[2025-05-19 04:00:07,362] DEBUG {org.apache.synapse.transport.http.wire} - HTTPS-Listener I/O dispatcher-1 >> "Connection: close[\r][\n]"
[2025-05-19 04:00:07,362] DEBUG {org.apache.synapse.transport.http.wire} - HTTPS-Listener I/O dispatcher-1 >> "Origin: http://localhost:3000[\r][\n]"
[2025-05-19 04:00:07,362] DEBUG {org.apache.synapse.transport.http.wire} - HTTPS-Listener I/O dispatcher-1 >> "Accept: application/json, text/plain, */*[\r][\n]"
[2025-05-19 04:00:07,362] DEBUG {org.apache.synapse.transport.http.wire} - HTTPS-Listener I/O dispatcher-1 >> "Referer: http://localhost:3000/[\r][\n]"
[2025-05-19 04:00:07,362] DEBUG {org.apache.synapse.transport.http.wire} - HTTPS-Listener I/O dispatcher-1 >> "Sec-Fetch-Dest: empty[\r][\n]"
[2025-05-19 04:00:07,363] DEBUG {org.apache.synapse.transport.http.wire} - HTTPS-Listener I/O dispatcher-1 >> "Sec-Fetch-Site: cross-site[\r][\n]"
[2025-05-19 04:00:07,363] DEBUG {org.apache.synapse.transport.http.wire} - HTTPS-Listener I/O dispatcher-1 >> "Accept-Encoding: gzip, deflate, br, zstd[\r][\n]"
[2025-05-19 04:00:07,363] DEBUG {org.apache.synapse.transport.http.wire} - HTTPS-Listener I/O dispatcher-1 >> "X-Internal-Secret: S3cr3tV@lue[\r][\n]"
[2025-05-19 04:00:07,363] DEBUG {org.apache.synapse.transport.http.wire} - HTTPS-Listener I/O dispatcher-1 >> "Sec-Fetch-Mode: cors[\r][\n]"
[2025-05-19 04:00:07,363] DEBUG {org.apache.synapse.transport.http.wire} - HTTPS-Listener I/O dispatcher-1 >> "activityid: 54525885-c1e8-499f-b2a6-20f50bbfcbd5[\r][\n]"
[2025-05-19 04:00:07,363] DEBUG {org.apache.synapse.transport.http.wire} - HTTPS-Listener I/O dispatcher-1 >> "sec-ch-ua: "Chromium";v="136", "Google Chrome";v="136", "Not.A/Brand";v="99"[\r][\n]"
[2025-05-19 04:00:07,363] DEBUG {org.apache.synapse.transport.http.wire} - HTTPS-Listener I/O dispatcher-1 >> "sec-ch-ua-mobile: ?0[\r][\n]"
[2025-05-19 04:00:07,363] DEBUG {org.apache.synapse.transport.http.wire} - HTTPS-Listener I/O dispatcher-1 >> "sec-ch-ua-platform: "macOS"[\r][\n]"
[2025-05-19 04:00:07,363] DEBUG {org.apache.synapse.transport.http.wire} - HTTPS-Listener I/O dispatcher-1 >> "Accept-Language: en-GB,en;q=0.9[\r][\n]"
[2025-05-19 04:00:07,363] DEBUG {org.apache.synapse.transport.http.wire} - HTTPS-Listener I/O dispatcher-1 >> "User-Agent: Synapse-PT-HttpComponents-NIO[\r][\n]"
[2025-05-19 04:00:07,363] DEBUG {org.apache.synapse.transport.http.wire} - HTTPS-Listener I/O dispatcher-1 >> "[\r][\n]"
[2025-05-19 04:00:07,532] DEBUG {org.apache.synapse.transport.http.wire} - HTTPS-Listener I/O dispatcher-1 << "HTTP/1.0 200 OK[\r][\n]"
[2025-05-19 04:00:07,532] DEBUG {org.apache.synapse.transport.http.wire} - HTTPS-Listener I/O dispatcher-1 << "Origin: http://localhost:3000[\r][\n]"
[2025-05-19 04:00:07,532] DEBUG {org.apache.synapse.transport.http.wire} - HTTPS-Listener I/O dispatcher-1 << "Accept: application/json, text/plain, */*[\r][\n]"
[2025-05-19 04:00:07,532] DEBUG {org.apache.synapse.transport.http.wire} - HTTPS-Listener I/O dispatcher-1 << "Access-Control-Allow-Origin: [\r][\n]"
[2025-05-19 04:00:07,532] DEBUG {org.apache.synapse.transport.http.wire} - HTTPS-Listener I/O dispatcher-1 << "Access-Control-Allow-Methods: GET[\r][\n]"
[2025-05-19 04:00:07,532] DEBUG {org.apache.synapse.transport.http.wire} - HTTPS-Listener I/O dispatcher-1 << "Referer: http://localhost:3000/[\r][\n]"
[2025-05-19 04:00:07,532] DEBUG {org.apache.synapse.transport.http.wire} - HTTPS-Listener I/O dispatcher-1 << "Sec-Fetch-Dest: empty[\r][\n]"
[2025-05-19 04:00:07,532] DEBUG {org.apache.synapse.transport.http.wire} - HTTPS-Listener I/O dispatcher-1 << "Sec-Fetch-Site: cross-site[\r][\n]"
[2025-05-19 04:00:07,532] DEBUG {org.apache.synapse.transport.http.wire} - HTTPS-Listener I/O dispatcher-1 << "Host: mi.books.com[\r][\n]"
[2025-05-19 04:00:07,532] DEBUG {org.apache.synapse.transport.http.wire} - HTTPS-Listener I/O dispatcher-1 << "Accept-Encoding: gzip, deflate, br, zstd[\r][\n]"
[2025-05-19 04:00:07,532] DEBUG {org.apache.synapse.transport.http.wire} - HTTPS-Listener I/O dispatcher-1 << "X-Internal-Secret: S3cr3tV@lue[\r][\n]"
[2025-05-19 04:00:07,532] DEBUG {org.apache.synapse.transport.http.wire} - HTTPS-Listener I/O dispatcher-1 << "Access-Control-Allow-Headers: [\r][\n]"
[2025-05-19 04:00:07,532] DEBUG {org.apache.synapse.transport.http.wire} - HTTPS-Listener I/O dispatcher-1 << "Sec-Fetch-Mode: cors[\r][\n]"
[2025-05-19 04:00:07,532] DEBUG {org.apache.synapse.transport.http.wire} - HTTPS-Listener I/O dispatcher-1 << "activityid: 54525885-c1e8-499f-b2a6-20f50bbfcbd5[\r][\n]"
[2025-05-19 04:00:07,532] DEBUG {org.apache.synapse.transport.http.wire} - HTTPS-Listener I/O dispatcher-1 << "sec-ch-ua: "Chromium";v="136", "Google Chrome";v="136", "Not.A/Brand";v="99"[\r][\n]"
[2025-05-19 04:00:07,532] DEBUG {org.apache.synapse.transport.http.wire} - HTTPS-Listener I/O dispatcher-1 << "sec-ch-ua-mobile: ?0[\r][\n]"
[2025-05-19 04:00:07,532] DEBUG {org.apache.synapse.transport.http.wire} - HTTPS-Listener I/O dispatcher-1 << "sec-ch-ua-platform: "macOS"[\r][\n]"
[2025-05-19 04:00:07,532] DEBUG {org.apache.synapse.transport.http.wire} - HTTPS-Listener I/O dispatcher-1 << "Accept-Language: en-GB,en;q=0.9[\r][\n]"
[2025-05-19 04:00:07,532] DEBUG {org.apache.synapse.transport.http.wire} - HTTPS-Listener I/O dispatcher-1 << "X-Real-IP: 127.0.0.1[\r][\n]"
[2025-05-19 04:00:07,532] DEBUG {org.apache.synapse.transport.http.wire} - HTTPS-Listener I/O dispatcher-1 << "Content-Type: application/json; charset=UTF-8[\r][\n]"
[2025-05-19 04:00:07,532] DEBUG {org.apache.synapse.transport.http.wire} - HTTPS-Listener I/O dispatcher-1 << "Date: Sun, 18 May 2025 22:30:07 GMT[\r][\n]"
[2025-05-19 04:00:07,532] DEBUG {org.apache.synapse.transport.http.wire} - HTTPS-Listener I/O dispatcher-1 << "Connection: Close[\r][\n]"
[2025-05-19 04:00:07,532] DEBUG {org.apache.synapse.transport.http.wire} - HTTPS-Listener I/O dispatcher-1 << "[\r][\n]"
[2025-05-19 04:00:07,532] DEBUG {org.apache.synapse.transport.http.wire} - HTTPS-Listener I/O dispatcher-1 << "{[\n]"
[2025-05-19 04:00:07,532] DEBUG {org.apache.synapse.transport.http.wire} - HTTPS-Listener I/O dispatcher-1 << "                            "Books": [{"book_id":"BK0001","title":"The Art of Coding","price":30.00,"stock_quantity":20},{"book_id":"BK0002","title":"Mysteries of the Universe","price":24.50,"stock_quantity":8},{"book_id":"BK0003","title":"Cooking with Passion","price":18.75,"stock_quantity":10},{"book_id":"BK0004","title":"History of the Ancient World","price":34.00,"stock_quantity":5},{"book_id":"BK0005","title":"Mastering SQL","price":27.95,"stock_quantity":10}],[\n]"
[2025-05-19 04:00:07,532] DEBUG {org.apache.synapse.transport.http.wire} - HTTPS-Listener I/O dispatcher-1 << "                            "meta": {[\n]"
[2025-05-19 04:00:07,532] DEBUG {org.apache.synapse.transport.http.wire} - HTTPS-Listener I/O dispatcher-1 << "                                "total_books": 20,[\n]"
[2025-05-19 04:00:07,532] DEBUG {org.apache.synapse.transport.http.wire} - HTTPS-Listener I/O dispatcher-1 << "                                "total_pages": 4,[\n]"
[2025-05-19 04:00:07,532] DEBUG {org.apache.synapse.transport.http.wire} - HTTPS-Listener I/O dispatcher-1 << "                                "prev_page": null,[\n]"
[2025-05-19 04:00:07,532] DEBUG {org.apache.synapse.transport.http.wire} - HTTPS-Listener I/O dispatcher-1 << "                                "current_page": 1,[\n]"
[2025-05-19 04:00:07,532] DEBUG {org.apache.synapse.transport.http.wire} - HTTPS-Listener I/O dispatcher-1 << "                                "next_page": 2[\n]"
[2025-05-19 04:00:07,532] DEBUG {org.apache.synapse.transport.http.wire} - HTTPS-Listener I/O dispatcher-1 << "                            }[\n]"
[2025-05-19 04:00:07,532] DEBUG {org.apache.synapse.transport.http.wire} - HTTPS-Listener I/O dispatcher-1 << "                            }"
[2025-05-19 04:00:08,836] DEBUG {org.apache.synapse.transport.http.wire} - HTTPS-Listener I/O dispatcher-2 >> "GET /bookstore/orders?page=1&fetch=5 HTTP/1.0[\r][\n]"
[2025-05-19 04:00:08,836] DEBUG {org.apache.synapse.transport.http.wire} - HTTPS-Listener I/O dispatcher-2 >> "Host: mi.books.com[\r][\n]"
[2025-05-19 04:00:08,836] DEBUG {org.apache.synapse.transport.http.wire} - HTTPS-Listener I/O dispatcher-2 >> "X-Real-IP: 127.0.0.1[\r][\n]"
[2025-05-19 04:00:08,836] DEBUG {org.apache.synapse.transport.http.wire} - HTTPS-Listener I/O dispatcher-2 >> "Connection: close[\r][\n]"
[2025-05-19 04:00:08,836] DEBUG {org.apache.synapse.transport.http.wire} - HTTPS-Listener I/O dispatcher-2 >> "Origin: http://localhost:3000[\r][\n]"
[2025-05-19 04:00:08,836] DEBUG {org.apache.synapse.transport.http.wire} - HTTPS-Listener I/O dispatcher-2 >> "Accept: application/json, text/plain, */*[\r][\n]"
[2025-05-19 04:00:08,836] DEBUG {org.apache.synapse.transport.http.wire} - HTTPS-Listener I/O dispatcher-2 >> "Referer: http://localhost:3000/[\r][\n]"
[2025-05-19 04:00:08,836] DEBUG {org.apache.synapse.transport.http.wire} - HTTPS-Listener I/O dispatcher-2 >> "Sec-Fetch-Dest: empty[\r][\n]"
[2025-05-19 04:00:08,836] DEBUG {org.apache.synapse.transport.http.wire} - HTTPS-Listener I/O dispatcher-2 >> "Sec-Fetch-Site: cross-site[\r][\n]"
[2025-05-19 04:00:08,836] DEBUG {org.apache.synapse.transport.http.wire} - HTTPS-Listener I/O dispatcher-2 >> "Accept-Encoding: gzip, deflate, br, zstd[\r][\n]"
[2025-05-19 04:00:08,836] DEBUG {org.apache.synapse.transport.http.wire} - HTTPS-Listener I/O dispatcher-2 >> "X-Internal-Secret: S3cr3tV@lue[\r][\n]"
[2025-05-19 04:00:08,836] DEBUG {org.apache.synapse.transport.http.wire} - HTTPS-Listener I/O dispatcher-2 >> "Sec-Fetch-Mode: cors[\r][\n]"
[2025-05-19 04:00:08,836] DEBUG {org.apache.synapse.transport.http.wire} - HTTPS-Listener I/O dispatcher-2 >> "activityid: aa587e3d-113c-4398-8d09-b9afbf6a8000[\r][\n]"
[2025-05-19 04:00:08,836] DEBUG {org.apache.synapse.transport.http.wire} - HTTPS-Listener I/O dispatcher-2 >> "sec-ch-ua: "Chromium";v="136", "Google Chrome";v="136", "Not.A/Brand";v="99"[\r][\n]"
[2025-05-19 04:00:08,836] DEBUG {org.apache.synapse.transport.http.wire} - HTTPS-Listener I/O dispatcher-2 >> "sec-ch-ua-mobile: ?0[\r][\n]"
[2025-05-19 04:00:08,836] DEBUG {org.apache.synapse.transport.http.wire} - HTTPS-Listener I/O dispatcher-2 >> "sec-ch-ua-platform: "macOS"[\r][\n]"
[2025-05-19 04:00:08,836] DEBUG {org.apache.synapse.transport.http.wire} - HTTPS-Listener I/O dispatcher-2 >> "Accept-Language: en-GB,en;q=0.9[\r][\n]"
[2025-05-19 04:00:08,836] DEBUG {org.apache.synapse.transport.http.wire} - HTTPS-Listener I/O dispatcher-2 >> "User-Agent: Synapse-PT-HttpComponents-NIO[\r][\n]"
[2025-05-19 04:00:08,836] DEBUG {org.apache.synapse.transport.http.wire} - HTTPS-Listener I/O dispatcher-2 >> "[\r][\n]"
[2025-05-19 04:00:08,862] DEBUG {org.apache.synapse.transport.http.wire} - HTTPS-Listener I/O dispatcher-2 << "HTTP/1.0 200 OK[\r][\n]"
[2025-05-19 04:00:08,862] DEBUG {org.apache.synapse.transport.http.wire} - HTTPS-Listener I/O dispatcher-2 << "Origin: http://localhost:3000[\r][\n]"
[2025-05-19 04:00:08,862] DEBUG {org.apache.synapse.transport.http.wire} - HTTPS-Listener I/O dispatcher-2 << "Accept: application/json, text/plain, */*[\r][\n]"
[2025-05-19 04:00:08,862] DEBUG {org.apache.synapse.transport.http.wire} - HTTPS-Listener I/O dispatcher-2 << "Access-Control-Allow-Origin: [\r][\n]"
[2025-05-19 04:00:08,862] DEBUG {org.apache.synapse.transport.http.wire} - HTTPS-Listener I/O dispatcher-2 << "Access-Control-Allow-Methods: GET[\r][\n]"
[2025-05-19 04:00:08,862] DEBUG {org.apache.synapse.transport.http.wire} - HTTPS-Listener I/O dispatcher-2 << "Referer: http://localhost:3000/[\r][\n]"
[2025-05-19 04:00:08,862] DEBUG {org.apache.synapse.transport.http.wire} - HTTPS-Listener I/O dispatcher-2 << "Sec-Fetch-Dest: empty[\r][\n]"
[2025-05-19 04:00:08,862] DEBUG {org.apache.synapse.transport.http.wire} - HTTPS-Listener I/O dispatcher-2 << "Sec-Fetch-Site: cross-site[\r][\n]"
[2025-05-19 04:00:08,862] DEBUG {org.apache.synapse.transport.http.wire} - HTTPS-Listener I/O dispatcher-2 << "Host: mi.books.com[\r][\n]"
[2025-05-19 04:00:08,862] DEBUG {org.apache.synapse.transport.http.wire} - HTTPS-Listener I/O dispatcher-2 << "Accept-Encoding: gzip, deflate, br, zstd[\r][\n]"
[2025-05-19 04:00:08,862] DEBUG {org.apache.synapse.transport.http.wire} - HTTPS-Listener I/O dispatcher-2 << "X-Internal-Secret: S3cr3tV@lue[\r][\n]"
[2025-05-19 04:00:08,862] DEBUG {org.apache.synapse.transport.http.wire} - HTTPS-Listener I/O dispatcher-2 << "Access-Control-Allow-Headers: [\r][\n]"
[2025-05-19 04:00:08,862] DEBUG {org.apache.synapse.transport.http.wire} - HTTPS-Listener I/O dispatcher-2 << "Sec-Fetch-Mode: cors[\r][\n]"
[2025-05-19 04:00:08,862] DEBUG {org.apache.synapse.transport.http.wire} - HTTPS-Listener I/O dispatcher-2 << "activityid: aa587e3d-113c-4398-8d09-b9afbf6a8000[\r][\n]"
[2025-05-19 04:00:08,862] DEBUG {org.apache.synapse.transport.http.wire} - HTTPS-Listener I/O dispatcher-2 << "sec-ch-ua: "Chromium";v="136", "Google Chrome";v="136", "Not.A/Brand";v="99"[\r][\n]"
[2025-05-19 04:00:08,862] DEBUG {org.apache.synapse.transport.http.wire} - HTTPS-Listener I/O dispatcher-2 << "sec-ch-ua-mobile: ?0[\r][\n]"
[2025-05-19 04:00:08,862] DEBUG {org.apache.synapse.transport.http.wire} - HTTPS-Listener I/O dispatcher-2 << "sec-ch-ua-platform: "macOS"[\r][\n]"
[2025-05-19 04:00:08,862] DEBUG {org.apache.synapse.transport.http.wire} - HTTPS-Listener I/O dispatcher-2 << "Accept-Language: en-GB,en;q=0.9[\r][\n]"
[2025-05-19 04:00:08,862] DEBUG {org.apache.synapse.transport.http.wire} - HTTPS-Listener I/O dispatcher-2 << "X-Real-IP: 127.0.0.1[\r][\n]"
[2025-05-19 04:00:08,862] DEBUG {org.apache.synapse.transport.http.wire} - HTTPS-Listener I/O dispatcher-2 << "Content-Type: application/json; charset=UTF-8[\r][\n]"
[2025-05-19 04:00:08,862] DEBUG {org.apache.synapse.transport.http.wire} - HTTPS-Listener I/O dispatcher-2 << "Date: Sun, 18 May 2025 22:30:08 GMT[\r][\n]"
[2025-05-19 04:00:08,862] DEBUG {org.apache.synapse.transport.http.wire} - HTTPS-Listener I/O dispatcher-2 << "Connection: Close[\r][\n]"
[2025-05-19 04:00:08,862] DEBUG {org.apache.synapse.transport.http.wire} - HTTPS-Listener I/O dispatcher-2 << "[\r][\n]"
[2025-05-19 04:00:08,862] DEBUG {org.apache.synapse.transport.http.wire} - HTTPS-Listener I/O dispatcher-2 << "{[\n]"
[2025-05-19 04:00:08,862] DEBUG {org.apache.synapse.transport.http.wire} - HTTPS-Listener I/O dispatcher-2 << "                                    "Orders": [{"order_id":"ORD0001","user_email":"customer@gmail.com","order_date":"2025-05-19T05:18:54.000+05:30","book_id":"BK0003","title":"Cooking with Passion","price":18.75,"quantity":20,"payment_id":"PYM0001","payment_amount":375.00,"payment_status":"completed"},{"order_id":"ORD0002","user_email":"customer@gmail.com","order_date":"2025-05-19T05:21:01.000+05:30","book_id":"BK0001","title":"The Art of Coding","price":30.00,"quantity":2,"payment_id":"PYM0002","payment_amount":59.98,"payment_status":"completed"},{"order_id":"ORD0003","user_email":"customer@gmail.com","order_date":"2025-05-19T05:35:27.000+05:30","book_id":"BK0006","title":"Fantasy Realms: Book One","price":22.99,"quantity":1,"payment_id":"PYM0003","payment_amount":22.99,"payment_status":"completed"},{"order_id":"ORD0004","user_email":"customer@gmail.com","order_date":"2025-05-19T05:40:26.000+05:30","book_id":"BK0009","title":"Beginner[0xe2][0x80][0x99]s Guide to Photography","price":25.99,"quantity":5,"payment_id":"PYM0004","payment_amount":129.95,"payment_status":"completed"}],[\n]"
[2025-05-19 04:00:08,862] DEBUG {org.apache.synapse.transport.http.wire} - HTTPS-Listener I/O dispatcher-2 << "                                    "meta": {[\n]"
[2025-05-19 04:00:08,862] DEBUG {org.apache.synapse.transport.http.wire} - HTTPS-Listener I/O dispatcher-2 << "                                        "total_orders": 4,[\n]"
[2025-05-19 04:00:08,862] DEBUG {org.apache.synapse.transport.http.wire} - HTTPS-Listener I/O dispatcher-2 << "                                        "total_pages": 1,[\n]"
[2025-05-19 04:00:08,862] DEBUG {org.apache.synapse.transport.http.wire} - HTTPS-Listener I/O dispatcher-2 << "                                        "prev_page": null,[\n]"
[2025-05-19 04:00:08,862] DEBUG {org.apache.synapse.transport.http.wire} - HTTPS-Listener I/O dispatcher-2 << "                                        "current_page": 1,[\n]"
[2025-05-19 04:00:08,862] DEBUG {org.apache.synapse.transport.http.wire} - HTTPS-Listener I/O dispatcher-2 << "                                        "next_page": null[\n]"
[2025-05-19 04:00:08,862] DEBUG {org.apache.synapse.transport.http.wire} - HTTPS-Listener I/O dispatcher-2 << "                                    }[\n]"
[2025-05-19 04:00:08,862] DEBUG {org.apache.synapse.transport.http.wire} - HTTPS-Listener I/O dispatcher-2 << "                                    }"
[2025-05-19 04:00:10,143] DEBUG {org.apache.synapse.transport.http.wire} - HTTPS-Listener I/O dispatcher-3 >> "GET /bookstore/books?page=1&fetch=5&role=system_primary_staff HTTP/1.0[\r][\n]"
[2025-05-19 04:00:10,143] DEBUG {org.apache.synapse.transport.http.wire} - HTTPS-Listener I/O dispatcher-3 >> "Host: mi.books.com[\r][\n]"
[2025-05-19 04:00:10,143] DEBUG {org.apache.synapse.transport.http.wire} - HTTPS-Listener I/O dispatcher-3 >> "X-Real-IP: 127.0.0.1[\r][\n]"
[2025-05-19 04:00:10,143] DEBUG {org.apache.synapse.transport.http.wire} - HTTPS-Listener I/O dispatcher-3 >> "Connection: close[\r][\n]"
[2025-05-19 04:00:10,143] DEBUG {org.apache.synapse.transport.http.wire} - HTTPS-Listener I/O dispatcher-3 >> "Origin: http://localhost:3000[\r][\n]"
[2025-05-19 04:00:10,143] DEBUG {org.apache.synapse.transport.http.wire} - HTTPS-Listener I/O dispatcher-3 >> "Accept: application/json, text/plain, */*[\r][\n]"
[2025-05-19 04:00:10,143] DEBUG {org.apache.synapse.transport.http.wire} - HTTPS-Listener I/O dispatcher-3 >> "Referer: http://localhost:3000/[\r][\n]"
[2025-05-19 04:00:10,143] DEBUG {org.apache.synapse.transport.http.wire} - HTTPS-Listener I/O dispatcher-3 >> "Sec-Fetch-Dest: empty[\r][\n]"
[2025-05-19 04:00:10,143] DEBUG {org.apache.synapse.transport.http.wire} - HTTPS-Listener I/O dispatcher-3 >> "Sec-Fetch-Site: cross-site[\r][\n]"
[2025-05-19 04:00:10,143] DEBUG {org.apache.synapse.transport.http.wire} - HTTPS-Listener I/O dispatcher-3 >> "Accept-Encoding: gzip, deflate, br, zstd[\r][\n]"
[2025-05-19 04:00:10,143] DEBUG {org.apache.synapse.transport.http.wire} - HTTPS-Listener I/O dispatcher-3 >> "X-Internal-Secret: S3cr3tV@lue[\r][\n]"
[2025-05-19 04:00:10,143] DEBUG {org.apache.synapse.transport.http.wire} - HTTPS-Listener I/O dispatcher-3 >> "Sec-Fetch-Mode: cors[\r][\n]"
[2025-05-19 04:00:10,143] DEBUG {org.apache.synapse.transport.http.wire} - HTTPS-Listener I/O dispatcher-3 >> "activityid: 42d92fc6-476c-477b-972e-68791b4a146f[\r][\n]"
[2025-05-19 04:00:10,143] DEBUG {org.apache.synapse.transport.http.wire} - HTTPS-Listener I/O dispatcher-3 >> "sec-ch-ua: "Chromium";v="136", "Google Chrome";v="136", "Not.A/Brand";v="99"[\r][\n]"
[2025-05-19 04:00:10,143] DEBUG {org.apache.synapse.transport.http.wire} - HTTPS-Listener I/O dispatcher-3 >> "sec-ch-ua-mobile: ?0[\r][\n]"
[2025-05-19 04:00:10,143] DEBUG {org.apache.synapse.transport.http.wire} - HTTPS-Listener I/O dispatcher-3 >> "sec-ch-ua-platform: "macOS"[\r][\n]"
[2025-05-19 04:00:10,143] DEBUG {org.apache.synapse.transport.http.wire} - HTTPS-Listener I/O dispatcher-3 >> "Accept-Language: en-GB,en;q=0.9[\r][\n]"
[2025-05-19 04:00:10,143] DEBUG {org.apache.synapse.transport.http.wire} - HTTPS-Listener I/O dispatcher-3 >> "User-Agent: Synapse-PT-HttpComponents-NIO[\r][\n]"
[2025-05-19 04:00:10,143] DEBUG {org.apache.synapse.transport.http.wire} - HTTPS-Listener I/O dispatcher-3 >> "[\r][\n]"
[2025-05-19 04:00:10,168] DEBUG {org.apache.synapse.transport.http.wire} - HTTPS-Listener I/O dispatcher-3 << "HTTP/1.0 200 OK[\r][\n]"
[2025-05-19 04:00:10,168] DEBUG {org.apache.synapse.transport.http.wire} - HTTPS-Listener I/O dispatcher-3 << "Origin: http://localhost:3000[\r][\n]"
[2025-05-19 04:00:10,168] DEBUG {org.apache.synapse.transport.http.wire} - HTTPS-Listener I/O dispatcher-3 << "Accept: application/json, text/plain, */*[\r][\n]"
[2025-05-19 04:00:10,168] DEBUG {org.apache.synapse.transport.http.wire} - HTTPS-Listener I/O dispatcher-3 << "Access-Control-Allow-Origin: [\r][\n]"
[2025-05-19 04:00:10,168] DEBUG {org.apache.synapse.transport.http.wire} - HTTPS-Listener I/O dispatcher-3 << "Access-Control-Allow-Methods: GET[\r][\n]"
[2025-05-19 04:00:10,168] DEBUG {org.apache.synapse.transport.http.wire} - HTTPS-Listener I/O dispatcher-3 << "Referer: http://localhost:3000/[\r][\n]"
[2025-05-19 04:00:10,168] DEBUG {org.apache.synapse.transport.http.wire} - HTTPS-Listener I/O dispatcher-3 << "Sec-Fetch-Dest: empty[\r][\n]"
[2025-05-19 04:00:10,168] DEBUG {org.apache.synapse.transport.http.wire} - HTTPS-Listener I/O dispatcher-3 << "Sec-Fetch-Site: cross-site[\r][\n]"
[2025-05-19 04:00:10,168] DEBUG {org.apache.synapse.transport.http.wire} - HTTPS-Listener I/O dispatcher-3 << "Host: mi.books.com[\r][\n]"
[2025-05-19 04:00:10,168] DEBUG {org.apache.synapse.transport.http.wire} - HTTPS-Listener I/O dispatcher-3 << "Accept-Encoding: gzip, deflate, br, zstd[\r][\n]"
[2025-05-19 04:00:10,168] DEBUG {org.apache.synapse.transport.http.wire} - HTTPS-Listener I/O dispatcher-3 << "X-Internal-Secret: S3cr3tV@lue[\r][\n]"
[2025-05-19 04:00:10,168] DEBUG {org.apache.synapse.transport.http.wire} - HTTPS-Listener I/O dispatcher-3 << "Access-Control-Allow-Headers: [\r][\n]"
[2025-05-19 04:00:10,168] DEBUG {org.apache.synapse.transport.http.wire} - HTTPS-Listener I/O dispatcher-3 << "Sec-Fetch-Mode: cors[\r][\n]"
[2025-05-19 04:00:10,168] DEBUG {org.apache.synapse.transport.http.wire} - HTTPS-Listener I/O dispatcher-3 << "activityid: 42d92fc6-476c-477b-972e-68791b4a146f[\r][\n]"
[2025-05-19 04:00:10,168] DEBUG {org.apache.synapse.transport.http.wire} - HTTPS-Listener I/O dispatcher-3 << "sec-ch-ua: "Chromium";v="136", "Google Chrome";v="136", "Not.A/Brand";v="99"[\r][\n]"
[2025-05-19 04:00:10,168] DEBUG {org.apache.synapse.transport.http.wire} - HTTPS-Listener I/O dispatcher-3 << "sec-ch-ua-mobile: ?0[\r][\n]"
[2025-05-19 04:00:10,168] DEBUG {org.apache.synapse.transport.http.wire} - HTTPS-Listener I/O dispatcher-3 << "sec-ch-ua-platform: "macOS"[\r][\n]"
[2025-05-19 04:00:10,168] DEBUG {org.apache.synapse.transport.http.wire} - HTTPS-Listener I/O dispatcher-3 << "Accept-Language: en-GB,en;q=0.9[\r][\n]"
[2025-05-19 04:00:10,168] DEBUG {org.apache.synapse.transport.http.wire} - HTTPS-Listener I/O dispatcher-3 << "X-Real-IP: 127.0.0.1[\r][\n]"
[2025-05-19 04:00:10,168] DEBUG {org.apache.synapse.transport.http.wire} - HTTPS-Listener I/O dispatcher-3 << "Content-Type: application/json; charset=UTF-8[\r][\n]"
[2025-05-19 04:00:10,168] DEBUG {org.apache.synapse.transport.http.wire} - HTTPS-Listener I/O dispatcher-3 << "Date: Sun, 18 May 2025 22:30:10 GMT[\r][\n]"
[2025-05-19 04:00:10,168] DEBUG {org.apache.synapse.transport.http.wire} - HTTPS-Listener I/O dispatcher-3 << "Connection: Close[\r][\n]"
[2025-05-19 04:00:10,168] DEBUG {org.apache.synapse.transport.http.wire} - HTTPS-Listener I/O dispatcher-3 << "[\r][\n]"
[2025-05-19 04:00:10,168] DEBUG {org.apache.synapse.transport.http.wire} - HTTPS-Listener I/O dispatcher-3 << "{[\n]"
[2025-05-19 04:00:10,168] DEBUG {org.apache.synapse.transport.http.wire} - HTTPS-Listener I/O dispatcher-3 << "                            "Books": [{"book_id":"BK0001","title":"The Art of Coding","price":30.00,"stock_quantity":20},{"book_id":"BK0002","title":"Mysteries of the Universe","price":24.50,"stock_quantity":8},{"book_id":"BK0003","title":"Cooking with Passion","price":18.75,"stock_quantity":10},{"book_id":"BK0004","title":"History of the Ancient World","price":34.00,"stock_quantity":5},{"book_id":"BK0005","title":"Mastering SQL","price":27.95,"stock_quantity":10}],[\n]"
[2025-05-19 04:00:10,168] DEBUG {org.apache.synapse.transport.http.wire} - HTTPS-Listener I/O dispatcher-3 << "                            "meta": {[\n]"
[2025-05-19 04:00:10,168] DEBUG {org.apache.synapse.transport.http.wire} - HTTPS-Listener I/O dispatcher-3 << "                                "total_books": 20,[\n]"
[2025-05-19 04:00:10,168] DEBUG {org.apache.synapse.transport.http.wire} - HTTPS-Listener I/O dispatcher-3 << "                                "total_pages": 4,[\n]"
[2025-05-19 04:00:10,168] DEBUG {org.apache.synapse.transport.http.wire} - HTTPS-Listener I/O dispatcher-3 << "                                "prev_page": null,[\n]"
[2025-05-19 04:00:10,168] DEBUG {org.apache.synapse.transport.http.wire} - HTTPS-Listener I/O dispatcher-3 << "                                "current_page": 1,[\n]"
[2025-05-19 04:00:10,168] DEBUG {org.apache.synapse.transport.http.wire} - HTTPS-Listener I/O dispatcher-3 << "                                "next_page": 2[\n]"
[2025-05-19 04:00:10,168] DEBUG {org.apache.synapse.transport.http.wire} - HTTPS-Listener I/O dispatcher-3 << "                            }[\n]"
[2025-05-19 04:00:10,168] DEBUG {org.apache.synapse.transport.http.wire} - HTTPS-Listener I/O dispatcher-3 << "                            }"
