2025-05-09 11:36:45 ServerProcess [INFO] Server Process ID: 473
2025-05-09 11:36:45 DiagnosticsApp [INFO] Starting WSO2 Diagnostics Tool
2025-05-09 11:36:45 ServerInfo [INFO] Update level: 1
2025-05-09 11:36:45 DiagnosticsApp [INFO] Server name: WSO2 API Manager
2025-05-09 11:36:45 DiagnosticsApp [INFO] Version: 4.5.0
2025-05-09 11:36:45 DiagnosticsApp [INFO] Update Level: 1
2025-05-09 11:36:45 DiagnosticsApp [INFO] Java Version: 21.0.7
2025-05-09 11:36:45 DiagnosticsApp [INFO] Java Home: /Library/Java/JavaVirtualMachines/temurin-21.jdk/Contents/Home
2025-05-09 11:36:45 DiagnosticsApp [INFO] OS Name: Mac OS X
2025-05-09 11:36:45 DiagnosticsApp [INFO] OS Version: 15.4.1
2025-05-09 11:36:45 DiagnosticsApp [INFO] OS Architecture: aarch64
2025-05-09 11:36:45 DiagnosticsApp [INFO] Diagnostic App Home: /Users/samindu/Workspace/intergration-project/wso2-apim/diagnostics-tool
2025-05-09 11:36:45 DiagnosticsApp [INFO] Listening to : ../repository/logs/wso2-apigw-errors.log
2025-05-09 11:36:45 LogWatcher [INFO] Initiating LogWatcher for file: /Users/samindu/Workspace/intergration-project/wso2-apim/diagnostics-tool/../repository/logs/wso2-apigw-errors.log
2025-05-09 11:36:45 DiagnosticsApp [INFO] Initiating CPUWatcher with interval: 5 retry count: 2 threshold: 80
2025-05-09 11:36:45 DiagnosticsApp [INFO] Initiating MemoryWatcher with interval: 5 retry count: 2 threshold: 80
2025-05-09 11:36:45 TrafficAnalyzerInitializer [INFO] LastFifteenSecondsRequests Traffic Analyzer is enabled with window size: 100, interval: 15, delay: 4
2025-05-09 11:36:45 TrafficAnalyzerInitializer [INFO] LastMinuteRequests Traffic Analyzer is enabled with window size: 100, interval: 60, delay: 1
2025-05-09 11:44:53 Interpreter [INFO] Executing the action executors for the log line matching the regex pattern (.*)org.apache.synapse(.*)
2025-05-09 11:44:53 ServerInfo [INFO] Update level: 1
2025-05-09 11:44:53 ServerInfo [INFO] ServerInfo executed successfully.
2025-05-09 11:44:58 ZipFileExecutor [INFO] Zipping the folder at /Users/samindu/Workspace/intergration-project/wso2-apim/diagnostics-tool/temp/2025-05-09_11:44:53.154
2025-05-09 11:44:58 ZipFileExecutor [INFO] Diagnosis Dumped in :/Users/samindu/Workspace/intergration-project/wso2-apim/diagnostics-tool/data/473_2025-05-09_11:44:53.154.zip
2025-05-09 11:55:15 TrafficAnalyzer [INFO] Attribute Last15SecondRequests of type https-listener increased more than the threshold, old value: 0, new value: 2, threshold: 1.0
2025-05-09 12:28:45 TrafficAnalyzer [INFO] Attribute LastMinuteRequests of type https-listener increased more than the threshold, old value: 0, new value: 11, threshold: 2.5
2025-05-09 12:35:15 JMXDataRetriever [ERROR] Error while getting JMX data, org.apache.synapse:Name=http-listener,Type=PassThroughConnections
2025-05-09 12:35:15 JMXDataRetriever [ERROR] Error while getting JMX data, org.apache.synapse:Name=https-listener,Type=PassThroughConnections
2025-05-09 12:35:52 ServerProcess [INFO] Server Process ID: 4095
2025-05-09 12:35:52 DiagnosticsApp [INFO] Starting WSO2 Diagnostics Tool
2025-05-09 12:35:52 ServerInfo [INFO] Update level: 1
2025-05-09 12:35:52 DiagnosticsApp [INFO] Server name: WSO2 API Manager
2025-05-09 12:35:52 DiagnosticsApp [INFO] Version: 4.5.0
2025-05-09 12:35:52 DiagnosticsApp [INFO] Update Level: 1
2025-05-09 12:35:52 DiagnosticsApp [INFO] Java Version: 21.0.7
2025-05-09 12:35:52 DiagnosticsApp [INFO] Java Home: /Library/Java/JavaVirtualMachines/temurin-21.jdk/Contents/Home
2025-05-09 12:35:52 DiagnosticsApp [INFO] OS Name: Mac OS X
2025-05-09 12:35:52 DiagnosticsApp [INFO] OS Version: 15.4.1
2025-05-09 12:35:52 DiagnosticsApp [INFO] OS Architecture: aarch64
2025-05-09 12:35:52 DiagnosticsApp [INFO] Diagnostic App Home: /Users/samindu/Workspace/intergration-project/wso2-apim/diagnostics-tool
2025-05-09 12:35:52 DiagnosticsApp [INFO] Listening to : ../repository/logs/wso2-apigw-errors.log
2025-05-09 12:35:52 LogWatcher [INFO] Initiating LogWatcher for file: /Users/samindu/Workspace/intergration-project/wso2-apim/diagnostics-tool/../repository/logs/wso2-apigw-errors.log
2025-05-09 12:35:52 DiagnosticsApp [INFO] Initiating CPUWatcher with interval: 5 retry count: 2 threshold: 80
2025-05-09 12:35:52 DiagnosticsApp [INFO] Initiating MemoryWatcher with interval: 5 retry count: 2 threshold: 80
2025-05-09 12:35:52 TrafficAnalyzerInitializer [INFO] LastFifteenSecondsRequests Traffic Analyzer is enabled with window size: 100, interval: 15, delay: 4
2025-05-09 12:35:52 TrafficAnalyzerInitializer [INFO] LastMinuteRequests Traffic Analyzer is enabled with window size: 100, interval: 60, delay: 1
2025-05-09 12:36:05 Interpreter [INFO] Executing the action executors for the log line matching the regex pattern (.*)org.apache.synapse(.*)
2025-05-09 12:36:05 ServerInfo [INFO] Update level: 1
2025-05-09 12:36:05 ServerInfo [INFO] ServerInfo executed successfully.
2025-05-09 12:36:10 ZipFileExecutor [INFO] Zipping the folder at /Users/samindu/Workspace/intergration-project/wso2-apim/diagnostics-tool/temp/2025-05-09_12:36:05.448
2025-05-09 12:36:10 ZipFileExecutor [INFO] Diagnosis Dumped in :/Users/samindu/Workspace/intergration-project/wso2-apim/diagnostics-tool/data/4095_2025-05-09_12:36:05.448.zip
2025-05-09 12:37:37 JMXDataRetriever [ERROR] Error while getting JMX data, org.apache.synapse:Name=http-listener,Type=PassThroughConnections
2025-05-09 12:37:37 JMXDataRetriever [ERROR] Error while getting JMX data, org.apache.synapse:Name=https-listener,Type=PassThroughConnections
2025-05-09 12:38:27 ServerProcess [INFO] Server Process ID: 4329
2025-05-09 12:38:27 DiagnosticsApp [INFO] Starting WSO2 Diagnostics Tool
2025-05-09 12:38:27 ServerInfo [INFO] Update level: 1
2025-05-09 12:38:27 DiagnosticsApp [INFO] Server name: WSO2 API Manager
2025-05-09 12:38:27 DiagnosticsApp [INFO] Version: 4.5.0
2025-05-09 12:38:27 DiagnosticsApp [INFO] Update Level: 1
2025-05-09 12:38:27 DiagnosticsApp [INFO] Java Version: 21.0.7
2025-05-09 12:38:27 DiagnosticsApp [INFO] Java Home: /Library/Java/JavaVirtualMachines/temurin-21.jdk/Contents/Home
2025-05-09 12:38:27 DiagnosticsApp [INFO] OS Name: Mac OS X
2025-05-09 12:38:27 DiagnosticsApp [INFO] OS Version: 15.4.1
2025-05-09 12:38:27 DiagnosticsApp [INFO] OS Architecture: aarch64
2025-05-09 12:38:27 DiagnosticsApp [INFO] Diagnostic App Home: /Users/samindu/Workspace/intergration-project/wso2-apim/diagnostics-tool
2025-05-09 12:38:27 DiagnosticsApp [INFO] Listening to : ../repository/logs/wso2-apigw-errors.log
2025-05-09 12:38:27 LogWatcher [INFO] Initiating LogWatcher for file: /Users/samindu/Workspace/intergration-project/wso2-apim/diagnostics-tool/../repository/logs/wso2-apigw-errors.log
2025-05-09 12:38:27 DiagnosticsApp [INFO] Initiating CPUWatcher with interval: 5 retry count: 2 threshold: 80
2025-05-09 12:38:27 DiagnosticsApp [INFO] Initiating MemoryWatcher with interval: 5 retry count: 2 threshold: 80
2025-05-09 12:38:27 TrafficAnalyzerInitializer [INFO] LastFifteenSecondsRequests Traffic Analyzer is enabled with window size: 100, interval: 15, delay: 4
2025-05-09 12:38:27 TrafficAnalyzerInitializer [INFO] LastMinuteRequests Traffic Analyzer is enabled with window size: 100, interval: 60, delay: 1
2025-05-09 12:40:32 Interpreter [INFO] Executing the action executors for the log line matching the regex pattern (.*)org.apache.synapse(.*)
2025-05-09 12:40:32 ServerInfo [INFO] Update level: 1
2025-05-09 12:40:32 ServerInfo [INFO] ServerInfo executed successfully.
2025-05-09 12:40:37 ZipFileExecutor [INFO] Zipping the folder at /Users/samindu/Workspace/intergration-project/wso2-apim/diagnostics-tool/temp/2025-05-09_12:40:32.897
2025-05-09 12:40:37 ZipFileExecutor [INFO] Diagnosis Dumped in :/Users/samindu/Workspace/intergration-project/wso2-apim/diagnostics-tool/data/4329_2025-05-09_12:40:32.897.zip
2025-05-09 14:16:40 TrafficAnalyzer [INFO] Attribute LastMinuteRequests of type https-listener increased more than the threshold, old value: 1, new value: 2, threshold: 1.0
2025-05-09 14:22:25 TrafficAnalyzer [INFO] Attribute Last15SecondRequests of type https-listener increased more than the threshold, old value: 0, new value: 8, threshold: 1.0
