2025-05-15 11:13:37 ServerProcess [INFO] Server Process ID: 17610
2025-05-15 11:13:37 DiagnosticsApp [INFO] Starting WSO2 Diagnostics Tool
2025-05-15 11:13:37 ServerInfo [INFO] Update level: 1
2025-05-15 11:13:37 DiagnosticsApp [INFO] Server name: WSO2 API Manager
2025-05-15 11:13:37 DiagnosticsApp [INFO] Version: 4.5.0
2025-05-15 11:13:37 DiagnosticsApp [INFO] Update Level: 1
2025-05-15 11:13:37 DiagnosticsApp [INFO] Java Version: 21.0.7
2025-05-15 11:13:37 DiagnosticsApp [INFO] Java Home: /Library/Java/JavaVirtualMachines/temurin-21.jdk/Contents/Home
2025-05-15 11:13:37 DiagnosticsApp [INFO] OS Name: Mac OS X
2025-05-15 11:13:37 DiagnosticsApp [INFO] OS Version: 15.4.1
2025-05-15 11:13:37 DiagnosticsApp [INFO] OS Architecture: aarch64
2025-05-15 11:13:37 DiagnosticsApp [INFO] Diagnostic App Home: /Users/samindu/Workspace/intergration-project-ss/wso2-apim/diagnostics-tool
2025-05-15 11:13:37 DiagnosticsApp [INFO] Listening to : ../repository/logs/wso2-apigw-errors.log
2025-05-15 11:13:37 LogWatcher [INFO] Initiating LogWatcher for file: /Users/samindu/Workspace/intergration-project-ss/wso2-apim/diagnostics-tool/../repository/logs/wso2-apigw-errors.log
2025-05-15 11:13:37 DiagnosticsApp [INFO] Initiating CPUWatcher with interval: 5 retry count: 2 threshold: 80
2025-05-15 11:13:37 DiagnosticsApp [INFO] Initiating MemoryWatcher with interval: 5 retry count: 2 threshold: 80
2025-05-15 11:13:37 TrafficAnalyzerInitializer [INFO] LastFifteenSecondsRequests Traffic Analyzer is enabled with window size: 100, interval: 15, delay: 4
2025-05-15 11:13:37 TrafficAnalyzerInitializer [INFO] LastMinuteRequests Traffic Analyzer is enabled with window size: 100, interval: 60, delay: 1
2025-05-15 11:13:39 Interpreter [INFO] Executing the action executors for the log line matching the regex pattern (.*)org.apache.synapse(.*)
2025-05-15 11:13:39 ServerInfo [INFO] Update level: 1
2025-05-15 11:13:39 ServerInfo [INFO] ServerInfo executed successfully.
2025-05-15 11:13:44 ZipFileExecutor [INFO] Zipping the folder at /Users/samindu/Workspace/intergration-project-ss/wso2-apim/diagnostics-tool/temp/2025-05-15_11:13:39.349
2025-05-15 11:13:44 ZipFileExecutor [INFO] Diagnosis Dumped in :/Users/samindu/Workspace/intergration-project-ss/wso2-apim/diagnostics-tool/data/17610_2025-05-15_11:13:39.349.zip
