2025-05-07 09:51:42 ServerProcess [INFO] Server Process ID: 39817
2025-05-07 09:51:42 DiagnosticsApp [INFO] Starting WSO2 Diagnostics Tool
2025-05-07 09:51:42 ServerInfo [INFO] Update level: 1
2025-05-07 09:51:42 DiagnosticsApp [INFO] Server name: WSO2 API Manager
2025-05-07 09:51:42 DiagnosticsApp [INFO] Version: 4.5.0
2025-05-07 09:51:42 DiagnosticsApp [INFO] Update Level: 1
2025-05-07 09:51:42 DiagnosticsApp [INFO] Java Version: 21.0.7
2025-05-07 09:51:42 DiagnosticsApp [INFO] Java Home: /Library/Java/JavaVirtualMachines/temurin-21.jdk/Contents/Home
2025-05-07 09:51:42 DiagnosticsApp [INFO] OS Name: Mac OS X
2025-05-07 09:51:42 DiagnosticsApp [INFO] OS Version: 15.4.1
2025-05-07 09:51:42 DiagnosticsApp [INFO] OS Architecture: aarch64
2025-05-07 09:51:42 DiagnosticsApp [INFO] Diagnostic App Home: /Users/samindu/Workspace/intergration-project/wso2-apim/diagnostics-tool
2025-05-07 09:51:42 DiagnosticsApp [INFO] Listening to : ../repository/logs/wso2-apigw-errors.log
2025-05-07 09:51:42 LogWatcher [INFO] Initiating LogWatcher for file: /Users/samindu/Workspace/intergration-project/wso2-apim/diagnostics-tool/../repository/logs/wso2-apigw-errors.log
2025-05-07 09:51:42 DiagnosticsApp [INFO] Initiating CPUWatcher with interval: 5 retry count: 2 threshold: 80
2025-05-07 09:51:42 DiagnosticsApp [INFO] Initiating MemoryWatcher with interval: 5 retry count: 2 threshold: 80
2025-05-07 09:51:42 TrafficAnalyzerInitializer [INFO] LastFifteenSecondsRequests Traffic Analyzer is enabled with window size: 100, interval: 15, delay: 4
2025-05-07 09:51:42 TrafficAnalyzerInitializer [INFO] LastMinuteRequests Traffic Analyzer is enabled with window size: 100, interval: 60, delay: 1
2025-05-07 10:12:52 Interpreter [INFO] Executing the action executors for the log line matching the regex pattern (.*)org.apache.synapse(.*)
2025-05-07 10:12:52 ServerInfo [INFO] Update level: 1
2025-05-07 10:12:52 ServerInfo [INFO] ServerInfo executed successfully.
2025-05-07 10:12:57 ZipFileExecutor [INFO] Zipping the folder at /Users/samindu/Workspace/intergration-project/wso2-apim/diagnostics-tool/temp/2025-05-07_10:12:52.391
2025-05-07 10:12:57 ZipFileExecutor [INFO] Diagnosis Dumped in :/Users/samindu/Workspace/intergration-project/wso2-apim/diagnostics-tool/data/39817_2025-05-07_10:12:52.391.zip
2025-05-07 10:19:54 TrafficAnalyzer [INFO] Attribute LastMinuteRequests of type https-listener increased more than the threshold, old value: 0, new value: 4, threshold: 2.0
2025-05-07 10:29:24 TrafficAnalyzer [INFO] Attribute Last15SecondRequests of type https-listener increased more than the threshold, old value: 0, new value: 4, threshold: 3.906414795316104
2025-05-07 11:06:46 Interpreter [INFO] Executing the action executors for the log line matching the regex pattern (.*)org.apache.synapse.transport.passthru(.*)
2025-05-07 11:06:46 ServerInfo [INFO] Update level: 1
2025-05-07 11:06:46 MetricsSnapshot [INFO] MetricsSnapshot executed successfully.
2025-05-07 11:06:46 ServerInfo [INFO] ServerInfo executed successfully.
2025-05-07 11:06:46 OpenFileFinder [INFO] OpenFileFinder executed successfully.
2025-05-07 11:06:48 Netstat [INFO] Netstat executed successfully
2025-05-07 11:06:57 ThreadDumper [INFO] Thread dump execution is completed for 39817, thread dump count: 5, delay: 2000ms
2025-05-07 11:07:02 ZipFileExecutor [INFO] Zipping the folder at /Users/samindu/Workspace/intergration-project/wso2-apim/diagnostics-tool/temp/2025-05-07_11:06:46.596
2025-05-07 11:07:02 ZipFileExecutor [INFO] Diagnosis Dumped in :/Users/samindu/Workspace/intergration-project/wso2-apim/diagnostics-tool/data/39817_2025-05-07_11:06:46.596.zip
