2025-05-08 00:29:40 LogWatcher [INFO] Log file has been rotated. Reopening the file /Users/samindu/Workspace/intergration-project/wso2-apim/diagnostics-tool/../repository/logs/wso2-apigw-errors.log
2025-05-08 11:20:54 JMXDataRetriever [ERROR] Error while getting JMX data, org.apache.synapse:Name=http-listener,Type=PassThroughConnections
2025-05-08 11:20:54 JMXDataRetriever [ERROR] Error while getting JMX data, org.apache.synapse:Name=https-listener,Type=PassThroughConnections
2025-05-08 11:22:40 ServerProcess [INFO] Server Process ID: 67976
2025-05-08 11:22:40 DiagnosticsApp [INFO] Starting WSO2 Diagnostics Tool
2025-05-08 11:22:40 ServerInfo [INFO] Update level: 1
2025-05-08 11:22:40 DiagnosticsApp [INFO] Server name: WSO2 API Manager
2025-05-08 11:22:40 DiagnosticsApp [INFO] Version: 4.5.0
2025-05-08 11:22:40 DiagnosticsApp [INFO] Update Level: 1
2025-05-08 11:22:40 DiagnosticsApp [INFO] Java Version: 21.0.7
2025-05-08 11:22:40 DiagnosticsApp [INFO] Java Home: /Library/Java/JavaVirtualMachines/temurin-21.jdk/Contents/Home
2025-05-08 11:22:40 DiagnosticsApp [INFO] OS Name: Mac OS X
2025-05-08 11:22:40 DiagnosticsApp [INFO] OS Version: 15.4.1
2025-05-08 11:22:40 DiagnosticsApp [INFO] OS Architecture: aarch64
2025-05-08 11:22:40 DiagnosticsApp [INFO] Diagnostic App Home: /Users/samindu/Workspace/intergration-project/wso2-apim/diagnostics-tool
2025-05-08 11:22:40 DiagnosticsApp [INFO] Listening to : ../repository/logs/wso2-apigw-errors.log
2025-05-08 11:22:40 LogWatcher [INFO] Initiating LogWatcher for file: /Users/samindu/Workspace/intergration-project/wso2-apim/diagnostics-tool/../repository/logs/wso2-apigw-errors.log
2025-05-08 11:22:40 DiagnosticsApp [INFO] Initiating CPUWatcher with interval: 5 retry count: 2 threshold: 80
2025-05-08 11:22:40 DiagnosticsApp [INFO] Initiating MemoryWatcher with interval: 5 retry count: 2 threshold: 80
2025-05-08 11:22:40 TrafficAnalyzerInitializer [INFO] LastFifteenSecondsRequests Traffic Analyzer is enabled with window size: 100, interval: 15, delay: 4
2025-05-08 11:22:40 TrafficAnalyzerInitializer [INFO] LastMinuteRequests Traffic Analyzer is enabled with window size: 100, interval: 60, delay: 1
2025-05-08 11:39:25 JMXDataRetriever [ERROR] Error while getting JMX data, org.apache.synapse:Name=http-listener,Type=PassThroughConnections
2025-05-08 11:39:25 JMXDataRetriever [ERROR] Error while getting JMX data, org.apache.synapse:Name=https-listener,Type=PassThroughConnections
2025-05-08 11:42:08 ServerProcess [INFO] Server Process ID: 69174
2025-05-08 11:42:08 DiagnosticsApp [INFO] Starting WSO2 Diagnostics Tool
2025-05-08 11:42:08 ServerInfo [INFO] Update level: 1
2025-05-08 11:42:08 DiagnosticsApp [INFO] Server name: WSO2 API Manager
2025-05-08 11:42:08 DiagnosticsApp [INFO] Version: 4.5.0
2025-05-08 11:42:08 DiagnosticsApp [INFO] Update Level: 1
2025-05-08 11:42:08 DiagnosticsApp [INFO] Java Version: 21.0.7
2025-05-08 11:42:08 DiagnosticsApp [INFO] Java Home: /Library/Java/JavaVirtualMachines/temurin-21.jdk/Contents/Home
2025-05-08 11:42:08 DiagnosticsApp [INFO] OS Name: Mac OS X
2025-05-08 11:42:08 DiagnosticsApp [INFO] OS Version: 15.4.1
2025-05-08 11:42:08 DiagnosticsApp [INFO] OS Architecture: aarch64
2025-05-08 11:42:08 DiagnosticsApp [INFO] Diagnostic App Home: /Users/samindu/Workspace/intergration-project/wso2-apim/diagnostics-tool
2025-05-08 11:42:08 DiagnosticsApp [INFO] Listening to : ../repository/logs/wso2-apigw-errors.log
2025-05-08 11:42:08 LogWatcher [INFO] Initiating LogWatcher for file: /Users/samindu/Workspace/intergration-project/wso2-apim/diagnostics-tool/../repository/logs/wso2-apigw-errors.log
2025-05-08 11:42:08 DiagnosticsApp [INFO] Initiating CPUWatcher with interval: 5 retry count: 2 threshold: 80
2025-05-08 11:42:08 DiagnosticsApp [INFO] Initiating MemoryWatcher with interval: 5 retry count: 2 threshold: 80
2025-05-08 11:42:08 TrafficAnalyzerInitializer [INFO] LastFifteenSecondsRequests Traffic Analyzer is enabled with window size: 100, interval: 15, delay: 4
2025-05-08 11:42:08 TrafficAnalyzerInitializer [INFO] LastMinuteRequests Traffic Analyzer is enabled with window size: 100, interval: 60, delay: 1
2025-05-08 12:21:34 Interpreter [INFO] Executing the action executors for the log line matching the regex pattern (.*)org.apache.synapse(.*)
2025-05-08 12:21:34 ServerInfo [INFO] Update level: 1
2025-05-08 12:21:34 ServerInfo [INFO] ServerInfo executed successfully.
2025-05-08 12:21:39 ZipFileExecutor [INFO] Zipping the folder at /Users/samindu/Workspace/intergration-project/wso2-apim/diagnostics-tool/temp/2025-05-08_12:21:34.251
2025-05-08 12:21:39 ZipFileExecutor [INFO] Diagnosis Dumped in :/Users/samindu/Workspace/intergration-project/wso2-apim/diagnostics-tool/data/69174_2025-05-08_12:21:34.251.zip
2025-05-08 17:06:32 JMXDataRetriever [ERROR] Error while getting JMX data, org.apache.synapse:Name=http-listener,Type=PassThroughConnections
2025-05-08 17:06:32 JMXDataRetriever [ERROR] Error while getting JMX data, org.apache.synapse:Name=https-listener,Type=PassThroughConnections
2025-05-08 17:06:32 JMXDataRetriever [ERROR] Error while getting JMX data, org.apache.synapse:Name=http-listener,Type=PassThroughConnections
2025-05-08 17:06:32 JMXDataRetriever [ERROR] Error while getting JMX data, org.apache.synapse:Name=https-listener,Type=PassThroughConnections
